[ 2016-11-23T13:05:38+08:00 ] 127.0.0.1 /CampusAlliance/
INFO: [ app_init ] --START--
INFO: Run Behavior\BuildLiteBehavior [ RunTime:0.000046s ]
INFO: [ app_init ] --END-- [ RunTime:0.012476s ]
INFO: [ app_begin ] --START--
INFO: Run Behavior\ReadHtmlCacheBehavior [ RunTime:0.012742s ]
INFO: [ app_begin ] --END-- [ RunTime:0.012966s ]
INFO: [ view_parse ] --START--
INFO: [ template_filter ] --START--
INFO: Run Behavior\ContentReplaceBehavior [ RunTime:0.000217s ]
INFO: [ template_filter ] --END-- [ RunTime:0.000469s ]
NOTIC: [8] Undefined index: uname C:\wamp\www\CampusAlliance\Application\Runtime\Cache\Home\2a94b8bda04ff446dcedd42276fc99ee.php 第 88 行.
INFO: Run Behavior\ParseTemplateBehavior [ RunTime:0.232790s ]
INFO: [ view_parse ] --END-- [ RunTime:0.233026s ]
INFO: [ view_filter ] --START--
INFO: Run Behavior\WriteHtmlCacheBehavior [ RunTime:0.031266s ]
INFO: [ view_filter ] --END-- [ RunTime:0.031449s ]
INFO: [ app_end ] --START--
INFO: Run Behavior\ShowPageTraceBehavior [ RunTime:0.011350s ]
INFO: [ app_end ] --END-- [ RunTime:0.011527s ]

[ 2016-11-23T13:12:11+08:00 ] 127.0.0.1 /CampusAlliance/
INFO: [ app_init ] --START--
INFO: Run Behavior\BuildLiteBehavior [ RunTime:0.000038s ]
INFO: [ app_init ] --END-- [ RunTime:0.001012s ]
INFO: [ app_begin ] --START--
INFO: Run Behavior\ReadHtmlCacheBehavior [ RunTime:0.001672s ]
INFO: [ app_begin ] --END-- [ RunTime:0.001829s ]
INFO: [ view_parse ] --START--
INFO: [ template_filter ] --START--
INFO: Run Behavior\ContentReplaceBehavior [ RunTime:0.000156s ]
INFO: [ template_filter ] --END-- [ RunTime:0.000322s ]
NOTIC: [8] Undefined index: uname C:\wamp\www\CampusAlliance\Application\Runtime\Cache\Home\2a94b8bda04ff446dcedd42276fc99ee.php 第 88 行.
INFO: Run Behavior\ParseTemplateBehavior [ RunTime:0.028709s ]
INFO: [ view_parse ] --END-- [ RunTime:0.028879s ]
INFO: [ view_filter ] --START--
INFO: Run Behavior\WriteHtmlCacheBehavior [ RunTime:0.002076s ]
INFO: [ view_filter ] --END-- [ RunTime:0.002233s ]
INFO: [ app_end ] --START--
INFO: Run Behavior\ShowPageTraceBehavior [ RunTime:0.001814s ]
INFO: [ app_end ] --END-- [ RunTime:0.001975s ]

