[ 2016-11-29T20:02:01+08:00 ] 127.0.0.1 /CampusAlliance/
INFO: [ app_init ] --START--
INFO: Run Behavior\BuildLiteBehavior [ RunTime:0.000044s ]
INFO: [ app_init ] --END-- [ RunTime:0.043891s ]
INFO: [ app_begin ] --START--
INFO: Run Behavior\ReadHtmlCacheBehavior [ RunTime:0.019351s ]
INFO: [ app_begin ] --END-- [ RunTime:0.019558s ]
INFO: [ view_parse ] --START--
INFO: [ template_filter ] --START--
INFO: Run Behavior\ContentReplaceBehavior [ RunTime:0.000173s ]
INFO: [ template_filter ] --END-- [ RunTime:0.000359s ]
NOTIC: [8] Undefined index: uname C:\wamp\www\CampusAlliance\Application\Runtime\Cache\Home\2a94b8bda04ff446dcedd42276fc99ee.php 第 130 行.
INFO: Run Behavior\ParseTemplateBehavior [ RunTime:0.259109s ]
INFO: [ view_parse ] --END-- [ RunTime:0.259290s ]
INFO: [ view_filter ] --START--
INFO: Run Behavior\WriteHtmlCacheBehavior [ RunTime:0.026586s ]
INFO: [ view_filter ] --END-- [ RunTime:0.026748s ]
INFO: [ app_end ] --START--
INFO: Run Behavior\ShowPageTraceBehavior [ RunTime:0.022097s ]
INFO: [ app_end ] --END-- [ RunTime:0.022271s ]

[ 2016-11-29T20:02:14+08:00 ] 127.0.0.1 /CampusAlliance/Home/Index/logins.html
INFO: [ app_init ] --START--
INFO: Run Behavior\BuildLiteBehavior [ RunTime:0.000036s ]
INFO: [ app_init ] --END-- [ RunTime:0.000938s ]
INFO: [ app_begin ] --START--
INFO: Run Behavior\ReadHtmlCacheBehavior [ RunTime:0.005742s ]
INFO: [ app_begin ] --END-- [ RunTime:0.006123s ]
INFO: [ view_parse ] --START--
INFO: [ template_filter ] --START--
INFO: Run Behavior\ContentReplaceBehavior [ RunTime:0.000120s ]
INFO: [ template_filter ] --END-- [ RunTime:0.000355s ]
INFO: Run Behavior\ParseTemplateBehavior [ RunTime:0.034271s ]
INFO: [ view_parse ] --END-- [ RunTime:0.034453s ]
INFO: [ view_filter ] --START--
INFO: Run Behavior\WriteHtmlCacheBehavior [ RunTime:0.001666s ]
INFO: [ view_filter ] --END-- [ RunTime:0.001816s ]
INFO: [ app_end ] --START--
INFO: Run Behavior\ShowPageTraceBehavior [ RunTime:0.002082s ]
INFO: [ app_end ] --END-- [ RunTime:0.002236s ]

[ 2016-11-29T20:02:28+08:00 ] 127.0.0.1 /CampusAlliance/Home/Index/register.html
INFO: [ app_init ] --START--
INFO: Run Behavior\BuildLiteBehavior [ RunTime:0.000037s ]
INFO: [ app_init ] --END-- [ RunTime:0.001175s ]
INFO: [ app_begin ] --START--
INFO: Run Behavior\ReadHtmlCacheBehavior [ RunTime:0.002002s ]
INFO: [ app_begin ] --END-- [ RunTime:0.002180s ]

[ 2016-11-29T20:02:46+08:00 ] 127.0.0.1 /CampusAlliance/Home/Index/register.html
INFO: [ app_init ] --START--
INFO: Run Behavior\BuildLiteBehavior [ RunTime:0.000035s ]
INFO: [ app_init ] --END-- [ RunTime:0.000912s ]
INFO: [ app_begin ] --START--
INFO: Run Behavior\ReadHtmlCacheBehavior [ RunTime:0.002047s ]
INFO: [ app_begin ] --END-- [ RunTime:0.002216s ]
SQL: SHOW COLUMNS FROM `dca_user` [ RunTime:0.1492s ]
NOTIC: [8] Undefined index: validate C:\wamp\www\CampusAlliance\ThinkPHP\Library\Think\Model.class.php 第 1185 行.
SQL: SELECT * FROM `dca_user` WHERE `telephone` = '13342276878' LIMIT 1   [ RunTime:0.0010s ]
INFO: [ view_parse ] --START--
INFO: [ template_filter ] --START--
INFO: Run Behavior\ContentReplaceBehavior [ RunTime:0.000093s ]
INFO: [ template_filter ] --END-- [ RunTime:0.000296s ]
INFO: Run Behavior\ParseTemplateBehavior [ RunTime:0.042649s ]
INFO: [ view_parse ] --END-- [ RunTime:0.042857s ]
INFO: [ view_filter ] --START--
INFO: Run Behavior\WriteHtmlCacheBehavior [ RunTime:0.001948s ]
INFO: [ view_filter ] --END-- [ RunTime:0.002144s ]

[ 2016-11-29T20:02:57+08:00 ] 127.0.0.1 /CampusAlliance/Home/Index/register.html
INFO: [ app_init ] --START--
INFO: Run Behavior\BuildLiteBehavior [ RunTime:0.000035s ]
INFO: [ app_init ] --END-- [ RunTime:0.000946s ]
INFO: [ app_begin ] --START--
INFO: Run Behavior\ReadHtmlCacheBehavior [ RunTime:0.001629s ]
INFO: [ app_begin ] --END-- [ RunTime:0.001794s ]
SQL: SHOW COLUMNS FROM `dca_user` [ RunTime:0.0121s ]
NOTIC: [8] Undefined index: validate C:\wamp\www\CampusAlliance\ThinkPHP\Library\Think\Model.class.php 第 1185 行.
SQL: SELECT * FROM `dca_user` WHERE `telephone` = '13342276879' LIMIT 1   [ RunTime:0.0010s ]
INFO: [ view_parse ] --START--
INFO: [ template_filter ] --START--
INFO: Run Behavior\ContentReplaceBehavior [ RunTime:0.000120s ]
INFO: [ template_filter ] --END-- [ RunTime:0.000391s ]
INFO: Run Behavior\ParseTemplateBehavior [ RunTime:0.016685s ]
INFO: [ view_parse ] --END-- [ RunTime:0.016857s ]
INFO: [ view_filter ] --START--
INFO: Run Behavior\WriteHtmlCacheBehavior [ RunTime:0.001425s ]
INFO: [ view_filter ] --END-- [ RunTime:0.001571s ]

[ 2016-11-29T20:03:06+08:00 ] 127.0.0.1 /CampusAlliance/Home/Index/register.html
INFO: [ app_init ] --START--
INFO: Run Behavior\BuildLiteBehavior [ RunTime:0.000090s ]
INFO: [ app_init ] --END-- [ RunTime:0.003189s ]
INFO: [ app_begin ] --START--
INFO: Run Behavior\ReadHtmlCacheBehavior [ RunTime:0.003538s ]
INFO: [ app_begin ] --END-- [ RunTime:0.003924s ]
SQL: SHOW COLUMNS FROM `dca_user` [ RunTime:0.0134s ]
NOTIC: [8] Undefined index: validate C:\wamp\www\CampusAlliance\ThinkPHP\Library\Think\Model.class.php 第 1185 行.
SQL: SELECT * FROM `dca_user` WHERE `telephone` = '13342276179' LIMIT 1   [ RunTime:0.0007s ]
SQL: SELECT * FROM `dca_user` WHERE `uname` = 'Admin' LIMIT 1   [ RunTime:0.0010s ]
NOTIC: [8] Undefined index: auto C:\wamp\www\CampusAlliance\ThinkPHP\Library\Think\Model.class.php 第 1128 行.
NOTIC: [8] Undefined variable: password C:\wamp\www\CampusAlliance\Application\Home\Controller\IndexController.class.php 第 53 行.
SQL: INSERT INTO `dca_user` (`telephone`,`uname`,`password`,`email`) VALUES ('13342276179','Admin','d41d8cd98f00b204e9800998ecf8427e','1') [ RunTime:0.0214s ]
INFO: [ view_parse ] --START--
INFO: [ template_filter ] --START--
INFO: Run Behavior\ContentReplaceBehavior [ RunTime:0.000093s ]
INFO: [ template_filter ] --END-- [ RunTime:0.000253s ]
INFO: Run Behavior\ParseTemplateBehavior [ RunTime:0.014308s ]
INFO: [ view_parse ] --END-- [ RunTime:0.014573s ]
INFO: [ view_filter ] --START--
INFO: Run Behavior\WriteHtmlCacheBehavior [ RunTime:0.001416s ]
INFO: [ view_filter ] --END-- [ RunTime:0.001575s ]
INFO: [ app_end ] --START--
INFO: Run Behavior\ShowPageTraceBehavior [ RunTime:0.002162s ]
INFO: [ app_end ] --END-- [ RunTime:0.002415s ]

[ 2016-11-29T20:03:08+08:00 ] 127.0.0.1 /CampusAlliance/Home/Index/logins
INFO: [ app_init ] --START--
INFO: Run Behavior\BuildLiteBehavior [ RunTime:0.000058s ]
INFO: [ app_init ] --END-- [ RunTime:0.001233s ]
INFO: [ app_begin ] --START--
INFO: Run Behavior\ReadHtmlCacheBehavior [ RunTime:0.001878s ]
INFO: [ app_begin ] --END-- [ RunTime:0.002152s ]
INFO: [ view_parse ] --START--
INFO: [ template_filter ] --START--
INFO: Run Behavior\ContentReplaceBehavior [ RunTime:0.000188s ]
INFO: [ template_filter ] --END-- [ RunTime:0.000466s ]
INFO: Run Behavior\ParseTemplateBehavior [ RunTime:0.023530s ]
INFO: [ view_parse ] --END-- [ RunTime:0.023862s ]
INFO: [ view_filter ] --START--
INFO: Run Behavior\WriteHtmlCacheBehavior [ RunTime:0.001778s ]
INFO: [ view_filter ] --END-- [ RunTime:0.002052s ]
INFO: [ app_end ] --START--
INFO: Run Behavior\ShowPageTraceBehavior [ RunTime:0.002037s ]
INFO: [ app_end ] --END-- [ RunTime:0.002408s ]

[ 2016-11-29T20:03:34+08:00 ] 127.0.0.1 /CampusAlliance/Home/Index/logins
INFO: [ app_init ] --START--
INFO: Run Behavior\BuildLiteBehavior [ RunTime:0.000038s ]
INFO: [ app_init ] --END-- [ RunTime:0.001196s ]
INFO: [ app_begin ] --START--
INFO: Run Behavior\ReadHtmlCacheBehavior [ RunTime:0.003299s ]
INFO: [ app_begin ] --END-- [ RunTime:0.003486s ]
INFO: [ view_parse ] --START--
INFO: [ template_filter ] --START--
INFO: Run Behavior\ContentReplaceBehavior [ RunTime:0.000112s ]
INFO: [ template_filter ] --END-- [ RunTime:0.000286s ]
INFO: Run Behavior\ParseTemplateBehavior [ RunTime:0.071603s ]
INFO: [ view_parse ] --END-- [ RunTime:0.071847s ]
INFO: [ view_filter ] --START--
INFO: Run Behavior\WriteHtmlCacheBehavior [ RunTime:0.002246s ]
INFO: [ view_filter ] --END-- [ RunTime:0.002404s ]
INFO: [ app_end ] --START--
INFO: Run Behavior\ShowPageTraceBehavior [ RunTime:0.003971s ]
INFO: [ app_end ] --END-- [ RunTime:0.004138s ]

[ 2016-11-29T20:03:46+08:00 ] 127.0.0.1 /CampusAlliance/Home/Index/register.html
INFO: [ app_init ] --START--
INFO: Run Behavior\BuildLiteBehavior [ RunTime:0.000035s ]
INFO: [ app_init ] --END-- [ RunTime:0.000756s ]
INFO: [ app_begin ] --START--
INFO: Run Behavior\ReadHtmlCacheBehavior [ RunTime:0.001287s ]
INFO: [ app_begin ] --END-- [ RunTime:0.001471s ]
SQL: SHOW COLUMNS FROM `dca_user` [ RunTime:0.0114s ]
NOTIC: [8] Undefined index: validate C:\wamp\www\CampusAlliance\ThinkPHP\Library\Think\Model.class.php 第 1185 行.
SQL: SELECT * FROM `dca_user` WHERE `telephone` = '13342276612' LIMIT 1   [ RunTime:0.0007s ]
SQL: SELECT * FROM `dca_user` WHERE `uname` = 'Admin' LIMIT 1   [ RunTime:0.0007s ]
INFO: [ view_parse ] --START--
INFO: [ template_filter ] --START--
INFO: Run Behavior\ContentReplaceBehavior [ RunTime:0.000246s ]
INFO: [ template_filter ] --END-- [ RunTime:0.000419s ]
INFO: Run Behavior\ParseTemplateBehavior [ RunTime:0.019262s ]
INFO: [ view_parse ] --END-- [ RunTime:0.019468s ]
INFO: [ view_filter ] --START--
INFO: Run Behavior\WriteHtmlCacheBehavior [ RunTime:0.001682s ]
INFO: [ view_filter ] --END-- [ RunTime:0.001877s ]

[ 2016-11-29T20:04:04+08:00 ] 127.0.0.1 /CampusAlliance/Home/Index/register.html
INFO: [ app_init ] --START--
INFO: Run Behavior\BuildLiteBehavior [ RunTime:0.000036s ]
INFO: [ app_init ] --END-- [ RunTime:0.001033s ]
INFO: [ app_begin ] --START--
INFO: Run Behavior\ReadHtmlCacheBehavior [ RunTime:0.002081s ]
INFO: [ app_begin ] --END-- [ RunTime:0.002261s ]
SQL: SHOW COLUMNS FROM `dca_user` [ RunTime:0.0128s ]
NOTIC: [8] Undefined index: validate C:\wamp\www\CampusAlliance\ThinkPHP\Library\Think\Model.class.php 第 1185 行.
SQL: SELECT * FROM `dca_user` WHERE `telephone` = '13342276611' LIMIT 1   [ RunTime:0.0006s ]
SQL: SELECT * FROM `dca_user` WHERE `uname` = 'administrator' LIMIT 1   [ RunTime:0.0006s ]
INFO: [ view_parse ] --START--
INFO: [ template_filter ] --START--
INFO: Run Behavior\ContentReplaceBehavior [ RunTime:0.000093s ]
INFO: [ template_filter ] --END-- [ RunTime:0.000254s ]
INFO: Run Behavior\ParseTemplateBehavior [ RunTime:0.017060s ]
INFO: [ view_parse ] --END-- [ RunTime:0.017239s ]
INFO: [ view_filter ] --START--
INFO: Run Behavior\WriteHtmlCacheBehavior [ RunTime:0.001824s ]
INFO: [ view_filter ] --END-- [ RunTime:0.001991s ]

[ 2016-11-29T20:04:13+08:00 ] 127.0.0.1 /CampusAlliance/Home/Index/logins
INFO: [ app_init ] --START--
INFO: Run Behavior\BuildLiteBehavior [ RunTime:0.000054s ]
INFO: [ app_init ] --END-- [ RunTime:0.001674s ]
INFO: [ app_begin ] --START--
INFO: Run Behavior\ReadHtmlCacheBehavior [ RunTime:0.002101s ]
INFO: [ app_begin ] --END-- [ RunTime:0.002278s ]
INFO: [ view_parse ] --START--
INFO: [ template_filter ] --START--
INFO: Run Behavior\ContentReplaceBehavior [ RunTime:0.000162s ]
INFO: [ template_filter ] --END-- [ RunTime:0.000398s ]
INFO: Run Behavior\ParseTemplateBehavior [ RunTime:0.020970s ]
INFO: [ view_parse ] --END-- [ RunTime:0.021204s ]
INFO: [ view_filter ] --START--
INFO: Run Behavior\WriteHtmlCacheBehavior [ RunTime:0.001601s ]
INFO: [ view_filter ] --END-- [ RunTime:0.001742s ]
INFO: [ app_end ] --START--
INFO: Run Behavior\ShowPageTraceBehavior [ RunTime:0.002068s ]
INFO: [ app_end ] --END-- [ RunTime:0.002277s ]

[ 2016-11-29T20:04:22+08:00 ] 127.0.0.1 /CampusAlliance/Home/Index/dologin.html
INFO: [ app_init ] --START--
INFO: Run Behavior\BuildLiteBehavior [ RunTime:0.000036s ]
INFO: [ app_init ] --END-- [ RunTime:0.001009s ]
INFO: [ app_begin ] --START--
INFO: Run Behavior\ReadHtmlCacheBehavior [ RunTime:0.003372s ]
INFO: [ app_begin ] --END-- [ RunTime:0.003702s ]
SQL: SHOW COLUMNS FROM `dca_user` [ RunTime:0.0148s ]
SQL: SELECT * FROM `dca_user` WHERE `telephone` = '13342276878' AND `password` = '698d51a19d8a121ce581499d7b701668'  [ RunTime:0.0014s ]
NOTIC: [8] Undefined offset: 0 C:\wamp\www\CampusAlliance\Application\Home\Controller\IndexController.class.php 第 24 行.
NOTIC: [8] Undefined offset: 0 C:\wamp\www\CampusAlliance\Application\Home\Controller\IndexController.class.php 第 25 行.
INFO: [ view_parse ] --START--
INFO: [ template_filter ] --START--
INFO: Run Behavior\ContentReplaceBehavior [ RunTime:0.000096s ]
INFO: [ template_filter ] --END-- [ RunTime:0.000274s ]
INFO: Run Behavior\ParseTemplateBehavior [ RunTime:0.018764s ]
INFO: [ view_parse ] --END-- [ RunTime:0.018963s ]
INFO: [ view_filter ] --START--
INFO: Run Behavior\WriteHtmlCacheBehavior [ RunTime:0.001603s ]
INFO: [ view_filter ] --END-- [ RunTime:0.001746s ]

[ 2016-11-29T20:04:27+08:00 ] 127.0.0.1 /CampusAlliance/Home/Index/dologin.html
INFO: [ app_init ] --START--
INFO: Run Behavior\BuildLiteBehavior [ RunTime:0.000036s ]
INFO: [ app_init ] --END-- [ RunTime:0.000954s ]
INFO: [ app_begin ] --START--
INFO: Run Behavior\ReadHtmlCacheBehavior [ RunTime:0.002581s ]
INFO: [ app_begin ] --END-- [ RunTime:0.002800s ]
SQL: SHOW COLUMNS FROM `dca_user` [ RunTime:0.0141s ]
SQL: SELECT * FROM `dca_user` WHERE `telephone` = '13342276878' AND `password` = '202cb962ac59075b964b07152d234b70'  [ RunTime:0.0007s ]
INFO: [ view_parse ] --START--
INFO: [ template_filter ] --START--
INFO: Run Behavior\ContentReplaceBehavior [ RunTime:0.000095s ]
INFO: [ template_filter ] --END-- [ RunTime:0.000258s ]
INFO: Run Behavior\ParseTemplateBehavior [ RunTime:0.020062s ]
INFO: [ view_parse ] --END-- [ RunTime:0.020337s ]
INFO: [ view_filter ] --START--
INFO: Run Behavior\WriteHtmlCacheBehavior [ RunTime:0.002070s ]
INFO: [ view_filter ] --END-- [ RunTime:0.002266s ]
INFO: [ app_end ] --START--
INFO: Run Behavior\ShowPageTraceBehavior [ RunTime:0.002048s ]
INFO: [ app_end ] --END-- [ RunTime:0.002194s ]

[ 2016-11-29T20:04:28+08:00 ] 127.0.0.1 /CampusAlliance/Home/Index/index.html
INFO: [ app_init ] --START--
INFO: Run Behavior\BuildLiteBehavior [ RunTime:0.000093s ]
INFO: [ app_init ] --END-- [ RunTime:0.001091s ]
INFO: [ app_begin ] --START--
INFO: Run Behavior\ReadHtmlCacheBehavior [ RunTime:0.007613s ]
INFO: [ app_begin ] --END-- [ RunTime:0.007797s ]
INFO: [ view_parse ] --START--
INFO: [ template_filter ] --START--
INFO: Run Behavior\ContentReplaceBehavior [ RunTime:0.000213s ]
INFO: [ template_filter ] --END-- [ RunTime:0.000456s ]
INFO: Run Behavior\ParseTemplateBehavior [ RunTime:0.031005s ]
INFO: [ view_parse ] --END-- [ RunTime:0.031365s ]
INFO: [ view_filter ] --START--
INFO: Run Behavior\WriteHtmlCacheBehavior [ RunTime:0.002515s ]
INFO: [ view_filter ] --END-- [ RunTime:0.002765s ]
INFO: [ app_end ] --START--
INFO: Run Behavior\ShowPageTraceBehavior [ RunTime:0.002849s ]
INFO: [ app_end ] --END-- [ RunTime:0.003128s ]

