[ 2016-12-09T23:39:54+08:00 ] 127.0.0.1 /Campus/Home/Recommend/lists/rtype_rid/1/p/fonts/miaomi.ttf
INFO: [ app_init ] --START--
INFO: Run Behavior\BuildLiteBehavior [ RunTime:0.000075s ]
INFO: [ app_init ] --END-- [ RunTime:0.001699s ]
INFO: [ app_begin ] --START--
INFO: Run Behavior\ReadHtmlCacheBehavior [ RunTime:0.002087s ]
INFO: [ app_begin ] --END-- [ RunTime:0.002415s ]
SQL: SHOW COLUMNS FROM `dca_recommend` [ RunTime:0.0225s ]
SQL: SELECT COUNT(*) AS tp_count FROM `dca_recommend` WHERE ( rtype_rid=1 ) LIMIT 1   [ RunTime:0.0008s ]
SQL: SELECT dca_user.uname,dca_recommend.pic,dca_recommend.name,dca_recommend.hits,dca_recommend.praise FROM `dca_recommend` INNER JOIN  dca_user  ON dca_recommend.user_uid =dca_user.uid   WHERE ( rtype_rid=1 ) ORDER BY creatime desc LIMIT 0,8   [ RunTime:0.0009s ]
SQL: SHOW COLUMNS FROM `dca_rtype` [ RunTime:0.0199s ]
SQL: SELECT dca_rtype.rname FROM `dca_rtype` WHERE ( rid=1 ) LIMIT 1   [ RunTime:0.0017s ]
SQL: SELECT * FROM `dca_rtype`  [ RunTime:0.0015s ]
SQL: SELECT * FROM `dca_recommend` ORDER BY creatime desc LIMIT 5   [ RunTime:0.0014s ]
INFO: [ view_parse ] --START--
INFO: [ template_filter ] --START--
INFO: Run Behavior\ContentReplaceBehavior [ RunTime:0.000204s ]
INFO: [ template_filter ] --END-- [ RunTime:0.000395s ]
NOTIC: [8] Undefined index: id C:\wamp\www\Campus\Application\Runtime\Cache\Home\6c810f36d00fd181b27c78a0b07dce5a.php 第 343 行.
NOTIC: [8] Undefined index: id C:\wamp\www\Campus\Application\Runtime\Cache\Home\6c810f36d00fd181b27c78a0b07dce5a.php 第 344 行.
NOTIC: [8] Undefined index: id C:\wamp\www\Campus\Application\Runtime\Cache\Home\6c810f36d00fd181b27c78a0b07dce5a.php 第 347 行.
NOTIC: [8] Undefined index: id C:\wamp\www\Campus\Application\Runtime\Cache\Home\6c810f36d00fd181b27c78a0b07dce5a.php 第 343 行.
NOTIC: [8] Undefined index: id C:\wamp\www\Campus\Application\Runtime\Cache\Home\6c810f36d00fd181b27c78a0b07dce5a.php 第 344 行.
NOTIC: [8] Undefined index: id C:\wamp\www\Campus\Application\Runtime\Cache\Home\6c810f36d00fd181b27c78a0b07dce5a.php 第 347 行.
NOTIC: [8] Undefined index: id C:\wamp\www\Campus\Application\Runtime\Cache\Home\6c810f36d00fd181b27c78a0b07dce5a.php 第 343 行.
NOTIC: [8] Undefined index: id C:\wamp\www\Campus\Application\Runtime\Cache\Home\6c810f36d00fd181b27c78a0b07dce5a.php 第 344 行.
NOTIC: [8] Undefined index: id C:\wamp\www\Campus\Application\Runtime\Cache\Home\6c810f36d00fd181b27c78a0b07dce5a.php 第 347 行.
NOTIC: [8] Undefined index: id C:\wamp\www\Campus\Application\Runtime\Cache\Home\6c810f36d00fd181b27c78a0b07dce5a.php 第 343 行.
NOTIC: [8] Undefined index: id C:\wamp\www\Campus\Application\Runtime\Cache\Home\6c810f36d00fd181b27c78a0b07dce5a.php 第 344 行.
NOTIC: [8] Undefined index: id C:\wamp\www\Campus\Application\Runtime\Cache\Home\6c810f36d00fd181b27c78a0b07dce5a.php 第 347 行.
NOTIC: [8] Undefined index: id C:\wamp\www\Campus\Application\Runtime\Cache\Home\6c810f36d00fd181b27c78a0b07dce5a.php 第 343 行.
NOTIC: [8] Undefined index: id C:\wamp\www\Campus\Application\Runtime\Cache\Home\6c810f36d00fd181b27c78a0b07dce5a.php 第 344 行.
NOTIC: [8] Undefined index: id C:\wamp\www\Campus\Application\Runtime\Cache\Home\6c810f36d00fd181b27c78a0b07dce5a.php 第 347 行.
NOTIC: [8] Undefined index: id C:\wamp\www\Campus\Application\Runtime\Cache\Home\6c810f36d00fd181b27c78a0b07dce5a.php 第 343 行.
NOTIC: [8] Undefined index: id C:\wamp\www\Campus\Application\Runtime\Cache\Home\6c810f36d00fd181b27c78a0b07dce5a.php 第 344 行.
NOTIC: [8] Undefined index: id C:\wamp\www\Campus\Application\Runtime\Cache\Home\6c810f36d00fd181b27c78a0b07dce5a.php 第 347 行.
NOTIC: [8] Undefined index: id C:\wamp\www\Campus\Application\Runtime\Cache\Home\6c810f36d00fd181b27c78a0b07dce5a.php 第 343 行.
NOTIC: [8] Undefined index: id C:\wamp\www\Campus\Application\Runtime\Cache\Home\6c810f36d00fd181b27c78a0b07dce5a.php 第 344 行.
NOTIC: [8] Undefined index: id C:\wamp\www\Campus\Application\Runtime\Cache\Home\6c810f36d00fd181b27c78a0b07dce5a.php 第 347 行.
NOTIC: [8] Undefined index: id C:\wamp\www\Campus\Application\Runtime\Cache\Home\6c810f36d00fd181b27c78a0b07dce5a.php 第 343 行.
NOTIC: [8] Undefined index: id C:\wamp\www\Campus\Application\Runtime\Cache\Home\6c810f36d00fd181b27c78a0b07dce5a.php 第 344 行.
NOTIC: [8] Undefined index: id C:\wamp\www\Campus\Application\Runtime\Cache\Home\6c810f36d00fd181b27c78a0b07dce5a.php 第 347 行.
INFO: Run Behavior\ParseTemplateBehavior [ RunTime:0.043381s ]
INFO: [ view_parse ] --END-- [ RunTime:0.043637s ]
INFO: [ view_filter ] --START--
INFO: Run Behavior\WriteHtmlCacheBehavior [ RunTime:0.001192s ]
INFO: [ view_filter ] --END-- [ RunTime:0.001406s ]
INFO: [ app_end ] --START--
INFO: Run Behavior\ShowPageTraceBehavior [ RunTime:0.001608s ]
INFO: [ app_end ] --END-- [ RunTime:0.001805s ]

[ 2016-12-09T23:39:55+08:00 ] 127.0.0.1 /Campus/Home/Recommend/lists/rtype_rid/1/p/1.html
INFO: [ app_init ] --START--
INFO: Run Behavior\BuildLiteBehavior [ RunTime:0.000039s ]
INFO: [ app_init ] --END-- [ RunTime:0.001137s ]
INFO: [ app_begin ] --START--
INFO: Run Behavior\ReadHtmlCacheBehavior [ RunTime:0.003356s ]
INFO: [ app_begin ] --END-- [ RunTime:0.003709s ]
SQL: SHOW COLUMNS FROM `dca_recommend` [ RunTime:0.0175s ]
SQL: SELECT COUNT(*) AS tp_count FROM `dca_recommend` WHERE ( rtype_rid=1 ) LIMIT 1   [ RunTime:0.0013s ]
SQL: SELECT dca_user.uname,dca_recommend.pic,dca_recommend.name,dca_recommend.hits,dca_recommend.praise FROM `dca_recommend` INNER JOIN  dca_user  ON dca_recommend.user_uid =dca_user.uid   WHERE ( rtype_rid=1 ) ORDER BY creatime desc LIMIT 0,8   [ RunTime:0.0013s ]
SQL: SHOW COLUMNS FROM `dca_rtype` [ RunTime:0.0151s ]
SQL: SELECT dca_rtype.rname FROM `dca_rtype` WHERE ( rid=1 ) LIMIT 1   [ RunTime:0.0005s ]
SQL: SELECT * FROM `dca_rtype`  [ RunTime:0.0006s ]
SQL: SELECT * FROM `dca_recommend` ORDER BY creatime desc LIMIT 5   [ RunTime:0.0007s ]
INFO: [ view_parse ] --START--
INFO: [ template_filter ] --START--
INFO: Run Behavior\ContentReplaceBehavior [ RunTime:0.000263s ]
INFO: [ template_filter ] --END-- [ RunTime:0.000497s ]
NOTIC: [8] Undefined index: id C:\wamp\www\Campus\Application\Runtime\Cache\Home\6c810f36d00fd181b27c78a0b07dce5a.php 第 343 行.
NOTIC: [8] Undefined index: id C:\wamp\www\Campus\Application\Runtime\Cache\Home\6c810f36d00fd181b27c78a0b07dce5a.php 第 344 行.
NOTIC: [8] Undefined index: id C:\wamp\www\Campus\Application\Runtime\Cache\Home\6c810f36d00fd181b27c78a0b07dce5a.php 第 347 行.
NOTIC: [8] Undefined index: id C:\wamp\www\Campus\Application\Runtime\Cache\Home\6c810f36d00fd181b27c78a0b07dce5a.php 第 343 行.
NOTIC: [8] Undefined index: id C:\wamp\www\Campus\Application\Runtime\Cache\Home\6c810f36d00fd181b27c78a0b07dce5a.php 第 344 行.
NOTIC: [8] Undefined index: id C:\wamp\www\Campus\Application\Runtime\Cache\Home\6c810f36d00fd181b27c78a0b07dce5a.php 第 347 行.
NOTIC: [8] Undefined index: id C:\wamp\www\Campus\Application\Runtime\Cache\Home\6c810f36d00fd181b27c78a0b07dce5a.php 第 343 行.
NOTIC: [8] Undefined index: id C:\wamp\www\Campus\Application\Runtime\Cache\Home\6c810f36d00fd181b27c78a0b07dce5a.php 第 344 行.
NOTIC: [8] Undefined index: id C:\wamp\www\Campus\Application\Runtime\Cache\Home\6c810f36d00fd181b27c78a0b07dce5a.php 第 347 行.
NOTIC: [8] Undefined index: id C:\wamp\www\Campus\Application\Runtime\Cache\Home\6c810f36d00fd181b27c78a0b07dce5a.php 第 343 行.
NOTIC: [8] Undefined index: id C:\wamp\www\Campus\Application\Runtime\Cache\Home\6c810f36d00fd181b27c78a0b07dce5a.php 第 344 行.
NOTIC: [8] Undefined index: id C:\wamp\www\Campus\Application\Runtime\Cache\Home\6c810f36d00fd181b27c78a0b07dce5a.php 第 347 行.
NOTIC: [8] Undefined index: id C:\wamp\www\Campus\Application\Runtime\Cache\Home\6c810f36d00fd181b27c78a0b07dce5a.php 第 343 行.
NOTIC: [8] Undefined index: id C:\wamp\www\Campus\Application\Runtime\Cache\Home\6c810f36d00fd181b27c78a0b07dce5a.php 第 344 行.
NOTIC: [8] Undefined index: id C:\wamp\www\Campus\Application\Runtime\Cache\Home\6c810f36d00fd181b27c78a0b07dce5a.php 第 347 行.
NOTIC: [8] Undefined index: id C:\wamp\www\Campus\Application\Runtime\Cache\Home\6c810f36d00fd181b27c78a0b07dce5a.php 第 343 行.
NOTIC: [8] Undefined index: id C:\wamp\www\Campus\Application\Runtime\Cache\Home\6c810f36d00fd181b27c78a0b07dce5a.php 第 344 行.
NOTIC: [8] Undefined index: id C:\wamp\www\Campus\Application\Runtime\Cache\Home\6c810f36d00fd181b27c78a0b07dce5a.php 第 347 行.
NOTIC: [8] Undefined index: id C:\wamp\www\Campus\Application\Runtime\Cache\Home\6c810f36d00fd181b27c78a0b07dce5a.php 第 343 行.
NOTIC: [8] Undefined index: id C:\wamp\www\Campus\Application\Runtime\Cache\Home\6c810f36d00fd181b27c78a0b07dce5a.php 第 344 行.
NOTIC: [8] Undefined index: id C:\wamp\www\Campus\Application\Runtime\Cache\Home\6c810f36d00fd181b27c78a0b07dce5a.php 第 347 行.
NOTIC: [8] Undefined index: id C:\wamp\www\Campus\Application\Runtime\Cache\Home\6c810f36d00fd181b27c78a0b07dce5a.php 第 343 行.
NOTIC: [8] Undefined index: id C:\wamp\www\Campus\Application\Runtime\Cache\Home\6c810f36d00fd181b27c78a0b07dce5a.php 第 344 行.
NOTIC: [8] Undefined index: id C:\wamp\www\Campus\Application\Runtime\Cache\Home\6c810f36d00fd181b27c78a0b07dce5a.php 第 347 行.
INFO: Run Behavior\ParseTemplateBehavior [ RunTime:0.048305s ]
INFO: [ view_parse ] --END-- [ RunTime:0.048544s ]
INFO: [ view_filter ] --START--
INFO: Run Behavior\WriteHtmlCacheBehavior [ RunTime:0.001995s ]
INFO: [ view_filter ] --END-- [ RunTime:0.002249s ]
INFO: [ app_end ] --START--
INFO: Run Behavior\ShowPageTraceBehavior [ RunTime:0.002820s ]
INFO: [ app_end ] --END-- [ RunTime:0.003037s ]

[ 2016-12-09T23:39:55+08:00 ] 127.0.0.1 /Campus/Home/Recommend/lists/rtype_rid/1/p/fonts/miaomi.ttf
INFO: [ app_init ] --START--
INFO: Run Behavior\BuildLiteBehavior [ RunTime:0.000057s ]
INFO: [ app_init ] --END-- [ RunTime:0.001142s ]
INFO: [ app_begin ] --START--
INFO: Run Behavior\ReadHtmlCacheBehavior [ RunTime:0.002069s ]
INFO: [ app_begin ] --END-- [ RunTime:0.002373s ]
SQL: SHOW COLUMNS FROM `dca_recommend` [ RunTime:0.0175s ]
SQL: SELECT COUNT(*) AS tp_count FROM `dca_recommend` WHERE ( rtype_rid=1 ) LIMIT 1   [ RunTime:0.0007s ]
SQL: SELECT dca_user.uname,dca_recommend.pic,dca_recommend.name,dca_recommend.hits,dca_recommend.praise FROM `dca_recommend` INNER JOIN  dca_user  ON dca_recommend.user_uid =dca_user.uid   WHERE ( rtype_rid=1 ) ORDER BY creatime desc LIMIT 0,8   [ RunTime:0.0007s ]
SQL: SHOW COLUMNS FROM `dca_rtype` [ RunTime:0.0158s ]
SQL: SELECT dca_rtype.rname FROM `dca_rtype` WHERE ( rid=1 ) LIMIT 1   [ RunTime:0.0006s ]
SQL: SELECT * FROM `dca_rtype`  [ RunTime:0.0010s ]
SQL: SELECT * FROM `dca_recommend` ORDER BY creatime desc LIMIT 5   [ RunTime:0.0016s ]
INFO: [ view_parse ] --START--
INFO: [ template_filter ] --START--
INFO: Run Behavior\ContentReplaceBehavior [ RunTime:0.000290s ]
INFO: [ template_filter ] --END-- [ RunTime:0.000599s ]
NOTIC: [8] Undefined index: id C:\wamp\www\Campus\Application\Runtime\Cache\Home\6c810f36d00fd181b27c78a0b07dce5a.php 第 343 行.
NOTIC: [8] Undefined index: id C:\wamp\www\Campus\Application\Runtime\Cache\Home\6c810f36d00fd181b27c78a0b07dce5a.php 第 344 行.
NOTIC: [8] Undefined index: id C:\wamp\www\Campus\Application\Runtime\Cache\Home\6c810f36d00fd181b27c78a0b07dce5a.php 第 347 行.
NOTIC: [8] Undefined index: id C:\wamp\www\Campus\Application\Runtime\Cache\Home\6c810f36d00fd181b27c78a0b07dce5a.php 第 343 行.
NOTIC: [8] Undefined index: id C:\wamp\www\Campus\Application\Runtime\Cache\Home\6c810f36d00fd181b27c78a0b07dce5a.php 第 344 行.
NOTIC: [8] Undefined index: id C:\wamp\www\Campus\Application\Runtime\Cache\Home\6c810f36d00fd181b27c78a0b07dce5a.php 第 347 行.
NOTIC: [8] Undefined index: id C:\wamp\www\Campus\Application\Runtime\Cache\Home\6c810f36d00fd181b27c78a0b07dce5a.php 第 343 行.
NOTIC: [8] Undefined index: id C:\wamp\www\Campus\Application\Runtime\Cache\Home\6c810f36d00fd181b27c78a0b07dce5a.php 第 344 行.
NOTIC: [8] Undefined index: id C:\wamp\www\Campus\Application\Runtime\Cache\Home\6c810f36d00fd181b27c78a0b07dce5a.php 第 347 行.
NOTIC: [8] Undefined index: id C:\wamp\www\Campus\Application\Runtime\Cache\Home\6c810f36d00fd181b27c78a0b07dce5a.php 第 343 行.
NOTIC: [8] Undefined index: id C:\wamp\www\Campus\Application\Runtime\Cache\Home\6c810f36d00fd181b27c78a0b07dce5a.php 第 344 行.
NOTIC: [8] Undefined index: id C:\wamp\www\Campus\Application\Runtime\Cache\Home\6c810f36d00fd181b27c78a0b07dce5a.php 第 347 行.
NOTIC: [8] Undefined index: id C:\wamp\www\Campus\Application\Runtime\Cache\Home\6c810f36d00fd181b27c78a0b07dce5a.php 第 343 行.
NOTIC: [8] Undefined index: id C:\wamp\www\Campus\Application\Runtime\Cache\Home\6c810f36d00fd181b27c78a0b07dce5a.php 第 344 行.
NOTIC: [8] Undefined index: id C:\wamp\www\Campus\Application\Runtime\Cache\Home\6c810f36d00fd181b27c78a0b07dce5a.php 第 347 行.
NOTIC: [8] Undefined index: id C:\wamp\www\Campus\Application\Runtime\Cache\Home\6c810f36d00fd181b27c78a0b07dce5a.php 第 343 行.
NOTIC: [8] Undefined index: id C:\wamp\www\Campus\Application\Runtime\Cache\Home\6c810f36d00fd181b27c78a0b07dce5a.php 第 344 行.
NOTIC: [8] Undefined index: id C:\wamp\www\Campus\Application\Runtime\Cache\Home\6c810f36d00fd181b27c78a0b07dce5a.php 第 347 行.
NOTIC: [8] Undefined index: id C:\wamp\www\Campus\Application\Runtime\Cache\Home\6c810f36d00fd181b27c78a0b07dce5a.php 第 343 行.
NOTIC: [8] Undefined index: id C:\wamp\www\Campus\Application\Runtime\Cache\Home\6c810f36d00fd181b27c78a0b07dce5a.php 第 344 行.
NOTIC: [8] Undefined index: id C:\wamp\www\Campus\Application\Runtime\Cache\Home\6c810f36d00fd181b27c78a0b07dce5a.php 第 347 行.
NOTIC: [8] Undefined index: id C:\wamp\www\Campus\Application\Runtime\Cache\Home\6c810f36d00fd181b27c78a0b07dce5a.php 第 343 行.
NOTIC: [8] Undefined index: id C:\wamp\www\Campus\Application\Runtime\Cache\Home\6c810f36d00fd181b27c78a0b07dce5a.php 第 344 行.
NOTIC: [8] Undefined index: id C:\wamp\www\Campus\Application\Runtime\Cache\Home\6c810f36d00fd181b27c78a0b07dce5a.php 第 347 行.
INFO: Run Behavior\ParseTemplateBehavior [ RunTime:0.056815s ]
INFO: [ view_parse ] --END-- [ RunTime:0.057172s ]
INFO: [ view_filter ] --START--
INFO: Run Behavior\WriteHtmlCacheBehavior [ RunTime:0.001031s ]
INFO: [ view_filter ] --END-- [ RunTime:0.001178s ]
INFO: [ app_end ] --START--
INFO: Run Behavior\ShowPageTraceBehavior [ RunTime:0.001555s ]
INFO: [ app_end ] --END-- [ RunTime:0.001718s ]

[ 2016-12-09T23:40:00+08:00 ] 127.0.0.1 /Campus/Home/Recommend/lists/rtype_rid/2.html
INFO: [ app_init ] --START--
INFO: Run Behavior\BuildLiteBehavior [ RunTime:0.000035s ]
INFO: [ app_init ] --END-- [ RunTime:0.000819s ]
INFO: [ app_begin ] --START--
INFO: Run Behavior\ReadHtmlCacheBehavior [ RunTime:0.001225s ]
INFO: [ app_begin ] --END-- [ RunTime:0.001403s ]
SQL: SHOW COLUMNS FROM `dca_recommend` [ RunTime:0.0116s ]
SQL: SELECT COUNT(*) AS tp_count FROM `dca_recommend` WHERE ( rtype_rid=2 ) LIMIT 1   [ RunTime:0.0007s ]
SQL: SELECT dca_user.uname,dca_recommend.pic,dca_recommend.name,dca_recommend.hits,dca_recommend.praise FROM `dca_recommend` INNER JOIN  dca_user  ON dca_recommend.user_uid =dca_user.uid   WHERE ( rtype_rid=2 ) ORDER BY creatime desc LIMIT 0,8   [ RunTime:0.0007s ]
SQL: SHOW COLUMNS FROM `dca_rtype` [ RunTime:0.0120s ]
SQL: SELECT dca_rtype.rname FROM `dca_rtype` WHERE ( rid=2 ) LIMIT 1   [ RunTime:0.0008s ]
SQL: SELECT * FROM `dca_rtype`  [ RunTime:0.0010s ]
SQL: SELECT * FROM `dca_recommend` ORDER BY creatime desc LIMIT 5   [ RunTime:0.0009s ]
INFO: [ view_parse ] --START--
INFO: [ template_filter ] --START--
INFO: Run Behavior\ContentReplaceBehavior [ RunTime:0.000229s ]
INFO: [ template_filter ] --END-- [ RunTime:0.000437s ]
NOTIC: [8] Undefined index: id C:\wamp\www\Campus\Application\Runtime\Cache\Home\6c810f36d00fd181b27c78a0b07dce5a.php 第 343 行.
NOTIC: [8] Undefined index: id C:\wamp\www\Campus\Application\Runtime\Cache\Home\6c810f36d00fd181b27c78a0b07dce5a.php 第 344 行.
NOTIC: [8] Undefined index: id C:\wamp\www\Campus\Application\Runtime\Cache\Home\6c810f36d00fd181b27c78a0b07dce5a.php 第 347 行.
NOTIC: [8] Undefined index: id C:\wamp\www\Campus\Application\Runtime\Cache\Home\6c810f36d00fd181b27c78a0b07dce5a.php 第 343 行.
NOTIC: [8] Undefined index: id C:\wamp\www\Campus\Application\Runtime\Cache\Home\6c810f36d00fd181b27c78a0b07dce5a.php 第 344 行.
NOTIC: [8] Undefined index: id C:\wamp\www\Campus\Application\Runtime\Cache\Home\6c810f36d00fd181b27c78a0b07dce5a.php 第 347 行.
NOTIC: [8] Undefined index: id C:\wamp\www\Campus\Application\Runtime\Cache\Home\6c810f36d00fd181b27c78a0b07dce5a.php 第 343 行.
NOTIC: [8] Undefined index: id C:\wamp\www\Campus\Application\Runtime\Cache\Home\6c810f36d00fd181b27c78a0b07dce5a.php 第 344 行.
NOTIC: [8] Undefined index: id C:\wamp\www\Campus\Application\Runtime\Cache\Home\6c810f36d00fd181b27c78a0b07dce5a.php 第 347 行.
NOTIC: [8] Undefined index: id C:\wamp\www\Campus\Application\Runtime\Cache\Home\6c810f36d00fd181b27c78a0b07dce5a.php 第 343 行.
NOTIC: [8] Undefined index: id C:\wamp\www\Campus\Application\Runtime\Cache\Home\6c810f36d00fd181b27c78a0b07dce5a.php 第 344 行.
NOTIC: [8] Undefined index: id C:\wamp\www\Campus\Application\Runtime\Cache\Home\6c810f36d00fd181b27c78a0b07dce5a.php 第 347 行.
NOTIC: [8] Undefined index: id C:\wamp\www\Campus\Application\Runtime\Cache\Home\6c810f36d00fd181b27c78a0b07dce5a.php 第 343 行.
NOTIC: [8] Undefined index: id C:\wamp\www\Campus\Application\Runtime\Cache\Home\6c810f36d00fd181b27c78a0b07dce5a.php 第 344 行.
NOTIC: [8] Undefined index: id C:\wamp\www\Campus\Application\Runtime\Cache\Home\6c810f36d00fd181b27c78a0b07dce5a.php 第 347 行.
INFO: Run Behavior\ParseTemplateBehavior [ RunTime:0.036854s ]
INFO: [ view_parse ] --END-- [ RunTime:0.037112s ]
INFO: [ view_filter ] --START--
INFO: Run Behavior\WriteHtmlCacheBehavior [ RunTime:0.001061s ]
INFO: [ view_filter ] --END-- [ RunTime:0.001238s ]
INFO: [ app_end ] --START--
INFO: Run Behavior\ShowPageTraceBehavior [ RunTime:0.001237s ]
INFO: [ app_end ] --END-- [ RunTime:0.001464s ]

[ 2016-12-09T23:40:00+08:00 ] 127.0.0.1 /Campus/Home/Recommend/lists/rtype_rid/fonts/miaomi.ttf
INFO: [ app_init ] --START--
INFO: Run Behavior\BuildLiteBehavior [ RunTime:0.000037s ]
INFO: [ app_init ] --END-- [ RunTime:0.000760s ]
INFO: [ app_begin ] --START--
INFO: Run Behavior\ReadHtmlCacheBehavior [ RunTime:0.001501s ]
INFO: [ app_begin ] --END-- [ RunTime:0.001744s ]
SQL: SHOW COLUMNS FROM `dca_recommend` [ RunTime:0.0161s ]
ERR: SQLSTATE[42S22]: Column not found: 1054 Unknown column 'fonts' in 'where clause'

[ 2016-12-09T23:40:19+08:00 ] 127.0.0.1 /Campus/Home/Recommend/lists/rtype_rid/3.html
INFO: [ app_init ] --START--
INFO: Run Behavior\BuildLiteBehavior [ RunTime:0.000068s ]
INFO: [ app_init ] --END-- [ RunTime:0.001810s ]
INFO: [ app_begin ] --START--
INFO: Run Behavior\ReadHtmlCacheBehavior [ RunTime:0.005394s ]
INFO: [ app_begin ] --END-- [ RunTime:0.005912s ]
SQL: SHOW COLUMNS FROM `dca_recommend` [ RunTime:0.0279s ]
SQL: SELECT COUNT(*) AS tp_count FROM `dca_recommend` WHERE ( rtype_rid=3 ) LIMIT 1   [ RunTime:0.0010s ]
SQL: SELECT dca_user.uname,dca_recommend.pic,dca_recommend.name,dca_recommend.hits,dca_recommend.praise FROM `dca_recommend` INNER JOIN  dca_user  ON dca_recommend.user_uid =dca_user.uid   WHERE ( rtype_rid=3 ) ORDER BY creatime desc LIMIT 0,8   [ RunTime:0.0009s ]
SQL: SHOW COLUMNS FROM `dca_rtype` [ RunTime:0.0130s ]
SQL: SELECT dca_rtype.rname FROM `dca_rtype` WHERE ( rid=3 ) LIMIT 1   [ RunTime:0.0006s ]
SQL: SELECT * FROM `dca_rtype`  [ RunTime:0.0006s ]
SQL: SELECT * FROM `dca_recommend` ORDER BY creatime desc LIMIT 5   [ RunTime:0.0009s ]
INFO: [ view_parse ] --START--
INFO: [ template_filter ] --START--
INFO: Run Behavior\ContentReplaceBehavior [ RunTime:0.000243s ]
INFO: [ template_filter ] --END-- [ RunTime:0.000464s ]
INFO: Run Behavior\ParseTemplateBehavior [ RunTime:0.038516s ]
INFO: [ view_parse ] --END-- [ RunTime:0.038748s ]
INFO: [ view_filter ] --START--
INFO: Run Behavior\WriteHtmlCacheBehavior [ RunTime:0.001401s ]
INFO: [ view_filter ] --END-- [ RunTime:0.001568s ]
INFO: [ app_end ] --START--
INFO: Run Behavior\ShowPageTraceBehavior [ RunTime:0.001785s ]
INFO: [ app_end ] --END-- [ RunTime:0.002025s ]

[ 2016-12-09T23:40:20+08:00 ] 127.0.0.1 /Campus/Home/Recommend/lists/rtype_rid/fonts/miaomi.ttf
INFO: [ app_init ] --START--
INFO: Run Behavior\BuildLiteBehavior [ RunTime:0.000042s ]
INFO: [ app_init ] --END-- [ RunTime:0.002379s ]
INFO: [ app_begin ] --START--
INFO: Run Behavior\ReadHtmlCacheBehavior [ RunTime:0.001631s ]
INFO: [ app_begin ] --END-- [ RunTime:0.001856s ]
SQL: SHOW COLUMNS FROM `dca_recommend` [ RunTime:0.0190s ]
ERR: SQLSTATE[42S22]: Column not found: 1054 Unknown column 'fonts' in 'where clause'

[ 2016-12-09T23:40:21+08:00 ] 127.0.0.1 /Campus/Home/Recommend/lists/rtype_rid/4.html
INFO: [ app_init ] --START--
INFO: Run Behavior\BuildLiteBehavior [ RunTime:0.000056s ]
INFO: [ app_init ] --END-- [ RunTime:0.001192s ]
INFO: [ app_begin ] --START--
INFO: Run Behavior\ReadHtmlCacheBehavior [ RunTime:0.002227s ]
INFO: [ app_begin ] --END-- [ RunTime:0.002492s ]
SQL: SHOW COLUMNS FROM `dca_recommend` [ RunTime:0.0153s ]
SQL: SELECT COUNT(*) AS tp_count FROM `dca_recommend` WHERE ( rtype_rid=4 ) LIMIT 1   [ RunTime:0.0006s ]
SQL: SELECT dca_user.uname,dca_recommend.pic,dca_recommend.name,dca_recommend.hits,dca_recommend.praise FROM `dca_recommend` INNER JOIN  dca_user  ON dca_recommend.user_uid =dca_user.uid   WHERE ( rtype_rid=4 ) ORDER BY creatime desc LIMIT 0,8   [ RunTime:0.0006s ]
SQL: SHOW COLUMNS FROM `dca_rtype` [ RunTime:0.0160s ]
SQL: SELECT dca_rtype.rname FROM `dca_rtype` WHERE ( rid=4 ) LIMIT 1   [ RunTime:0.0005s ]
SQL: SELECT * FROM `dca_rtype`  [ RunTime:0.0006s ]
SQL: SELECT * FROM `dca_recommend` ORDER BY creatime desc LIMIT 5   [ RunTime:0.0011s ]
INFO: [ view_parse ] --START--
INFO: [ template_filter ] --START--
INFO: Run Behavior\ContentReplaceBehavior [ RunTime:0.000325s ]
INFO: [ template_filter ] --END-- [ RunTime:0.000689s ]
INFO: Run Behavior\ParseTemplateBehavior [ RunTime:0.038625s ]
INFO: [ view_parse ] --END-- [ RunTime:0.038874s ]
INFO: [ view_filter ] --START--
INFO: Run Behavior\WriteHtmlCacheBehavior [ RunTime:0.000940s ]
INFO: [ view_filter ] --END-- [ RunTime:0.001085s ]
INFO: [ app_end ] --START--
INFO: Run Behavior\ShowPageTraceBehavior [ RunTime:0.001216s ]
INFO: [ app_end ] --END-- [ RunTime:0.001371s ]

[ 2016-12-09T23:40:21+08:00 ] 127.0.0.1 /Campus/Home/Recommend/lists/rtype_rid/fonts/miaomi.ttf
INFO: [ app_init ] --START--
INFO: Run Behavior\BuildLiteBehavior [ RunTime:0.000037s ]
INFO: [ app_init ] --END-- [ RunTime:0.000788s ]
INFO: [ app_begin ] --START--
INFO: Run Behavior\ReadHtmlCacheBehavior [ RunTime:0.002268s ]
INFO: [ app_begin ] --END-- [ RunTime:0.002639s ]
SQL: SHOW COLUMNS FROM `dca_recommend` [ RunTime:0.0148s ]
ERR: SQLSTATE[42S22]: Column not found: 1054 Unknown column 'fonts' in 'where clause'

[ 2016-12-09T23:40:23+08:00 ] 127.0.0.1 /Campus/Home/Recommend/lists/rtype_rid/5.html
INFO: [ app_init ] --START--
INFO: Run Behavior\BuildLiteBehavior [ RunTime:0.000037s ]
INFO: [ app_init ] --END-- [ RunTime:0.000866s ]
INFO: [ app_begin ] --START--
INFO: Run Behavior\ReadHtmlCacheBehavior [ RunTime:0.002319s ]
INFO: [ app_begin ] --END-- [ RunTime:0.002616s ]
SQL: SHOW COLUMNS FROM `dca_recommend` [ RunTime:0.0157s ]
SQL: SELECT COUNT(*) AS tp_count FROM `dca_recommend` WHERE ( rtype_rid=5 ) LIMIT 1   [ RunTime:0.0006s ]
SQL: SELECT dca_user.uname,dca_recommend.pic,dca_recommend.name,dca_recommend.hits,dca_recommend.praise FROM `dca_recommend` INNER JOIN  dca_user  ON dca_recommend.user_uid =dca_user.uid   WHERE ( rtype_rid=5 ) ORDER BY creatime desc LIMIT 0,8   [ RunTime:0.0011s ]
SQL: SHOW COLUMNS FROM `dca_rtype` [ RunTime:0.0157s ]
SQL: SELECT dca_rtype.rname FROM `dca_rtype` WHERE ( rid=5 ) LIMIT 1   [ RunTime:0.0006s ]
SQL: SELECT * FROM `dca_rtype`  [ RunTime:0.0006s ]
SQL: SELECT * FROM `dca_recommend` ORDER BY creatime desc LIMIT 5   [ RunTime:0.0008s ]
INFO: [ view_parse ] --START--
INFO: [ template_filter ] --START--
INFO: Run Behavior\ContentReplaceBehavior [ RunTime:0.000194s ]
INFO: [ template_filter ] --END-- [ RunTime:0.000373s ]
INFO: Run Behavior\ParseTemplateBehavior [ RunTime:0.033863s ]
INFO: [ view_parse ] --END-- [ RunTime:0.034031s ]
INFO: [ view_filter ] --START--
INFO: Run Behavior\WriteHtmlCacheBehavior [ RunTime:0.000980s ]
INFO: [ view_filter ] --END-- [ RunTime:0.001173s ]
INFO: [ app_end ] --START--
INFO: Run Behavior\ShowPageTraceBehavior [ RunTime:0.001825s ]
INFO: [ app_end ] --END-- [ RunTime:0.002013s ]

[ 2016-12-09T23:40:24+08:00 ] 127.0.0.1 /Campus/Home/Recommend/lists/rtype_rid/fonts/miaomi.ttf
INFO: [ app_init ] --START--
INFO: Run Behavior\BuildLiteBehavior [ RunTime:0.000038s ]
INFO: [ app_init ] --END-- [ RunTime:0.000855s ]
INFO: [ app_begin ] --START--
INFO: Run Behavior\ReadHtmlCacheBehavior [ RunTime:0.002281s ]
INFO: [ app_begin ] --END-- [ RunTime:0.002712s ]
SQL: SHOW COLUMNS FROM `dca_recommend` [ RunTime:0.0194s ]
ERR: SQLSTATE[42S22]: Column not found: 1054 Unknown column 'fonts' in 'where clause'

[ 2016-12-09T23:40:24+08:00 ] 127.0.0.1 /Campus/Home/Recommend/lists/rtype_rid/1.html
INFO: [ app_init ] --START--
INFO: Run Behavior\BuildLiteBehavior [ RunTime:0.000036s ]
INFO: [ app_init ] --END-- [ RunTime:0.000780s ]
INFO: [ app_begin ] --START--
INFO: Run Behavior\ReadHtmlCacheBehavior [ RunTime:0.001628s ]
INFO: [ app_begin ] --END-- [ RunTime:0.001865s ]
SQL: SHOW COLUMNS FROM `dca_recommend` [ RunTime:0.0125s ]
SQL: SELECT COUNT(*) AS tp_count FROM `dca_recommend` WHERE ( rtype_rid=1 ) LIMIT 1   [ RunTime:0.0007s ]
SQL: SELECT dca_user.uname,dca_recommend.pic,dca_recommend.name,dca_recommend.hits,dca_recommend.praise FROM `dca_recommend` INNER JOIN  dca_user  ON dca_recommend.user_uid =dca_user.uid   WHERE ( rtype_rid=1 ) ORDER BY creatime desc LIMIT 0,8   [ RunTime:0.0009s ]
SQL: SHOW COLUMNS FROM `dca_rtype` [ RunTime:0.0129s ]
SQL: SELECT dca_rtype.rname FROM `dca_rtype` WHERE ( rid=1 ) LIMIT 1   [ RunTime:0.0006s ]
SQL: SELECT * FROM `dca_rtype`  [ RunTime:0.0005s ]
SQL: SELECT * FROM `dca_recommend` ORDER BY creatime desc LIMIT 5   [ RunTime:0.0008s ]
INFO: [ view_parse ] --START--
INFO: [ template_filter ] --START--
INFO: Run Behavior\ContentReplaceBehavior [ RunTime:0.000311s ]
INFO: [ template_filter ] --END-- [ RunTime:0.000606s ]
NOTIC: [8] Undefined index: id C:\wamp\www\Campus\Application\Runtime\Cache\Home\6c810f36d00fd181b27c78a0b07dce5a.php 第 343 行.
NOTIC: [8] Undefined index: id C:\wamp\www\Campus\Application\Runtime\Cache\Home\6c810f36d00fd181b27c78a0b07dce5a.php 第 344 行.
NOTIC: [8] Undefined index: id C:\wamp\www\Campus\Application\Runtime\Cache\Home\6c810f36d00fd181b27c78a0b07dce5a.php 第 347 行.
NOTIC: [8] Undefined index: id C:\wamp\www\Campus\Application\Runtime\Cache\Home\6c810f36d00fd181b27c78a0b07dce5a.php 第 343 行.
NOTIC: [8] Undefined index: id C:\wamp\www\Campus\Application\Runtime\Cache\Home\6c810f36d00fd181b27c78a0b07dce5a.php 第 344 行.
NOTIC: [8] Undefined index: id C:\wamp\www\Campus\Application\Runtime\Cache\Home\6c810f36d00fd181b27c78a0b07dce5a.php 第 347 行.
NOTIC: [8] Undefined index: id C:\wamp\www\Campus\Application\Runtime\Cache\Home\6c810f36d00fd181b27c78a0b07dce5a.php 第 343 行.
NOTIC: [8] Undefined index: id C:\wamp\www\Campus\Application\Runtime\Cache\Home\6c810f36d00fd181b27c78a0b07dce5a.php 第 344 行.
NOTIC: [8] Undefined index: id C:\wamp\www\Campus\Application\Runtime\Cache\Home\6c810f36d00fd181b27c78a0b07dce5a.php 第 347 行.
NOTIC: [8] Undefined index: id C:\wamp\www\Campus\Application\Runtime\Cache\Home\6c810f36d00fd181b27c78a0b07dce5a.php 第 343 行.
NOTIC: [8] Undefined index: id C:\wamp\www\Campus\Application\Runtime\Cache\Home\6c810f36d00fd181b27c78a0b07dce5a.php 第 344 行.
NOTIC: [8] Undefined index: id C:\wamp\www\Campus\Application\Runtime\Cache\Home\6c810f36d00fd181b27c78a0b07dce5a.php 第 347 行.
NOTIC: [8] Undefined index: id C:\wamp\www\Campus\Application\Runtime\Cache\Home\6c810f36d00fd181b27c78a0b07dce5a.php 第 343 行.
NOTIC: [8] Undefined index: id C:\wamp\www\Campus\Application\Runtime\Cache\Home\6c810f36d00fd181b27c78a0b07dce5a.php 第 344 行.
NOTIC: [8] Undefined index: id C:\wamp\www\Campus\Application\Runtime\Cache\Home\6c810f36d00fd181b27c78a0b07dce5a.php 第 347 行.
NOTIC: [8] Undefined index: id C:\wamp\www\Campus\Application\Runtime\Cache\Home\6c810f36d00fd181b27c78a0b07dce5a.php 第 343 行.
NOTIC: [8] Undefined index: id C:\wamp\www\Campus\Application\Runtime\Cache\Home\6c810f36d00fd181b27c78a0b07dce5a.php 第 344 行.
NOTIC: [8] Undefined index: id C:\wamp\www\Campus\Application\Runtime\Cache\Home\6c810f36d00fd181b27c78a0b07dce5a.php 第 347 行.
NOTIC: [8] Undefined index: id C:\wamp\www\Campus\Application\Runtime\Cache\Home\6c810f36d00fd181b27c78a0b07dce5a.php 第 343 行.
NOTIC: [8] Undefined index: id C:\wamp\www\Campus\Application\Runtime\Cache\Home\6c810f36d00fd181b27c78a0b07dce5a.php 第 344 行.
NOTIC: [8] Undefined index: id C:\wamp\www\Campus\Application\Runtime\Cache\Home\6c810f36d00fd181b27c78a0b07dce5a.php 第 347 行.
NOTIC: [8] Undefined index: id C:\wamp\www\Campus\Application\Runtime\Cache\Home\6c810f36d00fd181b27c78a0b07dce5a.php 第 343 行.
NOTIC: [8] Undefined index: id C:\wamp\www\Campus\Application\Runtime\Cache\Home\6c810f36d00fd181b27c78a0b07dce5a.php 第 344 行.
NOTIC: [8] Undefined index: id C:\wamp\www\Campus\Application\Runtime\Cache\Home\6c810f36d00fd181b27c78a0b07dce5a.php 第 347 行.
INFO: Run Behavior\ParseTemplateBehavior [ RunTime:0.036217s ]
INFO: [ view_parse ] --END-- [ RunTime:0.036429s ]
INFO: [ view_filter ] --START--
INFO: Run Behavior\WriteHtmlCacheBehavior [ RunTime:0.001157s ]
INFO: [ view_filter ] --END-- [ RunTime:0.001333s ]
INFO: [ app_end ] --START--
INFO: Run Behavior\ShowPageTraceBehavior [ RunTime:0.001288s ]
INFO: [ app_end ] --END-- [ RunTime:0.001447s ]

[ 2016-12-09T23:40:25+08:00 ] 127.0.0.1 /Campus/Home/Recommend/lists/rtype_rid/fonts/miaomi.ttf
INFO: [ app_init ] --START--
INFO: Run Behavior\BuildLiteBehavior [ RunTime:0.000047s ]
INFO: [ app_init ] --END-- [ RunTime:0.001214s ]
INFO: [ app_begin ] --START--
INFO: Run Behavior\ReadHtmlCacheBehavior [ RunTime:0.001364s ]
INFO: [ app_begin ] --END-- [ RunTime:0.001589s ]
SQL: SHOW COLUMNS FROM `dca_recommend` [ RunTime:0.0144s ]
ERR: SQLSTATE[42S22]: Column not found: 1054 Unknown column 'fonts' in 'where clause'

[ 2016-12-09T23:40:56+08:00 ] 127.0.0.1 /Campus/Home/Index/index.html
INFO: [ app_init ] --START--
INFO: Run Behavior\BuildLiteBehavior [ RunTime:0.000051s ]
INFO: [ app_init ] --END-- [ RunTime:0.001125s ]
INFO: [ app_begin ] --START--
INFO: Run Behavior\ReadHtmlCacheBehavior [ RunTime:0.002857s ]
INFO: [ app_begin ] --END-- [ RunTime:0.003176s ]
SQL: SHOW COLUMNS FROM `dca_recommend` [ RunTime:0.0196s ]
SQL: SELECT COUNT(*) AS tp_count FROM `dca_recommend` WHERE ( rtype_rid=1 ) LIMIT 1   [ RunTime:0.0009s ]
SQL: SELECT COUNT(*) AS tp_count FROM `dca_recommend` WHERE ( rtype_rid=2 ) LIMIT 1   [ RunTime:0.0009s ]
SQL: SELECT COUNT(*) AS tp_count FROM `dca_recommend` WHERE ( rtype_rid=3 ) LIMIT 1   [ RunTime:0.0010s ]
SQL: SELECT COUNT(*) AS tp_count FROM `dca_recommend` WHERE ( rtype_rid=4 ) LIMIT 1   [ RunTime:0.0009s ]
SQL: SELECT COUNT(*) AS tp_count FROM `dca_recommend` WHERE ( rtype_rid=5 ) LIMIT 1   [ RunTime:0.0008s ]
SQL: SELECT COUNT(*) AS tp_count FROM `dca_recommend` WHERE ( rtype_rid=6 ) LIMIT 1   [ RunTime:0.0008s ]
INFO: [ view_parse ] --START--
INFO: [ template_filter ] --START--
INFO: Run Behavior\ContentReplaceBehavior [ RunTime:0.000570s ]
INFO: [ template_filter ] --END-- [ RunTime:0.000921s ]
INFO: Run Behavior\ParseTemplateBehavior [ RunTime:0.039814s ]
INFO: [ view_parse ] --END-- [ RunTime:0.040110s ]
INFO: [ view_filter ] --START--
INFO: Run Behavior\WriteHtmlCacheBehavior [ RunTime:0.001780s ]
INFO: [ view_filter ] --END-- [ RunTime:0.002061s ]
INFO: [ app_end ] --START--
INFO: Run Behavior\ShowPageTraceBehavior [ RunTime:0.001786s ]
INFO: [ app_end ] --END-- [ RunTime:0.002000s ]

[ 2016-12-09T23:40:57+08:00 ] 127.0.0.1 /Campus/Home/Index/fonts/miaomi.ttf
INFO: [ app_init ] --START--
INFO: Run Behavior\BuildLiteBehavior [ RunTime:0.000065s ]
INFO: [ app_init ] --END-- [ RunTime:0.000929s ]
INFO: [ app_begin ] --START--
INFO: Run Behavior\ReadHtmlCacheBehavior [ RunTime:0.003126s ]
INFO: [ app_begin ] --END-- [ RunTime:0.003423s ]
ERR: 非法操作:fonts

[ 2016-12-09T23:52:52+08:00 ] 127.0.0.1 /Campus/Home/Recommend/lists/rtype_rid/1.html
INFO: [ app_init ] --START--
INFO: Run Behavior\BuildLiteBehavior [ RunTime:0.000057s ]
INFO: [ app_init ] --END-- [ RunTime:0.001579s ]
INFO: [ app_begin ] --START--
INFO: Run Behavior\ReadHtmlCacheBehavior [ RunTime:0.003986s ]
INFO: [ app_begin ] --END-- [ RunTime:0.004307s ]
SQL: SHOW COLUMNS FROM `dca_recommend` [ RunTime:0.0174s ]
SQL: SELECT COUNT(*) AS tp_count FROM `dca_recommend` WHERE ( rtype_rid=1 ) LIMIT 1   [ RunTime:0.0011s ]
SQL: SELECT dca_user.uname,dca_recommend.pic,dca_recommend.name,dca_recommend.hits,dca_recommend.praise FROM `dca_recommend` INNER JOIN  dca_user  ON dca_recommend.user_uid =dca_user.uid   WHERE ( rtype_rid=1 ) ORDER BY creatime desc LIMIT 0,8   [ RunTime:0.0018s ]
SQL: SHOW COLUMNS FROM `dca_rtype` [ RunTime:0.0185s ]
SQL: SELECT dca_rtype.rname FROM `dca_rtype` WHERE ( rid=1 ) LIMIT 1   [ RunTime:0.0009s ]
SQL: SELECT * FROM `dca_rtype`  [ RunTime:0.0011s ]
SQL: SELECT * FROM `dca_recommend` ORDER BY creatime desc LIMIT 5   [ RunTime:0.0013s ]
INFO: [ view_parse ] --START--
INFO: [ template_filter ] --START--
INFO: Run Behavior\ContentReplaceBehavior [ RunTime:0.000326s ]
INFO: [ template_filter ] --END-- [ RunTime:0.000584s ]
NOTIC: [8] Undefined index: id C:\wamp\www\Campus\Application\Runtime\Cache\Home\6c810f36d00fd181b27c78a0b07dce5a.php 第 343 行.
NOTIC: [8] Undefined index: id C:\wamp\www\Campus\Application\Runtime\Cache\Home\6c810f36d00fd181b27c78a0b07dce5a.php 第 344 行.
NOTIC: [8] Undefined index: id C:\wamp\www\Campus\Application\Runtime\Cache\Home\6c810f36d00fd181b27c78a0b07dce5a.php 第 347 行.
NOTIC: [8] Undefined index: id C:\wamp\www\Campus\Application\Runtime\Cache\Home\6c810f36d00fd181b27c78a0b07dce5a.php 第 343 行.
NOTIC: [8] Undefined index: id C:\wamp\www\Campus\Application\Runtime\Cache\Home\6c810f36d00fd181b27c78a0b07dce5a.php 第 344 行.
NOTIC: [8] Undefined index: id C:\wamp\www\Campus\Application\Runtime\Cache\Home\6c810f36d00fd181b27c78a0b07dce5a.php 第 347 行.
NOTIC: [8] Undefined index: id C:\wamp\www\Campus\Application\Runtime\Cache\Home\6c810f36d00fd181b27c78a0b07dce5a.php 第 343 行.
NOTIC: [8] Undefined index: id C:\wamp\www\Campus\Application\Runtime\Cache\Home\6c810f36d00fd181b27c78a0b07dce5a.php 第 344 行.
NOTIC: [8] Undefined index: id C:\wamp\www\Campus\Application\Runtime\Cache\Home\6c810f36d00fd181b27c78a0b07dce5a.php 第 347 行.
NOTIC: [8] Undefined index: id C:\wamp\www\Campus\Application\Runtime\Cache\Home\6c810f36d00fd181b27c78a0b07dce5a.php 第 343 行.
NOTIC: [8] Undefined index: id C:\wamp\www\Campus\Application\Runtime\Cache\Home\6c810f36d00fd181b27c78a0b07dce5a.php 第 344 行.
NOTIC: [8] Undefined index: id C:\wamp\www\Campus\Application\Runtime\Cache\Home\6c810f36d00fd181b27c78a0b07dce5a.php 第 347 行.
NOTIC: [8] Undefined index: id C:\wamp\www\Campus\Application\Runtime\Cache\Home\6c810f36d00fd181b27c78a0b07dce5a.php 第 343 行.
NOTIC: [8] Undefined index: id C:\wamp\www\Campus\Application\Runtime\Cache\Home\6c810f36d00fd181b27c78a0b07dce5a.php 第 344 行.
NOTIC: [8] Undefined index: id C:\wamp\www\Campus\Application\Runtime\Cache\Home\6c810f36d00fd181b27c78a0b07dce5a.php 第 347 行.
NOTIC: [8] Undefined index: id C:\wamp\www\Campus\Application\Runtime\Cache\Home\6c810f36d00fd181b27c78a0b07dce5a.php 第 343 行.
NOTIC: [8] Undefined index: id C:\wamp\www\Campus\Application\Runtime\Cache\Home\6c810f36d00fd181b27c78a0b07dce5a.php 第 344 行.
NOTIC: [8] Undefined index: id C:\wamp\www\Campus\Application\Runtime\Cache\Home\6c810f36d00fd181b27c78a0b07dce5a.php 第 347 行.
NOTIC: [8] Undefined index: id C:\wamp\www\Campus\Application\Runtime\Cache\Home\6c810f36d00fd181b27c78a0b07dce5a.php 第 343 行.
NOTIC: [8] Undefined index: id C:\wamp\www\Campus\Application\Runtime\Cache\Home\6c810f36d00fd181b27c78a0b07dce5a.php 第 344 行.
NOTIC: [8] Undefined index: id C:\wamp\www\Campus\Application\Runtime\Cache\Home\6c810f36d00fd181b27c78a0b07dce5a.php 第 347 行.
NOTIC: [8] Undefined index: id C:\wamp\www\Campus\Application\Runtime\Cache\Home\6c810f36d00fd181b27c78a0b07dce5a.php 第 343 行.
NOTIC: [8] Undefined index: id C:\wamp\www\Campus\Application\Runtime\Cache\Home\6c810f36d00fd181b27c78a0b07dce5a.php 第 344 行.
NOTIC: [8] Undefined index: id C:\wamp\www\Campus\Application\Runtime\Cache\Home\6c810f36d00fd181b27c78a0b07dce5a.php 第 347 行.
INFO: Run Behavior\ParseTemplateBehavior [ RunTime:0.062570s ]
INFO: [ view_parse ] --END-- [ RunTime:0.062823s ]
INFO: [ view_filter ] --START--
INFO: Run Behavior\WriteHtmlCacheBehavior [ RunTime:0.002838s ]
INFO: [ view_filter ] --END-- [ RunTime:0.003071s ]
INFO: [ app_end ] --START--
INFO: Run Behavior\ShowPageTraceBehavior [ RunTime:0.002583s ]
INFO: [ app_end ] --END-- [ RunTime:0.002817s ]

[ 2016-12-09T23:52:53+08:00 ] 127.0.0.1 /Campus/Home/Recommend/lists/rtype_rid/fonts/miaomi.ttf
INFO: [ app_init ] --START--
INFO: Run Behavior\BuildLiteBehavior [ RunTime:0.000037s ]
INFO: [ app_init ] --END-- [ RunTime:0.000797s ]
INFO: [ app_begin ] --START--
INFO: Run Behavior\ReadHtmlCacheBehavior [ RunTime:0.002055s ]
INFO: [ app_begin ] --END-- [ RunTime:0.002425s ]
SQL: SHOW COLUMNS FROM `dca_recommend` [ RunTime:0.0203s ]
ERR: SQLSTATE[42S22]: Column not found: 1054 Unknown column 'fonts' in 'where clause'

[ 2016-12-09T23:53:04+08:00 ] 127.0.0.1 /Campus/Home/Recommend/lists/rtype_rid/2.html
INFO: [ app_init ] --START--
INFO: Run Behavior\BuildLiteBehavior [ RunTime:0.000056s ]
INFO: [ app_init ] --END-- [ RunTime:0.001423s ]
INFO: [ app_begin ] --START--
INFO: Run Behavior\ReadHtmlCacheBehavior [ RunTime:0.003121s ]
INFO: [ app_begin ] --END-- [ RunTime:0.003477s ]
SQL: SHOW COLUMNS FROM `dca_recommend` [ RunTime:0.0191s ]
SQL: SELECT COUNT(*) AS tp_count FROM `dca_recommend` WHERE ( rtype_rid=2 ) LIMIT 1   [ RunTime:0.0015s ]
SQL: SELECT dca_user.uname,dca_recommend.pic,dca_recommend.name,dca_recommend.hits,dca_recommend.praise FROM `dca_recommend` INNER JOIN  dca_user  ON dca_recommend.user_uid =dca_user.uid   WHERE ( rtype_rid=2 ) ORDER BY creatime desc LIMIT 0,8   [ RunTime:0.0012s ]
SQL: SHOW COLUMNS FROM `dca_rtype` [ RunTime:0.0188s ]
SQL: SELECT dca_rtype.rname FROM `dca_rtype` WHERE ( rid=2 ) LIMIT 1   [ RunTime:0.0008s ]
SQL: SELECT * FROM `dca_rtype`  [ RunTime:0.0008s ]
SQL: SELECT * FROM `dca_recommend` ORDER BY creatime desc LIMIT 5   [ RunTime:0.0012s ]
INFO: [ view_parse ] --START--
INFO: [ template_filter ] --START--
INFO: Run Behavior\ContentReplaceBehavior [ RunTime:0.000194s ]
INFO: [ template_filter ] --END-- [ RunTime:0.000372s ]
NOTIC: [8] Undefined index: id C:\wamp\www\Campus\Application\Runtime\Cache\Home\6c810f36d00fd181b27c78a0b07dce5a.php 第 343 行.
NOTIC: [8] Undefined index: id C:\wamp\www\Campus\Application\Runtime\Cache\Home\6c810f36d00fd181b27c78a0b07dce5a.php 第 344 行.
NOTIC: [8] Undefined index: id C:\wamp\www\Campus\Application\Runtime\Cache\Home\6c810f36d00fd181b27c78a0b07dce5a.php 第 347 行.
NOTIC: [8] Undefined index: id C:\wamp\www\Campus\Application\Runtime\Cache\Home\6c810f36d00fd181b27c78a0b07dce5a.php 第 343 行.
NOTIC: [8] Undefined index: id C:\wamp\www\Campus\Application\Runtime\Cache\Home\6c810f36d00fd181b27c78a0b07dce5a.php 第 344 行.
NOTIC: [8] Undefined index: id C:\wamp\www\Campus\Application\Runtime\Cache\Home\6c810f36d00fd181b27c78a0b07dce5a.php 第 347 行.
NOTIC: [8] Undefined index: id C:\wamp\www\Campus\Application\Runtime\Cache\Home\6c810f36d00fd181b27c78a0b07dce5a.php 第 343 行.
NOTIC: [8] Undefined index: id C:\wamp\www\Campus\Application\Runtime\Cache\Home\6c810f36d00fd181b27c78a0b07dce5a.php 第 344 行.
NOTIC: [8] Undefined index: id C:\wamp\www\Campus\Application\Runtime\Cache\Home\6c810f36d00fd181b27c78a0b07dce5a.php 第 347 行.
NOTIC: [8] Undefined index: id C:\wamp\www\Campus\Application\Runtime\Cache\Home\6c810f36d00fd181b27c78a0b07dce5a.php 第 343 行.
NOTIC: [8] Undefined index: id C:\wamp\www\Campus\Application\Runtime\Cache\Home\6c810f36d00fd181b27c78a0b07dce5a.php 第 344 行.
NOTIC: [8] Undefined index: id C:\wamp\www\Campus\Application\Runtime\Cache\Home\6c810f36d00fd181b27c78a0b07dce5a.php 第 347 行.
NOTIC: [8] Undefined index: id C:\wamp\www\Campus\Application\Runtime\Cache\Home\6c810f36d00fd181b27c78a0b07dce5a.php 第 343 行.
NOTIC: [8] Undefined index: id C:\wamp\www\Campus\Application\Runtime\Cache\Home\6c810f36d00fd181b27c78a0b07dce5a.php 第 344 行.
NOTIC: [8] Undefined index: id C:\wamp\www\Campus\Application\Runtime\Cache\Home\6c810f36d00fd181b27c78a0b07dce5a.php 第 347 行.
INFO: Run Behavior\ParseTemplateBehavior [ RunTime:0.044638s ]
INFO: [ view_parse ] --END-- [ RunTime:0.044848s ]
INFO: [ view_filter ] --START--
INFO: Run Behavior\WriteHtmlCacheBehavior [ RunTime:0.001302s ]
INFO: [ view_filter ] --END-- [ RunTime:0.001446s ]
INFO: [ app_end ] --START--
INFO: Run Behavior\ShowPageTraceBehavior [ RunTime:0.001743s ]
INFO: [ app_end ] --END-- [ RunTime:0.001898s ]

[ 2016-12-09T23:53:05+08:00 ] 127.0.0.1 /Campus/Home/Recommend/lists/rtype_rid/fonts/miaomi.ttf
INFO: [ app_init ] --START--
INFO: Run Behavior\BuildLiteBehavior [ RunTime:0.000043s ]
INFO: [ app_init ] --END-- [ RunTime:0.000783s ]
INFO: [ app_begin ] --START--
INFO: Run Behavior\ReadHtmlCacheBehavior [ RunTime:0.001714s ]
INFO: [ app_begin ] --END-- [ RunTime:0.001918s ]
SQL: SHOW COLUMNS FROM `dca_recommend` [ RunTime:0.0195s ]
ERR: SQLSTATE[42S22]: Column not found: 1054 Unknown column 'fonts' in 'where clause'

[ 2016-12-09T23:55:50+08:00 ] 127.0.0.1 /Campus/Home/Content/content.html
INFO: [ app_init ] --START--
INFO: Run Behavior\BuildLiteBehavior [ RunTime:0.000059s ]
INFO: [ app_init ] --END-- [ RunTime:0.001580s ]
INFO: [ app_begin ] --START--
INFO: Run Behavior\ReadHtmlCacheBehavior [ RunTime:0.005438s ]
INFO: [ app_begin ] --END-- [ RunTime:0.005750s ]
ERR: 无法加载控制器:Content

[ 2016-12-09T23:55:53+08:00 ] 127.0.0.1 /Campus/Home/Recommend/lists/rtype_rid/fonts/miaomi.ttf
INFO: [ app_init ] --START--
INFO: Run Behavior\BuildLiteBehavior [ RunTime:0.000071s ]
INFO: [ app_init ] --END-- [ RunTime:0.001114s ]
INFO: [ app_begin ] --START--
INFO: Run Behavior\ReadHtmlCacheBehavior [ RunTime:0.001590s ]
INFO: [ app_begin ] --END-- [ RunTime:0.001850s ]
SQL: SHOW COLUMNS FROM `dca_recommend` [ RunTime:0.0192s ]
ERR: SQLSTATE[42S22]: Column not found: 1054 Unknown column 'fonts' in 'where clause'

[ 2016-12-09T23:55:55+08:00 ] 127.0.0.1 /Campus/Home/Content/content.html
INFO: [ app_init ] --START--
INFO: Run Behavior\BuildLiteBehavior [ RunTime:0.000080s ]
INFO: [ app_init ] --END-- [ RunTime:0.001721s ]
INFO: [ app_begin ] --START--
INFO: Run Behavior\ReadHtmlCacheBehavior [ RunTime:0.002949s ]
INFO: [ app_begin ] --END-- [ RunTime:0.003788s ]
ERR: 无法加载控制器:Content

[ 2016-12-09T23:55:57+08:00 ] 127.0.0.1 /Campus/Home/Recommend/lists/rtype_rid/fonts/miaomi.ttf
INFO: [ app_init ] --START--
INFO: Run Behavior\BuildLiteBehavior [ RunTime:0.000060s ]
INFO: [ app_init ] --END-- [ RunTime:0.001329s ]
INFO: [ app_begin ] --START--
INFO: Run Behavior\ReadHtmlCacheBehavior [ RunTime:0.002075s ]
INFO: [ app_begin ] --END-- [ RunTime:0.002411s ]
SQL: SHOW COLUMNS FROM `dca_recommend` [ RunTime:0.0208s ]
ERR: SQLSTATE[42S22]: Column not found: 1054 Unknown column 'fonts' in 'where clause'

[ 2016-12-09T23:58:51+08:00 ] 127.0.0.1 /Campus/Home/Content/content.html
INFO: [ app_init ] --START--
INFO: Run Behavior\BuildLiteBehavior [ RunTime:0.000041s ]
INFO: [ app_init ] --END-- [ RunTime:0.001079s ]
INFO: [ app_begin ] --START--
INFO: Run Behavior\ReadHtmlCacheBehavior [ RunTime:0.001929s ]
INFO: [ app_begin ] --END-- [ RunTime:0.002182s ]
ERR: 无法加载控制器:Content

[ 2016-12-09T23:58:53+08:00 ] 127.0.0.1 /Campus/Home/Recommend/lists/rtype_rid/fonts/miaomi.ttf
INFO: [ app_init ] --START--
INFO: Run Behavior\BuildLiteBehavior [ RunTime:0.000055s ]
INFO: [ app_init ] --END-- [ RunTime:0.001191s ]
INFO: [ app_begin ] --START--
INFO: Run Behavior\ReadHtmlCacheBehavior [ RunTime:0.001797s ]
INFO: [ app_begin ] --END-- [ RunTime:0.002043s ]
SQL: SHOW COLUMNS FROM `dca_recommend` [ RunTime:0.0192s ]
ERR: SQLSTATE[42S22]: Column not found: 1054 Unknown column 'fonts' in 'where clause'

[ 2016-12-09T23:58:54+08:00 ] 127.0.0.1 /Campus/Home/Recommend/lists/rtype_rid/2.html
INFO: [ app_init ] --START--
INFO: Run Behavior\BuildLiteBehavior [ RunTime:0.000038s ]
INFO: [ app_init ] --END-- [ RunTime:0.000844s ]
INFO: [ app_begin ] --START--
INFO: Run Behavior\ReadHtmlCacheBehavior [ RunTime:0.001263s ]
INFO: [ app_begin ] --END-- [ RunTime:0.001452s ]
SQL: SHOW COLUMNS FROM `dca_recommend` [ RunTime:0.0144s ]
SQL: SELECT COUNT(*) AS tp_count FROM `dca_recommend` WHERE ( rtype_rid=2 ) LIMIT 1   [ RunTime:0.0007s ]
SQL: SELECT dca_user.uname,dca_recommend.pic,dca_recommend.name,dca_recommend.hits,dca_recommend.praise FROM `dca_recommend` INNER JOIN  dca_user  ON dca_recommend.user_uid =dca_user.uid   WHERE ( rtype_rid=2 ) ORDER BY creatime desc LIMIT 0,8   [ RunTime:0.0008s ]
SQL: SHOW COLUMNS FROM `dca_rtype` [ RunTime:0.0143s ]
SQL: SELECT dca_rtype.rname FROM `dca_rtype` WHERE ( rid=2 ) LIMIT 1   [ RunTime:0.0005s ]
SQL: SELECT * FROM `dca_rtype`  [ RunTime:0.0005s ]
SQL: SELECT * FROM `dca_recommend` ORDER BY creatime desc LIMIT 5   [ RunTime:0.0008s ]
INFO: [ view_parse ] --START--
INFO: [ template_filter ] --START--
INFO: Run Behavior\ContentReplaceBehavior [ RunTime:0.000242s ]
INFO: [ template_filter ] --END-- [ RunTime:0.000452s ]
NOTIC: [8] Undefined index: id C:\wamp\www\Campus\Application\Runtime\Cache\Home\6c810f36d00fd181b27c78a0b07dce5a.php 第 343 行.
NOTIC: [8] Undefined index: id C:\wamp\www\Campus\Application\Runtime\Cache\Home\6c810f36d00fd181b27c78a0b07dce5a.php 第 344 行.
NOTIC: [8] Undefined index: id C:\wamp\www\Campus\Application\Runtime\Cache\Home\6c810f36d00fd181b27c78a0b07dce5a.php 第 347 行.
NOTIC: [8] Undefined index: id C:\wamp\www\Campus\Application\Runtime\Cache\Home\6c810f36d00fd181b27c78a0b07dce5a.php 第 343 行.
NOTIC: [8] Undefined index: id C:\wamp\www\Campus\Application\Runtime\Cache\Home\6c810f36d00fd181b27c78a0b07dce5a.php 第 344 行.
NOTIC: [8] Undefined index: id C:\wamp\www\Campus\Application\Runtime\Cache\Home\6c810f36d00fd181b27c78a0b07dce5a.php 第 347 行.
NOTIC: [8] Undefined index: id C:\wamp\www\Campus\Application\Runtime\Cache\Home\6c810f36d00fd181b27c78a0b07dce5a.php 第 343 行.
NOTIC: [8] Undefined index: id C:\wamp\www\Campus\Application\Runtime\Cache\Home\6c810f36d00fd181b27c78a0b07dce5a.php 第 344 行.
NOTIC: [8] Undefined index: id C:\wamp\www\Campus\Application\Runtime\Cache\Home\6c810f36d00fd181b27c78a0b07dce5a.php 第 347 行.
NOTIC: [8] Undefined index: id C:\wamp\www\Campus\Application\Runtime\Cache\Home\6c810f36d00fd181b27c78a0b07dce5a.php 第 343 行.
NOTIC: [8] Undefined index: id C:\wamp\www\Campus\Application\Runtime\Cache\Home\6c810f36d00fd181b27c78a0b07dce5a.php 第 344 行.
NOTIC: [8] Undefined index: id C:\wamp\www\Campus\Application\Runtime\Cache\Home\6c810f36d00fd181b27c78a0b07dce5a.php 第 347 行.
NOTIC: [8] Undefined index: id C:\wamp\www\Campus\Application\Runtime\Cache\Home\6c810f36d00fd181b27c78a0b07dce5a.php 第 343 行.
NOTIC: [8] Undefined index: id C:\wamp\www\Campus\Application\Runtime\Cache\Home\6c810f36d00fd181b27c78a0b07dce5a.php 第 344 行.
NOTIC: [8] Undefined index: id C:\wamp\www\Campus\Application\Runtime\Cache\Home\6c810f36d00fd181b27c78a0b07dce5a.php 第 347 行.
INFO: Run Behavior\ParseTemplateBehavior [ RunTime:0.041370s ]
INFO: [ view_parse ] --END-- [ RunTime:0.041554s ]
INFO: [ view_filter ] --START--
INFO: Run Behavior\WriteHtmlCacheBehavior [ RunTime:0.001314s ]
INFO: [ view_filter ] --END-- [ RunTime:0.001457s ]
INFO: [ app_end ] --START--
INFO: Run Behavior\ShowPageTraceBehavior [ RunTime:0.001598s ]
INFO: [ app_end ] --END-- [ RunTime:0.001743s ]

[ 2016-12-09T23:58:54+08:00 ] 127.0.0.1 /Campus/Home/Recommend/lists/rtype_rid/fonts/miaomi.ttf
INFO: [ app_init ] --START--
INFO: Run Behavior\BuildLiteBehavior [ RunTime:0.000050s ]
INFO: [ app_init ] --END-- [ RunTime:0.000920s ]
INFO: [ app_begin ] --START--
INFO: Run Behavior\ReadHtmlCacheBehavior [ RunTime:0.002008s ]
INFO: [ app_begin ] --END-- [ RunTime:0.002364s ]
SQL: SHOW COLUMNS FROM `dca_recommend` [ RunTime:0.0156s ]
ERR: SQLSTATE[42S22]: Column not found: 1054 Unknown column 'fonts' in 'where clause'

[ 2016-12-09T23:58:55+08:00 ] 127.0.0.1 /Campus/Home/Recommend/content.html
INFO: [ app_init ] --START--
INFO: Run Behavior\BuildLiteBehavior [ RunTime:0.000057s ]
INFO: [ app_init ] --END-- [ RunTime:0.001236s ]
INFO: [ app_begin ] --START--
INFO: Run Behavior\ReadHtmlCacheBehavior [ RunTime:0.002008s ]
INFO: [ app_begin ] --END-- [ RunTime:0.002277s ]
ERR: 非法操作:content

