[ 2017-03-30T08:05:57+08:00 ] ::1 /Campus/
INFO: [ app_init ] --START--
INFO: Run Behavior\BuildLiteBehavior [ RunTime:0.000016s ]
INFO: [ app_init ] --END-- [ RunTime:0.000690s ]
INFO: [ app_begin ] --START--
INFO: Run Behavior\ReadHtmlCacheBehavior [ RunTime:0.000772s ]
INFO: [ app_begin ] --END-- [ RunTime:0.000853s ]
SQL: SHOW COLUMNS FROM `dca_recommend` [ RunTime:0.0028s ]
SQL: SELECT COUNT(*) AS tp_count FROM `dca_recommend` WHERE ( rtype_rid=1 ) LIMIT 1   [ RunTime:0.0016s ]
SQL: SELECT COUNT(*) AS tp_count FROM `dca_recommend` WHERE ( rtype_rid=2 ) LIMIT 1   [ RunTime:0.0001s ]
SQL: SELECT COUNT(*) AS tp_count FROM `dca_recommend` WHERE ( rtype_rid=3 ) LIMIT 1   [ RunTime:0.0001s ]
SQL: SELECT COUNT(*) AS tp_count FROM `dca_recommend` WHERE ( rtype_rid=4 ) LIMIT 1   [ RunTime:0.0001s ]
SQL: SELECT COUNT(*) AS tp_count FROM `dca_recommend` WHERE ( rtype_rid=5 ) LIMIT 1   [ RunTime:0.0001s ]
SQL: SELECT COUNT(*) AS tp_count FROM `dca_recommend` WHERE ( rtype_rid=6 ) LIMIT 1   [ RunTime:0.0001s ]
SQL: SHOW COLUMNS FROM `dca_travel` [ RunTime:0.0014s ]
SQL: SELECT COUNT(*) AS tp_count FROM `dca_travel` WHERE ( themetype_tid=1 ) LIMIT 1   [ RunTime:0.0004s ]
SQL: SELECT COUNT(*) AS tp_count FROM `dca_travel` WHERE ( themetype_tid=2 ) LIMIT 1   [ RunTime:0.0001s ]
SQL: SELECT COUNT(*) AS tp_count FROM `dca_travel` WHERE ( themetype_tid=3 ) LIMIT 1   [ RunTime:0.0001s ]
SQL: SELECT COUNT(*) AS tp_count FROM `dca_travel` WHERE ( themetype_tid=4 ) LIMIT 1   [ RunTime:0.0001s ]
SQL: SELECT COUNT(*) AS tp_count FROM `dca_travel` WHERE ( themetype_tid=5 ) LIMIT 1   [ RunTime:0.0001s ]
SQL: SHOW COLUMNS FROM `dca_carousel` [ RunTime:0.0017s ]
SQL: SELECT * FROM `dca_carousel` WHERE ( isfirst=1 ) ORDER BY createtime desc LIMIT 1   [ RunTime:0.0002s ]
SQL: SELECT * FROM `dca_recommend` INNER JOIN  dca_user  ON dca_recommend.user_uid =dca_user.uid   WHERE ( ischeck='1' ) ORDER BY  hits desc LIMIT 4   [ RunTime:0.0013s ]
SQL: SELECT * FROM `dca_travel` INNER JOIN  dca_user  ON dca_travel.user_uid =dca_user.uid   ORDER BY creatime desc LIMIT 6   [ RunTime:0.0002s ]
INFO: [ view_parse ] --START--
INFO: [ template_filter ] --START--
INFO: Run Behavior\ContentReplaceBehavior [ RunTime:0.000114s ]
INFO: [ template_filter ] --END-- [ RunTime:0.000183s ]
NOTIC: [8] Undefined index: uname /Applications/MAMP/htdocs/Campus/Application/Runtime/Cache/Home/2a94b8bda04ff446dcedd42276fc99ee.php 第 336 行.
INFO: Run Behavior\ParseTemplateBehavior [ RunTime:0.026296s ]
INFO: [ view_parse ] --END-- [ RunTime:0.026368s ]
INFO: [ view_filter ] --START--
INFO: Run Behavior\WriteHtmlCacheBehavior [ RunTime:0.000462s ]
INFO: [ view_filter ] --END-- [ RunTime:0.000521s ]
INFO: [ app_end ] --START--
INFO: Run Behavior\ShowPageTraceBehavior [ RunTime:0.001102s ]
INFO: [ app_end ] --END-- [ RunTime:0.001212s ]

[ 2017-03-30T08:07:55+08:00 ] ::1 /Campus/Home/Travel/detail/id/18.html
INFO: [ app_init ] --START--
INFO: Run Behavior\BuildLiteBehavior [ RunTime:0.000022s ]
INFO: [ app_init ] --END-- [ RunTime:0.000471s ]
INFO: [ app_begin ] --START--
INFO: Run Behavior\ReadHtmlCacheBehavior [ RunTime:0.000476s ]
INFO: [ app_begin ] --END-- [ RunTime:0.000538s ]
SQL: SHOW COLUMNS FROM `dca_travel` [ RunTime:0.0012s ]
SQL: UPDATE `dca_travel` SET `hits`=hits+1 WHERE ( id='18' ) [ RunTime:0.0008s ]
SQL: SELECT * FROM `dca_travel` INNER JOIN  dca_user  ON dca_travel.user_uid =dca_user.uid   WHERE ( id='18' ) LIMIT 1   [ RunTime:0.0003s ]
SQL: SELECT * FROM `dca_travel` ORDER BY creatime desc LIMIT 5   [ RunTime:0.0002s ]
INFO: [ view_parse ] --START--
INFO: [ template_filter ] --START--
INFO: Run Behavior\ContentReplaceBehavior [ RunTime:0.000108s ]
INFO: [ template_filter ] --END-- [ RunTime:0.000175s ]
NOTIC: [8] Undefined index: uname /Applications/MAMP/htdocs/Campus/Application/Runtime/Cache/Home/df0f49733b79df96121d37d26d5dc008.php 第 354 行.
NOTIC: [8] Undefined index: uname /Applications/MAMP/htdocs/Campus/Application/Runtime/Cache/Home/df0f49733b79df96121d37d26d5dc008.php 第 418 行.
NOTIC: [8] Undefined index: uname /Applications/MAMP/htdocs/Campus/Application/Runtime/Cache/Home/df0f49733b79df96121d37d26d5dc008.php 第 432 行.
INFO: Run Behavior\ParseTemplateBehavior [ RunTime:0.022061s ]
INFO: [ view_parse ] --END-- [ RunTime:0.022147s ]
INFO: [ view_filter ] --START--
INFO: Run Behavior\WriteHtmlCacheBehavior [ RunTime:0.000191s ]
INFO: [ view_filter ] --END-- [ RunTime:0.000240s ]
INFO: [ app_end ] --START--
INFO: Run Behavior\ShowPageTraceBehavior [ RunTime:0.000754s ]
INFO: [ app_end ] --END-- [ RunTime:0.000853s ]

[ 2017-03-30T08:07:55+08:00 ] ::1 /Campus/Home/Travel/detail/id/fonts/miaomi.ttf
INFO: [ app_init ] --START--
INFO: Run Behavior\BuildLiteBehavior [ RunTime:0.000015s ]
INFO: [ app_init ] --END-- [ RunTime:0.000326s ]
INFO: [ app_begin ] --START--
INFO: Run Behavior\ReadHtmlCacheBehavior [ RunTime:0.000424s ]
INFO: [ app_begin ] --END-- [ RunTime:0.000480s ]
SQL: SHOW COLUMNS FROM `dca_travel` [ RunTime:0.0014s ]
SQL: UPDATE `dca_travel` SET `hits`=hits+1 WHERE ( id='fonts' ) [ RunTime:0.0002s ]
SQL: SELECT * FROM `dca_travel` INNER JOIN  dca_user  ON dca_travel.user_uid =dca_user.uid   WHERE ( id='fonts' ) LIMIT 1   [ RunTime:0.0003s ]
SQL: SELECT * FROM `dca_travel` ORDER BY creatime desc LIMIT 5   [ RunTime:0.0003s ]
INFO: [ view_parse ] --START--
INFO: [ template_filter ] --START--
INFO: Run Behavior\ContentReplaceBehavior [ RunTime:0.000112s ]
INFO: [ template_filter ] --END-- [ RunTime:0.000205s ]
NOTIC: [8] Undefined index: uname /Applications/MAMP/htdocs/Campus/Application/Runtime/Cache/Home/df0f49733b79df96121d37d26d5dc008.php 第 354 行.
NOTIC: [8] Undefined index: uname /Applications/MAMP/htdocs/Campus/Application/Runtime/Cache/Home/df0f49733b79df96121d37d26d5dc008.php 第 418 行.
NOTIC: [8] Undefined index: uname /Applications/MAMP/htdocs/Campus/Application/Runtime/Cache/Home/df0f49733b79df96121d37d26d5dc008.php 第 432 行.
INFO: Run Behavior\ParseTemplateBehavior [ RunTime:0.023464s ]
INFO: [ view_parse ] --END-- [ RunTime:0.023553s ]
INFO: [ view_filter ] --START--
INFO: Run Behavior\WriteHtmlCacheBehavior [ RunTime:0.000269s ]
INFO: [ view_filter ] --END-- [ RunTime:0.000338s ]
INFO: [ app_end ] --START--
INFO: Run Behavior\ShowPageTraceBehavior [ RunTime:0.000859s ]
INFO: [ app_end ] --END-- [ RunTime:0.000958s ]

[ 2017-03-30T08:11:55+08:00 ] ::1 /Campus/Home/Recommend/lists/rtype_rid/1.html
INFO: [ app_init ] --START--
INFO: Run Behavior\BuildLiteBehavior [ RunTime:0.000031s ]
INFO: [ app_init ] --END-- [ RunTime:0.000948s ]
INFO: [ app_begin ] --START--
INFO: Run Behavior\ReadHtmlCacheBehavior [ RunTime:0.000480s ]
INFO: [ app_begin ] --END-- [ RunTime:0.000542s ]
SQL: SHOW COLUMNS FROM `dca_recommend` [ RunTime:0.0012s ]
SQL: SELECT COUNT(*) AS tp_count FROM `dca_recommend` WHERE ( rtype_rid=1 ) LIMIT 1   [ RunTime:0.0003s ]
SQL: SELECT dca_user.uname,dca_recommend.pic,dca_recommend.name,dca_recommend.hits,dca_recommend.praise,dca_recommend.id FROM `dca_recommend` INNER JOIN  dca_user  ON dca_recommend.user_uid =dca_user.uid   WHERE ( rtype_rid=1  and ischeck='1' ) ORDER BY creatime desc LIMIT 0,8   [ RunTime:0.0004s ]
SQL: SHOW COLUMNS FROM `dca_rtype` [ RunTime:0.0021s ]
SQL: SELECT dca_rtype.rname FROM `dca_rtype` WHERE ( rid=1 ) LIMIT 1   [ RunTime:0.0002s ]
SQL: SELECT * FROM `dca_rtype`  [ RunTime:0.0002s ]
SQL: SELECT * FROM `dca_recommend` ORDER BY creatime desc LIMIT 5   [ RunTime:0.0002s ]
INFO: [ view_parse ] --START--
INFO: [ template_filter ] --START--
INFO: Run Behavior\ContentReplaceBehavior [ RunTime:0.000183s ]
INFO: [ template_filter ] --END-- [ RunTime:0.000273s ]
NOTIC: [8] Undefined index: uname /Applications/MAMP/htdocs/Campus/Application/Runtime/Cache/Home/6c810f36d00fd181b27c78a0b07dce5a.php 第 374 行.
NOTIC: [8] Undefined index: telephone /Applications/MAMP/htdocs/Campus/Application/Runtime/Cache/Home/6c810f36d00fd181b27c78a0b07dce5a.php 第 412 行.
INFO: Run Behavior\ParseTemplateBehavior [ RunTime:0.020922s ]
INFO: [ view_parse ] --END-- [ RunTime:0.020985s ]
INFO: [ view_filter ] --START--
INFO: Run Behavior\WriteHtmlCacheBehavior [ RunTime:0.000165s ]
INFO: [ view_filter ] --END-- [ RunTime:0.000209s ]
INFO: [ app_end ] --START--
INFO: Run Behavior\ShowPageTraceBehavior [ RunTime:0.000743s ]
INFO: [ app_end ] --END-- [ RunTime:0.000893s ]

[ 2017-03-30T08:11:55+08:00 ] ::1 /Campus/Home/Recommend/lists/rtype_rid/fonts/miaomi.ttf
INFO: [ app_init ] --START--
INFO: Run Behavior\BuildLiteBehavior [ RunTime:0.000018s ]
INFO: [ app_init ] --END-- [ RunTime:0.000380s ]
INFO: [ app_begin ] --START--
INFO: Run Behavior\ReadHtmlCacheBehavior [ RunTime:0.000814s ]
INFO: [ app_begin ] --END-- [ RunTime:0.000915s ]
SQL: SHOW COLUMNS FROM `dca_recommend` [ RunTime:0.0021s ]
ERR: 1054:Unknown column 'fonts' in 'where clause'
 [ SQL语句 ] : SELECT COUNT(*) AS tp_count FROM `dca_recommend` WHERE ( rtype_rid=fonts ) LIMIT 1  
ERR: 1054:Unknown column 'fonts' in 'where clause'
 [ SQL语句 ] : SELECT COUNT(*) AS tp_count FROM `dca_recommend` WHERE ( rtype_rid=fonts ) LIMIT 1  

[ 2017-03-30T08:12:01+08:00 ] ::1 /Campus/Home/Recommend/dologin.html
INFO: [ app_init ] --START--
INFO: Run Behavior\BuildLiteBehavior [ RunTime:0.000019s ]
INFO: [ app_init ] --END-- [ RunTime:0.000436s ]
INFO: [ app_begin ] --START--
INFO: Run Behavior\ReadHtmlCacheBehavior [ RunTime:0.000463s ]
INFO: [ app_begin ] --END-- [ RunTime:0.000524s ]
SQL: SHOW COLUMNS FROM `dca_user` [ RunTime:0.0011s ]
SQL: SELECT * FROM `dca_user` WHERE `telephone` = 'zxc' AND `password` = '6512bd43d9caa6e02c990b0a82652dca'  [ RunTime:0.0003s ]
NOTIC: [8] Undefined offset: 0 /Applications/MAMP/htdocs/Campus/Application/Home/Controller/RecommendController.class.php 第 121 行.
NOTIC: [8] Undefined offset: 0 /Applications/MAMP/htdocs/Campus/Application/Home/Controller/RecommendController.class.php 第 122 行.
INFO: [ view_parse ] --START--
INFO: [ template_filter ] --START--
INFO: Run Behavior\ContentReplaceBehavior [ RunTime:0.000066s ]
INFO: [ template_filter ] --END-- [ RunTime:0.000156s ]
INFO: Run Behavior\ParseTemplateBehavior [ RunTime:0.007923s ]
INFO: [ view_parse ] --END-- [ RunTime:0.008268s ]
INFO: [ view_filter ] --START--
INFO: Run Behavior\WriteHtmlCacheBehavior [ RunTime:0.000354s ]
INFO: [ view_filter ] --END-- [ RunTime:0.000491s ]

[ 2017-03-30T08:12:04+08:00 ] ::1 /Campus/Home/Recommend/lists/rtype_rid/fonts/miaomi.ttf
INFO: [ app_init ] --START--
INFO: Run Behavior\BuildLiteBehavior [ RunTime:0.000017s ]
INFO: [ app_init ] --END-- [ RunTime:0.000369s ]
INFO: [ app_begin ] --START--
INFO: Run Behavior\ReadHtmlCacheBehavior [ RunTime:0.000454s ]
INFO: [ app_begin ] --END-- [ RunTime:0.000518s ]
SQL: SHOW COLUMNS FROM `dca_recommend` [ RunTime:0.0021s ]
ERR: 1054:Unknown column 'fonts' in 'where clause'
 [ SQL语句 ] : SELECT COUNT(*) AS tp_count FROM `dca_recommend` WHERE ( rtype_rid=fonts ) LIMIT 1  
ERR: 1054:Unknown column 'fonts' in 'where clause'
 [ SQL语句 ] : SELECT COUNT(*) AS tp_count FROM `dca_recommend` WHERE ( rtype_rid=fonts ) LIMIT 1  

[ 2017-03-30T08:21:20+08:00 ] ::1 /Campus/Home/Recommend/dologin.html
INFO: [ app_init ] --START--
INFO: Run Behavior\BuildLiteBehavior [ RunTime:0.000019s ]
INFO: [ app_init ] --END-- [ RunTime:0.000423s ]
INFO: [ app_begin ] --START--
INFO: Run Behavior\ReadHtmlCacheBehavior [ RunTime:0.000462s ]
INFO: [ app_begin ] --END-- [ RunTime:0.000525s ]
SQL: SHOW COLUMNS FROM `dca_user` [ RunTime:0.0013s ]
SQL: SELECT * FROM `dca_user` WHERE `telephone` = '13342276878' AND `password` = '202cb962ac59075b964b07152d234b70'  [ RunTime:0.0006s ]
INFO: [ view_parse ] --START--
INFO: [ template_filter ] --START--
INFO: Run Behavior\ContentReplaceBehavior [ RunTime:0.000051s ]
INFO: [ template_filter ] --END-- [ RunTime:0.000120s ]
INFO: Run Behavior\ParseTemplateBehavior [ RunTime:0.006780s ]
INFO: [ view_parse ] --END-- [ RunTime:0.006849s ]
INFO: [ view_filter ] --START--
INFO: Run Behavior\WriteHtmlCacheBehavior [ RunTime:0.000151s ]
INFO: [ view_filter ] --END-- [ RunTime:0.000195s ]
INFO: [ app_end ] --START--
INFO: Run Behavior\ShowPageTraceBehavior [ RunTime:0.000626s ]
INFO: [ app_end ] --END-- [ RunTime:0.000765s ]

[ 2017-03-30T08:21:21+08:00 ] ::1 /Campus/Home/Recommend/lists/rtype_rid/1.html
INFO: [ app_init ] --START--
INFO: Run Behavior\BuildLiteBehavior [ RunTime:0.000018s ]
INFO: [ app_init ] --END-- [ RunTime:0.000542s ]
INFO: [ app_begin ] --START--
INFO: Run Behavior\ReadHtmlCacheBehavior [ RunTime:0.000643s ]
INFO: [ app_begin ] --END-- [ RunTime:0.000718s ]
SQL: SHOW COLUMNS FROM `dca_recommend` [ RunTime:0.0020s ]
SQL: SELECT COUNT(*) AS tp_count FROM `dca_recommend` WHERE ( rtype_rid=1 ) LIMIT 1   [ RunTime:0.0003s ]
SQL: SELECT dca_user.uname,dca_recommend.pic,dca_recommend.name,dca_recommend.hits,dca_recommend.praise,dca_recommend.id FROM `dca_recommend` INNER JOIN  dca_user  ON dca_recommend.user_uid =dca_user.uid   WHERE ( rtype_rid=1  and ischeck='1' ) ORDER BY creatime desc LIMIT 0,8   [ RunTime:0.0003s ]
SQL: SHOW COLUMNS FROM `dca_rtype` [ RunTime:0.0015s ]
SQL: SELECT dca_rtype.rname FROM `dca_rtype` WHERE ( rid=1 ) LIMIT 1   [ RunTime:0.0002s ]
SQL: SELECT * FROM `dca_rtype`  [ RunTime:0.0002s ]
SQL: SELECT * FROM `dca_recommend` ORDER BY creatime desc LIMIT 5   [ RunTime:0.0002s ]
INFO: [ view_parse ] --START--
INFO: [ template_filter ] --START--
INFO: Run Behavior\ContentReplaceBehavior [ RunTime:0.000083s ]
INFO: [ template_filter ] --END-- [ RunTime:0.000151s ]
INFO: Run Behavior\ParseTemplateBehavior [ RunTime:0.021931s ]
INFO: [ view_parse ] --END-- [ RunTime:0.021998s ]
INFO: [ view_filter ] --START--
INFO: Run Behavior\WriteHtmlCacheBehavior [ RunTime:0.000192s ]
INFO: [ view_filter ] --END-- [ RunTime:0.000237s ]
INFO: [ app_end ] --START--
INFO: Run Behavior\ShowPageTraceBehavior [ RunTime:0.000774s ]
INFO: [ app_end ] --END-- [ RunTime:0.000898s ]

[ 2017-03-30T08:21:21+08:00 ] ::1 /Campus/Home/Recommend/lists/rtype_rid/fonts/miaomi.ttf
INFO: [ app_init ] --START--
INFO: Run Behavior\BuildLiteBehavior [ RunTime:0.000015s ]
INFO: [ app_init ] --END-- [ RunTime:0.000334s ]
INFO: [ app_begin ] --START--
INFO: Run Behavior\ReadHtmlCacheBehavior [ RunTime:0.000879s ]
INFO: [ app_begin ] --END-- [ RunTime:0.000972s ]
SQL: SHOW COLUMNS FROM `dca_recommend` [ RunTime:0.0022s ]
ERR: 1054:Unknown column 'fonts' in 'where clause'
 [ SQL语句 ] : SELECT COUNT(*) AS tp_count FROM `dca_recommend` WHERE ( rtype_rid=fonts ) LIMIT 1  
ERR: 1054:Unknown column 'fonts' in 'where clause'
 [ SQL语句 ] : SELECT COUNT(*) AS tp_count FROM `dca_recommend` WHERE ( rtype_rid=fonts ) LIMIT 1  

[ 2017-03-30T08:21:44+08:00 ] ::1 /Campus/Home/Travel/travel/theme_tid/1.html
INFO: [ app_init ] --START--
INFO: Run Behavior\BuildLiteBehavior [ RunTime:0.000020s ]
INFO: [ app_init ] --END-- [ RunTime:0.000458s ]
INFO: [ app_begin ] --START--
INFO: Run Behavior\ReadHtmlCacheBehavior [ RunTime:0.000555s ]
INFO: [ app_begin ] --END-- [ RunTime:0.000618s ]
SQL: SHOW COLUMNS FROM `dca_themetype` [ RunTime:0.0028s ]
SQL: SELECT * FROM `dca_themetype` WHERE ( tid=1 ) LIMIT 1   [ RunTime:0.0002s ]
SQL: SELECT * FROM `dca_themetype`  [ RunTime:0.0001s ]
SQL: SHOW COLUMNS FROM `dca_travel` [ RunTime:0.0012s ]
SQL: SELECT COUNT(*) AS tp_count FROM `dca_travel` WHERE ( themetype_tid=1 ) LIMIT 1   [ RunTime:0.0002s ]
SQL: SELECT dca_user.uname,dca_travel.pic,dca_travel.titles,dca_travel.id,dca_travel.hits,dca_travel.want,dca_travel.pretime,dca_travel.endtime FROM `dca_travel` INNER JOIN  dca_user  ON dca_travel.user_uid =dca_user.uid   WHERE (  themetype_tid='1' ) ORDER BY creatime desc LIMIT 0,8   [ RunTime:0.0003s ]
SQL: SELECT * FROM `dca_travel` ORDER BY creatime desc LIMIT 5   [ RunTime:0.0002s ]
INFO: [ view_parse ] --START--
INFO: [ template_filter ] --START--
INFO: Run Behavior\ContentReplaceBehavior [ RunTime:0.000146s ]
INFO: [ template_filter ] --END-- [ RunTime:0.000214s ]
INFO: Run Behavior\ParseTemplateBehavior [ RunTime:0.023146s ]
INFO: [ view_parse ] --END-- [ RunTime:0.023224s ]
INFO: [ view_filter ] --START--
INFO: Run Behavior\WriteHtmlCacheBehavior [ RunTime:0.000224s ]
INFO: [ view_filter ] --END-- [ RunTime:0.000272s ]
INFO: [ app_end ] --START--
INFO: Run Behavior\ShowPageTraceBehavior [ RunTime:0.000813s ]
INFO: [ app_end ] --END-- [ RunTime:0.000920s ]

[ 2017-03-30T08:21:44+08:00 ] ::1 /Campus/Home/Travel/travel/theme_tid/fonts/miaomi.ttf
INFO: [ app_init ] --START--
INFO: Run Behavior\BuildLiteBehavior [ RunTime:0.000016s ]
INFO: [ app_init ] --END-- [ RunTime:0.000335s ]
INFO: [ app_begin ] --START--
INFO: Run Behavior\ReadHtmlCacheBehavior [ RunTime:0.000518s ]
INFO: [ app_begin ] --END-- [ RunTime:0.000588s ]
SQL: SHOW COLUMNS FROM `dca_themetype` [ RunTime:0.0021s ]
ERR: 1054:Unknown column 'fonts' in 'where clause'
 [ SQL语句 ] : SELECT * FROM `dca_themetype` WHERE ( tid=fonts ) LIMIT 1  
ERR: 1054:Unknown column 'fonts' in 'where clause'
 [ SQL语句 ] : SELECT * FROM `dca_themetype` WHERE ( tid=fonts ) LIMIT 1  

[ 2017-03-30T09:28:08+08:00 ] ::1 /Campus/Home/Travel/travel/theme_tid/1.html
INFO: [ app_init ] --START--
INFO: Run Behavior\BuildLiteBehavior [ RunTime:0.000014s ]
INFO: [ app_init ] --END-- [ RunTime:0.000316s ]
INFO: [ app_begin ] --START--
INFO: Run Behavior\ReadHtmlCacheBehavior [ RunTime:0.000791s ]
INFO: [ app_begin ] --END-- [ RunTime:0.000854s ]
SQL: SHOW COLUMNS FROM `dca_themetype` [ RunTime:0.0017s ]
SQL: SELECT * FROM `dca_themetype` WHERE ( tid=1 ) LIMIT 1   [ RunTime:0.0002s ]
SQL: SELECT * FROM `dca_themetype`  [ RunTime:0.0001s ]
SQL: SHOW COLUMNS FROM `dca_travel` [ RunTime:0.0011s ]
SQL: SELECT COUNT(*) AS tp_count FROM `dca_travel` WHERE ( themetype_tid=1 ) LIMIT 1   [ RunTime:0.0002s ]
SQL: SELECT dca_user.uname,dca_travel.pic,dca_travel.titles,dca_travel.id,dca_travel.hits,dca_travel.want,dca_travel.pretime,dca_travel.endtime FROM `dca_travel` INNER JOIN  dca_user  ON dca_travel.user_uid =dca_user.uid   WHERE (  themetype_tid='1' ) ORDER BY creatime desc LIMIT 0,8   [ RunTime:0.0004s ]
SQL: SELECT * FROM `dca_travel` ORDER BY creatime desc LIMIT 5   [ RunTime:0.0002s ]
INFO: [ view_parse ] --START--
INFO: [ template_filter ] --START--
INFO: Run Behavior\ContentReplaceBehavior [ RunTime:0.000075s ]
INFO: [ template_filter ] --END-- [ RunTime:0.000141s ]
INFO: Run Behavior\ParseTemplateBehavior [ RunTime:0.022266s ]
INFO: [ view_parse ] --END-- [ RunTime:0.022332s ]
INFO: [ view_filter ] --START--
INFO: Run Behavior\WriteHtmlCacheBehavior [ RunTime:0.000196s ]
INFO: [ view_filter ] --END-- [ RunTime:0.000244s ]
INFO: [ app_end ] --START--
INFO: Run Behavior\ShowPageTraceBehavior [ RunTime:0.000702s ]
INFO: [ app_end ] --END-- [ RunTime:0.000817s ]

[ 2017-03-30T09:28:08+08:00 ] ::1 /Campus/Home/Travel/travel/theme_tid/fonts/miaomi.ttf
INFO: [ app_init ] --START--
INFO: Run Behavior\BuildLiteBehavior [ RunTime:0.000017s ]
INFO: [ app_init ] --END-- [ RunTime:0.000370s ]
INFO: [ app_begin ] --START--
INFO: Run Behavior\ReadHtmlCacheBehavior [ RunTime:0.000458s ]
INFO: [ app_begin ] --END-- [ RunTime:0.000521s ]
SQL: SHOW COLUMNS FROM `dca_themetype` [ RunTime:0.0011s ]
ERR: 1054:Unknown column 'fonts' in 'where clause'
 [ SQL语句 ] : SELECT * FROM `dca_themetype` WHERE ( tid=fonts ) LIMIT 1  
ERR: 1054:Unknown column 'fonts' in 'where clause'
 [ SQL语句 ] : SELECT * FROM `dca_themetype` WHERE ( tid=fonts ) LIMIT 1  

