[ 2017-03-26T09:38:58+08:00 ] ::1 /Campus/
INFO: [ app_init ] --START--
INFO: Run Behavior\BuildLiteBehavior [ RunTime:0.000020s ]
INFO: [ app_init ] --END-- [ RunTime:0.000922s ]
INFO: [ app_begin ] --START--
INFO: Run Behavior\ReadHtmlCacheBehavior [ RunTime:0.000812s ]
INFO: [ app_begin ] --END-- [ RunTime:0.000888s ]
SQL: SHOW COLUMNS FROM `dca_recommend` [ RunTime:0.0042s ]
SQL: SELECT COUNT(*) AS tp_count FROM `dca_recommend` WHERE ( rtype_rid=1 ) LIMIT 1   [ RunTime:0.0019s ]
SQL: SELECT COUNT(*) AS tp_count FROM `dca_recommend` WHERE ( rtype_rid=2 ) LIMIT 1   [ RunTime:0.0003s ]
SQL: SELECT COUNT(*) AS tp_count FROM `dca_recommend` WHERE ( rtype_rid=3 ) LIMIT 1   [ RunTime:0.0002s ]
SQL: SELECT COUNT(*) AS tp_count FROM `dca_recommend` WHERE ( rtype_rid=4 ) LIMIT 1   [ RunTime:0.0002s ]
SQL: SELECT COUNT(*) AS tp_count FROM `dca_recommend` WHERE ( rtype_rid=5 ) LIMIT 1   [ RunTime:0.0002s ]
SQL: SELECT COUNT(*) AS tp_count FROM `dca_recommend` WHERE ( rtype_rid=6 ) LIMIT 1   [ RunTime:0.0002s ]
SQL: SHOW COLUMNS FROM `dca_travel` [ RunTime:0.0018s ]
SQL: SELECT COUNT(*) AS tp_count FROM `dca_travel` WHERE ( themetype_tid=1 ) LIMIT 1   [ RunTime:0.0005s ]
SQL: SELECT COUNT(*) AS tp_count FROM `dca_travel` WHERE ( themetype_tid=2 ) LIMIT 1   [ RunTime:0.0002s ]
SQL: SELECT COUNT(*) AS tp_count FROM `dca_travel` WHERE ( themetype_tid=3 ) LIMIT 1   [ RunTime:0.0002s ]
SQL: SELECT COUNT(*) AS tp_count FROM `dca_travel` WHERE ( themetype_tid=4 ) LIMIT 1   [ RunTime:0.0002s ]
SQL: SELECT COUNT(*) AS tp_count FROM `dca_travel` WHERE ( themetype_tid=5 ) LIMIT 1   [ RunTime:0.0002s ]
SQL: SHOW COLUMNS FROM `dca_carousel` [ RunTime:0.0026s ]
SQL: SELECT * FROM `dca_carousel` WHERE ( isfirst=1 ) ORDER BY createtime desc LIMIT 1   [ RunTime:0.0004s ]
SQL: SELECT * FROM `dca_recommend` INNER JOIN  dca_user  ON dca_recommend.user_uid =dca_user.uid   WHERE ( ischeck='1' ) ORDER BY  hits desc LIMIT 4   [ RunTime:0.0016s ]
SQL: SELECT * FROM `dca_travel` INNER JOIN  dca_user  ON dca_travel.user_uid =dca_user.uid   ORDER BY creatime desc LIMIT 6   [ RunTime:0.0003s ]
INFO: [ view_parse ] --START--
INFO: [ template_filter ] --START--
INFO: Run Behavior\ContentReplaceBehavior [ RunTime:0.000132s ]
INFO: [ template_filter ] --END-- [ RunTime:0.000204s ]
NOTIC: [8] Undefined index: uname /Applications/MAMP/htdocs/Campus/Application/Runtime/Cache/Home/2a94b8bda04ff446dcedd42276fc99ee.php 第 336 行.
INFO: Run Behavior\ParseTemplateBehavior [ RunTime:0.028111s ]
INFO: [ view_parse ] --END-- [ RunTime:0.028185s ]
INFO: [ view_filter ] --START--
INFO: Run Behavior\WriteHtmlCacheBehavior [ RunTime:0.000512s ]
INFO: [ view_filter ] --END-- [ RunTime:0.000583s ]
INFO: [ app_end ] --START--
INFO: Run Behavior\ShowPageTraceBehavior [ RunTime:0.001104s ]
INFO: [ app_end ] --END-- [ RunTime:0.001205s ]

[ 2017-03-26T09:39:49+08:00 ] ::1 /Campus/Home/Travel/travel/theme_tid/1.html
INFO: [ app_init ] --START--
INFO: Run Behavior\BuildLiteBehavior [ RunTime:0.000074s ]
INFO: [ app_init ] --END-- [ RunTime:0.000802s ]
INFO: [ app_begin ] --START--
INFO: Run Behavior\ReadHtmlCacheBehavior [ RunTime:0.000588s ]
INFO: [ app_begin ] --END-- [ RunTime:0.000661s ]
SQL: SHOW COLUMNS FROM `dca_themetype` [ RunTime:0.0020s ]
SQL: SELECT * FROM `dca_themetype` WHERE ( tid=1 ) LIMIT 1   [ RunTime:0.0003s ]
SQL: SELECT * FROM `dca_themetype`  [ RunTime:0.0002s ]
SQL: SHOW COLUMNS FROM `dca_travel` [ RunTime:0.0013s ]
SQL: SELECT COUNT(*) AS tp_count FROM `dca_travel` WHERE ( themetype_tid=1 ) LIMIT 1   [ RunTime:0.0002s ]
SQL: SELECT dca_user.uname,dca_travel.pic,dca_travel.titles,dca_travel.id,dca_travel.hits,dca_travel.want,dca_travel.pretime,dca_travel.endtime FROM `dca_travel` INNER JOIN  dca_user  ON dca_travel.user_uid =dca_user.uid   WHERE (  themetype_tid='1' ) ORDER BY creatime desc LIMIT 0,8   [ RunTime:0.0003s ]
SQL: SELECT * FROM `dca_travel` ORDER BY creatime desc LIMIT 5   [ RunTime:0.0003s ]
INFO: [ view_parse ] --START--
INFO: [ template_filter ] --START--
INFO: Run Behavior\ContentReplaceBehavior [ RunTime:0.000149s ]
INFO: [ template_filter ] --END-- [ RunTime:0.000282s ]
NOTIC: [8] Undefined index: uname /Applications/MAMP/htdocs/Campus/Application/Runtime/Cache/Home/67dd6de476508246a7963789e19e945e.php 第 377 行.
NOTIC: [8] Undefined index: telephone /Applications/MAMP/htdocs/Campus/Application/Runtime/Cache/Home/67dd6de476508246a7963789e19e945e.php 第 415 行.
INFO: Run Behavior\ParseTemplateBehavior [ RunTime:0.025213s ]
INFO: [ view_parse ] --END-- [ RunTime:0.025279s ]
INFO: [ view_filter ] --START--
INFO: Run Behavior\WriteHtmlCacheBehavior [ RunTime:0.000163s ]
INFO: [ view_filter ] --END-- [ RunTime:0.000210s ]
INFO: [ app_end ] --START--
INFO: Run Behavior\ShowPageTraceBehavior [ RunTime:0.000877s ]
INFO: [ app_end ] --END-- [ RunTime:0.000970s ]

[ 2017-03-26T09:39:49+08:00 ] ::1 /Campus/Home/Travel/travel/theme_tid/fonts/miaomi.ttf
INFO: [ app_init ] --START--
INFO: Run Behavior\BuildLiteBehavior [ RunTime:0.000017s ]
INFO: [ app_init ] --END-- [ RunTime:0.000404s ]
INFO: [ app_begin ] --START--
INFO: Run Behavior\ReadHtmlCacheBehavior [ RunTime:0.000447s ]
INFO: [ app_begin ] --END-- [ RunTime:0.000507s ]
SQL: SHOW COLUMNS FROM `dca_themetype` [ RunTime:0.0011s ]
ERR: 1054:Unknown column 'fonts' in 'where clause'
 [ SQL语句 ] : SELECT * FROM `dca_themetype` WHERE ( tid=fonts ) LIMIT 1  
ERR: 1054:Unknown column 'fonts' in 'where clause'
 [ SQL语句 ] : SELECT * FROM `dca_themetype` WHERE ( tid=fonts ) LIMIT 1  

[ 2017-03-26T10:41:13+08:00 ] ::1 /Campus/
INFO: [ app_init ] --START--
INFO: Run Behavior\BuildLiteBehavior [ RunTime:0.000047s ]
INFO: [ app_init ] --END-- [ RunTime:0.001732s ]
INFO: [ app_begin ] --START--
INFO: Run Behavior\ReadHtmlCacheBehavior [ RunTime:0.000797s ]
INFO: [ app_begin ] --END-- [ RunTime:0.000874s ]
SQL: SHOW COLUMNS FROM `dca_recommend` [ RunTime:0.0019s ]
SQL: SELECT COUNT(*) AS tp_count FROM `dca_recommend` WHERE ( rtype_rid=1 ) LIMIT 1   [ RunTime:0.0003s ]
SQL: SELECT COUNT(*) AS tp_count FROM `dca_recommend` WHERE ( rtype_rid=2 ) LIMIT 1   [ RunTime:0.0001s ]
SQL: SELECT COUNT(*) AS tp_count FROM `dca_recommend` WHERE ( rtype_rid=3 ) LIMIT 1   [ RunTime:0.0002s ]
SQL: SELECT COUNT(*) AS tp_count FROM `dca_recommend` WHERE ( rtype_rid=4 ) LIMIT 1   [ RunTime:0.0001s ]
SQL: SELECT COUNT(*) AS tp_count FROM `dca_recommend` WHERE ( rtype_rid=5 ) LIMIT 1   [ RunTime:0.0001s ]
SQL: SELECT COUNT(*) AS tp_count FROM `dca_recommend` WHERE ( rtype_rid=6 ) LIMIT 1   [ RunTime:0.0002s ]
SQL: SHOW COLUMNS FROM `dca_travel` [ RunTime:0.0013s ]
SQL: SELECT COUNT(*) AS tp_count FROM `dca_travel` WHERE ( themetype_tid=1 ) LIMIT 1   [ RunTime:0.0002s ]
SQL: SELECT COUNT(*) AS tp_count FROM `dca_travel` WHERE ( themetype_tid=2 ) LIMIT 1   [ RunTime:0.0001s ]
SQL: SELECT COUNT(*) AS tp_count FROM `dca_travel` WHERE ( themetype_tid=3 ) LIMIT 1   [ RunTime:0.0003s ]
SQL: SELECT COUNT(*) AS tp_count FROM `dca_travel` WHERE ( themetype_tid=4 ) LIMIT 1   [ RunTime:0.0002s ]
SQL: SELECT COUNT(*) AS tp_count FROM `dca_travel` WHERE ( themetype_tid=5 ) LIMIT 1   [ RunTime:0.0002s ]
SQL: SHOW COLUMNS FROM `dca_carousel` [ RunTime:0.0011s ]
SQL: SELECT * FROM `dca_carousel` WHERE ( isfirst=1 ) ORDER BY createtime desc LIMIT 1   [ RunTime:0.0004s ]
SQL: SELECT * FROM `dca_recommend` INNER JOIN  dca_user  ON dca_recommend.user_uid =dca_user.uid   WHERE ( ischeck='1' ) ORDER BY  hits desc LIMIT 4   [ RunTime:0.0005s ]
SQL: SELECT * FROM `dca_travel` INNER JOIN  dca_user  ON dca_travel.user_uid =dca_user.uid   ORDER BY creatime desc LIMIT 6   [ RunTime:0.0003s ]
INFO: [ view_parse ] --START--
INFO: [ template_filter ] --START--
INFO: Run Behavior\ContentReplaceBehavior [ RunTime:0.000147s ]
INFO: [ template_filter ] --END-- [ RunTime:0.000236s ]
NOTIC: [8] Undefined index: uname /Applications/MAMP/htdocs/Campus/Application/Runtime/Cache/Home/2a94b8bda04ff446dcedd42276fc99ee.php 第 336 行.
INFO: Run Behavior\ParseTemplateBehavior [ RunTime:0.026213s ]
INFO: [ view_parse ] --END-- [ RunTime:0.026282s ]
INFO: [ view_filter ] --START--
INFO: Run Behavior\WriteHtmlCacheBehavior [ RunTime:0.000413s ]
INFO: [ view_filter ] --END-- [ RunTime:0.000472s ]
INFO: [ app_end ] --START--
INFO: Run Behavior\ShowPageTraceBehavior [ RunTime:0.001948s ]
INFO: [ app_end ] --END-- [ RunTime:0.002124s ]

[ 2017-03-26T10:42:22+08:00 ] ::1 /Campus/Home/Recommend/lists/rtype_rid/1.html
INFO: [ app_init ] --START--
INFO: Run Behavior\BuildLiteBehavior [ RunTime:0.000022s ]
INFO: [ app_init ] --END-- [ RunTime:0.000462s ]
INFO: [ app_begin ] --START--
INFO: Run Behavior\ReadHtmlCacheBehavior [ RunTime:0.000537s ]
INFO: [ app_begin ] --END-- [ RunTime:0.000594s ]
SQL: SHOW COLUMNS FROM `dca_recommend` [ RunTime:0.0015s ]
SQL: SELECT COUNT(*) AS tp_count FROM `dca_recommend` WHERE ( rtype_rid=1 ) LIMIT 1   [ RunTime:0.0003s ]
SQL: SELECT dca_user.uname,dca_recommend.pic,dca_recommend.name,dca_recommend.hits,dca_recommend.praise,dca_recommend.id FROM `dca_recommend` INNER JOIN  dca_user  ON dca_recommend.user_uid =dca_user.uid   WHERE ( rtype_rid=1  and ischeck='1' ) ORDER BY creatime desc LIMIT 0,8   [ RunTime:0.0007s ]
SQL: SHOW COLUMNS FROM `dca_rtype` [ RunTime:0.0026s ]
SQL: SELECT dca_rtype.rname FROM `dca_rtype` WHERE ( rid=1 ) LIMIT 1   [ RunTime:0.0002s ]
SQL: SELECT * FROM `dca_rtype`  [ RunTime:0.0001s ]
SQL: SELECT * FROM `dca_recommend` ORDER BY creatime desc LIMIT 5   [ RunTime:0.0003s ]
INFO: [ view_parse ] --START--
INFO: [ template_filter ] --START--
INFO: Run Behavior\ContentReplaceBehavior [ RunTime:0.000211s ]
INFO: [ template_filter ] --END-- [ RunTime:0.000374s ]
NOTIC: [8] Undefined index: uname /Applications/MAMP/htdocs/Campus/Application/Runtime/Cache/Home/6c810f36d00fd181b27c78a0b07dce5a.php 第 374 行.
NOTIC: [8] Undefined index: telephone /Applications/MAMP/htdocs/Campus/Application/Runtime/Cache/Home/6c810f36d00fd181b27c78a0b07dce5a.php 第 412 行.
INFO: Run Behavior\ParseTemplateBehavior [ RunTime:0.032625s ]
INFO: [ view_parse ] --END-- [ RunTime:0.032712s ]
INFO: [ view_filter ] --START--
INFO: Run Behavior\WriteHtmlCacheBehavior [ RunTime:0.000147s ]
INFO: [ view_filter ] --END-- [ RunTime:0.000191s ]
INFO: [ app_end ] --START--
INFO: Run Behavior\ShowPageTraceBehavior [ RunTime:0.000898s ]
INFO: [ app_end ] --END-- [ RunTime:0.001002s ]

[ 2017-03-26T10:42:22+08:00 ] ::1 /Campus/Home/Recommend/lists/rtype_rid/fonts/miaomi.ttf
INFO: [ app_init ] --START--
INFO: Run Behavior\BuildLiteBehavior [ RunTime:0.000019s ]
INFO: [ app_init ] --END-- [ RunTime:0.000440s ]
INFO: [ app_begin ] --START--
INFO: Run Behavior\ReadHtmlCacheBehavior [ RunTime:0.000473s ]
INFO: [ app_begin ] --END-- [ RunTime:0.000535s ]
SQL: SHOW COLUMNS FROM `dca_recommend` [ RunTime:0.0013s ]
ERR: 1054:Unknown column 'fonts' in 'where clause'
 [ SQL语句 ] : SELECT COUNT(*) AS tp_count FROM `dca_recommend` WHERE ( rtype_rid=fonts ) LIMIT 1  
ERR: 1054:Unknown column 'fonts' in 'where clause'
 [ SQL语句 ] : SELECT COUNT(*) AS tp_count FROM `dca_recommend` WHERE ( rtype_rid=fonts ) LIMIT 1  

[ 2017-03-26T10:43:21+08:00 ] ::1 /Campus/Home/Recommend/content/id/24.html
INFO: [ app_init ] --START--
INFO: Run Behavior\BuildLiteBehavior [ RunTime:0.000015s ]
INFO: [ app_init ] --END-- [ RunTime:0.000461s ]
INFO: [ app_begin ] --START--
INFO: Run Behavior\ReadHtmlCacheBehavior [ RunTime:0.000666s ]
INFO: [ app_begin ] --END-- [ RunTime:0.000736s ]
SQL: SHOW COLUMNS FROM `dca_recommend` [ RunTime:0.0024s ]
SQL: UPDATE `dca_recommend` SET `hits`=hits+1 WHERE ( id='24' ) [ RunTime:0.0041s ]
SQL: SELECT * FROM `dca_recommend` WHERE ( id='24' ) LIMIT 1   [ RunTime:0.0004s ]
SQL: SELECT * FROM `dca_recommend` ORDER BY creatime desc LIMIT 5   [ RunTime:0.0003s ]
INFO: [ view_parse ] --START--
INFO: [ template_filter ] --START--
INFO: Run Behavior\ContentReplaceBehavior [ RunTime:0.000119s ]
INFO: [ template_filter ] --END-- [ RunTime:0.000183s ]
NOTIC: [8] Undefined index: uname /Applications/MAMP/htdocs/Campus/Application/Runtime/Cache/Home/f947b4adf3c260318f6411d735422af3.php 第 347 行.
NOTIC: [8] Undefined index: uname /Applications/MAMP/htdocs/Campus/Application/Runtime/Cache/Home/f947b4adf3c260318f6411d735422af3.php 第 378 行.
INFO: Run Behavior\ParseTemplateBehavior [ RunTime:0.021867s ]
INFO: [ view_parse ] --END-- [ RunTime:0.021942s ]
INFO: [ view_filter ] --START--
INFO: Run Behavior\WriteHtmlCacheBehavior [ RunTime:0.000165s ]
INFO: [ view_filter ] --END-- [ RunTime:0.000216s ]
INFO: [ app_end ] --START--
INFO: Run Behavior\ShowPageTraceBehavior [ RunTime:0.000929s ]
INFO: [ app_end ] --END-- [ RunTime:0.001047s ]

[ 2017-03-26T10:43:22+08:00 ] ::1 /Campus/Home/Recommend/content/id/fonts/miaomi.ttf
INFO: [ app_init ] --START--
INFO: Run Behavior\BuildLiteBehavior [ RunTime:0.000015s ]
INFO: [ app_init ] --END-- [ RunTime:0.000338s ]
INFO: [ app_begin ] --START--
INFO: Run Behavior\ReadHtmlCacheBehavior [ RunTime:0.000609s ]
INFO: [ app_begin ] --END-- [ RunTime:0.000671s ]
SQL: SHOW COLUMNS FROM `dca_recommend` [ RunTime:0.0014s ]
SQL: UPDATE `dca_recommend` SET `hits`=hits+1 WHERE ( id='fonts' ) [ RunTime:0.0003s ]
SQL: SELECT * FROM `dca_recommend` WHERE ( id='fonts' ) LIMIT 1   [ RunTime:0.0003s ]
SQL: SELECT * FROM `dca_recommend` ORDER BY creatime desc LIMIT 5   [ RunTime:0.0004s ]
INFO: [ view_parse ] --START--
INFO: [ template_filter ] --START--
INFO: Run Behavior\ContentReplaceBehavior [ RunTime:0.000122s ]
INFO: [ template_filter ] --END-- [ RunTime:0.000235s ]
NOTIC: [8] Undefined index: uname /Applications/MAMP/htdocs/Campus/Application/Runtime/Cache/Home/f947b4adf3c260318f6411d735422af3.php 第 347 行.
NOTIC: [8] Undefined index: uname /Applications/MAMP/htdocs/Campus/Application/Runtime/Cache/Home/f947b4adf3c260318f6411d735422af3.php 第 378 行.
INFO: Run Behavior\ParseTemplateBehavior [ RunTime:0.023007s ]
INFO: [ view_parse ] --END-- [ RunTime:0.023097s ]
INFO: [ view_filter ] --START--
INFO: Run Behavior\WriteHtmlCacheBehavior [ RunTime:0.000484s ]
INFO: [ view_filter ] --END-- [ RunTime:0.000592s ]
INFO: [ app_end ] --START--
INFO: Run Behavior\ShowPageTraceBehavior [ RunTime:0.001452s ]
INFO: [ app_end ] --END-- [ RunTime:0.001753s ]

[ 2017-03-26T10:44:42+08:00 ] ::1 /Campus/Home/Travel/travel/theme_tid/1.html
INFO: [ app_init ] --START--
INFO: Run Behavior\BuildLiteBehavior [ RunTime:0.000014s ]
INFO: [ app_init ] --END-- [ RunTime:0.000451s ]
INFO: [ app_begin ] --START--
INFO: Run Behavior\ReadHtmlCacheBehavior [ RunTime:0.000579s ]
INFO: [ app_begin ] --END-- [ RunTime:0.000641s ]
SQL: SHOW COLUMNS FROM `dca_themetype` [ RunTime:0.0009s ]
SQL: SELECT * FROM `dca_themetype` WHERE ( tid=1 ) LIMIT 1   [ RunTime:0.0002s ]
SQL: SELECT * FROM `dca_themetype`  [ RunTime:0.0001s ]
SQL: SHOW COLUMNS FROM `dca_travel` [ RunTime:0.0013s ]
SQL: SELECT COUNT(*) AS tp_count FROM `dca_travel` WHERE ( themetype_tid=1 ) LIMIT 1   [ RunTime:0.0002s ]
SQL: SELECT dca_user.uname,dca_travel.pic,dca_travel.titles,dca_travel.id,dca_travel.hits,dca_travel.want,dca_travel.pretime,dca_travel.endtime FROM `dca_travel` INNER JOIN  dca_user  ON dca_travel.user_uid =dca_user.uid   WHERE (  themetype_tid='1' ) ORDER BY creatime desc LIMIT 0,8   [ RunTime:0.0004s ]
SQL: SELECT * FROM `dca_travel` ORDER BY creatime desc LIMIT 5   [ RunTime:0.0002s ]
INFO: [ view_parse ] --START--
INFO: [ template_filter ] --START--
INFO: Run Behavior\ContentReplaceBehavior [ RunTime:0.000310s ]
INFO: [ template_filter ] --END-- [ RunTime:0.000461s ]
NOTIC: [8] Undefined index: uname /Applications/MAMP/htdocs/Campus/Application/Runtime/Cache/Home/67dd6de476508246a7963789e19e945e.php 第 377 行.
NOTIC: [8] Undefined index: telephone /Applications/MAMP/htdocs/Campus/Application/Runtime/Cache/Home/67dd6de476508246a7963789e19e945e.php 第 415 行.
INFO: Run Behavior\ParseTemplateBehavior [ RunTime:0.027135s ]
INFO: [ view_parse ] --END-- [ RunTime:0.027275s ]
INFO: [ view_filter ] --START--
INFO: Run Behavior\WriteHtmlCacheBehavior [ RunTime:0.000303s ]
INFO: [ view_filter ] --END-- [ RunTime:0.000373s ]
INFO: [ app_end ] --START--
INFO: Run Behavior\ShowPageTraceBehavior [ RunTime:0.000782s ]
INFO: [ app_end ] --END-- [ RunTime:0.000880s ]

[ 2017-03-26T10:44:43+08:00 ] ::1 /Campus/Home/Travel/travel/theme_tid/fonts/miaomi.ttf
INFO: [ app_init ] --START--
INFO: Run Behavior\BuildLiteBehavior [ RunTime:0.000017s ]
INFO: [ app_init ] --END-- [ RunTime:0.000349s ]
INFO: [ app_begin ] --START--
INFO: Run Behavior\ReadHtmlCacheBehavior [ RunTime:0.000489s ]
INFO: [ app_begin ] --END-- [ RunTime:0.000560s ]
SQL: SHOW COLUMNS FROM `dca_themetype` [ RunTime:0.0023s ]
ERR: 1054:Unknown column 'fonts' in 'where clause'
 [ SQL语句 ] : SELECT * FROM `dca_themetype` WHERE ( tid=fonts ) LIMIT 1  
ERR: 1054:Unknown column 'fonts' in 'where clause'
 [ SQL语句 ] : SELECT * FROM `dca_themetype` WHERE ( tid=fonts ) LIMIT 1  

[ 2017-03-26T10:45:43+08:00 ] ::1 /Campus/Home/Travel/travel/theme_tid/3.html
INFO: [ app_init ] --START--
INFO: Run Behavior\BuildLiteBehavior [ RunTime:0.000027s ]
INFO: [ app_init ] --END-- [ RunTime:0.000678s ]
INFO: [ app_begin ] --START--
INFO: Run Behavior\ReadHtmlCacheBehavior [ RunTime:0.001464s ]
INFO: [ app_begin ] --END-- [ RunTime:0.001606s ]
SQL: SHOW COLUMNS FROM `dca_themetype` [ RunTime:0.0020s ]
SQL: SELECT * FROM `dca_themetype` WHERE ( tid=3 ) LIMIT 1   [ RunTime:0.0003s ]
SQL: SELECT * FROM `dca_themetype`  [ RunTime:0.0002s ]
SQL: SHOW COLUMNS FROM `dca_travel` [ RunTime:0.0012s ]
SQL: SELECT COUNT(*) AS tp_count FROM `dca_travel` WHERE ( themetype_tid=3 ) LIMIT 1   [ RunTime:0.0002s ]
SQL: SELECT dca_user.uname,dca_travel.pic,dca_travel.titles,dca_travel.id,dca_travel.hits,dca_travel.want,dca_travel.pretime,dca_travel.endtime FROM `dca_travel` INNER JOIN  dca_user  ON dca_travel.user_uid =dca_user.uid   WHERE (  themetype_tid='3' ) ORDER BY creatime desc LIMIT 0,8   [ RunTime:0.0003s ]
SQL: SELECT * FROM `dca_travel` ORDER BY creatime desc LIMIT 5   [ RunTime:0.0004s ]
INFO: [ view_parse ] --START--
INFO: [ template_filter ] --START--
INFO: Run Behavior\ContentReplaceBehavior [ RunTime:0.000105s ]
INFO: [ template_filter ] --END-- [ RunTime:0.000168s ]
NOTIC: [8] Undefined index: uname /Applications/MAMP/htdocs/Campus/Application/Runtime/Cache/Home/67dd6de476508246a7963789e19e945e.php 第 377 行.
NOTIC: [8] Undefined index: telephone /Applications/MAMP/htdocs/Campus/Application/Runtime/Cache/Home/67dd6de476508246a7963789e19e945e.php 第 415 行.
INFO: Run Behavior\ParseTemplateBehavior [ RunTime:0.021172s ]
INFO: [ view_parse ] --END-- [ RunTime:0.021233s ]
INFO: [ view_filter ] --START--
INFO: Run Behavior\WriteHtmlCacheBehavior [ RunTime:0.000172s ]
INFO: [ view_filter ] --END-- [ RunTime:0.000217s ]
INFO: [ app_end ] --START--
INFO: Run Behavior\ShowPageTraceBehavior [ RunTime:0.000761s ]
INFO: [ app_end ] --END-- [ RunTime:0.000894s ]

[ 2017-03-26T10:45:43+08:00 ] ::1 /Campus/Home/Travel/travel/theme_tid/fonts/miaomi.ttf
INFO: [ app_init ] --START--
INFO: Run Behavior\BuildLiteBehavior [ RunTime:0.000019s ]
INFO: [ app_init ] --END-- [ RunTime:0.000448s ]
INFO: [ app_begin ] --START--
INFO: Run Behavior\ReadHtmlCacheBehavior [ RunTime:0.000688s ]
INFO: [ app_begin ] --END-- [ RunTime:0.000786s ]
SQL: SHOW COLUMNS FROM `dca_themetype` [ RunTime:0.0021s ]
ERR: 1054:Unknown column 'fonts' in 'where clause'
 [ SQL语句 ] : SELECT * FROM `dca_themetype` WHERE ( tid=fonts ) LIMIT 1  
ERR: 1054:Unknown column 'fonts' in 'where clause'
 [ SQL语句 ] : SELECT * FROM `dca_themetype` WHERE ( tid=fonts ) LIMIT 1  

[ 2017-03-26T10:45:44+08:00 ] ::1 /Campus/Home/Travel/travel/theme_tid/1.html
INFO: [ app_init ] --START--
INFO: Run Behavior\BuildLiteBehavior [ RunTime:0.000017s ]
INFO: [ app_init ] --END-- [ RunTime:0.000353s ]
INFO: [ app_begin ] --START--
INFO: Run Behavior\ReadHtmlCacheBehavior [ RunTime:0.000685s ]
INFO: [ app_begin ] --END-- [ RunTime:0.000785s ]
SQL: SHOW COLUMNS FROM `dca_themetype` [ RunTime:0.0011s ]
SQL: SELECT * FROM `dca_themetype` WHERE ( tid=1 ) LIMIT 1   [ RunTime:0.0002s ]
SQL: SELECT * FROM `dca_themetype`  [ RunTime:0.0001s ]
SQL: SHOW COLUMNS FROM `dca_travel` [ RunTime:0.0014s ]
SQL: SELECT COUNT(*) AS tp_count FROM `dca_travel` WHERE ( themetype_tid=1 ) LIMIT 1   [ RunTime:0.0002s ]
SQL: SELECT dca_user.uname,dca_travel.pic,dca_travel.titles,dca_travel.id,dca_travel.hits,dca_travel.want,dca_travel.pretime,dca_travel.endtime FROM `dca_travel` INNER JOIN  dca_user  ON dca_travel.user_uid =dca_user.uid   WHERE (  themetype_tid='1' ) ORDER BY creatime desc LIMIT 0,8   [ RunTime:0.0004s ]
SQL: SELECT * FROM `dca_travel` ORDER BY creatime desc LIMIT 5   [ RunTime:0.0004s ]
INFO: [ view_parse ] --START--
INFO: [ template_filter ] --START--
INFO: Run Behavior\ContentReplaceBehavior [ RunTime:0.000087s ]
INFO: [ template_filter ] --END-- [ RunTime:0.000181s ]
NOTIC: [8] Undefined index: uname /Applications/MAMP/htdocs/Campus/Application/Runtime/Cache/Home/67dd6de476508246a7963789e19e945e.php 第 377 行.
NOTIC: [8] Undefined index: telephone /Applications/MAMP/htdocs/Campus/Application/Runtime/Cache/Home/67dd6de476508246a7963789e19e945e.php 第 415 行.
INFO: Run Behavior\ParseTemplateBehavior [ RunTime:0.021820s ]
INFO: [ view_parse ] --END-- [ RunTime:0.021880s ]
INFO: [ view_filter ] --START--
INFO: Run Behavior\WriteHtmlCacheBehavior [ RunTime:0.000144s ]
INFO: [ view_filter ] --END-- [ RunTime:0.000188s ]
INFO: [ app_end ] --START--
INFO: Run Behavior\ShowPageTraceBehavior [ RunTime:0.000616s ]
INFO: [ app_end ] --END-- [ RunTime:0.000700s ]

[ 2017-03-26T10:45:45+08:00 ] ::1 /Campus/Home/Travel/travel/theme_tid/fonts/miaomi.ttf
INFO: [ app_init ] --START--
INFO: Run Behavior\BuildLiteBehavior [ RunTime:0.000015s ]
INFO: [ app_init ] --END-- [ RunTime:0.000403s ]
INFO: [ app_begin ] --START--
INFO: Run Behavior\ReadHtmlCacheBehavior [ RunTime:0.000452s ]
INFO: [ app_begin ] --END-- [ RunTime:0.000516s ]
SQL: SHOW COLUMNS FROM `dca_themetype` [ RunTime:0.0018s ]
ERR: 1054:Unknown column 'fonts' in 'where clause'
 [ SQL语句 ] : SELECT * FROM `dca_themetype` WHERE ( tid=fonts ) LIMIT 1  
ERR: 1054:Unknown column 'fonts' in 'where clause'
 [ SQL语句 ] : SELECT * FROM `dca_themetype` WHERE ( tid=fonts ) LIMIT 1  

[ 2017-03-26T10:45:46+08:00 ] ::1 /Campus/Home/Recommend/lists/rtype_rid/1.html
INFO: [ app_init ] --START--
INFO: Run Behavior\BuildLiteBehavior [ RunTime:0.000013s ]
INFO: [ app_init ] --END-- [ RunTime:0.000310s ]
INFO: [ app_begin ] --START--
INFO: Run Behavior\ReadHtmlCacheBehavior [ RunTime:0.000423s ]
INFO: [ app_begin ] --END-- [ RunTime:0.000476s ]
SQL: SHOW COLUMNS FROM `dca_recommend` [ RunTime:0.0020s ]
SQL: SELECT COUNT(*) AS tp_count FROM `dca_recommend` WHERE ( rtype_rid=1 ) LIMIT 1   [ RunTime:0.0002s ]
SQL: SELECT dca_user.uname,dca_recommend.pic,dca_recommend.name,dca_recommend.hits,dca_recommend.praise,dca_recommend.id FROM `dca_recommend` INNER JOIN  dca_user  ON dca_recommend.user_uid =dca_user.uid   WHERE ( rtype_rid=1  and ischeck='1' ) ORDER BY creatime desc LIMIT 0,8   [ RunTime:0.0003s ]
SQL: SHOW COLUMNS FROM `dca_rtype` [ RunTime:0.0010s ]
SQL: SELECT dca_rtype.rname FROM `dca_rtype` WHERE ( rid=1 ) LIMIT 1   [ RunTime:0.0002s ]
SQL: SELECT * FROM `dca_rtype`  [ RunTime:0.0001s ]
SQL: SELECT * FROM `dca_recommend` ORDER BY creatime desc LIMIT 5   [ RunTime:0.0002s ]
INFO: [ view_parse ] --START--
INFO: [ template_filter ] --START--
INFO: Run Behavior\ContentReplaceBehavior [ RunTime:0.000070s ]
INFO: [ template_filter ] --END-- [ RunTime:0.000131s ]
NOTIC: [8] Undefined index: uname /Applications/MAMP/htdocs/Campus/Application/Runtime/Cache/Home/6c810f36d00fd181b27c78a0b07dce5a.php 第 374 行.
NOTIC: [8] Undefined index: telephone /Applications/MAMP/htdocs/Campus/Application/Runtime/Cache/Home/6c810f36d00fd181b27c78a0b07dce5a.php 第 412 行.
INFO: Run Behavior\ParseTemplateBehavior [ RunTime:0.023499s ]
INFO: [ view_parse ] --END-- [ RunTime:0.023564s ]
INFO: [ view_filter ] --START--
INFO: Run Behavior\WriteHtmlCacheBehavior [ RunTime:0.000224s ]
INFO: [ view_filter ] --END-- [ RunTime:0.000269s ]
INFO: [ app_end ] --START--
INFO: Run Behavior\ShowPageTraceBehavior [ RunTime:0.000589s ]
INFO: [ app_end ] --END-- [ RunTime:0.000661s ]

[ 2017-03-26T10:45:46+08:00 ] ::1 /Campus/Home/Recommend/lists/rtype_rid/fonts/miaomi.ttf
INFO: [ app_init ] --START--
INFO: Run Behavior\BuildLiteBehavior [ RunTime:0.000017s ]
INFO: [ app_init ] --END-- [ RunTime:0.000477s ]
INFO: [ app_begin ] --START--
INFO: Run Behavior\ReadHtmlCacheBehavior [ RunTime:0.000449s ]
INFO: [ app_begin ] --END-- [ RunTime:0.000511s ]
SQL: SHOW COLUMNS FROM `dca_recommend` [ RunTime:0.0013s ]
ERR: 1054:Unknown column 'fonts' in 'where clause'
 [ SQL语句 ] : SELECT COUNT(*) AS tp_count FROM `dca_recommend` WHERE ( rtype_rid=fonts ) LIMIT 1  
ERR: 1054:Unknown column 'fonts' in 'where clause'
 [ SQL语句 ] : SELECT COUNT(*) AS tp_count FROM `dca_recommend` WHERE ( rtype_rid=fonts ) LIMIT 1  

[ 2017-03-26T11:36:16+08:00 ] ::1 /Campus/
INFO: [ app_init ] --START--
INFO: Run Behavior\BuildLiteBehavior [ RunTime:0.000019s ]
INFO: [ app_init ] --END-- [ RunTime:0.000741s ]
INFO: [ app_begin ] --START--
INFO: Run Behavior\ReadHtmlCacheBehavior [ RunTime:0.000915s ]
INFO: [ app_begin ] --END-- [ RunTime:0.001002s ]
SQL: SHOW COLUMNS FROM `dca_recommend` [ RunTime:0.0027s ]
SQL: SELECT COUNT(*) AS tp_count FROM `dca_recommend` WHERE ( rtype_rid=1 ) LIMIT 1   [ RunTime:0.0004s ]
SQL: SELECT COUNT(*) AS tp_count FROM `dca_recommend` WHERE ( rtype_rid=2 ) LIMIT 1   [ RunTime:0.0003s ]
SQL: SELECT COUNT(*) AS tp_count FROM `dca_recommend` WHERE ( rtype_rid=3 ) LIMIT 1   [ RunTime:0.0001s ]
SQL: SELECT COUNT(*) AS tp_count FROM `dca_recommend` WHERE ( rtype_rid=4 ) LIMIT 1   [ RunTime:0.0002s ]
SQL: SELECT COUNT(*) AS tp_count FROM `dca_recommend` WHERE ( rtype_rid=5 ) LIMIT 1   [ RunTime:0.0001s ]
SQL: SELECT COUNT(*) AS tp_count FROM `dca_recommend` WHERE ( rtype_rid=6 ) LIMIT 1   [ RunTime:0.0001s ]
SQL: SHOW COLUMNS FROM `dca_travel` [ RunTime:0.0012s ]
SQL: SELECT COUNT(*) AS tp_count FROM `dca_travel` WHERE ( themetype_tid=1 ) LIMIT 1   [ RunTime:0.0014s ]
SQL: SELECT COUNT(*) AS tp_count FROM `dca_travel` WHERE ( themetype_tid=2 ) LIMIT 1   [ RunTime:0.0002s ]
SQL: SELECT COUNT(*) AS tp_count FROM `dca_travel` WHERE ( themetype_tid=3 ) LIMIT 1   [ RunTime:0.0001s ]
SQL: SELECT COUNT(*) AS tp_count FROM `dca_travel` WHERE ( themetype_tid=4 ) LIMIT 1   [ RunTime:0.0001s ]
SQL: SELECT COUNT(*) AS tp_count FROM `dca_travel` WHERE ( themetype_tid=5 ) LIMIT 1   [ RunTime:0.0002s ]
SQL: SHOW COLUMNS FROM `dca_carousel` [ RunTime:0.0012s ]
SQL: SELECT * FROM `dca_carousel` WHERE ( isfirst=1 ) ORDER BY createtime desc LIMIT 1   [ RunTime:0.0002s ]
SQL: SELECT * FROM `dca_recommend` INNER JOIN  dca_user  ON dca_recommend.user_uid =dca_user.uid   WHERE ( ischeck='1' ) ORDER BY  hits desc LIMIT 4   [ RunTime:0.0003s ]
SQL: SELECT * FROM `dca_travel` INNER JOIN  dca_user  ON dca_travel.user_uid =dca_user.uid   ORDER BY creatime desc LIMIT 6   [ RunTime:0.0003s ]
INFO: [ view_parse ] --START--
INFO: [ template_filter ] --START--
INFO: Run Behavior\ContentReplaceBehavior [ RunTime:0.000088s ]
INFO: [ template_filter ] --END-- [ RunTime:0.000151s ]
NOTIC: [8] Undefined index: uname /Applications/MAMP/htdocs/Campus/Application/Runtime/Cache/Home/2a94b8bda04ff446dcedd42276fc99ee.php 第 336 行.
INFO: Run Behavior\ParseTemplateBehavior [ RunTime:0.029983s ]
INFO: [ view_parse ] --END-- [ RunTime:0.030051s ]
INFO: [ view_filter ] --START--
INFO: Run Behavior\WriteHtmlCacheBehavior [ RunTime:0.000406s ]
INFO: [ view_filter ] --END-- [ RunTime:0.000464s ]
INFO: [ app_end ] --START--
INFO: Run Behavior\ShowPageTraceBehavior [ RunTime:0.000920s ]
INFO: [ app_end ] --END-- [ RunTime:0.001012s ]

[ 2017-03-26T11:36:19+08:00 ] ::1 /Campus/Home/User/logins.html
INFO: [ app_init ] --START--
INFO: Run Behavior\BuildLiteBehavior [ RunTime:0.000056s ]
INFO: [ app_init ] --END-- [ RunTime:0.001039s ]
INFO: [ app_begin ] --START--
INFO: Run Behavior\ReadHtmlCacheBehavior [ RunTime:0.001193s ]
INFO: [ app_begin ] --END-- [ RunTime:0.001365s ]
INFO: [ view_parse ] --START--
INFO: [ template_filter ] --START--
INFO: Run Behavior\ContentReplaceBehavior [ RunTime:0.000159s ]
INFO: [ template_filter ] --END-- [ RunTime:0.000280s ]
NOTIC: [8] Use of undefined constant verify - assumed 'verify' /Applications/MAMP/htdocs/Campus/Application/Runtime/Cache/Home/026ba93841be942f2fad3817cca2fcbf.php 第 381 行.
NOTIC: [8] Use of undefined constant verify - assumed 'verify' /Applications/MAMP/htdocs/Campus/Application/Runtime/Cache/Home/026ba93841be942f2fad3817cca2fcbf.php 第 403 行.
INFO: Run Behavior\ParseTemplateBehavior [ RunTime:0.024469s ]
INFO: [ view_parse ] --END-- [ RunTime:0.024703s ]
INFO: [ view_filter ] --START--
INFO: Run Behavior\WriteHtmlCacheBehavior [ RunTime:0.000854s ]
INFO: [ view_filter ] --END-- [ RunTime:0.001062s ]
INFO: [ app_end ] --START--
INFO: Run Behavior\ShowPageTraceBehavior [ RunTime:0.001696s ]
INFO: [ app_end ] --END-- [ RunTime:0.001909s ]

[ 2017-03-26T11:36:19+08:00 ] ::1 /Campus/Home/User/verify.html
INFO: [ app_init ] --START--
INFO: Run Behavior\BuildLiteBehavior [ RunTime:0.000026s ]
INFO: [ app_init ] --END-- [ RunTime:0.000546s ]
INFO: [ app_begin ] --START--
INFO: Run Behavior\ReadHtmlCacheBehavior [ RunTime:0.001716s ]
INFO: [ app_begin ] --END-- [ RunTime:0.001921s ]
NOTIC: [8] ob_clean(): failed to delete buffer. No buffer to delete /Applications/MAMP/htdocs/Campus/Application/Home/Controller/UserController.class.php 第 363 行.
INFO: [ app_end ] --START--
INFO: Run Behavior\ShowPageTraceBehavior [ RunTime:0.002960s ]
INFO: [ app_end ] --END-- [ RunTime:0.003462s ]

[ 2017-03-26T11:36:29+08:00 ] ::1 /Campus/
INFO: [ app_init ] --START--
INFO: Run Behavior\BuildLiteBehavior [ RunTime:0.000014s ]
INFO: [ app_init ] --END-- [ RunTime:0.000321s ]
INFO: [ app_begin ] --START--
INFO: Run Behavior\ReadHtmlCacheBehavior [ RunTime:0.000554s ]
INFO: [ app_begin ] --END-- [ RunTime:0.000613s ]
SQL: SHOW COLUMNS FROM `dca_recommend` [ RunTime:0.0022s ]
SQL: SELECT COUNT(*) AS tp_count FROM `dca_recommend` WHERE ( rtype_rid=1 ) LIMIT 1   [ RunTime:0.0054s ]
SQL: SELECT COUNT(*) AS tp_count FROM `dca_recommend` WHERE ( rtype_rid=2 ) LIMIT 1   [ RunTime:0.0013s ]
SQL: SELECT COUNT(*) AS tp_count FROM `dca_recommend` WHERE ( rtype_rid=3 ) LIMIT 1   [ RunTime:0.0005s ]
SQL: SELECT COUNT(*) AS tp_count FROM `dca_recommend` WHERE ( rtype_rid=4 ) LIMIT 1   [ RunTime:0.0003s ]
SQL: SELECT COUNT(*) AS tp_count FROM `dca_recommend` WHERE ( rtype_rid=5 ) LIMIT 1   [ RunTime:0.0006s ]
SQL: SELECT COUNT(*) AS tp_count FROM `dca_recommend` WHERE ( rtype_rid=6 ) LIMIT 1   [ RunTime:0.0011s ]
SQL: SHOW COLUMNS FROM `dca_travel` [ RunTime:0.0041s ]
SQL: SELECT COUNT(*) AS tp_count FROM `dca_travel` WHERE ( themetype_tid=1 ) LIMIT 1   [ RunTime:0.0009s ]
SQL: SELECT COUNT(*) AS tp_count FROM `dca_travel` WHERE ( themetype_tid=2 ) LIMIT 1   [ RunTime:0.0008s ]
SQL: SELECT COUNT(*) AS tp_count FROM `dca_travel` WHERE ( themetype_tid=3 ) LIMIT 1   [ RunTime:0.0014s ]
SQL: SELECT COUNT(*) AS tp_count FROM `dca_travel` WHERE ( themetype_tid=4 ) LIMIT 1   [ RunTime:0.0003s ]
SQL: SELECT COUNT(*) AS tp_count FROM `dca_travel` WHERE ( themetype_tid=5 ) LIMIT 1   [ RunTime:0.0003s ]
SQL: SHOW COLUMNS FROM `dca_carousel` [ RunTime:0.0011s ]
SQL: SELECT * FROM `dca_carousel` WHERE ( isfirst=1 ) ORDER BY createtime desc LIMIT 1   [ RunTime:0.0003s ]
SQL: SELECT * FROM `dca_recommend` INNER JOIN  dca_user  ON dca_recommend.user_uid =dca_user.uid   WHERE ( ischeck='1' ) ORDER BY  hits desc LIMIT 4   [ RunTime:0.0008s ]
SQL: SELECT * FROM `dca_travel` INNER JOIN  dca_user  ON dca_travel.user_uid =dca_user.uid   ORDER BY creatime desc LIMIT 6   [ RunTime:0.0014s ]
INFO: [ view_parse ] --START--
INFO: [ template_filter ] --START--
INFO: Run Behavior\ContentReplaceBehavior [ RunTime:0.000259s ]
INFO: [ template_filter ] --END-- [ RunTime:0.000460s ]
NOTIC: [8] Undefined index: uname /Applications/MAMP/htdocs/Campus/Application/Runtime/Cache/Home/2a94b8bda04ff446dcedd42276fc99ee.php 第 336 行.
INFO: Run Behavior\ParseTemplateBehavior [ RunTime:0.032466s ]
INFO: [ view_parse ] --END-- [ RunTime:0.032548s ]
INFO: [ view_filter ] --START--
INFO: Run Behavior\WriteHtmlCacheBehavior [ RunTime:0.000243s ]
INFO: [ view_filter ] --END-- [ RunTime:0.000291s ]
INFO: [ app_end ] --START--
INFO: Run Behavior\ShowPageTraceBehavior [ RunTime:0.000819s ]
INFO: [ app_end ] --END-- [ RunTime:0.000950s ]

[ 2017-03-26T11:36:43+08:00 ] ::1 /Campus/Home/Recommend/lists/rtype_rid/1.html
INFO: [ app_init ] --START--
INFO: Run Behavior\BuildLiteBehavior [ RunTime:0.000015s ]
INFO: [ app_init ] --END-- [ RunTime:0.000447s ]
INFO: [ app_begin ] --START--
INFO: Run Behavior\ReadHtmlCacheBehavior [ RunTime:0.000537s ]
INFO: [ app_begin ] --END-- [ RunTime:0.000626s ]
SQL: SHOW COLUMNS FROM `dca_recommend` [ RunTime:0.0020s ]
SQL: SELECT COUNT(*) AS tp_count FROM `dca_recommend` WHERE ( rtype_rid=1 ) LIMIT 1   [ RunTime:0.0002s ]
SQL: SELECT dca_user.uname,dca_recommend.pic,dca_recommend.name,dca_recommend.hits,dca_recommend.praise,dca_recommend.id FROM `dca_recommend` INNER JOIN  dca_user  ON dca_recommend.user_uid =dca_user.uid   WHERE ( rtype_rid=1  and ischeck='1' ) ORDER BY creatime desc LIMIT 0,8   [ RunTime:0.0004s ]
SQL: SHOW COLUMNS FROM `dca_rtype` [ RunTime:0.0011s ]
SQL: SELECT dca_rtype.rname FROM `dca_rtype` WHERE ( rid=1 ) LIMIT 1   [ RunTime:0.0002s ]
SQL: SELECT * FROM `dca_rtype`  [ RunTime:0.0003s ]
SQL: SELECT * FROM `dca_recommend` ORDER BY creatime desc LIMIT 5   [ RunTime:0.0002s ]
INFO: [ view_parse ] --START--
INFO: [ template_filter ] --START--
INFO: Run Behavior\ContentReplaceBehavior [ RunTime:0.000137s ]
INFO: [ template_filter ] --END-- [ RunTime:0.000221s ]
NOTIC: [8] Undefined index: uname /Applications/MAMP/htdocs/Campus/Application/Runtime/Cache/Home/6c810f36d00fd181b27c78a0b07dce5a.php 第 374 行.
NOTIC: [8] Undefined index: telephone /Applications/MAMP/htdocs/Campus/Application/Runtime/Cache/Home/6c810f36d00fd181b27c78a0b07dce5a.php 第 412 行.
INFO: Run Behavior\ParseTemplateBehavior [ RunTime:0.027986s ]
INFO: [ view_parse ] --END-- [ RunTime:0.028052s ]
INFO: [ view_filter ] --START--
INFO: Run Behavior\WriteHtmlCacheBehavior [ RunTime:0.000228s ]
INFO: [ view_filter ] --END-- [ RunTime:0.000278s ]
INFO: [ app_end ] --START--
INFO: Run Behavior\ShowPageTraceBehavior [ RunTime:0.000552s ]
INFO: [ app_end ] --END-- [ RunTime:0.000626s ]

[ 2017-03-26T11:36:43+08:00 ] ::1 /Campus/Home/Recommend/lists/rtype_rid/fonts/miaomi.ttf
INFO: [ app_init ] --START--
INFO: Run Behavior\BuildLiteBehavior [ RunTime:0.000030s ]
INFO: [ app_init ] --END-- [ RunTime:0.000560s ]
INFO: [ app_begin ] --START--
INFO: Run Behavior\ReadHtmlCacheBehavior [ RunTime:0.000620s ]
INFO: [ app_begin ] --END-- [ RunTime:0.000696s ]
SQL: SHOW COLUMNS FROM `dca_recommend` [ RunTime:0.0071s ]
ERR: 1054:Unknown column 'fonts' in 'where clause'
 [ SQL语句 ] : SELECT COUNT(*) AS tp_count FROM `dca_recommend` WHERE ( rtype_rid=fonts ) LIMIT 1  
ERR: 1054:Unknown column 'fonts' in 'where clause'
 [ SQL语句 ] : SELECT COUNT(*) AS tp_count FROM `dca_recommend` WHERE ( rtype_rid=fonts ) LIMIT 1  

