[ 2016-12-10T14:39:59+08:00 ] 127.0.0.1 /Campus/Public/Home/css/bootstrap.css.map
INFO: [ app_init ] --START--
INFO: Run Behavior\BuildLiteBehavior [ RunTime:0.000064s ]
INFO: [ app_init ] --END-- [ RunTime:0.001391s ]
INFO: [ app_begin ] --START--
INFO: Run Behavior\ReadHtmlCacheBehavior [ RunTime:0.001918s ]
INFO: [ app_begin ] --END-- [ RunTime:0.002232s ]
ERR: 无法加载控制器:Home

[ 2016-12-10T15:46:04+08:00 ] 127.0.0.1 /Campus/Public/Home/uploads/recmdphoto/582fc27bd4e18.jpg
INFO: [ app_init ] --START--
INFO: Run Behavior\BuildLiteBehavior [ RunTime:0.000039s ]
INFO: [ app_init ] --END-- [ RunTime:0.000768s ]

[ 2016-12-10T15:46:04+08:00 ] 127.0.0.1 /Campus/Public/Home/uploads/recmdphoto/582fbfc211f1e.jpg
INFO: [ app_init ] --START--
INFO: Run Behavior\BuildLiteBehavior [ RunTime:0.000059s ]
INFO: [ app_init ] --END-- [ RunTime:0.001384s ]

[ 2016-12-10T15:46:04+08:00 ] 127.0.0.1 /Campus/Public/Home/uploads/recmdphoto/582fc60e922ab.jpg
INFO: [ app_init ] --START--
INFO: Run Behavior\BuildLiteBehavior [ RunTime:0.000060s ]
INFO: [ app_init ] --END-- [ RunTime:0.001490s ]

[ 2016-12-10T15:46:04+08:00 ] 127.0.0.1 /Campus/Public/Home/uploads/recmdphoto/582fc65cdafb9.jpg
INFO: [ app_init ] --START--
INFO: Run Behavior\BuildLiteBehavior [ RunTime:0.000061s ]
INFO: [ app_init ] --END-- [ RunTime:0.001198s ]

[ 2016-12-10T15:46:05+08:00 ] 127.0.0.1 /Campus/Public/Home/uploads/recmdphoto/582fbf8888dbf.jpg
INFO: [ app_init ] --START--
INFO: Run Behavior\BuildLiteBehavior [ RunTime:0.000116s ]
INFO: [ app_init ] --END-- [ RunTime:0.001387s ]

[ 2016-12-10T15:46:05+08:00 ] 127.0.0.1 /Campus/Public/Home/uploads/recmdphoto/582fbf2b99e7e.jpg
INFO: [ app_init ] --START--
INFO: Run Behavior\BuildLiteBehavior [ RunTime:0.000230s ]
INFO: [ app_init ] --END-- [ RunTime:0.002059s ]

[ 2016-12-10T15:46:05+08:00 ] 127.0.0.1 /Campus/Public/Home/uploads/recmdphoto/582fbc9795c4e.jpg
INFO: [ app_init ] --START--
INFO: Run Behavior\BuildLiteBehavior [ RunTime:0.000066s ]
INFO: [ app_init ] --END-- [ RunTime:0.000989s ]

[ 2016-12-10T15:46:05+08:00 ] 127.0.0.1 /Campus/Public/Home/uploads/recmdphoto/582fc51deb074.jpg
INFO: [ app_init ] --START--
INFO: Run Behavior\BuildLiteBehavior [ RunTime:0.000061s ]
INFO: [ app_init ] --END-- [ RunTime:0.001207s ]

[ 2016-12-10T15:46:05+08:00 ] 127.0.0.1 /Campus/Public/Home/uploads/recmdphoto/582fbc58b0edb.jpg
INFO: [ app_init ] --START--
INFO: Run Behavior\BuildLiteBehavior [ RunTime:0.000058s ]
INFO: [ app_init ] --END-- [ RunTime:0.001411s ]

[ 2016-12-10T15:46:05+08:00 ] 127.0.0.1 /Campus/Public/Home/uploads/recmdphoto/582fc5ab3e4fd.jpg
INFO: [ app_init ] --START--
INFO: Run Behavior\BuildLiteBehavior [ RunTime:0.000068s ]
INFO: [ app_init ] --END-- [ RunTime:0.001268s ]

[ 2016-12-10T15:46:05+08:00 ] 127.0.0.1 /Campus/Public/Home/uploads/recmdphoto/582fb974b6ee2.png
INFO: [ app_init ] --START--
INFO: Run Behavior\BuildLiteBehavior [ RunTime:0.000059s ]
INFO: [ app_init ] --END-- [ RunTime:0.002542s ]

[ 2016-12-10T15:46:05+08:00 ] 127.0.0.1 /Campus/Public/Home/uploads/recmdphoto/582fbad06470c.png
INFO: [ app_init ] --START--
INFO: Run Behavior\BuildLiteBehavior [ RunTime:0.000056s ]
INFO: [ app_init ] --END-- [ RunTime:0.001930s ]

[ 2016-12-10T16:06:28+08:00 ] 127.0.0.1 /Campus/Public/Home/js/jquery-2.2.4.min.js
INFO: [ app_init ] --START--
INFO: Run Behavior\BuildLiteBehavior [ RunTime:0.000042s ]
INFO: [ app_init ] --END-- [ RunTime:0.001146s ]
INFO: [ app_begin ] --START--
INFO: Run Behavior\ReadHtmlCacheBehavior [ RunTime:0.001174s ]
INFO: [ app_begin ] --END-- [ RunTime:0.001350s ]
ERR: 无法加载控制器:Home

[ 2016-12-10T16:06:28+08:00 ] 127.0.0.1 /Campus/Public/Home/images/photo.jpg
INFO: [ app_init ] --START--
INFO: Run Behavior\BuildLiteBehavior [ RunTime:0.000040s ]
INFO: [ app_init ] --END-- [ RunTime:0.001142s ]

[ 2016-12-10T16:07:33+08:00 ] 127.0.0.1 /Campus/Public/Home/images/photo.jpg
INFO: [ app_init ] --START--
INFO: Run Behavior\BuildLiteBehavior [ RunTime:0.000040s ]
INFO: [ app_init ] --END-- [ RunTime:0.000923s ]

[ 2016-12-10T16:16:12+08:00 ] 127.0.0.1 /Campus/Public/Home/images/photo.jpg
INFO: [ app_init ] --START--
INFO: Run Behavior\BuildLiteBehavior [ RunTime:0.000041s ]
INFO: [ app_init ] --END-- [ RunTime:0.000864s ]

[ 2016-12-10T16:49:29+08:00 ] 127.0.0.1 /Campus/Public/Home/uploads/recmdphoto/584bc11c12faf.png
INFO: [ app_init ] --START--
INFO: Run Behavior\BuildLiteBehavior [ RunTime:0.000040s ]
INFO: [ app_init ] --END-- [ RunTime:0.001044s ]

[ 2016-12-10T16:50:58+08:00 ] 127.0.0.1 /Campus/Public/Home/uploads/recmdphoto/584bc11c12faf.png
INFO: [ app_init ] --START--
INFO: Run Behavior\BuildLiteBehavior [ RunTime:0.000038s ]
INFO: [ app_init ] --END-- [ RunTime:0.000944s ]

[ 2016-12-10T16:52:17+08:00 ] 127.0.0.1 /Campus/Public/Home/uploads/recmdphoto/584bc11c12faf.png
INFO: [ app_init ] --START--
INFO: Run Behavior\BuildLiteBehavior [ RunTime:0.000063s ]
INFO: [ app_init ] --END-- [ RunTime:0.001759s ]

[ 2016-12-10T16:52:17+08:00 ] 127.0.0.1 /Campus/Public/Home/uploads/recmdphoto/584bc2029a93a.png
INFO: [ app_init ] --START--
INFO: Run Behavior\BuildLiteBehavior [ RunTime:0.000062s ]
INFO: [ app_init ] --END-- [ RunTime:0.002195s ]

[ 2016-12-10T17:05:36+08:00 ] 127.0.0.1 /Campus/Public/Home/uploads/recmdphoto/default.jpg
INFO: [ app_init ] --START--
INFO: Run Behavior\BuildLiteBehavior [ RunTime:0.000242s ]
INFO: [ app_init ] --END-- [ RunTime:0.002379s ]

[ 2016-12-10T17:11:07+08:00 ] 127.0.0.1 /Campus/Public/Home/uploads/recmdphoto/584bc400732c9.png
INFO: [ app_init ] --START--
INFO: Run Behavior\BuildLiteBehavior [ RunTime:0.000060s ]
INFO: [ app_init ] --END-- [ RunTime:0.001363s ]

[ 2016-12-10T17:11:14+08:00 ] 127.0.0.1 /Campus/Public/Home/uploads/recmdphoto/584bc400732c9.png
INFO: [ app_init ] --START--
INFO: Run Behavior\BuildLiteBehavior [ RunTime:0.000064s ]
INFO: [ app_init ] --END-- [ RunTime:0.001778s ]

[ 2016-12-10T17:11:28+08:00 ] 127.0.0.1 /Campus/Public/Home/uploads/recmdphoto/584bc400732c9.png
INFO: [ app_init ] --START--
INFO: Run Behavior\BuildLiteBehavior [ RunTime:0.000043s ]
INFO: [ app_init ] --END-- [ RunTime:0.001014s ]

[ 2016-12-10T17:13:04+08:00 ] 127.0.0.1 /Campus/Public/Home/uploads/recmdphoto/defaults.jpg
INFO: [ app_init ] --START--
INFO: Run Behavior\BuildLiteBehavior [ RunTime:0.000063s ]
INFO: [ app_init ] --END-- [ RunTime:0.001182s ]

[ 2016-12-10T20:06:41+08:00 ] 127.0.0.1 /Campus/Public/Home/css/bootstrap.css.map
INFO: [ app_init ] --START--
INFO: Run Behavior\BuildLiteBehavior [ RunTime:0.000038s ]
INFO: [ app_init ] --END-- [ RunTime:0.001001s ]
INFO: [ app_begin ] --START--
INFO: Run Behavior\ReadHtmlCacheBehavior [ RunTime:0.002488s ]
INFO: [ app_begin ] --END-- [ RunTime:0.002852s ]
ERR: 无法加载控制器:Home

[ 2016-12-10T20:12:05+08:00 ] 127.0.0.1 /Campus/Public/Home/css/bootstrap.css.map
INFO: [ app_init ] --START--
INFO: Run Behavior\BuildLiteBehavior [ RunTime:0.000110s ]
INFO: [ app_init ] --END-- [ RunTime:0.001469s ]
INFO: [ app_begin ] --START--
INFO: Run Behavior\ReadHtmlCacheBehavior [ RunTime:0.002004s ]
INFO: [ app_begin ] --END-- [ RunTime:0.002370s ]
ERR: 无法加载控制器:Home

[ 2016-12-10T20:22:39+08:00 ] 127.0.0.1 /Campus/Public/Home/css/bootstrap.css.map
INFO: [ app_init ] --START--
INFO: Run Behavior\BuildLiteBehavior [ RunTime:0.000203s ]
INFO: [ app_init ] --END-- [ RunTime:0.002477s ]
INFO: [ app_begin ] --START--
INFO: Run Behavior\ReadHtmlCacheBehavior [ RunTime:0.001763s ]
INFO: [ app_begin ] --END-- [ RunTime:0.001957s ]
ERR: 无法加载控制器:Home

[ 2016-12-10T20:23:02+08:00 ] 127.0.0.1 /Campus/Public/Home/css/bootstrap.css.map
INFO: [ app_init ] --START--
INFO: Run Behavior\BuildLiteBehavior [ RunTime:0.000052s ]
INFO: [ app_init ] --END-- [ RunTime:0.000953s ]
INFO: [ app_begin ] --START--
INFO: Run Behavior\ReadHtmlCacheBehavior [ RunTime:0.001377s ]
INFO: [ app_begin ] --END-- [ RunTime:0.001773s ]
ERR: 无法加载控制器:Home

[ 2016-12-10T20:27:30+08:00 ] 127.0.0.1 /Campus/Public/Home/images/wantju.png
INFO: [ app_init ] --START--
INFO: Run Behavior\BuildLiteBehavior [ RunTime:0.000065s ]
INFO: [ app_init ] --END-- [ RunTime:0.001437s ]

[ 2016-12-10T20:31:35+08:00 ] 127.0.0.1 /Campus/Public/Home/css/bootstrap.css.map
INFO: [ app_init ] --START--
INFO: Run Behavior\BuildLiteBehavior [ RunTime:0.000035s ]
INFO: [ app_init ] --END-- [ RunTime:0.000760s ]
INFO: [ app_begin ] --START--
INFO: Run Behavior\ReadHtmlCacheBehavior [ RunTime:0.001235s ]
INFO: [ app_begin ] --END-- [ RunTime:0.001420s ]
ERR: 无法加载控制器:Home

[ 2016-12-10T20:32:39+08:00 ] 127.0.0.1 /Campus/Public/Home/css/bootstrap.css.map
INFO: [ app_init ] --START--
INFO: Run Behavior\BuildLiteBehavior [ RunTime:0.000041s ]
INFO: [ app_init ] --END-- [ RunTime:0.001011s ]
INFO: [ app_begin ] --START--
INFO: Run Behavior\ReadHtmlCacheBehavior [ RunTime:0.001855s ]
INFO: [ app_begin ] --END-- [ RunTime:0.002102s ]
ERR: 无法加载控制器:Home

[ 2016-12-10T20:34:05+08:00 ] 127.0.0.1 /Campus/Public/Home/images/huiful.png
INFO: [ app_init ] --START--
INFO: Run Behavior\BuildLiteBehavior [ RunTime:0.000082s ]
INFO: [ app_init ] --END-- [ RunTime:0.001388s ]

[ 2016-12-10T20:49:17+08:00 ] 127.0.0.1 /Campus/Public/Home/css/bootstrap.css.map
INFO: [ app_init ] --START--
INFO: Run Behavior\BuildLiteBehavior [ RunTime:0.000043s ]
INFO: [ app_init ] --END-- [ RunTime:0.001624s ]
INFO: [ app_begin ] --START--
INFO: Run Behavior\ReadHtmlCacheBehavior [ RunTime:0.002338s ]
INFO: [ app_begin ] --END-- [ RunTime:0.002648s ]
ERR: 无法加载控制器:Home

[ 2016-12-10T20:50:06+08:00 ] 127.0.0.1 /Campus/Public/Home/css/bootstrap.css.map
INFO: [ app_init ] --START--
INFO: Run Behavior\BuildLiteBehavior [ RunTime:0.000062s ]
INFO: [ app_init ] --END-- [ RunTime:0.001294s ]
INFO: [ app_begin ] --START--
INFO: Run Behavior\ReadHtmlCacheBehavior [ RunTime:0.001912s ]
INFO: [ app_begin ] --END-- [ RunTime:0.002225s ]
ERR: 无法加载控制器:Home

[ 2016-12-10T20:52:32+08:00 ] 127.0.0.1 /Campus/Public/Home/css/bootstrap.css.map
INFO: [ app_init ] --START--
INFO: Run Behavior\BuildLiteBehavior [ RunTime:0.000070s ]
INFO: [ app_init ] --END-- [ RunTime:0.001313s ]
INFO: [ app_begin ] --START--
INFO: Run Behavior\ReadHtmlCacheBehavior [ RunTime:0.001663s ]
INFO: [ app_begin ] --END-- [ RunTime:0.001914s ]
ERR: 无法加载控制器:Home

[ 2016-12-10T20:56:00+08:00 ] 127.0.0.1 /Campus/Public/Home/css/bootstrap.css.map
INFO: [ app_init ] --START--
INFO: Run Behavior\BuildLiteBehavior [ RunTime:0.000035s ]
INFO: [ app_init ] --END-- [ RunTime:0.000789s ]
INFO: [ app_begin ] --START--
INFO: Run Behavior\ReadHtmlCacheBehavior [ RunTime:0.001192s ]
INFO: [ app_begin ] --END-- [ RunTime:0.001365s ]
ERR: 无法加载控制器:Home

[ 2016-12-10T20:56:28+08:00 ] 127.0.0.1 /Campus/Public/Home/css/bootstrap.css.map
INFO: [ app_init ] --START--
INFO: Run Behavior\BuildLiteBehavior [ RunTime:0.000038s ]
INFO: [ app_init ] --END-- [ RunTime:0.000800s ]
INFO: [ app_begin ] --START--
INFO: Run Behavior\ReadHtmlCacheBehavior [ RunTime:0.001197s ]
INFO: [ app_begin ] --END-- [ RunTime:0.001360s ]
ERR: 无法加载控制器:Home

[ 2016-12-10T21:24:49+08:00 ] 127.0.0.1 /Campus/Public/Home/uploads/travelphoto/582fbc9795c4e.jpg
INFO: [ app_init ] --START--
INFO: Run Behavior\BuildLiteBehavior [ RunTime:0.000061s ]
INFO: [ app_init ] --END-- [ RunTime:0.001249s ]

[ 2016-12-10T21:26:10+08:00 ] 127.0.0.1 /Campus/Public/Home/css/bootstrap.css.map
INFO: [ app_init ] --START--
INFO: Run Behavior\BuildLiteBehavior [ RunTime:0.000103s ]
INFO: [ app_init ] --END-- [ RunTime:0.001610s ]
INFO: [ app_begin ] --START--
INFO: Run Behavior\ReadHtmlCacheBehavior [ RunTime:0.002764s ]
INFO: [ app_begin ] --END-- [ RunTime:0.003160s ]
ERR: 无法加载控制器:Home

[ 2016-12-10T21:26:51+08:00 ] 127.0.0.1 /Campus/Public/Home/css/bootstrap.css.map
INFO: [ app_init ] --START--
INFO: Run Behavior\BuildLiteBehavior [ RunTime:0.000057s ]
INFO: [ app_init ] --END-- [ RunTime:0.001352s ]
INFO: [ app_begin ] --START--
INFO: Run Behavior\ReadHtmlCacheBehavior [ RunTime:0.002043s ]
INFO: [ app_begin ] --END-- [ RunTime:0.002397s ]
ERR: 无法加载控制器:Home

[ 2016-12-10T21:40:44+08:00 ] 127.0.0.1 /Campus/Public/Home/css/bootstrap.css.map
INFO: [ app_init ] --START--
INFO: Run Behavior\BuildLiteBehavior [ RunTime:0.000062s ]
INFO: [ app_init ] --END-- [ RunTime:0.001215s ]
INFO: [ app_begin ] --START--
INFO: Run Behavior\ReadHtmlCacheBehavior [ RunTime:0.003233s ]
INFO: [ app_begin ] --END-- [ RunTime:0.003474s ]
ERR: 无法加载控制器:Home

[ 2016-12-10T23:40:47+08:00 ] 127.0.0.1 /Campus/Public/Home/css/bootstrap.css.map
INFO: [ app_init ] --START--
INFO: Run Behavior\BuildLiteBehavior [ RunTime:0.000063s ]
INFO: [ app_init ] --END-- [ RunTime:0.001279s ]
INFO: [ app_begin ] --START--
INFO: Run Behavior\ReadHtmlCacheBehavior [ RunTime:0.001635s ]
INFO: [ app_begin ] --END-- [ RunTime:0.001877s ]
ERR: 无法加载控制器:Home

[ 2016-12-10T23:41:23+08:00 ] 127.0.0.1 /Campus/Public/Home/css/bootstrap.css.map
INFO: [ app_init ] --START--
INFO: Run Behavior\BuildLiteBehavior [ RunTime:0.000037s ]
INFO: [ app_init ] --END-- [ RunTime:0.001039s ]
INFO: [ app_begin ] --START--
INFO: Run Behavior\ReadHtmlCacheBehavior [ RunTime:0.002355s ]
INFO: [ app_begin ] --END-- [ RunTime:0.002620s ]
ERR: 无法加载控制器:Home

[ 2016-12-10T23:44:23+08:00 ] 127.0.0.1 /Campus/Public/Home/css/bootstrap.css.map
INFO: [ app_init ] --START--
INFO: Run Behavior\BuildLiteBehavior [ RunTime:0.000063s ]
INFO: [ app_init ] --END-- [ RunTime:0.001601s ]
INFO: [ app_begin ] --START--
INFO: Run Behavior\ReadHtmlCacheBehavior [ RunTime:0.003439s ]
INFO: [ app_begin ] --END-- [ RunTime:0.004044s ]
ERR: 无法加载控制器:Home

[ 2016-12-10T23:45:29+08:00 ] 127.0.0.1 /Campus/Public/Home/css/bootstrap.css.map
INFO: [ app_init ] --START--
INFO: Run Behavior\BuildLiteBehavior [ RunTime:0.000062s ]
INFO: [ app_init ] --END-- [ RunTime:0.001589s ]
INFO: [ app_begin ] --START--
INFO: Run Behavior\ReadHtmlCacheBehavior [ RunTime:0.004305s ]
INFO: [ app_begin ] --END-- [ RunTime:0.004654s ]
ERR: 无法加载控制器:Home

[ 2016-12-10T23:46:15+08:00 ] 127.0.0.1 /Campus/Public/Home/css/bootstrap.css.map
INFO: [ app_init ] --START--
INFO: Run Behavior\BuildLiteBehavior [ RunTime:0.000069s ]
INFO: [ app_init ] --END-- [ RunTime:0.001366s ]
INFO: [ app_begin ] --START--
INFO: Run Behavior\ReadHtmlCacheBehavior [ RunTime:0.001985s ]
INFO: [ app_begin ] --END-- [ RunTime:0.002310s ]
ERR: 无法加载控制器:Home

[ 2016-12-10T23:46:45+08:00 ] 127.0.0.1 /Campus/Public/Home/css/bootstrap.css.map
INFO: [ app_init ] --START--
INFO: Run Behavior\BuildLiteBehavior [ RunTime:0.000063s ]
INFO: [ app_init ] --END-- [ RunTime:0.001471s ]
INFO: [ app_begin ] --START--
INFO: Run Behavior\ReadHtmlCacheBehavior [ RunTime:0.003962s ]
INFO: [ app_begin ] --END-- [ RunTime:0.004896s ]
ERR: 无法加载控制器:Home

[ 2016-12-10T23:46:50+08:00 ] 127.0.0.1 /Campus/Public/Home/css/bootstrap.css.map
INFO: [ app_init ] --START--
INFO: Run Behavior\BuildLiteBehavior [ RunTime:0.000062s ]
INFO: [ app_init ] --END-- [ RunTime:0.001278s ]
INFO: [ app_begin ] --START--
INFO: Run Behavior\ReadHtmlCacheBehavior [ RunTime:0.002071s ]
INFO: [ app_begin ] --END-- [ RunTime:0.002319s ]
ERR: 无法加载控制器:Home

[ 2016-12-10T23:47:26+08:00 ] 127.0.0.1 /Campus/Public/Home/css/bootstrap.css.map
INFO: [ app_init ] --START--
INFO: Run Behavior\BuildLiteBehavior [ RunTime:0.000040s ]
INFO: [ app_init ] --END-- [ RunTime:0.000919s ]
INFO: [ app_begin ] --START--
INFO: Run Behavior\ReadHtmlCacheBehavior [ RunTime:0.001779s ]
INFO: [ app_begin ] --END-- [ RunTime:0.002084s ]
ERR: 无法加载控制器:Home

[ 2016-12-10T23:47:39+08:00 ] 127.0.0.1 /Campus/Public/Home/css/bootstrap.css.map
INFO: [ app_init ] --START--
INFO: Run Behavior\BuildLiteBehavior [ RunTime:0.000057s ]
INFO: [ app_init ] --END-- [ RunTime:0.001255s ]
INFO: [ app_begin ] --START--
INFO: Run Behavior\ReadHtmlCacheBehavior [ RunTime:0.002337s ]
INFO: [ app_begin ] --END-- [ RunTime:0.002651s ]
ERR: 无法加载控制器:Home

[ 2016-12-10T23:47:43+08:00 ] 127.0.0.1 /Campus/Public/Home/css/bootstrap.css.map
INFO: [ app_init ] --START--
INFO: Run Behavior\BuildLiteBehavior [ RunTime:0.000064s ]
INFO: [ app_init ] --END-- [ RunTime:0.001291s ]
INFO: [ app_begin ] --START--
INFO: Run Behavior\ReadHtmlCacheBehavior [ RunTime:0.001929s ]
INFO: [ app_begin ] --END-- [ RunTime:0.002243s ]
ERR: 无法加载控制器:Home

[ 2016-12-10T23:49:29+08:00 ] 127.0.0.1 /Campus/Public/Home/css/bootstrap.css.map
INFO: [ app_init ] --START--
INFO: Run Behavior\BuildLiteBehavior [ RunTime:0.000038s ]
INFO: [ app_init ] --END-- [ RunTime:0.000784s ]
INFO: [ app_begin ] --START--
INFO: Run Behavior\ReadHtmlCacheBehavior [ RunTime:0.002104s ]
INFO: [ app_begin ] --END-- [ RunTime:0.002286s ]
ERR: 无法加载控制器:Home

[ 2016-12-10T23:50:31+08:00 ] 127.0.0.1 /Campus/Public/Home/css/bootstrap.css.map
INFO: [ app_init ] --START--
INFO: Run Behavior\BuildLiteBehavior [ RunTime:0.000059s ]
INFO: [ app_init ] --END-- [ RunTime:0.001525s ]
INFO: [ app_begin ] --START--
INFO: Run Behavior\ReadHtmlCacheBehavior [ RunTime:0.002071s ]
INFO: [ app_begin ] --END-- [ RunTime:0.002375s ]
ERR: 无法加载控制器:Home

[ 2016-12-10T23:51:09+08:00 ] 127.0.0.1 /Campus/Public/Home/css/bootstrap.css.map
INFO: [ app_init ] --START--
INFO: Run Behavior\BuildLiteBehavior [ RunTime:0.000059s ]
INFO: [ app_init ] --END-- [ RunTime:0.001441s ]
INFO: [ app_begin ] --START--
INFO: Run Behavior\ReadHtmlCacheBehavior [ RunTime:0.002780s ]
INFO: [ app_begin ] --END-- [ RunTime:0.003094s ]
ERR: 无法加载控制器:Home

[ 2016-12-10T23:52:11+08:00 ] 127.0.0.1 /Campus/Public/Home/css/bootstrap.css.map
INFO: [ app_init ] --START--
INFO: Run Behavior\BuildLiteBehavior [ RunTime:0.000038s ]
INFO: [ app_init ] --END-- [ RunTime:0.001082s ]
INFO: [ app_begin ] --START--
INFO: Run Behavior\ReadHtmlCacheBehavior [ RunTime:0.002078s ]
INFO: [ app_begin ] --END-- [ RunTime:0.002338s ]
ERR: 无法加载控制器:Home

