[ 2016-12-03T11:22:22+08:00 ] 127.0.0.1 /CampusAlliance/Public/Home/js/jquery-2.2.4.min.js
INFO: [ app_init ] --START--
INFO: Run Behavior\BuildLiteBehavior [ RunTime:0.000035s ]
INFO: [ app_init ] --END-- [ RunTime:0.000844s ]
INFO: [ app_begin ] --START--
INFO: Run Behavior\ReadHtmlCacheBehavior [ RunTime:0.001401s ]
INFO: [ app_begin ] --END-- [ RunTime:0.001578s ]
ERR: 无法加载控制器:Home

[ 2016-12-03T11:24:34+08:00 ] 127.0.0.1 /CampusAlliance/Public/Home/js/jquery-2.2.4.min.js
INFO: [ app_init ] --START--
INFO: Run Behavior\BuildLiteBehavior [ RunTime:0.000035s ]
INFO: [ app_init ] --END-- [ RunTime:0.000788s ]
INFO: [ app_begin ] --START--
INFO: Run Behavior\ReadHtmlCacheBehavior [ RunTime:0.001630s ]
INFO: [ app_begin ] --END-- [ RunTime:0.001920s ]
ERR: 无法加载控制器:Home

[ 2016-12-03T11:25:23+08:00 ] 127.0.0.1 /CampusAlliance/Public/Home/js/jquery-2.2.4.min.js
INFO: [ app_init ] --START--
INFO: Run Behavior\BuildLiteBehavior [ RunTime:0.000037s ]
INFO: [ app_init ] --END-- [ RunTime:0.000771s ]
INFO: [ app_begin ] --START--
INFO: Run Behavior\ReadHtmlCacheBehavior [ RunTime:0.001189s ]
INFO: [ app_begin ] --END-- [ RunTime:0.001344s ]
ERR: 无法加载控制器:Home

[ 2016-12-03T11:26:14+08:00 ] 127.0.0.1 /CampusAlliance/Public/Home/js/jquery-2.2.4.min.js
INFO: [ app_init ] --START--
INFO: Run Behavior\BuildLiteBehavior [ RunTime:0.000035s ]
INFO: [ app_init ] --END-- [ RunTime:0.000796s ]
INFO: [ app_begin ] --START--
INFO: Run Behavior\ReadHtmlCacheBehavior [ RunTime:0.001175s ]
INFO: [ app_begin ] --END-- [ RunTime:0.001332s ]
ERR: 无法加载控制器:Home

[ 2016-12-03T11:26:41+08:00 ] 127.0.0.1 /CampusAlliance/Public/Home/js/jquery-2.2.4.min.js
INFO: [ app_init ] --START--
INFO: Run Behavior\BuildLiteBehavior [ RunTime:0.000036s ]
INFO: [ app_init ] --END-- [ RunTime:0.001041s ]
INFO: [ app_begin ] --START--
INFO: Run Behavior\ReadHtmlCacheBehavior [ RunTime:0.001495s ]
INFO: [ app_begin ] --END-- [ RunTime:0.001666s ]
ERR: 无法加载控制器:Home

[ 2016-12-03T11:26:49+08:00 ] 127.0.0.1 /CampusAlliance/Public/Home/js/jquery-2.2.4.min.js
INFO: [ app_init ] --START--
INFO: Run Behavior\BuildLiteBehavior [ RunTime:0.000037s ]
INFO: [ app_init ] --END-- [ RunTime:0.000925s ]
INFO: [ app_begin ] --START--
INFO: Run Behavior\ReadHtmlCacheBehavior [ RunTime:0.001194s ]
INFO: [ app_begin ] --END-- [ RunTime:0.001354s ]
ERR: 无法加载控制器:Home

[ 2016-12-03T11:27:01+08:00 ] 127.0.0.1 /CampusAlliance/Public/Home/js/jquery-2.2.4.min.js
INFO: [ app_init ] --START--
INFO: Run Behavior\BuildLiteBehavior [ RunTime:0.000044s ]
INFO: [ app_init ] --END-- [ RunTime:0.001000s ]
INFO: [ app_begin ] --START--
INFO: Run Behavior\ReadHtmlCacheBehavior [ RunTime:0.002145s ]
INFO: [ app_begin ] --END-- [ RunTime:0.002445s ]
ERR: 无法加载控制器:Home

[ 2016-12-03T11:27:59+08:00 ] 127.0.0.1 /CampusAlliance/Public/Home/js/jquery-2.2.4.min.js
INFO: [ app_init ] --START--
INFO: Run Behavior\BuildLiteBehavior [ RunTime:0.000037s ]
INFO: [ app_init ] --END-- [ RunTime:0.000806s ]
INFO: [ app_begin ] --START--
INFO: Run Behavior\ReadHtmlCacheBehavior [ RunTime:0.001189s ]
INFO: [ app_begin ] --END-- [ RunTime:0.001350s ]
ERR: 无法加载控制器:Home

[ 2016-12-03T11:28:00+08:00 ] 127.0.0.1 /CampusAlliance/Public/Home/js/jquery-2.2.4.min.js
INFO: [ app_init ] --START--
INFO: Run Behavior\BuildLiteBehavior [ RunTime:0.000034s ]
INFO: [ app_init ] --END-- [ RunTime:0.000745s ]
INFO: [ app_begin ] --START--
INFO: Run Behavior\ReadHtmlCacheBehavior [ RunTime:0.001338s ]
INFO: [ app_begin ] --END-- [ RunTime:0.001511s ]
ERR: 无法加载控制器:Home

[ 2016-12-03T11:28:00+08:00 ] 127.0.0.1 /CampusAlliance/Public/Home/js/jquery-2.2.4.min.js
INFO: [ app_init ] --START--
INFO: Run Behavior\BuildLiteBehavior [ RunTime:0.000038s ]
INFO: [ app_init ] --END-- [ RunTime:0.000739s ]
INFO: [ app_begin ] --START--
INFO: Run Behavior\ReadHtmlCacheBehavior [ RunTime:0.001277s ]
INFO: [ app_begin ] --END-- [ RunTime:0.001438s ]
ERR: 无法加载控制器:Home

[ 2016-12-03T11:28:00+08:00 ] 127.0.0.1 /CampusAlliance/Public/Home/js/jquery-2.2.4.min.js
INFO: [ app_init ] --START--
INFO: Run Behavior\BuildLiteBehavior [ RunTime:0.000039s ]
INFO: [ app_init ] --END-- [ RunTime:0.000915s ]
INFO: [ app_begin ] --START--
INFO: Run Behavior\ReadHtmlCacheBehavior [ RunTime:0.001334s ]
INFO: [ app_begin ] --END-- [ RunTime:0.001504s ]
ERR: 无法加载控制器:Home

[ 2016-12-03T11:29:06+08:00 ] 127.0.0.1 /CampusAlliance/Public/Home/js/jquery-2.2.4.min.js
INFO: [ app_init ] --START--
INFO: Run Behavior\BuildLiteBehavior [ RunTime:0.000034s ]
INFO: [ app_init ] --END-- [ RunTime:0.000753s ]
INFO: [ app_begin ] --START--
INFO: Run Behavior\ReadHtmlCacheBehavior [ RunTime:0.001166s ]
INFO: [ app_begin ] --END-- [ RunTime:0.001319s ]
ERR: 无法加载控制器:Home

[ 2016-12-03T11:29:07+08:00 ] 127.0.0.1 /CampusAlliance/Public/Home/js/jquery-2.2.4.min.js
INFO: [ app_init ] --START--
INFO: Run Behavior\BuildLiteBehavior [ RunTime:0.000057s ]
INFO: [ app_init ] --END-- [ RunTime:0.001376s ]
INFO: [ app_begin ] --START--
INFO: Run Behavior\ReadHtmlCacheBehavior [ RunTime:0.001865s ]
INFO: [ app_begin ] --END-- [ RunTime:0.002124s ]
ERR: 无法加载控制器:Home

[ 2016-12-03T11:29:07+08:00 ] 127.0.0.1 /CampusAlliance/Public/Home/js/jquery-2.2.4.min.js
INFO: [ app_init ] --START--
INFO: Run Behavior\BuildLiteBehavior [ RunTime:0.000034s ]
INFO: [ app_init ] --END-- [ RunTime:0.000747s ]
INFO: [ app_begin ] --START--
INFO: Run Behavior\ReadHtmlCacheBehavior [ RunTime:0.001175s ]
INFO: [ app_begin ] --END-- [ RunTime:0.001330s ]
ERR: 无法加载控制器:Home

[ 2016-12-03T11:29:07+08:00 ] 127.0.0.1 /CampusAlliance/Public/Home/js/jquery-2.2.4.min.js
INFO: [ app_init ] --START--
INFO: Run Behavior\BuildLiteBehavior [ RunTime:0.000065s ]
INFO: [ app_init ] --END-- [ RunTime:0.001273s ]
INFO: [ app_begin ] --START--
INFO: Run Behavior\ReadHtmlCacheBehavior [ RunTime:0.001270s ]
INFO: [ app_begin ] --END-- [ RunTime:0.001436s ]
ERR: 无法加载控制器:Home

[ 2016-12-03T11:29:08+08:00 ] 127.0.0.1 /CampusAlliance/Public/Home/js/jquery-2.2.4.min.js
INFO: [ app_init ] --START--
INFO: Run Behavior\BuildLiteBehavior [ RunTime:0.000036s ]
INFO: [ app_init ] --END-- [ RunTime:0.000778s ]
INFO: [ app_begin ] --START--
INFO: Run Behavior\ReadHtmlCacheBehavior [ RunTime:0.001157s ]
INFO: [ app_begin ] --END-- [ RunTime:0.001311s ]
ERR: 无法加载控制器:Home

[ 2016-12-03T11:29:08+08:00 ] 127.0.0.1 /CampusAlliance/Public/Home/js/jquery-2.2.4.min.js
INFO: [ app_init ] --START--
INFO: Run Behavior\BuildLiteBehavior [ RunTime:0.000036s ]
INFO: [ app_init ] --END-- [ RunTime:0.000733s ]
INFO: [ app_begin ] --START--
INFO: Run Behavior\ReadHtmlCacheBehavior [ RunTime:0.001191s ]
INFO: [ app_begin ] --END-- [ RunTime:0.001346s ]
ERR: 无法加载控制器:Home

[ 2016-12-03T11:29:09+08:00 ] 127.0.0.1 /CampusAlliance/Public/Home/js/jquery-2.2.4.min.js
INFO: [ app_init ] --START--
INFO: Run Behavior\BuildLiteBehavior [ RunTime:0.000036s ]
INFO: [ app_init ] --END-- [ RunTime:0.000828s ]
INFO: [ app_begin ] --START--
INFO: Run Behavior\ReadHtmlCacheBehavior [ RunTime:0.001322s ]
INFO: [ app_begin ] --END-- [ RunTime:0.001481s ]
ERR: 无法加载控制器:Home

[ 2016-12-03T11:29:09+08:00 ] 127.0.0.1 /CampusAlliance/Public/Home/js/jquery-2.2.4.min.js
INFO: [ app_init ] --START--
INFO: Run Behavior\BuildLiteBehavior [ RunTime:0.000034s ]
INFO: [ app_init ] --END-- [ RunTime:0.000753s ]
INFO: [ app_begin ] --START--
INFO: Run Behavior\ReadHtmlCacheBehavior [ RunTime:0.001251s ]
INFO: [ app_begin ] --END-- [ RunTime:0.001453s ]
ERR: 无法加载控制器:Home

[ 2016-12-03T11:29:10+08:00 ] 127.0.0.1 /CampusAlliance/Public/Home/js/jquery-2.2.4.min.js
INFO: [ app_init ] --START--
INFO: Run Behavior\BuildLiteBehavior [ RunTime:0.000036s ]
INFO: [ app_init ] --END-- [ RunTime:0.000873s ]
INFO: [ app_begin ] --START--
INFO: Run Behavior\ReadHtmlCacheBehavior [ RunTime:0.001261s ]
INFO: [ app_begin ] --END-- [ RunTime:0.001416s ]
ERR: 无法加载控制器:Home

[ 2016-12-03T11:29:10+08:00 ] 127.0.0.1 /CampusAlliance/Public/Home/js/jquery-2.2.4.min.js
INFO: [ app_init ] --START--
INFO: Run Behavior\BuildLiteBehavior [ RunTime:0.000035s ]
INFO: [ app_init ] --END-- [ RunTime:0.000780s ]
INFO: [ app_begin ] --START--
INFO: Run Behavior\ReadHtmlCacheBehavior [ RunTime:0.001267s ]
INFO: [ app_begin ] --END-- [ RunTime:0.001459s ]
ERR: 无法加载控制器:Home

[ 2016-12-03T11:29:20+08:00 ] 127.0.0.1 /CampusAlliance/Public/Home/js/jquery-2.2.4.min.js
INFO: [ app_init ] --START--
INFO: Run Behavior\BuildLiteBehavior [ RunTime:0.000035s ]
INFO: [ app_init ] --END-- [ RunTime:0.000764s ]
INFO: [ app_begin ] --START--
INFO: Run Behavior\ReadHtmlCacheBehavior [ RunTime:0.001225s ]
INFO: [ app_begin ] --END-- [ RunTime:0.001380s ]
ERR: 无法加载控制器:Home

[ 2016-12-03T11:29:32+08:00 ] 127.0.0.1 /CampusAlliance/Public/Home/js/jquery-2.2.4.min.js
INFO: [ app_init ] --START--
INFO: Run Behavior\BuildLiteBehavior [ RunTime:0.000036s ]
INFO: [ app_init ] --END-- [ RunTime:0.000750s ]
INFO: [ app_begin ] --START--
INFO: Run Behavior\ReadHtmlCacheBehavior [ RunTime:0.001154s ]
INFO: [ app_begin ] --END-- [ RunTime:0.001308s ]
ERR: 无法加载控制器:Home

[ 2016-12-03T11:29:57+08:00 ] 127.0.0.1 /CampusAlliance/Public/Home/js/jquery-2.2.4.min.js
INFO: [ app_init ] --START--
INFO: Run Behavior\BuildLiteBehavior [ RunTime:0.000035s ]
INFO: [ app_init ] --END-- [ RunTime:0.000746s ]
INFO: [ app_begin ] --START--
INFO: Run Behavior\ReadHtmlCacheBehavior [ RunTime:0.001536s ]
INFO: [ app_begin ] --END-- [ RunTime:0.001718s ]
ERR: 无法加载控制器:Home

[ 2016-12-03T11:30:09+08:00 ] 127.0.0.1 /CampusAlliance/Public/Home/js/jquery-2.2.4.min.js
INFO: [ app_init ] --START--
INFO: Run Behavior\BuildLiteBehavior [ RunTime:0.000034s ]
INFO: [ app_init ] --END-- [ RunTime:0.000745s ]
INFO: [ app_begin ] --START--
INFO: Run Behavior\ReadHtmlCacheBehavior [ RunTime:0.002137s ]
INFO: [ app_begin ] --END-- [ RunTime:0.002308s ]
ERR: 无法加载控制器:Home

[ 2016-12-03T11:30:28+08:00 ] 127.0.0.1 /CampusAlliance/Public/Home/js/jquery-2.2.4.min.js
INFO: [ app_init ] --START--
INFO: Run Behavior\BuildLiteBehavior [ RunTime:0.000036s ]
INFO: [ app_init ] --END-- [ RunTime:0.000771s ]
INFO: [ app_begin ] --START--
INFO: Run Behavior\ReadHtmlCacheBehavior [ RunTime:0.001407s ]
INFO: [ app_begin ] --END-- [ RunTime:0.001623s ]
ERR: 无法加载控制器:Home

[ 2016-12-03T11:31:16+08:00 ] 127.0.0.1 /CampusAlliance/Public/Home/js/jquery-2.2.4.min.js
INFO: [ app_init ] --START--
INFO: Run Behavior\BuildLiteBehavior [ RunTime:0.000036s ]
INFO: [ app_init ] --END-- [ RunTime:0.000746s ]
INFO: [ app_begin ] --START--
INFO: Run Behavior\ReadHtmlCacheBehavior [ RunTime:0.001361s ]
INFO: [ app_begin ] --END-- [ RunTime:0.001549s ]
ERR: 无法加载控制器:Home

[ 2016-12-03T11:31:33+08:00 ] 127.0.0.1 /CampusAlliance/Public/Home/js/jquery-2.2.4.min.js
INFO: [ app_init ] --START--
INFO: Run Behavior\BuildLiteBehavior [ RunTime:0.000038s ]
INFO: [ app_init ] --END-- [ RunTime:0.000836s ]
INFO: [ app_begin ] --START--
INFO: Run Behavior\ReadHtmlCacheBehavior [ RunTime:0.001970s ]
INFO: [ app_begin ] --END-- [ RunTime:0.002213s ]
ERR: 无法加载控制器:Home

[ 2016-12-03T11:33:20+08:00 ] 127.0.0.1 /CampusAlliance/Public/Home/js/jquery-2.2.4.min.js
INFO: [ app_init ] --START--
INFO: Run Behavior\BuildLiteBehavior [ RunTime:0.000043s ]
INFO: [ app_init ] --END-- [ RunTime:0.000828s ]
INFO: [ app_begin ] --START--
INFO: Run Behavior\ReadHtmlCacheBehavior [ RunTime:0.001258s ]
INFO: [ app_begin ] --END-- [ RunTime:0.001420s ]
ERR: 无法加载控制器:Home

[ 2016-12-03T11:34:29+08:00 ] 127.0.0.1 /CampusAlliance/Public/Home/js/jquery-2.2.4.min.js
INFO: [ app_init ] --START--
INFO: Run Behavior\BuildLiteBehavior [ RunTime:0.000110s ]
INFO: [ app_init ] --END-- [ RunTime:0.002001s ]
INFO: [ app_begin ] --START--
INFO: Run Behavior\ReadHtmlCacheBehavior [ RunTime:0.001549s ]
INFO: [ app_begin ] --END-- [ RunTime:0.001740s ]
ERR: 无法加载控制器:Home

[ 2016-12-03T11:34:54+08:00 ] 127.0.0.1 /CampusAlliance/Public/Home/js/jquery-2.2.4.min.js
INFO: [ app_init ] --START--
INFO: Run Behavior\BuildLiteBehavior [ RunTime:0.000035s ]
INFO: [ app_init ] --END-- [ RunTime:0.000764s ]
INFO: [ app_begin ] --START--
INFO: Run Behavior\ReadHtmlCacheBehavior [ RunTime:0.001273s ]
INFO: [ app_begin ] --END-- [ RunTime:0.001441s ]
ERR: 无法加载控制器:Home

[ 2016-12-03T11:35:36+08:00 ] 127.0.0.1 /CampusAlliance/Public/Home/js/jquery-2.2.4.min.js
INFO: [ app_init ] --START--
INFO: Run Behavior\BuildLiteBehavior [ RunTime:0.000035s ]
INFO: [ app_init ] --END-- [ RunTime:0.000770s ]
INFO: [ app_begin ] --START--
INFO: Run Behavior\ReadHtmlCacheBehavior [ RunTime:0.001219s ]
INFO: [ app_begin ] --END-- [ RunTime:0.001377s ]
ERR: 无法加载控制器:Home

[ 2016-12-03T11:35:38+08:00 ] 127.0.0.1 /CampusAlliance/Public/Home/js/jquery-2.2.4.min.js
INFO: [ app_init ] --START--
INFO: Run Behavior\BuildLiteBehavior [ RunTime:0.000036s ]
INFO: [ app_init ] --END-- [ RunTime:0.000860s ]
INFO: [ app_begin ] --START--
INFO: Run Behavior\ReadHtmlCacheBehavior [ RunTime:0.001764s ]
INFO: [ app_begin ] --END-- [ RunTime:0.002041s ]
ERR: 无法加载控制器:Home

[ 2016-12-03T11:35:39+08:00 ] 127.0.0.1 /CampusAlliance/Public/Home/js/jquery-2.2.4.min.js
INFO: [ app_init ] --START--
INFO: Run Behavior\BuildLiteBehavior [ RunTime:0.000071s ]
INFO: [ app_init ] --END-- [ RunTime:0.000971s ]
INFO: [ app_begin ] --START--
INFO: Run Behavior\ReadHtmlCacheBehavior [ RunTime:0.001402s ]
INFO: [ app_begin ] --END-- [ RunTime:0.001562s ]
ERR: 无法加载控制器:Home

[ 2016-12-03T11:36:46+08:00 ] 127.0.0.1 /CampusAlliance/Public/Home/js/jquery-2.2.4.min.js
INFO: [ app_init ] --START--
INFO: Run Behavior\BuildLiteBehavior [ RunTime:0.000034s ]
INFO: [ app_init ] --END-- [ RunTime:0.000778s ]
INFO: [ app_begin ] --START--
INFO: Run Behavior\ReadHtmlCacheBehavior [ RunTime:0.001251s ]
INFO: [ app_begin ] --END-- [ RunTime:0.001408s ]
ERR: 无法加载控制器:Home

[ 2016-12-03T11:37:18+08:00 ] 127.0.0.1 /CampusAlliance/Public/Home/js/jquery-2.2.4.min.js
INFO: [ app_init ] --START--
INFO: Run Behavior\BuildLiteBehavior [ RunTime:0.000036s ]
INFO: [ app_init ] --END-- [ RunTime:0.000762s ]
INFO: [ app_begin ] --START--
INFO: Run Behavior\ReadHtmlCacheBehavior [ RunTime:0.001312s ]
INFO: [ app_begin ] --END-- [ RunTime:0.001472s ]
ERR: 无法加载控制器:Home

[ 2016-12-03T11:37:19+08:00 ] 127.0.0.1 /CampusAlliance/Public/Home/js/jquery-2.2.4.min.js
INFO: [ app_init ] --START--
INFO: Run Behavior\BuildLiteBehavior [ RunTime:0.000034s ]
INFO: [ app_init ] --END-- [ RunTime:0.000784s ]
INFO: [ app_begin ] --START--
INFO: Run Behavior\ReadHtmlCacheBehavior [ RunTime:0.001386s ]
INFO: [ app_begin ] --END-- [ RunTime:0.001599s ]
ERR: 无法加载控制器:Home

[ 2016-12-03T11:37:19+08:00 ] 127.0.0.1 /CampusAlliance/Public/Home/js/jquery-2.2.4.min.js
INFO: [ app_init ] --START--
INFO: Run Behavior\BuildLiteBehavior [ RunTime:0.000036s ]
INFO: [ app_init ] --END-- [ RunTime:0.000810s ]
INFO: [ app_begin ] --START--
INFO: Run Behavior\ReadHtmlCacheBehavior [ RunTime:0.001174s ]
INFO: [ app_begin ] --END-- [ RunTime:0.001341s ]
ERR: 无法加载控制器:Home

[ 2016-12-03T11:37:38+08:00 ] 127.0.0.1 /CampusAlliance/Public/Home/js/jquery-2.2.4.min.js
INFO: [ app_init ] --START--
INFO: Run Behavior\BuildLiteBehavior [ RunTime:0.000035s ]
INFO: [ app_init ] --END-- [ RunTime:0.000722s ]
INFO: [ app_begin ] --START--
INFO: Run Behavior\ReadHtmlCacheBehavior [ RunTime:0.001814s ]
INFO: [ app_begin ] --END-- [ RunTime:0.001986s ]
ERR: 无法加载控制器:Home

[ 2016-12-03T11:38:24+08:00 ] 127.0.0.1 /CampusAlliance/Public/Home/js/jquery-2.2.4.min.js
INFO: [ app_init ] --START--
INFO: Run Behavior\BuildLiteBehavior [ RunTime:0.000035s ]
INFO: [ app_init ] --END-- [ RunTime:0.000759s ]
INFO: [ app_begin ] --START--
INFO: Run Behavior\ReadHtmlCacheBehavior [ RunTime:0.001200s ]
INFO: [ app_begin ] --END-- [ RunTime:0.001357s ]
ERR: 无法加载控制器:Home

[ 2016-12-03T11:38:25+08:00 ] 127.0.0.1 /CampusAlliance/Public/Home/js/jquery-2.2.4.min.js
INFO: [ app_init ] --START--
INFO: Run Behavior\BuildLiteBehavior [ RunTime:0.000094s ]
INFO: [ app_init ] --END-- [ RunTime:0.001392s ]
INFO: [ app_begin ] --START--
INFO: Run Behavior\ReadHtmlCacheBehavior [ RunTime:0.001397s ]
INFO: [ app_begin ] --END-- [ RunTime:0.001608s ]
ERR: 无法加载控制器:Home

[ 2016-12-03T11:38:25+08:00 ] 127.0.0.1 /CampusAlliance/Public/Home/js/jquery-2.2.4.min.js
INFO: [ app_init ] --START--
INFO: Run Behavior\BuildLiteBehavior [ RunTime:0.000036s ]
INFO: [ app_init ] --END-- [ RunTime:0.000929s ]
INFO: [ app_begin ] --START--
INFO: Run Behavior\ReadHtmlCacheBehavior [ RunTime:0.002389s ]
INFO: [ app_begin ] --END-- [ RunTime:0.002703s ]
ERR: 无法加载控制器:Home

[ 2016-12-03T11:38:26+08:00 ] 127.0.0.1 /CampusAlliance/Public/Home/js/jquery-2.2.4.min.js
INFO: [ app_init ] --START--
INFO: Run Behavior\BuildLiteBehavior [ RunTime:0.000052s ]
INFO: [ app_init ] --END-- [ RunTime:0.000907s ]
INFO: [ app_begin ] --START--
INFO: Run Behavior\ReadHtmlCacheBehavior [ RunTime:0.001475s ]
INFO: [ app_begin ] --END-- [ RunTime:0.001705s ]
ERR: 无法加载控制器:Home

[ 2016-12-03T11:38:26+08:00 ] 127.0.0.1 /CampusAlliance/Public/Home/js/jquery-2.2.4.min.js
INFO: [ app_init ] --START--
INFO: Run Behavior\BuildLiteBehavior [ RunTime:0.000035s ]
INFO: [ app_init ] --END-- [ RunTime:0.000748s ]
INFO: [ app_begin ] --START--
INFO: Run Behavior\ReadHtmlCacheBehavior [ RunTime:0.001205s ]
INFO: [ app_begin ] --END-- [ RunTime:0.001362s ]
ERR: 无法加载控制器:Home

[ 2016-12-03T11:38:26+08:00 ] 127.0.0.1 /CampusAlliance/Public/Home/js/jquery-2.2.4.min.js
INFO: [ app_init ] --START--
INFO: Run Behavior\BuildLiteBehavior [ RunTime:0.000052s ]
INFO: [ app_init ] --END-- [ RunTime:0.001052s ]
INFO: [ app_begin ] --START--
INFO: Run Behavior\ReadHtmlCacheBehavior [ RunTime:0.001385s ]
INFO: [ app_begin ] --END-- [ RunTime:0.001563s ]
ERR: 无法加载控制器:Home

[ 2016-12-03T11:38:27+08:00 ] 127.0.0.1 /CampusAlliance/Public/Home/js/jquery-2.2.4.min.js
INFO: [ app_init ] --START--
INFO: Run Behavior\BuildLiteBehavior [ RunTime:0.000062s ]
INFO: [ app_init ] --END-- [ RunTime:0.001602s ]
INFO: [ app_begin ] --START--
INFO: Run Behavior\ReadHtmlCacheBehavior [ RunTime:0.001333s ]
INFO: [ app_begin ] --END-- [ RunTime:0.001518s ]
ERR: 无法加载控制器:Home

