[ 2016-11-27T15:46:12+08:00 ] 127.0.0.1 /CampusAlliance/Public/Home/css/bootstrap.css.map
INFO: [ app_init ] --START--
INFO: Run Behavior\BuildLiteBehavior [ RunTime:0.000037s ]
INFO: [ app_init ] --END-- [ RunTime:0.000961s ]
INFO: [ app_begin ] --START--
INFO: Run Behavior\ReadHtmlCacheBehavior [ RunTime:0.002300s ]
INFO: [ app_begin ] --END-- [ RunTime:0.002528s ]
ERR: 无法加载控制器:Home

[ 2016-11-27T15:47:54+08:00 ] 127.0.0.1 /CampusAlliance/Public/Home/css/bootstrap.css.map
INFO: [ app_init ] --START--
INFO: Run Behavior\BuildLiteBehavior [ RunTime:0.000059s ]
INFO: [ app_init ] --END-- [ RunTime:0.001578s ]
INFO: [ app_begin ] --START--
INFO: Run Behavior\ReadHtmlCacheBehavior [ RunTime:0.002289s ]
INFO: [ app_begin ] --END-- [ RunTime:0.002490s ]
ERR: 无法加载控制器:Home

[ 2016-11-27T15:51:00+08:00 ] 127.0.0.1 /CampusAlliance/Public/Home/css/bootstrap.css.map
INFO: [ app_init ] --START--
INFO: Run Behavior\BuildLiteBehavior [ RunTime:0.000040s ]
INFO: [ app_init ] --END-- [ RunTime:0.001129s ]
INFO: [ app_begin ] --START--
INFO: Run Behavior\ReadHtmlCacheBehavior [ RunTime:0.002621s ]
INFO: [ app_begin ] --END-- [ RunTime:0.002887s ]
ERR: 无法加载控制器:Home

[ 2016-11-27T15:51:37+08:00 ] 127.0.0.1 /CampusAlliance/Public/Home/css/bootstrap.css.map
INFO: [ app_init ] --START--
INFO: Run Behavior\BuildLiteBehavior [ RunTime:0.000050s ]
INFO: [ app_init ] --END-- [ RunTime:0.000980s ]
INFO: [ app_begin ] --START--
INFO: Run Behavior\ReadHtmlCacheBehavior [ RunTime:0.002742s ]
INFO: [ app_begin ] --END-- [ RunTime:0.003087s ]
ERR: 无法加载控制器:Home

[ 2016-11-27T15:52:08+08:00 ] 127.0.0.1 /CampusAlliance/Public/Home/css/bootstrap.css.map
INFO: [ app_init ] --START--
INFO: Run Behavior\BuildLiteBehavior [ RunTime:0.000038s ]
INFO: [ app_init ] --END-- [ RunTime:0.001051s ]
INFO: [ app_begin ] --START--
INFO: Run Behavior\ReadHtmlCacheBehavior [ RunTime:0.002321s ]
INFO: [ app_begin ] --END-- [ RunTime:0.002640s ]
ERR: 无法加载控制器:Home

[ 2016-11-27T15:52:48+08:00 ] 127.0.0.1 /CampusAlliance/Public/Home/css/bootstrap.css.map
INFO: [ app_init ] --START--
INFO: Run Behavior\BuildLiteBehavior [ RunTime:0.000063s ]
INFO: [ app_init ] --END-- [ RunTime:0.001527s ]
INFO: [ app_begin ] --START--
INFO: Run Behavior\ReadHtmlCacheBehavior [ RunTime:0.002065s ]
INFO: [ app_begin ] --END-- [ RunTime:0.002378s ]
ERR: 无法加载控制器:Home

[ 2016-11-27T15:53:54+08:00 ] 127.0.0.1 /CampusAlliance/Public/Home/css/bootstrap.css.map
INFO: [ app_init ] --START--
INFO: Run Behavior\BuildLiteBehavior [ RunTime:0.000040s ]
INFO: [ app_init ] --END-- [ RunTime:0.001410s ]
INFO: [ app_begin ] --START--
INFO: Run Behavior\ReadHtmlCacheBehavior [ RunTime:0.003031s ]
INFO: [ app_begin ] --END-- [ RunTime:0.003320s ]
ERR: 无法加载控制器:Home

[ 2016-11-27T15:54:59+08:00 ] 127.0.0.1 /CampusAlliance/Public/Home/css/bootstrap.css.map
INFO: [ app_init ] --START--
INFO: Run Behavior\BuildLiteBehavior [ RunTime:0.000057s ]
INFO: [ app_init ] --END-- [ RunTime:0.001239s ]
INFO: [ app_begin ] --START--
INFO: Run Behavior\ReadHtmlCacheBehavior [ RunTime:0.002110s ]
INFO: [ app_begin ] --END-- [ RunTime:0.002416s ]
ERR: 无法加载控制器:Home

[ 2016-11-27T15:58:35+08:00 ] 127.0.0.1 /CampusAlliance/Public/Home/css/bootstrap.css.map
INFO: [ app_init ] --START--
INFO: Run Behavior\BuildLiteBehavior [ RunTime:0.000039s ]
INFO: [ app_init ] --END-- [ RunTime:0.000969s ]
INFO: [ app_begin ] --START--
INFO: Run Behavior\ReadHtmlCacheBehavior [ RunTime:0.002223s ]
INFO: [ app_begin ] --END-- [ RunTime:0.002564s ]
ERR: 无法加载控制器:Home

[ 2016-11-27T15:59:42+08:00 ] 127.0.0.1 /CampusAlliance/Public/Home/css/bootstrap.css.map
INFO: [ app_init ] --START--
INFO: Run Behavior\BuildLiteBehavior [ RunTime:0.000060s ]
INFO: [ app_init ] --END-- [ RunTime:0.001742s ]
INFO: [ app_begin ] --START--
INFO: Run Behavior\ReadHtmlCacheBehavior [ RunTime:0.002853s ]
INFO: [ app_begin ] --END-- [ RunTime:0.003158s ]
ERR: 无法加载控制器:Home

[ 2016-11-27T16:00:05+08:00 ] 127.0.0.1 /CampusAlliance/Public/Home/css/bootstrap.css.map
INFO: [ app_init ] --START--
INFO: Run Behavior\BuildLiteBehavior [ RunTime:0.000044s ]
INFO: [ app_init ] --END-- [ RunTime:0.001012s ]
INFO: [ app_begin ] --START--
INFO: Run Behavior\ReadHtmlCacheBehavior [ RunTime:0.001929s ]
INFO: [ app_begin ] --END-- [ RunTime:0.002180s ]
ERR: 无法加载控制器:Home

[ 2016-11-27T16:00:41+08:00 ] 127.0.0.1 /CampusAlliance/Public/Home/css/bootstrap.css.map
INFO: [ app_init ] --START--
INFO: Run Behavior\BuildLiteBehavior [ RunTime:0.000038s ]
INFO: [ app_init ] --END-- [ RunTime:0.000823s ]
INFO: [ app_begin ] --START--
INFO: Run Behavior\ReadHtmlCacheBehavior [ RunTime:0.001281s ]
INFO: [ app_begin ] --END-- [ RunTime:0.001464s ]
ERR: 无法加载控制器:Home

[ 2016-11-27T16:01:00+08:00 ] 127.0.0.1 /CampusAlliance/Public/Home/css/bootstrap.css.map
INFO: [ app_init ] --START--
INFO: Run Behavior\BuildLiteBehavior [ RunTime:0.000054s ]
INFO: [ app_init ] --END-- [ RunTime:0.001394s ]
INFO: [ app_begin ] --START--
INFO: Run Behavior\ReadHtmlCacheBehavior [ RunTime:0.002157s ]
INFO: [ app_begin ] --END-- [ RunTime:0.002470s ]
ERR: 无法加载控制器:Home

[ 2016-11-27T16:01:14+08:00 ] 127.0.0.1 /CampusAlliance/Public/Home/css/bootstrap.css.map
INFO: [ app_init ] --START--
INFO: Run Behavior\BuildLiteBehavior [ RunTime:0.000052s ]
INFO: [ app_init ] --END-- [ RunTime:0.001071s ]
INFO: [ app_begin ] --START--
INFO: Run Behavior\ReadHtmlCacheBehavior [ RunTime:0.003275s ]
INFO: [ app_begin ] --END-- [ RunTime:0.003543s ]
ERR: 无法加载控制器:Home

[ 2016-11-27T16:01:41+08:00 ] 127.0.0.1 /CampusAlliance/Public/Home/css/bootstrap.css.map
INFO: [ app_init ] --START--
INFO: Run Behavior\BuildLiteBehavior [ RunTime:0.000054s ]
INFO: [ app_init ] --END-- [ RunTime:0.000936s ]
INFO: [ app_begin ] --START--
INFO: Run Behavior\ReadHtmlCacheBehavior [ RunTime:0.001816s ]
INFO: [ app_begin ] --END-- [ RunTime:0.002053s ]
ERR: 无法加载控制器:Home

[ 2016-11-27T16:03:07+08:00 ] 127.0.0.1 /CampusAlliance/Public/Home/css/bootstrap.css.map
INFO: [ app_init ] --START--
INFO: Run Behavior\BuildLiteBehavior [ RunTime:0.000061s ]
INFO: [ app_init ] --END-- [ RunTime:0.001219s ]
INFO: [ app_begin ] --START--
INFO: Run Behavior\ReadHtmlCacheBehavior [ RunTime:0.003064s ]
INFO: [ app_begin ] --END-- [ RunTime:0.003384s ]
ERR: 无法加载控制器:Home

[ 2016-11-27T16:03:42+08:00 ] 127.0.0.1 /CampusAlliance/Public/Home/css/bootstrap.css.map
INFO: [ app_init ] --START--
INFO: Run Behavior\BuildLiteBehavior [ RunTime:0.000040s ]
INFO: [ app_init ] --END-- [ RunTime:0.000907s ]
INFO: [ app_begin ] --START--
INFO: Run Behavior\ReadHtmlCacheBehavior [ RunTime:0.002003s ]
INFO: [ app_begin ] --END-- [ RunTime:0.002324s ]
ERR: 无法加载控制器:Home

[ 2016-11-27T16:04:08+08:00 ] 127.0.0.1 /CampusAlliance/Public/Home/css/bootstrap.css.map
INFO: [ app_init ] --START--
INFO: Run Behavior\BuildLiteBehavior [ RunTime:0.000058s ]
INFO: [ app_init ] --END-- [ RunTime:0.001273s ]
INFO: [ app_begin ] --START--
INFO: Run Behavior\ReadHtmlCacheBehavior [ RunTime:0.001898s ]
INFO: [ app_begin ] --END-- [ RunTime:0.002205s ]
ERR: 无法加载控制器:Home

[ 2016-11-27T18:55:11+08:00 ] 127.0.0.1 /CampusAlliance/Public/Home/images/adr.png
INFO: [ app_init ] --START--
INFO: Run Behavior\BuildLiteBehavior [ RunTime:0.000038s ]
INFO: [ app_init ] --END-- [ RunTime:0.000777s ]

[ 2016-11-27T18:55:11+08:00 ] 127.0.0.1 /CampusAlliance/Public/Home/images/icon.png
INFO: [ app_init ] --START--
INFO: Run Behavior\BuildLiteBehavior [ RunTime:0.000040s ]
INFO: [ app_init ] --END-- [ RunTime:0.000984s ]

[ 2016-11-27T19:15:24+08:00 ] 127.0.0.1 /CampusAlliance/Public/Home/css/bootstrap.css.map
INFO: [ app_init ] --START--
INFO: Run Behavior\BuildLiteBehavior [ RunTime:0.000037s ]
INFO: [ app_init ] --END-- [ RunTime:0.000751s ]
INFO: [ app_begin ] --START--
INFO: Run Behavior\ReadHtmlCacheBehavior [ RunTime:0.001319s ]
INFO: [ app_begin ] --END-- [ RunTime:0.001518s ]
ERR: 无法加载控制器:Home

[ 2016-11-27T19:16:25+08:00 ] 127.0.0.1 /CampusAlliance/Public/Home/css/bootstrap.css.map
INFO: [ app_init ] --START--
INFO: Run Behavior\BuildLiteBehavior [ RunTime:0.000038s ]
INFO: [ app_init ] --END-- [ RunTime:0.000923s ]
INFO: [ app_begin ] --START--
INFO: Run Behavior\ReadHtmlCacheBehavior [ RunTime:0.002459s ]
INFO: [ app_begin ] --END-- [ RunTime:0.002725s ]
ERR: 无法加载控制器:Home

[ 2016-11-27T19:16:29+08:00 ] 127.0.0.1 /CampusAlliance/Public/Home/css/bootstrap.css.map
INFO: [ app_init ] --START--
INFO: Run Behavior\BuildLiteBehavior [ RunTime:0.000126s ]
INFO: [ app_init ] --END-- [ RunTime:0.005509s ]
INFO: [ app_begin ] --START--
INFO: Run Behavior\ReadHtmlCacheBehavior [ RunTime:0.003859s ]
INFO: [ app_begin ] --END-- [ RunTime:0.004472s ]
ERR: 无法加载控制器:Home

[ 2016-11-27T19:16:30+08:00 ] 127.0.0.1 /CampusAlliance/Public/Home/js/jquery.min.map
INFO: [ app_init ] --START--
INFO: Run Behavior\BuildLiteBehavior [ RunTime:0.000072s ]
INFO: [ app_init ] --END-- [ RunTime:0.001682s ]
INFO: [ app_begin ] --START--
INFO: Run Behavior\ReadHtmlCacheBehavior [ RunTime:0.002769s ]
INFO: [ app_begin ] --END-- [ RunTime:0.003197s ]
ERR: 无法加载控制器:Home

[ 2016-11-27T19:18:47+08:00 ] 127.0.0.1 /CampusAlliance/Public/Home/js/jquery.min.map
INFO: [ app_init ] --START--
INFO: Run Behavior\BuildLiteBehavior [ RunTime:0.000037s ]
INFO: [ app_init ] --END-- [ RunTime:0.001211s ]
INFO: [ app_begin ] --START--
INFO: Run Behavior\ReadHtmlCacheBehavior [ RunTime:0.001861s ]
INFO: [ app_begin ] --END-- [ RunTime:0.002056s ]
ERR: 无法加载控制器:Home

[ 2016-11-27T19:58:07+08:00 ] 127.0.0.1 /CampusAlliance/Public/Home/images/1.jpg
INFO: [ app_init ] --START--
INFO: Run Behavior\BuildLiteBehavior [ RunTime:0.000067s ]
INFO: [ app_init ] --END-- [ RunTime:0.002028s ]

[ 2016-11-27T19:59:00+08:00 ] 127.0.0.1 /CampusAlliance/Public/Home/css/bootstrap.css.map
INFO: [ app_init ] --START--
INFO: Run Behavior\BuildLiteBehavior [ RunTime:0.000042s ]
INFO: [ app_init ] --END-- [ RunTime:0.010413s ]
INFO: [ app_begin ] --START--
INFO: Run Behavior\ReadHtmlCacheBehavior [ RunTime:0.014463s ]
INFO: [ app_begin ] --END-- [ RunTime:0.014667s ]
ERR: 无法加载控制器:Home

[ 2016-11-27T19:59:26+08:00 ] 127.0.0.1 /CampusAlliance/Public/Home/css/bootstrap.css.map
INFO: [ app_init ] --START--
INFO: Run Behavior\BuildLiteBehavior [ RunTime:0.000040s ]
INFO: [ app_init ] --END-- [ RunTime:0.001005s ]
INFO: [ app_begin ] --START--
INFO: Run Behavior\ReadHtmlCacheBehavior [ RunTime:0.001738s ]
INFO: [ app_begin ] --END-- [ RunTime:0.001935s ]
ERR: 无法加载控制器:Home

