[ 2016-11-21T23:11:24+08:00 ] 127.0.0.1 /CampusAlliance/Public/Home/userphoto/2
INFO: [ app_init ] --START--
INFO: Run Behavior\BuildLiteBehavior [ RunTime:0.000068s ]
INFO: [ app_init ] --END-- [ RunTime:0.002089s ]
INFO: [ app_begin ] --START--
INFO: Run Behavior\ReadHtmlCacheBehavior [ RunTime:0.002171s ]
INFO: [ app_begin ] --END-- [ RunTime:0.002399s ]
ERR: 无法加载控制器:Home

[ 2016-11-21T23:11:24+08:00 ] 127.0.0.1 /CampusAlliance/Public/Home/userphoto/1
INFO: [ app_init ] --START--
INFO: Run Behavior\BuildLiteBehavior [ RunTime:0.000053s ]
INFO: [ app_init ] --END-- [ RunTime:0.001364s ]
INFO: [ app_begin ] --START--
INFO: Run Behavior\ReadHtmlCacheBehavior [ RunTime:0.002828s ]
INFO: [ app_begin ] --END-- [ RunTime:0.003092s ]
ERR: 无法加载控制器:Home

[ 2016-11-21T23:11:24+08:00 ] 127.0.0.1 /CampusAlliance/Public/Home/userphoto/m
INFO: [ app_init ] --START--
INFO: Run Behavior\BuildLiteBehavior [ RunTime:0.000050s ]
INFO: [ app_init ] --END-- [ RunTime:0.001757s ]
INFO: [ app_begin ] --START--
INFO: Run Behavior\ReadHtmlCacheBehavior [ RunTime:0.002668s ]
INFO: [ app_begin ] --END-- [ RunTime:0.003056s ]
ERR: 无法加载控制器:Home

[ 2016-11-21T23:11:26+08:00 ] 127.0.0.1 /CampusAlliance/Public/Home/userphoto/m
INFO: [ app_init ] --START--
INFO: Run Behavior\BuildLiteBehavior [ RunTime:0.000064s ]
INFO: [ app_init ] --END-- [ RunTime:0.001237s ]
INFO: [ app_begin ] --START--
INFO: Run Behavior\ReadHtmlCacheBehavior [ RunTime:0.001946s ]
INFO: [ app_begin ] --END-- [ RunTime:0.002281s ]
ERR: 无法加载控制器:Home

[ 2016-11-21T23:11:26+08:00 ] 127.0.0.1 /CampusAlliance/Public/Home/userphoto/2
INFO: [ app_init ] --START--
INFO: Run Behavior\BuildLiteBehavior [ RunTime:0.000064s ]
INFO: [ app_init ] --END-- [ RunTime:0.001583s ]
INFO: [ app_begin ] --START--
INFO: Run Behavior\ReadHtmlCacheBehavior [ RunTime:0.006484s ]
INFO: [ app_begin ] --END-- [ RunTime:0.006800s ]
ERR: 无法加载控制器:Home

[ 2016-11-21T23:11:26+08:00 ] 127.0.0.1 /CampusAlliance/Public/Home/userphoto/1
INFO: [ app_init ] --START--
INFO: Run Behavior\BuildLiteBehavior [ RunTime:0.000041s ]
INFO: [ app_init ] --END-- [ RunTime:0.001349s ]
INFO: [ app_begin ] --START--
INFO: Run Behavior\ReadHtmlCacheBehavior [ RunTime:0.002204s ]
INFO: [ app_begin ] --END-- [ RunTime:0.002446s ]
ERR: 无法加载控制器:Home

