[ 2016-12-23T16:19:28+08:00 ] 127.0.0.1 /Campus/Public/Home/uploads/recmdphoto/defaults.jpg
INFO: [ app_init ] --START--
INFO: Run Behavior\BuildLiteBehavior [ RunTime:0.000063s ]
INFO: [ app_init ] --END-- [ RunTime:0.001209s ]

[ 2016-12-23T16:19:33+08:00 ] 127.0.0.1 /Campus/Public/Home/uploads/recmdphoto/defaults.jpg
INFO: [ app_init ] --START--
INFO: Run Behavior\BuildLiteBehavior [ RunTime:0.000057s ]
INFO: [ app_init ] --END-- [ RunTime:0.001214s ]

[ 2016-12-23T16:19:40+08:00 ] 127.0.0.1 /Campus/Public/Home/uploads/recmdphoto/defaults.jpg
INFO: [ app_init ] --START--
INFO: Run Behavior\BuildLiteBehavior [ RunTime:0.000061s ]
INFO: [ app_init ] --END-- [ RunTime:0.001190s ]

[ 2016-12-23T16:20:03+08:00 ] 127.0.0.1 /Campus/Public/Home/uploads/recmdphoto/defaults.jpg
INFO: [ app_init ] --START--
INFO: Run Behavior\BuildLiteBehavior [ RunTime:0.000058s ]
INFO: [ app_init ] --END-- [ RunTime:0.001105s ]

[ 2016-12-23T16:20:05+08:00 ] 127.0.0.1 /Campus/Public/Home/uploads/recmdphoto/defaults.jpg
INFO: [ app_init ] --START--
INFO: Run Behavior\BuildLiteBehavior [ RunTime:0.000064s ]
INFO: [ app_init ] --END-- [ RunTime:0.001231s ]

[ 2016-12-23T16:20:15+08:00 ] 127.0.0.1 /Campus/Public/Home/uploads/recmdphoto/defaults.jpg
INFO: [ app_init ] --START--
INFO: Run Behavior\BuildLiteBehavior [ RunTime:0.000044s ]
INFO: [ app_init ] --END-- [ RunTime:0.000947s ]

[ 2016-12-23T16:23:19+08:00 ] 127.0.0.1 /Campus/Public/Home/uploads/recmdphoto/defaults.jpg
INFO: [ app_init ] --START--
INFO: Run Behavior\BuildLiteBehavior [ RunTime:0.000065s ]
INFO: [ app_init ] --END-- [ RunTime:0.002148s ]

[ 2016-12-23T16:43:51+08:00 ] 127.0.0.1 /Campus/Public/Home/uploads/recmdphoto/defaults.jpg
INFO: [ app_init ] --START--
INFO: Run Behavior\BuildLiteBehavior [ RunTime:0.000040s ]
INFO: [ app_init ] --END-- [ RunTime:0.001149s ]

[ 2016-12-23T16:43:54+08:00 ] 127.0.0.1 /Campus/Public/Home/uploads/recmdphoto/defaults.jpg
INFO: [ app_init ] --START--
INFO: Run Behavior\BuildLiteBehavior [ RunTime:0.000061s ]
INFO: [ app_init ] --END-- [ RunTime:0.001202s ]

[ 2016-12-23T16:43:55+08:00 ] 127.0.0.1 /Campus/Public/Home/uploads/recmdphoto/defaults.jpg
INFO: [ app_init ] --START--
INFO: Run Behavior\BuildLiteBehavior [ RunTime:0.000081s ]
INFO: [ app_init ] --END-- [ RunTime:0.001462s ]

[ 2016-12-23T16:45:20+08:00 ] 127.0.0.1 /Campus/Public/Home/uploads/recmdphoto/defaults.jpg
INFO: [ app_init ] --START--
INFO: Run Behavior\BuildLiteBehavior [ RunTime:0.000042s ]
INFO: [ app_init ] --END-- [ RunTime:0.000992s ]

[ 2016-12-23T16:45:34+08:00 ] 127.0.0.1 /Campus/Public/Home/uploads/recmdphoto/defaults.jpg
INFO: [ app_init ] --START--
INFO: Run Behavior\BuildLiteBehavior [ RunTime:0.000071s ]
INFO: [ app_init ] --END-- [ RunTime:0.001308s ]

[ 2016-12-23T20:18:13+08:00 ] 127.0.0.1 /Campus/Public/UCenter/css/safe/images/menu-treeNeck.png
INFO: [ app_init ] --START--
INFO: Run Behavior\BuildLiteBehavior [ RunTime:0.000147s ]
INFO: [ app_init ] --END-- [ RunTime:0.001811s ]

[ 2016-12-23T20:18:48+08:00 ] 127.0.0.1 /Campus/Public/UCenter/css/safe/images/menu-treeNeck.png
INFO: [ app_init ] --START--
INFO: Run Behavior\BuildLiteBehavior [ RunTime:0.000075s ]
INFO: [ app_init ] --END-- [ RunTime:0.001534s ]

[ 2016-12-23T20:19:28+08:00 ] 127.0.0.1 /Campus/Public/UCenter/css/safe/images/menu-treeNeck.png
INFO: [ app_init ] --START--
INFO: Run Behavior\BuildLiteBehavior [ RunTime:0.000063s ]
INFO: [ app_init ] --END-- [ RunTime:0.001911s ]

[ 2016-12-23T20:19:44+08:00 ] 127.0.0.1 /Campus/Public/UCenter/css/safe/images/menu-treeNeck.png
INFO: [ app_init ] --START--
INFO: Run Behavior\BuildLiteBehavior [ RunTime:0.000154s ]
INFO: [ app_init ] --END-- [ RunTime:0.004560s ]

[ 2016-12-23T20:20:06+08:00 ] 127.0.0.1 /Campus/Public/UCenter/css/safe/images/menu-treeNeck.png
INFO: [ app_init ] --START--
INFO: Run Behavior\BuildLiteBehavior [ RunTime:0.000051s ]
INFO: [ app_init ] --END-- [ RunTime:0.001769s ]

[ 2016-12-23T20:20:17+08:00 ] 127.0.0.1 /Campus/Public/Home/css/bootstrap.css.map
INFO: [ app_init ] --START--
INFO: Run Behavior\BuildLiteBehavior [ RunTime:0.000059s ]
INFO: [ app_init ] --END-- [ RunTime:0.001320s ]
INFO: [ app_begin ] --START--
INFO: Run Behavior\ReadHtmlCacheBehavior [ RunTime:0.001307s ]
INFO: [ app_begin ] --END-- [ RunTime:0.001486s ]
ERR: 无法加载控制器:Home

[ 2016-12-23T20:20:30+08:00 ] 127.0.0.1 /Campus/Public/UCenter/css/safe/images/menu-treeNeck.png
INFO: [ app_init ] --START--
INFO: Run Behavior\BuildLiteBehavior [ RunTime:0.000060s ]
INFO: [ app_init ] --END-- [ RunTime:0.001632s ]

[ 2016-12-23T20:20:30+08:00 ] 127.0.0.1 /Campus/Public/Home/css/bootstrap.css.map
INFO: [ app_init ] --START--
INFO: Run Behavior\BuildLiteBehavior [ RunTime:0.000036s ]
INFO: [ app_init ] --END-- [ RunTime:0.000756s ]
INFO: [ app_begin ] --START--
INFO: Run Behavior\ReadHtmlCacheBehavior [ RunTime:0.001426s ]
INFO: [ app_begin ] --END-- [ RunTime:0.001638s ]
ERR: 无法加载控制器:Home

[ 2016-12-23T20:22:32+08:00 ] 127.0.0.1 /Campus/Public/UCenter/css/safe/images/menu-treeNeck.png
INFO: [ app_init ] --START--
INFO: Run Behavior\BuildLiteBehavior [ RunTime:0.000092s ]
INFO: [ app_init ] --END-- [ RunTime:0.003977s ]

[ 2016-12-23T20:22:43+08:00 ] 127.0.0.1 /Campus/Public/UCenter/css/safe/images/menu-treeNeck.png
INFO: [ app_init ] --START--
INFO: Run Behavior\BuildLiteBehavior [ RunTime:0.000062s ]
INFO: [ app_init ] --END-- [ RunTime:0.002376s ]

[ 2016-12-23T20:23:34+08:00 ] 127.0.0.1 /Campus/Public/UCenter/css/safe/images/menu-treeNeck.png
INFO: [ app_init ] --START--
INFO: Run Behavior\BuildLiteBehavior [ RunTime:0.000059s ]
INFO: [ app_init ] --END-- [ RunTime:0.001395s ]

[ 2016-12-23T20:23:55+08:00 ] 127.0.0.1 /Campus/Public/UCenter/css/safe/images/menu-treeNeck.png
INFO: [ app_init ] --START--
INFO: Run Behavior\BuildLiteBehavior [ RunTime:0.000164s ]
INFO: [ app_init ] --END-- [ RunTime:0.001813s ]

[ 2016-12-23T20:25:03+08:00 ] 127.0.0.1 /Campus/Public/UCenter/css/safe/images/menu-treeNeck.png
INFO: [ app_init ] --START--
INFO: Run Behavior\BuildLiteBehavior [ RunTime:0.000102s ]
INFO: [ app_init ] --END-- [ RunTime:0.001855s ]

[ 2016-12-23T20:25:22+08:00 ] 127.0.0.1 /Campus/Public/UCenter/css/safe/images/menu-treeNeck.png
INFO: [ app_init ] --START--
INFO: Run Behavior\BuildLiteBehavior [ RunTime:0.000077s ]
INFO: [ app_init ] --END-- [ RunTime:0.001270s ]

[ 2016-12-23T20:25:38+08:00 ] 127.0.0.1 /Campus/Public/UCenter/css/safe/images/menu-treeNeck.png
INFO: [ app_init ] --START--
INFO: Run Behavior\BuildLiteBehavior [ RunTime:0.000066s ]
INFO: [ app_init ] --END-- [ RunTime:0.003297s ]

[ 2016-12-23T20:25:50+08:00 ] 127.0.0.1 /Campus/Public/UCenter/css/safe/images/menu-treeNeck.png
INFO: [ app_init ] --START--
INFO: Run Behavior\BuildLiteBehavior [ RunTime:0.000036s ]
INFO: [ app_init ] --END-- [ RunTime:0.000837s ]

[ 2016-12-23T20:25:57+08:00 ] 127.0.0.1 /Campus/Public/UCenter/css/safe/images/menu-treeNeck.png
INFO: [ app_init ] --START--
INFO: Run Behavior\BuildLiteBehavior [ RunTime:0.000056s ]
INFO: [ app_init ] --END-- [ RunTime:0.001221s ]

[ 2016-12-23T20:26:05+08:00 ] 127.0.0.1 /Campus/Public/UCenter/css/safe/images/menu-treeNeck.png
INFO: [ app_init ] --START--
INFO: Run Behavior\BuildLiteBehavior [ RunTime:0.000083s ]
INFO: [ app_init ] --END-- [ RunTime:0.002124s ]

[ 2016-12-23T20:26:14+08:00 ] 127.0.0.1 /Campus/Public/UCenter/css/safe/images/menu-treeNeck.png
INFO: [ app_init ] --START--
INFO: Run Behavior\BuildLiteBehavior [ RunTime:0.000058s ]
INFO: [ app_init ] --END-- [ RunTime:0.001261s ]

[ 2016-12-23T20:26:48+08:00 ] 127.0.0.1 /Campus/Public/UCenter/css/safe/images/menu-treeNeck.png
INFO: [ app_init ] --START--
INFO: Run Behavior\BuildLiteBehavior [ RunTime:0.000110s ]
INFO: [ app_init ] --END-- [ RunTime:0.001463s ]

[ 2016-12-23T20:26:54+08:00 ] 127.0.0.1 /Campus/Public/Home/css/bootstrap.css.map
INFO: [ app_init ] --START--
INFO: Run Behavior\BuildLiteBehavior [ RunTime:0.000056s ]
INFO: [ app_init ] --END-- [ RunTime:0.001102s ]
INFO: [ app_begin ] --START--
INFO: Run Behavior\ReadHtmlCacheBehavior [ RunTime:0.001494s ]
INFO: [ app_begin ] --END-- [ RunTime:0.001767s ]
ERR: 无法加载控制器:Home

[ 2016-12-23T20:27:44+08:00 ] 127.0.0.1 /Campus/Public/UCenter/css/safe/images/menu-treeNeck.png
INFO: [ app_init ] --START--
INFO: Run Behavior\BuildLiteBehavior [ RunTime:0.000056s ]
INFO: [ app_init ] --END-- [ RunTime:0.001814s ]

[ 2016-12-23T20:28:06+08:00 ] 127.0.0.1 /Campus/Public/UCenter/css/safe/images/menu-treeNeck.png
INFO: [ app_init ] --START--
INFO: Run Behavior\BuildLiteBehavior [ RunTime:0.000112s ]
INFO: [ app_init ] --END-- [ RunTime:0.002224s ]

[ 2016-12-23T20:28:28+08:00 ] 127.0.0.1 /Campus/Public/UCenter/css/safe/images/menu-treeNeck.png
INFO: [ app_init ] --START--
INFO: Run Behavior\BuildLiteBehavior [ RunTime:0.000065s ]
INFO: [ app_init ] --END-- [ RunTime:0.001984s ]

[ 2016-12-23T20:28:41+08:00 ] 127.0.0.1 /Campus/Public/UCenter/css/safe/images/menu-treeNeck.png
INFO: [ app_init ] --START--
INFO: Run Behavior\BuildLiteBehavior [ RunTime:0.000052s ]
INFO: [ app_init ] --END-- [ RunTime:0.001096s ]

[ 2016-12-23T20:28:50+08:00 ] 127.0.0.1 /Campus/Public/UCenter/css/safe/images/menu-treeNeck.png
INFO: [ app_init ] --START--
INFO: Run Behavior\BuildLiteBehavior [ RunTime:0.000077s ]
INFO: [ app_init ] --END-- [ RunTime:0.001212s ]

[ 2016-12-23T20:28:58+08:00 ] 127.0.0.1 /Campus/Public/UCenter/css/safe/images/menu-treeNeck.png
INFO: [ app_init ] --START--
INFO: Run Behavior\BuildLiteBehavior [ RunTime:0.000062s ]
INFO: [ app_init ] --END-- [ RunTime:0.001195s ]

[ 2016-12-23T20:29:06+08:00 ] 127.0.0.1 /Campus/Public/UCenter/css/safe/images/menu-treeNeck.png
INFO: [ app_init ] --START--
INFO: Run Behavior\BuildLiteBehavior [ RunTime:0.000090s ]
INFO: [ app_init ] --END-- [ RunTime:0.001894s ]

[ 2016-12-23T20:29:17+08:00 ] 127.0.0.1 /Campus/Public/UCenter/css/safe/images/menu-treeNeck.png
INFO: [ app_init ] --START--
INFO: Run Behavior\BuildLiteBehavior [ RunTime:0.000056s ]
INFO: [ app_init ] --END-- [ RunTime:0.001162s ]

[ 2016-12-23T20:29:37+08:00 ] 127.0.0.1 /Campus/Public/UCenter/css/safe/images/menu-treeNeck.png
INFO: [ app_init ] --START--
INFO: Run Behavior\BuildLiteBehavior [ RunTime:0.000063s ]
INFO: [ app_init ] --END-- [ RunTime:0.001732s ]

[ 2016-12-23T20:29:49+08:00 ] 127.0.0.1 /Campus/Public/UCenter/css/safe/images/menu-treeNeck.png
INFO: [ app_init ] --START--
INFO: Run Behavior\BuildLiteBehavior [ RunTime:0.000038s ]
INFO: [ app_init ] --END-- [ RunTime:0.000983s ]

[ 2016-12-23T20:30:04+08:00 ] 127.0.0.1 /Campus/Public/UCenter/css/safe/images/menu-treeNeck.png
INFO: [ app_init ] --START--
INFO: Run Behavior\BuildLiteBehavior [ RunTime:0.000067s ]
INFO: [ app_init ] --END-- [ RunTime:0.001294s ]

[ 2016-12-23T20:30:11+08:00 ] 127.0.0.1 /Campus/Public/UCenter/css/safe/images/menu-treeNeck.png
INFO: [ app_init ] --START--
INFO: Run Behavior\BuildLiteBehavior [ RunTime:0.000354s ]
INFO: [ app_init ] --END-- [ RunTime:0.003030s ]

[ 2016-12-23T20:30:32+08:00 ] 127.0.0.1 /Campus/Public/UCenter/css/safe/images/menu-treeNeck.png
INFO: [ app_init ] --START--
INFO: Run Behavior\BuildLiteBehavior [ RunTime:0.000055s ]
INFO: [ app_init ] --END-- [ RunTime:0.001157s ]

[ 2016-12-23T20:30:43+08:00 ] 127.0.0.1 /Campus/Public/UCenter/css/safe/images/menu-treeNeck.png
INFO: [ app_init ] --START--
INFO: Run Behavior\BuildLiteBehavior [ RunTime:0.000071s ]
INFO: [ app_init ] --END-- [ RunTime:0.002078s ]

[ 2016-12-23T20:30:51+08:00 ] 127.0.0.1 /Campus/Public/UCenter/css/safe/images/menu-treeNeck.png
INFO: [ app_init ] --START--
INFO: Run Behavior\BuildLiteBehavior [ RunTime:0.000035s ]
INFO: [ app_init ] --END-- [ RunTime:0.000801s ]

[ 2016-12-23T20:30:58+08:00 ] 127.0.0.1 /Campus/Public/UCenter/css/safe/images/menu-treeNeck.png
INFO: [ app_init ] --START--
INFO: Run Behavior\BuildLiteBehavior [ RunTime:0.000088s ]
INFO: [ app_init ] --END-- [ RunTime:0.001199s ]

[ 2016-12-23T20:31:03+08:00 ] 127.0.0.1 /Campus/Public/UCenter/css/safe/images/menu-treeNeck.png
INFO: [ app_init ] --START--
INFO: Run Behavior\BuildLiteBehavior [ RunTime:0.000056s ]
INFO: [ app_init ] --END-- [ RunTime:0.001176s ]

[ 2016-12-23T20:31:10+08:00 ] 127.0.0.1 /Campus/Public/UCenter/css/safe/images/menu-treeNeck.png
INFO: [ app_init ] --START--
INFO: Run Behavior\BuildLiteBehavior [ RunTime:0.000056s ]
INFO: [ app_init ] --END-- [ RunTime:0.002126s ]

[ 2016-12-23T20:31:17+08:00 ] 127.0.0.1 /Campus/Public/UCenter/css/safe/images/menu-treeNeck.png
INFO: [ app_init ] --START--
INFO: Run Behavior\BuildLiteBehavior [ RunTime:0.000059s ]
INFO: [ app_init ] --END-- [ RunTime:0.002487s ]

[ 2016-12-23T20:31:35+08:00 ] 127.0.0.1 /Campus/Public/UCenter/css/safe/images/menu-treeNeck.png
INFO: [ app_init ] --START--
INFO: Run Behavior\BuildLiteBehavior [ RunTime:0.000060s ]
INFO: [ app_init ] --END-- [ RunTime:0.001296s ]

[ 2016-12-23T20:31:44+08:00 ] 127.0.0.1 /Campus/Public/Home/css/bootstrap.css.map
INFO: [ app_init ] --START--
INFO: Run Behavior\BuildLiteBehavior [ RunTime:0.000058s ]
INFO: [ app_init ] --END-- [ RunTime:0.001225s ]
INFO: [ app_begin ] --START--
INFO: Run Behavior\ReadHtmlCacheBehavior [ RunTime:0.001275s ]
INFO: [ app_begin ] --END-- [ RunTime:0.001467s ]
ERR: 无法加载控制器:Home

[ 2016-12-23T20:32:22+08:00 ] 127.0.0.1 /Campus/Public/UCenter/css/safe/images/menu-treeNeck.png
INFO: [ app_init ] --START--
INFO: Run Behavior\BuildLiteBehavior [ RunTime:0.000056s ]
INFO: [ app_init ] --END-- [ RunTime:0.001466s ]

[ 2016-12-23T20:32:52+08:00 ] 127.0.0.1 /Campus/Public/UCenter/css/safe/images/menu-treeNeck.png
INFO: [ app_init ] --START--
INFO: Run Behavior\BuildLiteBehavior [ RunTime:0.000059s ]
INFO: [ app_init ] --END-- [ RunTime:0.004385s ]

[ 2016-12-23T20:33:16+08:00 ] 127.0.0.1 /Campus/Public/UCenter/css/safe/images/menu-treeNeck.png
INFO: [ app_init ] --START--
INFO: Run Behavior\BuildLiteBehavior [ RunTime:0.000060s ]
INFO: [ app_init ] --END-- [ RunTime:0.001268s ]

[ 2016-12-23T20:33:27+08:00 ] 127.0.0.1 /Campus/Public/UCenter/css/safe/images/menu-treeNeck.png
INFO: [ app_init ] --START--
INFO: Run Behavior\BuildLiteBehavior [ RunTime:0.000061s ]
INFO: [ app_init ] --END-- [ RunTime:0.001256s ]

[ 2016-12-23T20:34:13+08:00 ] 127.0.0.1 /Campus/Public/UCenter/css/safe/images/menu-treeNeck.png
INFO: [ app_init ] --START--
INFO: Run Behavior\BuildLiteBehavior [ RunTime:0.000060s ]
INFO: [ app_init ] --END-- [ RunTime:0.001237s ]

[ 2016-12-23T20:34:36+08:00 ] 127.0.0.1 /Campus/Public/UCenter/css/safe/images/menu-treeNeck.png
INFO: [ app_init ] --START--
INFO: Run Behavior\BuildLiteBehavior [ RunTime:0.000069s ]
INFO: [ app_init ] --END-- [ RunTime:0.001644s ]

[ 2016-12-23T20:34:45+08:00 ] 127.0.0.1 /Campus/Public/UCenter/css/safe/images/menu-treeNeck.png
INFO: [ app_init ] --START--
INFO: Run Behavior\BuildLiteBehavior [ RunTime:0.000072s ]
INFO: [ app_init ] --END-- [ RunTime:0.001469s ]

[ 2016-12-23T20:35:06+08:00 ] 127.0.0.1 /Campus/Public/UCenter/css/safe/images/menu-treeNeck.png
INFO: [ app_init ] --START--
INFO: Run Behavior\BuildLiteBehavior [ RunTime:0.000066s ]
INFO: [ app_init ] --END-- [ RunTime:0.002931s ]

[ 2016-12-23T20:35:17+08:00 ] 127.0.0.1 /Campus/Public/UCenter/css/safe/images/menu-treeNeck.png
INFO: [ app_init ] --START--
INFO: Run Behavior\BuildLiteBehavior [ RunTime:0.000083s ]
INFO: [ app_init ] --END-- [ RunTime:0.001883s ]

[ 2016-12-23T20:35:37+08:00 ] 127.0.0.1 /Campus/Public/UCenter/css/safe/images/menu-treeNeck.png
INFO: [ app_init ] --START--
INFO: Run Behavior\BuildLiteBehavior [ RunTime:0.000069s ]
INFO: [ app_init ] --END-- [ RunTime:0.001727s ]

[ 2016-12-23T20:35:48+08:00 ] 127.0.0.1 /Campus/Public/UCenter/css/safe/images/menu-treeNeck.png
INFO: [ app_init ] --START--
INFO: Run Behavior\BuildLiteBehavior [ RunTime:0.000064s ]
INFO: [ app_init ] --END-- [ RunTime:0.001390s ]

[ 2016-12-23T20:36:27+08:00 ] 127.0.0.1 /Campus/Public/UCenter/css/safe/images/menu-treeNeck.png
INFO: [ app_init ] --START--
INFO: Run Behavior\BuildLiteBehavior [ RunTime:0.000059s ]
INFO: [ app_init ] --END-- [ RunTime:0.001549s ]

[ 2016-12-23T20:36:57+08:00 ] 127.0.0.1 /Campus/Public/UCenter/css/safe/images/menu-treeNeck.png
INFO: [ app_init ] --START--
INFO: Run Behavior\BuildLiteBehavior [ RunTime:0.000062s ]
INFO: [ app_init ] --END-- [ RunTime:0.003274s ]

[ 2016-12-23T20:37:32+08:00 ] 127.0.0.1 /Campus/Public/UCenter/css/safe/images/menu-treeNeck.png
INFO: [ app_init ] --START--
INFO: Run Behavior\BuildLiteBehavior [ RunTime:0.000071s ]
INFO: [ app_init ] --END-- [ RunTime:0.001410s ]

[ 2016-12-23T20:37:36+08:00 ] 127.0.0.1 /Campus/Public/Home/css/bootstrap.css.map
INFO: [ app_init ] --START--
INFO: Run Behavior\BuildLiteBehavior [ RunTime:0.000038s ]
INFO: [ app_init ] --END-- [ RunTime:0.000782s ]
INFO: [ app_begin ] --START--
INFO: Run Behavior\ReadHtmlCacheBehavior [ RunTime:0.001537s ]
INFO: [ app_begin ] --END-- [ RunTime:0.001708s ]
ERR: 无法加载控制器:Home

[ 2016-12-23T20:38:16+08:00 ] 127.0.0.1 /Campus/Public/UCenter/css/safe/images/menu-treeNeck.png
INFO: [ app_init ] --START--
INFO: Run Behavior\BuildLiteBehavior [ RunTime:0.000061s ]
INFO: [ app_init ] --END-- [ RunTime:0.002071s ]

[ 2016-12-23T20:38:31+08:00 ] 127.0.0.1 /Campus/Public/Home/css/bootstrap.css.map
INFO: [ app_init ] --START--
INFO: Run Behavior\BuildLiteBehavior [ RunTime:0.000037s ]
INFO: [ app_init ] --END-- [ RunTime:0.000788s ]
INFO: [ app_begin ] --START--
INFO: Run Behavior\ReadHtmlCacheBehavior [ RunTime:0.001259s ]
INFO: [ app_begin ] --END-- [ RunTime:0.001435s ]
ERR: 无法加载控制器:Home

[ 2016-12-23T20:39:30+08:00 ] 127.0.0.1 /Campus/Public/UCenter/css/safe/images/menu-treeNeck.png
INFO: [ app_init ] --START--
INFO: Run Behavior\BuildLiteBehavior [ RunTime:0.000061s ]
INFO: [ app_init ] --END-- [ RunTime:0.001550s ]

[ 2016-12-23T20:39:30+08:00 ] 127.0.0.1 /Campus/Public/Home/css/bootstrap.css.map
INFO: [ app_init ] --START--
INFO: Run Behavior\BuildLiteBehavior [ RunTime:0.000056s ]
INFO: [ app_init ] --END-- [ RunTime:0.001261s ]
INFO: [ app_begin ] --START--
INFO: Run Behavior\ReadHtmlCacheBehavior [ RunTime:0.003306s ]
INFO: [ app_begin ] --END-- [ RunTime:0.004788s ]
ERR: 无法加载控制器:Home

[ 2016-12-23T20:39:47+08:00 ] 127.0.0.1 /Campus/Public/Home/css/bootstrap.css.map
INFO: [ app_init ] --START--
INFO: Run Behavior\BuildLiteBehavior [ RunTime:0.000070s ]
INFO: [ app_init ] --END-- [ RunTime:0.001883s ]
INFO: [ app_begin ] --START--
INFO: Run Behavior\ReadHtmlCacheBehavior [ RunTime:0.001292s ]
INFO: [ app_begin ] --END-- [ RunTime:0.001480s ]
ERR: 无法加载控制器:Home

[ 2016-12-23T20:39:48+08:00 ] 127.0.0.1 /Campus/Public/UCenter/css/safe/images/menu-treeNeck.png
INFO: [ app_init ] --START--
INFO: Run Behavior\BuildLiteBehavior [ RunTime:0.000063s ]
INFO: [ app_init ] --END-- [ RunTime:0.001572s ]

[ 2016-12-23T20:40:12+08:00 ] 127.0.0.1 /Campus/Public/UCenter/css/safe/images/menu-treeNeck.png
INFO: [ app_init ] --START--
INFO: Run Behavior\BuildLiteBehavior [ RunTime:0.000215s ]
INFO: [ app_init ] --END-- [ RunTime:0.002320s ]

[ 2016-12-23T20:40:31+08:00 ] 127.0.0.1 /Campus/Public/UCenter/css/safe/images/menu-treeNeck.png
INFO: [ app_init ] --START--
INFO: Run Behavior\BuildLiteBehavior [ RunTime:0.000064s ]
INFO: [ app_init ] --END-- [ RunTime:0.002278s ]

[ 2016-12-23T20:40:39+08:00 ] 127.0.0.1 /Campus/Public/UCenter/css/safe/images/menu-treeNeck.png
INFO: [ app_init ] --START--
INFO: Run Behavior\BuildLiteBehavior [ RunTime:0.000060s ]
INFO: [ app_init ] --END-- [ RunTime:0.001457s ]

[ 2016-12-23T20:40:49+08:00 ] 127.0.0.1 /Campus/Public/UCenter/css/safe/images/menu-treeNeck.png
INFO: [ app_init ] --START--
INFO: Run Behavior\BuildLiteBehavior [ RunTime:0.000064s ]
INFO: [ app_init ] --END-- [ RunTime:0.001281s ]

[ 2016-12-23T20:40:57+08:00 ] 127.0.0.1 /Campus/Public/UCenter/css/safe/images/menu-treeNeck.png
INFO: [ app_init ] --START--
INFO: Run Behavior\BuildLiteBehavior [ RunTime:0.000058s ]
INFO: [ app_init ] --END-- [ RunTime:0.001211s ]

[ 2016-12-23T20:41:03+08:00 ] 127.0.0.1 /Campus/Public/UCenter/css/safe/images/menu-treeNeck.png
INFO: [ app_init ] --START--
INFO: Run Behavior\BuildLiteBehavior [ RunTime:0.000063s ]
INFO: [ app_init ] --END-- [ RunTime:0.001183s ]

[ 2016-12-23T20:41:11+08:00 ] 127.0.0.1 /Campus/Public/UCenter/css/safe/images/menu-treeNeck.png
INFO: [ app_init ] --START--
INFO: Run Behavior\BuildLiteBehavior [ RunTime:0.000060s ]
INFO: [ app_init ] --END-- [ RunTime:0.001444s ]

[ 2016-12-23T20:41:45+08:00 ] 127.0.0.1 /Campus/Public/UCenter/css/safe/images/menu-treeNeck.png
INFO: [ app_init ] --START--
INFO: Run Behavior\BuildLiteBehavior [ RunTime:0.000068s ]
INFO: [ app_init ] --END-- [ RunTime:0.001728s ]

[ 2016-12-23T20:41:58+08:00 ] 127.0.0.1 /Campus/Public/UCenter/css/safe/images/menu-treeNeck.png
INFO: [ app_init ] --START--
INFO: Run Behavior\BuildLiteBehavior [ RunTime:0.000138s ]
INFO: [ app_init ] --END-- [ RunTime:0.002215s ]

[ 2016-12-23T20:42:25+08:00 ] 127.0.0.1 /Campus/Public/UCenter/css/safe/images/menu-treeNeck.png
INFO: [ app_init ] --START--
INFO: Run Behavior\BuildLiteBehavior [ RunTime:0.000061s ]
INFO: [ app_init ] --END-- [ RunTime:0.001520s ]

[ 2016-12-23T20:42:32+08:00 ] 127.0.0.1 /Campus/Public/UCenter/css/safe/images/menu-treeNeck.png
INFO: [ app_init ] --START--
INFO: Run Behavior\BuildLiteBehavior [ RunTime:0.000060s ]
INFO: [ app_init ] --END-- [ RunTime:0.001213s ]

[ 2016-12-23T20:43:28+08:00 ] 127.0.0.1 /Campus/Public/UCenter/css/safe/images/menu-treeNeck.png
INFO: [ app_init ] --START--
INFO: Run Behavior\BuildLiteBehavior [ RunTime:0.000056s ]
INFO: [ app_init ] --END-- [ RunTime:0.001188s ]

[ 2016-12-23T20:43:34+08:00 ] 127.0.0.1 /Campus/Public/UCenter/css/safe/images/menu-treeNeck.png
INFO: [ app_init ] --START--
INFO: Run Behavior\BuildLiteBehavior [ RunTime:0.000036s ]
INFO: [ app_init ] --END-- [ RunTime:0.000813s ]

[ 2016-12-23T20:43:55+08:00 ] 127.0.0.1 /Campus/Public/UCenter/css/safe/images/menu-treeNeck.png
INFO: [ app_init ] --START--
INFO: Run Behavior\BuildLiteBehavior [ RunTime:0.000062s ]
INFO: [ app_init ] --END-- [ RunTime:0.002941s ]

[ 2016-12-23T20:44:02+08:00 ] 127.0.0.1 /Campus/Public/UCenter/css/safe/images/menu-treeNeck.png
INFO: [ app_init ] --START--
INFO: Run Behavior\BuildLiteBehavior [ RunTime:0.000059s ]
INFO: [ app_init ] --END-- [ RunTime:0.001416s ]

[ 2016-12-23T20:44:10+08:00 ] 127.0.0.1 /Campus/Public/UCenter/css/safe/images/menu-treeNeck.png
INFO: [ app_init ] --START--
INFO: Run Behavior\BuildLiteBehavior [ RunTime:0.000063s ]
INFO: [ app_init ] --END-- [ RunTime:0.001367s ]

[ 2016-12-23T20:45:00+08:00 ] 127.0.0.1 /Campus/Public/UCenter/css/safe/images/menu-treeNeck.png
INFO: [ app_init ] --START--
INFO: Run Behavior\BuildLiteBehavior [ RunTime:0.000062s ]
INFO: [ app_init ] --END-- [ RunTime:0.001501s ]

[ 2016-12-23T20:45:09+08:00 ] 127.0.0.1 /Campus/Public/UCenter/css/safe/images/menu-treeNeck.png
INFO: [ app_init ] --START--
INFO: Run Behavior\BuildLiteBehavior [ RunTime:0.000114s ]
INFO: [ app_init ] --END-- [ RunTime:0.001982s ]

[ 2016-12-23T20:45:24+08:00 ] 127.0.0.1 /Campus/Public/UCenter/css/safe/images/menu-treeNeck.png
INFO: [ app_init ] --START--
INFO: Run Behavior\BuildLiteBehavior [ RunTime:0.000060s ]
INFO: [ app_init ] --END-- [ RunTime:0.001341s ]

[ 2016-12-23T20:46:12+08:00 ] 127.0.0.1 /Campus/Public/UCenter/css/safe/images/menu-treeNeck.png
INFO: [ app_init ] --START--
INFO: Run Behavior\BuildLiteBehavior [ RunTime:0.000058s ]
INFO: [ app_init ] --END-- [ RunTime:0.003324s ]

[ 2016-12-23T20:46:21+08:00 ] 127.0.0.1 /Campus/Public/UCenter/css/safe/images/menu-treeNeck.png
INFO: [ app_init ] --START--
INFO: Run Behavior\BuildLiteBehavior [ RunTime:0.000060s ]
INFO: [ app_init ] --END-- [ RunTime:0.001388s ]

[ 2016-12-23T20:46:58+08:00 ] 127.0.0.1 /Campus/Public/UCenter/css/safe/images/menu-treeNeck.png
INFO: [ app_init ] --START--
INFO: Run Behavior\BuildLiteBehavior [ RunTime:0.000069s ]
INFO: [ app_init ] --END-- [ RunTime:0.001722s ]

[ 2016-12-23T20:47:13+08:00 ] 127.0.0.1 /Campus/Public/UCenter/css/safe/images/menu-treeNeck.png
INFO: [ app_init ] --START--
INFO: Run Behavior\BuildLiteBehavior [ RunTime:0.000062s ]
INFO: [ app_init ] --END-- [ RunTime:0.001621s ]

[ 2016-12-23T20:47:24+08:00 ] 127.0.0.1 /Campus/Public/UCenter/css/safe/images/menu-treeNeck.png
INFO: [ app_init ] --START--
INFO: Run Behavior\BuildLiteBehavior [ RunTime:0.000058s ]
INFO: [ app_init ] --END-- [ RunTime:0.001190s ]

[ 2016-12-23T20:51:21+08:00 ] 127.0.0.1 /Campus/Public/UCenter/css/safe/images/menu-treeNeck.png
INFO: [ app_init ] --START--
INFO: Run Behavior\BuildLiteBehavior [ RunTime:0.000062s ]
INFO: [ app_init ] --END-- [ RunTime:0.001486s ]

[ 2016-12-23T20:53:22+08:00 ] 127.0.0.1 /Campus/Public/UCenter/css/safe/images/menu-treeNeck.png
INFO: [ app_init ] --START--
INFO: Run Behavior\BuildLiteBehavior [ RunTime:0.000177s ]
INFO: [ app_init ] --END-- [ RunTime:0.002192s ]

[ 2016-12-23T20:53:43+08:00 ] 127.0.0.1 /Campus/Public/UCenter/css/safe/images/menu-treeNeck.png
INFO: [ app_init ] --START--
INFO: Run Behavior\BuildLiteBehavior [ RunTime:0.000059s ]
INFO: [ app_init ] --END-- [ RunTime:0.001744s ]

[ 2016-12-23T20:56:13+08:00 ] 127.0.0.1 /Campus/Public/UCenter/css/safe/images/menu-treeNeck.png
INFO: [ app_init ] --START--
INFO: Run Behavior\BuildLiteBehavior [ RunTime:0.000070s ]
INFO: [ app_init ] --END-- [ RunTime:0.004954s ]

[ 2016-12-23T20:58:24+08:00 ] 127.0.0.1 /Campus/Public/UCenter/css/safe/images/menu-treeNeck.png
INFO: [ app_init ] --START--
INFO: Run Behavior\BuildLiteBehavior [ RunTime:0.000062s ]
INFO: [ app_init ] --END-- [ RunTime:0.002246s ]

[ 2016-12-23T20:59:59+08:00 ] 127.0.0.1 /Campus/Public/UCenter/css/safe/images/menu-treeNeck.png
INFO: [ app_init ] --START--
INFO: Run Behavior\BuildLiteBehavior [ RunTime:0.000059s ]
INFO: [ app_init ] --END-- [ RunTime:0.002332s ]

[ 2016-12-23T21:00:12+08:00 ] 127.0.0.1 /Campus/Public/UCenter/css/safe/images/menu-treeNeck.png
INFO: [ app_init ] --START--
INFO: Run Behavior\BuildLiteBehavior [ RunTime:0.000059s ]
INFO: [ app_init ] --END-- [ RunTime:0.001921s ]

[ 2016-12-23T21:00:33+08:00 ] 127.0.0.1 /Campus/Public/UCenter/css/safe/images/menu-treeNeck.png
INFO: [ app_init ] --START--
INFO: Run Behavior\BuildLiteBehavior [ RunTime:0.000057s ]
INFO: [ app_init ] --END-- [ RunTime:0.001214s ]

[ 2016-12-23T21:02:53+08:00 ] 127.0.0.1 /Campus/Public/UCenter/css/safe/images/menu-treeNeck.png
INFO: [ app_init ] --START--
INFO: Run Behavior\BuildLiteBehavior [ RunTime:0.000063s ]
INFO: [ app_init ] --END-- [ RunTime:0.001582s ]

[ 2016-12-23T21:04:14+08:00 ] 127.0.0.1 /Campus/Public/UCenter/css/safe/images/menu-treeNeck.png
INFO: [ app_init ] --START--
INFO: Run Behavior\BuildLiteBehavior [ RunTime:0.000058s ]
INFO: [ app_init ] --END-- [ RunTime:0.001370s ]

[ 2016-12-23T21:05:28+08:00 ] 127.0.0.1 /Campus/Public/UCenter/css/safe/images/menu-treeNeck.png
INFO: [ app_init ] --START--
INFO: Run Behavior\BuildLiteBehavior [ RunTime:0.000062s ]
INFO: [ app_init ] --END-- [ RunTime:0.001196s ]

[ 2016-12-23T21:05:34+08:00 ] 127.0.0.1 /Campus/Public/UCenter/css/safe/images/menu-treeNeck.png
INFO: [ app_init ] --START--
INFO: Run Behavior\BuildLiteBehavior [ RunTime:0.000064s ]
INFO: [ app_init ] --END-- [ RunTime:0.001895s ]

[ 2016-12-23T21:06:10+08:00 ] 127.0.0.1 /Campus/Public/UCenter/css/safe/images/menu-treeNeck.png
INFO: [ app_init ] --START--
INFO: Run Behavior\BuildLiteBehavior [ RunTime:0.000065s ]
INFO: [ app_init ] --END-- [ RunTime:0.001609s ]

[ 2016-12-23T21:07:56+08:00 ] 127.0.0.1 /Campus/Public/UCenter/css/safe/images/menu-treeNeck.png
INFO: [ app_init ] --START--
INFO: Run Behavior\BuildLiteBehavior [ RunTime:0.000065s ]
INFO: [ app_init ] --END-- [ RunTime:0.001587s ]

[ 2016-12-23T21:11:41+08:00 ] 127.0.0.1 /Campus/Public/UCenter/css/safe/images/menu-treeNeck.png
INFO: [ app_init ] --START--
INFO: Run Behavior\BuildLiteBehavior [ RunTime:0.000161s ]
INFO: [ app_init ] --END-- [ RunTime:0.002011s ]

[ 2016-12-23T21:12:10+08:00 ] 127.0.0.1 /Campus/Public/UCenter/css/safe/images/menu-treeNeck.png
INFO: [ app_init ] --START--
INFO: Run Behavior\BuildLiteBehavior [ RunTime:0.000126s ]
INFO: [ app_init ] --END-- [ RunTime:0.001811s ]

[ 2016-12-23T21:12:40+08:00 ] 127.0.0.1 /Campus/Public/UCenter/css/safe/images/menu-treeNeck.png
INFO: [ app_init ] --START--
INFO: Run Behavior\BuildLiteBehavior [ RunTime:0.000060s ]
INFO: [ app_init ] --END-- [ RunTime:0.001262s ]

[ 2016-12-23T21:12:57+08:00 ] 127.0.0.1 /Campus/Public/UCenter/css/safe/images/menu-treeNeck.png
INFO: [ app_init ] --START--
INFO: Run Behavior\BuildLiteBehavior [ RunTime:0.000099s ]
INFO: [ app_init ] --END-- [ RunTime:0.001322s ]

[ 2016-12-23T21:13:04+08:00 ] 127.0.0.1 /Campus/Public/UCenter/css/safe/images/menu-treeNeck.png
INFO: [ app_init ] --START--
INFO: Run Behavior\BuildLiteBehavior [ RunTime:0.000062s ]
INFO: [ app_init ] --END-- [ RunTime:0.001410s ]

[ 2016-12-23T21:13:09+08:00 ] 127.0.0.1 /Campus/Public/Home/css/bootstrap.css.map
INFO: [ app_init ] --START--
INFO: Run Behavior\BuildLiteBehavior [ RunTime:0.000059s ]
INFO: [ app_init ] --END-- [ RunTime:0.001440s ]
INFO: [ app_begin ] --START--
INFO: Run Behavior\ReadHtmlCacheBehavior [ RunTime:0.001922s ]
INFO: [ app_begin ] --END-- [ RunTime:0.002226s ]
ERR: 无法加载控制器:Home

[ 2016-12-23T21:13:28+08:00 ] 127.0.0.1 /Campus/Public/Home/css/bootstrap.css.map
INFO: [ app_init ] --START--
INFO: Run Behavior\BuildLiteBehavior [ RunTime:0.000036s ]
INFO: [ app_init ] --END-- [ RunTime:0.000833s ]
INFO: [ app_begin ] --START--
INFO: Run Behavior\ReadHtmlCacheBehavior [ RunTime:0.001279s ]
INFO: [ app_begin ] --END-- [ RunTime:0.001447s ]
ERR: 无法加载控制器:Home

[ 2016-12-23T21:13:28+08:00 ] 127.0.0.1 /Campus/Public/UCenter/css/safe/images/menu-treeNeck.png
INFO: [ app_init ] --START--
INFO: Run Behavior\BuildLiteBehavior [ RunTime:0.000065s ]
INFO: [ app_init ] --END-- [ RunTime:0.002356s ]

[ 2016-12-23T21:13:50+08:00 ] 127.0.0.1 /Campus/Public/UCenter/css/safe/images/menu-treeNeck.png
INFO: [ app_init ] --START--
INFO: Run Behavior\BuildLiteBehavior [ RunTime:0.000159s ]
INFO: [ app_init ] --END-- [ RunTime:0.002500s ]

[ 2016-12-23T21:14:14+08:00 ] 127.0.0.1 /Campus/Public/UCenter/css/safe/images/menu-treeNeck.png
INFO: [ app_init ] --START--
INFO: Run Behavior\BuildLiteBehavior [ RunTime:0.000060s ]
INFO: [ app_init ] --END-- [ RunTime:0.001694s ]

[ 2016-12-23T21:17:47+08:00 ] 127.0.0.1 /Campus/Public/UCenter/css/safe/images/menu-treeNeck.png
INFO: [ app_init ] --START--
INFO: Run Behavior\BuildLiteBehavior [ RunTime:0.000060s ]
INFO: [ app_init ] --END-- [ RunTime:0.001833s ]

[ 2016-12-23T21:19:32+08:00 ] 127.0.0.1 /Campus/Public/UCenter/css/safe/images/menu-treeNeck.png
INFO: [ app_init ] --START--
INFO: Run Behavior\BuildLiteBehavior [ RunTime:0.000067s ]
INFO: [ app_init ] --END-- [ RunTime:0.003119s ]

[ 2016-12-23T21:19:45+08:00 ] 127.0.0.1 /Campus/Public/UCenter/css/safe/images/menu-treeNeck.png
INFO: [ app_init ] --START--
INFO: Run Behavior\BuildLiteBehavior [ RunTime:0.000089s ]
INFO: [ app_init ] --END-- [ RunTime:0.001395s ]

[ 2016-12-23T21:19:57+08:00 ] 127.0.0.1 /Campus/Public/UCenter/css/safe/images/menu-treeNeck.png
INFO: [ app_init ] --START--
INFO: Run Behavior\BuildLiteBehavior [ RunTime:0.000062s ]
INFO: [ app_init ] --END-- [ RunTime:0.001436s ]

[ 2016-12-23T21:19:59+08:00 ] 127.0.0.1 /Campus/Public/UCenter/css/safe/images/menu-treeNeck.png
INFO: [ app_init ] --START--
INFO: Run Behavior\BuildLiteBehavior [ RunTime:0.000067s ]
INFO: [ app_init ] --END-- [ RunTime:0.001350s ]

[ 2016-12-23T21:20:05+08:00 ] 127.0.0.1 /Campus/Public/UCenter/css/safe/images/menu-treeNeck.png
INFO: [ app_init ] --START--
INFO: Run Behavior\BuildLiteBehavior [ RunTime:0.000127s ]
INFO: [ app_init ] --END-- [ RunTime:0.001822s ]

[ 2016-12-23T21:20:06+08:00 ] 127.0.0.1 /Campus/Public/UCenter/css/safe/images/menu-treeNeck.png
INFO: [ app_init ] --START--
INFO: Run Behavior\BuildLiteBehavior [ RunTime:0.000036s ]
INFO: [ app_init ] --END-- [ RunTime:0.000829s ]

[ 2016-12-23T21:21:54+08:00 ] 127.0.0.1 /Campus/Public/UCenter/css/safe/images/menu-treeNeck.png
INFO: [ app_init ] --START--
INFO: Run Behavior\BuildLiteBehavior [ RunTime:0.000118s ]
INFO: [ app_init ] --END-- [ RunTime:0.002327s ]

[ 2016-12-23T21:25:09+08:00 ] 127.0.0.1 /Campus/Public/UCenter/css/safe/images/menu-treeNeck.png
INFO: [ app_init ] --START--
INFO: Run Behavior\BuildLiteBehavior [ RunTime:0.000066s ]
INFO: [ app_init ] --END-- [ RunTime:0.001986s ]

[ 2016-12-23T21:32:59+08:00 ] 127.0.0.1 /Campus/Public/UCenter/css/safe/images/menu-treeNeck.png
INFO: [ app_init ] --START--
INFO: Run Behavior\BuildLiteBehavior [ RunTime:0.000059s ]
INFO: [ app_init ] --END-- [ RunTime:0.001599s ]

[ 2016-12-23T21:33:00+08:00 ] 127.0.0.1 /Campus/Public/UCenter/css/safe/images/menu-treeNeck.png
INFO: [ app_init ] --START--
INFO: Run Behavior\BuildLiteBehavior [ RunTime:0.000067s ]
INFO: [ app_init ] --END-- [ RunTime:0.002032s ]

[ 2016-12-23T21:33:02+08:00 ] 127.0.0.1 /Campus/Public/UCenter/css/safe/images/menu-treeNeck.png
INFO: [ app_init ] --START--
INFO: Run Behavior\BuildLiteBehavior [ RunTime:0.000040s ]
INFO: [ app_init ] --END-- [ RunTime:0.001145s ]

[ 2016-12-23T21:34:10+08:00 ] 127.0.0.1 /Campus/Public/UCenter/css/safe/images/menu-treeNeck.png
INFO: [ app_init ] --START--
INFO: Run Behavior\BuildLiteBehavior [ RunTime:0.000066s ]
INFO: [ app_init ] --END-- [ RunTime:0.001378s ]

[ 2016-12-23T21:34:11+08:00 ] 127.0.0.1 /Campus/Public/UCenter/css/safe/images/menu-treeNeck.png
INFO: [ app_init ] --START--
INFO: Run Behavior\BuildLiteBehavior [ RunTime:0.000065s ]
INFO: [ app_init ] --END-- [ RunTime:0.002395s ]

[ 2016-12-23T21:34:12+08:00 ] 127.0.0.1 /Campus/Public/UCenter/css/safe/images/menu-treeNeck.png
INFO: [ app_init ] --START--
INFO: Run Behavior\BuildLiteBehavior [ RunTime:0.000071s ]
INFO: [ app_init ] --END-- [ RunTime:0.001359s ]

[ 2016-12-23T21:34:15+08:00 ] 127.0.0.1 /Campus/Public/UCenter/css/safe/images/menu-treeNeck.png
INFO: [ app_init ] --START--
INFO: Run Behavior\BuildLiteBehavior [ RunTime:0.000057s ]
INFO: [ app_init ] --END-- [ RunTime:0.001255s ]

[ 2016-12-23T21:34:39+08:00 ] 127.0.0.1 /Campus/Public/UCenter/css/safe/images/menu-treeNeck.png
INFO: [ app_init ] --START--
INFO: Run Behavior\BuildLiteBehavior [ RunTime:0.000035s ]
INFO: [ app_init ] --END-- [ RunTime:0.000999s ]

[ 2016-12-23T21:34:43+08:00 ] 127.0.0.1 /Campus/Public/UCenter/css/safe/images/menu-treeNeck.png
INFO: [ app_init ] --START--
INFO: Run Behavior\BuildLiteBehavior [ RunTime:0.000064s ]
INFO: [ app_init ] --END-- [ RunTime:0.001387s ]

[ 2016-12-23T21:35:18+08:00 ] 127.0.0.1 /Campus/Public/UCenter/css/safe/images/menu-treeNeck.png
INFO: [ app_init ] --START--
INFO: Run Behavior\BuildLiteBehavior [ RunTime:0.000046s ]
INFO: [ app_init ] --END-- [ RunTime:0.001648s ]

[ 2016-12-23T21:35:52+08:00 ] 127.0.0.1 /Campus/Public/UCenter/css/safe/images/menu-treeNeck.png
INFO: [ app_init ] --START--
INFO: Run Behavior\BuildLiteBehavior [ RunTime:0.000076s ]
INFO: [ app_init ] --END-- [ RunTime:0.002100s ]

[ 2016-12-23T21:35:53+08:00 ] 127.0.0.1 /Campus/Public/UCenter/css/safe/images/menu-treeNeck.png
INFO: [ app_init ] --START--
INFO: Run Behavior\BuildLiteBehavior [ RunTime:0.000060s ]
INFO: [ app_init ] --END-- [ RunTime:0.001307s ]

[ 2016-12-23T21:41:21+08:00 ] 127.0.0.1 /Campus/Public/UCenter/css/safe/images/menu-treeNeck.png
INFO: [ app_init ] --START--
INFO: Run Behavior\BuildLiteBehavior [ RunTime:0.000073s ]
INFO: [ app_init ] --END-- [ RunTime:0.001793s ]

[ 2016-12-23T21:41:29+08:00 ] 127.0.0.1 /Campus/Public/UCenter/css/safe/images/menu-treeNeck.png
INFO: [ app_init ] --START--
INFO: Run Behavior\BuildLiteBehavior [ RunTime:0.000063s ]
INFO: [ app_init ] --END-- [ RunTime:0.001416s ]

[ 2016-12-23T21:42:28+08:00 ] 127.0.0.1 /Campus/Public/UCenter/css/safe/images/menu-treeNeck.png
INFO: [ app_init ] --START--
INFO: Run Behavior\BuildLiteBehavior [ RunTime:0.000140s ]
INFO: [ app_init ] --END-- [ RunTime:0.001803s ]

[ 2016-12-23T21:42:29+08:00 ] 127.0.0.1 /Campus/Public/UCenter/css/safe/images/menu-treeNeck.png
INFO: [ app_init ] --START--
INFO: Run Behavior\BuildLiteBehavior [ RunTime:0.000063s ]
INFO: [ app_init ] --END-- [ RunTime:0.001613s ]

[ 2016-12-23T21:42:30+08:00 ] 127.0.0.1 /Campus/Public/UCenter/css/safe/images/menu-treeNeck.png
INFO: [ app_init ] --START--
INFO: Run Behavior\BuildLiteBehavior [ RunTime:0.000064s ]
INFO: [ app_init ] --END-- [ RunTime:0.001765s ]

[ 2016-12-23T21:43:27+08:00 ] 127.0.0.1 /Campus/Public/UCenter/css/safe/images/menu-treeNeck.png
INFO: [ app_init ] --START--
INFO: Run Behavior\BuildLiteBehavior [ RunTime:0.000038s ]
INFO: [ app_init ] --END-- [ RunTime:0.001078s ]

[ 2016-12-23T21:44:05+08:00 ] 127.0.0.1 /Campus/Public/UCenter/css/safe/images/menu-treeNeck.png
INFO: [ app_init ] --START--
INFO: Run Behavior\BuildLiteBehavior [ RunTime:0.000114s ]
INFO: [ app_init ] --END-- [ RunTime:0.001991s ]

[ 2016-12-23T21:44:38+08:00 ] 127.0.0.1 /Campus/Public/UCenter/css/safe/images/menu-treeNeck.png
INFO: [ app_init ] --START--
INFO: Run Behavior\BuildLiteBehavior [ RunTime:0.000062s ]
INFO: [ app_init ] --END-- [ RunTime:0.001479s ]

[ 2016-12-23T21:44:46+08:00 ] 127.0.0.1 /Campus/Public/UCenter/css/safe/images/menu-treeNeck.png
INFO: [ app_init ] --START--
INFO: Run Behavior\BuildLiteBehavior [ RunTime:0.000103s ]
INFO: [ app_init ] --END-- [ RunTime:0.001467s ]

[ 2016-12-23T21:44:55+08:00 ] 127.0.0.1 /Campus/Public/UCenter/css/safe/images/menu-treeNeck.png
INFO: [ app_init ] --START--
INFO: Run Behavior\BuildLiteBehavior [ RunTime:0.000045s ]
INFO: [ app_init ] --END-- [ RunTime:0.001472s ]

[ 2016-12-23T21:45:03+08:00 ] 127.0.0.1 /Campus/Public/UCenter/css/safe/images/menu-treeNeck.png
INFO: [ app_init ] --START--
INFO: Run Behavior\BuildLiteBehavior [ RunTime:0.000056s ]
INFO: [ app_init ] --END-- [ RunTime:0.001345s ]

[ 2016-12-23T21:45:30+08:00 ] 127.0.0.1 /Campus/Public/UCenter/css/safe/images/menu-treeNeck.png
INFO: [ app_init ] --START--
INFO: Run Behavior\BuildLiteBehavior [ RunTime:0.000060s ]
INFO: [ app_init ] --END-- [ RunTime:0.001551s ]

[ 2016-12-23T21:46:00+08:00 ] 127.0.0.1 /Campus/Public/UCenter/css/safe/images/menu-treeNeck.png
INFO: [ app_init ] --START--
INFO: Run Behavior\BuildLiteBehavior [ RunTime:0.000059s ]
INFO: [ app_init ] --END-- [ RunTime:0.001353s ]

[ 2016-12-23T21:46:12+08:00 ] 127.0.0.1 /Campus/Public/UCenter/css/safe/images/menu-treeNeck.png
INFO: [ app_init ] --START--
INFO: Run Behavior\BuildLiteBehavior [ RunTime:0.000072s ]
INFO: [ app_init ] --END-- [ RunTime:0.001896s ]

[ 2016-12-23T21:47:10+08:00 ] 127.0.0.1 /Campus/Public/Home/css/bootstrap.css.map
INFO: [ app_init ] --START--
INFO: Run Behavior\BuildLiteBehavior [ RunTime:0.000074s ]
INFO: [ app_init ] --END-- [ RunTime:0.001267s ]
INFO: [ app_begin ] --START--
INFO: Run Behavior\ReadHtmlCacheBehavior [ RunTime:0.002169s ]
INFO: [ app_begin ] --END-- [ RunTime:0.002362s ]
ERR: 无法加载控制器:Home

[ 2016-12-23T21:47:52+08:00 ] 127.0.0.1 /Campus/Public/UCenter/css/safe/images/menu-treeNeck.png
INFO: [ app_init ] --START--
INFO: Run Behavior\BuildLiteBehavior [ RunTime:0.000062s ]
INFO: [ app_init ] --END-- [ RunTime:0.001575s ]

[ 2016-12-23T21:48:06+08:00 ] 127.0.0.1 /Campus/Public/UCenter/css/safe/images/menu-treeNeck.png
INFO: [ app_init ] --START--
INFO: Run Behavior\BuildLiteBehavior [ RunTime:0.000039s ]
INFO: [ app_init ] --END-- [ RunTime:0.001298s ]

[ 2016-12-23T21:48:28+08:00 ] 127.0.0.1 /Campus/Public/UCenter/css/safe/images/menu-treeNeck.png
INFO: [ app_init ] --START--
INFO: Run Behavior\BuildLiteBehavior [ RunTime:0.000043s ]
INFO: [ app_init ] --END-- [ RunTime:0.001975s ]

[ 2016-12-23T21:48:50+08:00 ] 127.0.0.1 /Campus/Public/UCenter/css/safe/images/menu-treeNeck.png
INFO: [ app_init ] --START--
INFO: Run Behavior\BuildLiteBehavior [ RunTime:0.000054s ]
INFO: [ app_init ] --END-- [ RunTime:0.001590s ]

[ 2016-12-23T21:49:25+08:00 ] 127.0.0.1 /Campus/Public/UCenter/css/safe/images/menu-treeNeck.png
INFO: [ app_init ] --START--
INFO: Run Behavior\BuildLiteBehavior [ RunTime:0.000053s ]
INFO: [ app_init ] --END-- [ RunTime:0.001166s ]

[ 2016-12-23T21:49:48+08:00 ] 127.0.0.1 /Campus/Public/UCenter/css/safe/images/menu-treeNeck.png
INFO: [ app_init ] --START--
INFO: Run Behavior\BuildLiteBehavior [ RunTime:0.000055s ]
INFO: [ app_init ] --END-- [ RunTime:0.001981s ]

[ 2016-12-23T21:50:28+08:00 ] 127.0.0.1 /Campus/Public/UCenter/css/safe/images/menu-treeNeck.png
INFO: [ app_init ] --START--
INFO: Run Behavior\BuildLiteBehavior [ RunTime:0.000063s ]
INFO: [ app_init ] --END-- [ RunTime:0.004241s ]

[ 2016-12-23T21:51:04+08:00 ] 127.0.0.1 /Campus/Public/UCenter/css/safe/images/menu-treeNeck.png
INFO: [ app_init ] --START--
INFO: Run Behavior\BuildLiteBehavior [ RunTime:0.000075s ]
INFO: [ app_init ] --END-- [ RunTime:0.002696s ]

[ 2016-12-23T21:51:13+08:00 ] 127.0.0.1 /Campus/Public/UCenter/css/safe/images/menu-treeNeck.png
INFO: [ app_init ] --START--
INFO: Run Behavior\BuildLiteBehavior [ RunTime:0.000092s ]
INFO: [ app_init ] --END-- [ RunTime:0.001477s ]

[ 2016-12-23T21:51:40+08:00 ] 127.0.0.1 /Campus/Public/UCenter/css/safe/images/menu-treeNeck.png
INFO: [ app_init ] --START--
INFO: Run Behavior\BuildLiteBehavior [ RunTime:0.000093s ]
INFO: [ app_init ] --END-- [ RunTime:0.001898s ]

[ 2016-12-23T21:52:06+08:00 ] 127.0.0.1 /Campus/Public/UCenter/css/safe/images/menu-treeNeck.png
INFO: [ app_init ] --START--
INFO: Run Behavior\BuildLiteBehavior [ RunTime:0.000157s ]
INFO: [ app_init ] --END-- [ RunTime:0.002114s ]

[ 2016-12-23T21:52:18+08:00 ] 127.0.0.1 /Campus/Public/UCenter/css/safe/images/menu-treeNeck.png
INFO: [ app_init ] --START--
INFO: Run Behavior\BuildLiteBehavior [ RunTime:0.000093s ]
INFO: [ app_init ] --END-- [ RunTime:0.001429s ]

[ 2016-12-23T21:52:22+08:00 ] 127.0.0.1 /Campus/Public/UCenter/css/safe/images/menu-treeNeck.png
INFO: [ app_init ] --START--
INFO: Run Behavior\BuildLiteBehavior [ RunTime:0.000059s ]
INFO: [ app_init ] --END-- [ RunTime:0.001215s ]

[ 2016-12-23T21:52:44+08:00 ] 127.0.0.1 /Campus/Public/UCenter/css/safe/images/menu-treeNeck.png
INFO: [ app_init ] --START--
INFO: Run Behavior\BuildLiteBehavior [ RunTime:0.000058s ]
INFO: [ app_init ] --END-- [ RunTime:0.001393s ]

[ 2016-12-23T21:53:06+08:00 ] 127.0.0.1 /Campus/Public/UCenter/css/safe/images/menu-treeNeck.png
INFO: [ app_init ] --START--
INFO: Run Behavior\BuildLiteBehavior [ RunTime:0.000052s ]
INFO: [ app_init ] --END-- [ RunTime:0.002812s ]

[ 2016-12-23T21:53:35+08:00 ] 127.0.0.1 /Campus/Public/UCenter/css/safe/images/menu-treeNeck.png
INFO: [ app_init ] --START--
INFO: Run Behavior\BuildLiteBehavior [ RunTime:0.000063s ]
INFO: [ app_init ] --END-- [ RunTime:0.001420s ]

[ 2016-12-23T21:53:36+08:00 ] 127.0.0.1 /Campus/Public/UCenter/css/safe/images/menu-treeNeck.png
INFO: [ app_init ] --START--
INFO: Run Behavior\BuildLiteBehavior [ RunTime:0.000056s ]
INFO: [ app_init ] --END-- [ RunTime:0.001229s ]

[ 2016-12-23T21:54:55+08:00 ] 127.0.0.1 /Campus/Public/UCenter/css/safe/images/menu-treeNeck.png
INFO: [ app_init ] --START--
INFO: Run Behavior\BuildLiteBehavior [ RunTime:0.000062s ]
INFO: [ app_init ] --END-- [ RunTime:0.001355s ]

[ 2016-12-23T21:55:00+08:00 ] 127.0.0.1 /Campus/Public/UCenter/css/safe/images/menu-treeNeck.png
INFO: [ app_init ] --START--
INFO: Run Behavior\BuildLiteBehavior [ RunTime:0.000109s ]
INFO: [ app_init ] --END-- [ RunTime:0.001475s ]

[ 2016-12-23T21:55:02+08:00 ] 127.0.0.1 /Campus/Public/UCenter/css/safe/images/menu-treeNeck.png
INFO: [ app_init ] --START--
INFO: Run Behavior\BuildLiteBehavior [ RunTime:0.000058s ]
INFO: [ app_init ] --END-- [ RunTime:0.001545s ]

[ 2016-12-23T21:56:36+08:00 ] 127.0.0.1 /Campus/Public/UCenter/css/safe/images/menu-treeNeck.png
INFO: [ app_init ] --START--
INFO: Run Behavior\BuildLiteBehavior [ RunTime:0.000063s ]
INFO: [ app_init ] --END-- [ RunTime:0.001851s ]

[ 2016-12-23T21:56:37+08:00 ] 127.0.0.1 /Campus/Public/UCenter/css/safe/images/menu-treeNeck.png
INFO: [ app_init ] --START--
INFO: Run Behavior\BuildLiteBehavior [ RunTime:0.000077s ]
INFO: [ app_init ] --END-- [ RunTime:0.001958s ]

[ 2016-12-23T21:57:51+08:00 ] 127.0.0.1 /Campus/Public/UCenter/css/safe/images/menu-treeNeck.png
INFO: [ app_init ] --START--
INFO: Run Behavior\BuildLiteBehavior [ RunTime:0.000065s ]
INFO: [ app_init ] --END-- [ RunTime:0.001918s ]

[ 2016-12-23T21:57:52+08:00 ] 127.0.0.1 /Campus/Public/UCenter/css/safe/images/menu-treeNeck.png
INFO: [ app_init ] --START--
INFO: Run Behavior\BuildLiteBehavior [ RunTime:0.000069s ]
INFO: [ app_init ] --END-- [ RunTime:0.001556s ]

[ 2016-12-23T21:58:00+08:00 ] 127.0.0.1 /Campus/Public/UCenter/css/safe/images/menu-treeNeck.png
INFO: [ app_init ] --START--
INFO: Run Behavior\BuildLiteBehavior [ RunTime:0.000093s ]
INFO: [ app_init ] --END-- [ RunTime:0.001476s ]

[ 2016-12-23T21:58:03+08:00 ] 127.0.0.1 /Campus/Public/UCenter/css/safe/images/menu-treeNeck.png
INFO: [ app_init ] --START--
INFO: Run Behavior\BuildLiteBehavior [ RunTime:0.000083s ]
INFO: [ app_init ] --END-- [ RunTime:0.001689s ]

[ 2016-12-23T21:58:14+08:00 ] 127.0.0.1 /Campus/Public/UCenter/css/safe/images/menu-treeNeck.png
INFO: [ app_init ] --START--
INFO: Run Behavior\BuildLiteBehavior [ RunTime:0.000062s ]
INFO: [ app_init ] --END-- [ RunTime:0.001809s ]

[ 2016-12-23T21:58:16+08:00 ] 127.0.0.1 /Campus/Public/UCenter/css/safe/images/menu-treeNeck.png
INFO: [ app_init ] --START--
INFO: Run Behavior\BuildLiteBehavior [ RunTime:0.000058s ]
INFO: [ app_init ] --END-- [ RunTime:0.001237s ]

[ 2016-12-23T22:01:58+08:00 ] 127.0.0.1 /Campus/Public/UCenter/css/safe/images/menu-treeNeck.png
INFO: [ app_init ] --START--
INFO: Run Behavior\BuildLiteBehavior [ RunTime:0.000062s ]
INFO: [ app_init ] --END-- [ RunTime:0.001962s ]

[ 2016-12-23T22:02:01+08:00 ] 127.0.0.1 /Campus/Public/UCenter/css/safe/images/menu-treeNeck.png
INFO: [ app_init ] --START--
INFO: Run Behavior\BuildLiteBehavior [ RunTime:0.000062s ]
INFO: [ app_init ] --END-- [ RunTime:0.001455s ]

[ 2016-12-23T22:02:04+08:00 ] 127.0.0.1 /Campus/Public/UCenter/css/safe/images/menu-treeNeck.png
INFO: [ app_init ] --START--
INFO: Run Behavior\BuildLiteBehavior [ RunTime:0.000065s ]
INFO: [ app_init ] --END-- [ RunTime:0.001760s ]

[ 2016-12-23T22:02:06+08:00 ] 127.0.0.1 /Campus/Public/UCenter/css/safe/images/menu-treeNeck.png
INFO: [ app_init ] --START--
INFO: Run Behavior\BuildLiteBehavior [ RunTime:0.000037s ]
INFO: [ app_init ] --END-- [ RunTime:0.000821s ]

[ 2016-12-23T22:02:12+08:00 ] 127.0.0.1 /Campus/Public/UCenter/css/safe/images/menu-treeNeck.png
INFO: [ app_init ] --START--
INFO: Run Behavior\BuildLiteBehavior [ RunTime:0.000064s ]
INFO: [ app_init ] --END-- [ RunTime:0.003510s ]

[ 2016-12-23T22:02:14+08:00 ] 127.0.0.1 /Campus/Public/UCenter/css/safe/images/menu-treeNeck.png
INFO: [ app_init ] --START--
INFO: Run Behavior\BuildLiteBehavior [ RunTime:0.000057s ]
INFO: [ app_init ] --END-- [ RunTime:0.001318s ]

[ 2016-12-23T22:03:13+08:00 ] 127.0.0.1 /Campus/Public/UCenter/css/safe/images/menu-treeNeck.png
INFO: [ app_init ] --START--
INFO: Run Behavior\BuildLiteBehavior [ RunTime:0.000066s ]
INFO: [ app_init ] --END-- [ RunTime:0.002012s ]

[ 2016-12-23T22:03:14+08:00 ] 127.0.0.1 /Campus/Public/UCenter/css/safe/images/menu-treeNeck.png
INFO: [ app_init ] --START--
INFO: Run Behavior\BuildLiteBehavior [ RunTime:0.000037s ]
INFO: [ app_init ] --END-- [ RunTime:0.001148s ]

[ 2016-12-23T22:03:15+08:00 ] 127.0.0.1 /Campus/Public/UCenter/css/safe/images/menu-treeNeck.png
INFO: [ app_init ] --START--
INFO: Run Behavior\BuildLiteBehavior [ RunTime:0.000134s ]
INFO: [ app_init ] --END-- [ RunTime:0.001561s ]

[ 2016-12-23T22:09:27+08:00 ] 127.0.0.1 /Campus/Public/UCenter/css/safe/images/menu-treeNeck.png
INFO: [ app_init ] --START--
INFO: Run Behavior\BuildLiteBehavior [ RunTime:0.000059s ]
INFO: [ app_init ] --END-- [ RunTime:0.001501s ]

[ 2016-12-23T22:13:24+08:00 ] 127.0.0.1 /Campus/Public/UCenter/css/safe/images/menu-treeNeck.png
INFO: [ app_init ] --START--
INFO: Run Behavior\BuildLiteBehavior [ RunTime:0.000062s ]
INFO: [ app_init ] --END-- [ RunTime:0.004734s ]

[ 2016-12-23T22:13:26+08:00 ] 127.0.0.1 /Campus/Public/UCenter/css/safe/images/menu-treeNeck.png
INFO: [ app_init ] --START--
INFO: Run Behavior\BuildLiteBehavior [ RunTime:0.000061s ]
INFO: [ app_init ] --END-- [ RunTime:0.001645s ]

[ 2016-12-23T22:14:06+08:00 ] 127.0.0.1 /Campus/Public/UCenter/css/safe/images/menu-treeNeck.png
INFO: [ app_init ] --START--
INFO: Run Behavior\BuildLiteBehavior [ RunTime:0.000107s ]
INFO: [ app_init ] --END-- [ RunTime:0.003414s ]

[ 2016-12-23T22:15:16+08:00 ] 127.0.0.1 /Campus/Public/UCenter/css/safe/images/tipIcon.png
INFO: [ app_init ] --START--
INFO: Run Behavior\BuildLiteBehavior [ RunTime:0.000060s ]
INFO: [ app_init ] --END-- [ RunTime:0.001189s ]

[ 2016-12-23T22:15:16+08:00 ] 127.0.0.1 /Campus/Public/UCenter/css/safe/images/littleIcon.png
INFO: [ app_init ] --START--
INFO: Run Behavior\BuildLiteBehavior [ RunTime:0.000058s ]
INFO: [ app_init ] --END-- [ RunTime:0.001181s ]

[ 2016-12-23T22:15:16+08:00 ] 127.0.0.1 /Campus/Public/UCenter/css/safe/images/menu-treeNeck.png
INFO: [ app_init ] --START--
INFO: Run Behavior\BuildLiteBehavior [ RunTime:0.000061s ]
INFO: [ app_init ] --END-- [ RunTime:0.001308s ]

[ 2016-12-23T22:15:16+08:00 ] 127.0.0.1 /Campus/Public/UCenter/css/safe/images/jiantou.png
INFO: [ app_init ] --START--
INFO: Run Behavior\BuildLiteBehavior [ RunTime:0.000139s ]
INFO: [ app_init ] --END-- [ RunTime:0.001774s ]

[ 2016-12-23T22:16:56+08:00 ] 127.0.0.1 /Campus/Public/UCenter/css/safe/images/ms-logo.png
INFO: [ app_init ] --START--
INFO: Run Behavior\BuildLiteBehavior [ RunTime:0.000062s ]
INFO: [ app_init ] --END-- [ RunTime:0.001431s ]

[ 2016-12-23T22:16:56+08:00 ] 127.0.0.1 /Campus/Public/UCenter/css/safe/images/icon-nameInfo.png?v=2015060900
INFO: [ app_init ] --START--
INFO: Run Behavior\BuildLiteBehavior [ RunTime:0.000065s ]
INFO: [ app_init ] --END-- [ RunTime:0.002724s ]

[ 2016-12-23T22:16:56+08:00 ] 127.0.0.1 /Campus/Public/UCenter/css/safe/images/menu-treeNeck.png
INFO: [ app_init ] --START--
INFO: Run Behavior\BuildLiteBehavior [ RunTime:0.000056s ]
INFO: [ app_init ] --END-- [ RunTime:0.001161s ]

[ 2016-12-23T22:16:56+08:00 ] 127.0.0.1 /Campus/Public/UCenter/css/safe/images/littleIcon.png
INFO: [ app_init ] --START--
INFO: Run Behavior\BuildLiteBehavior [ RunTime:0.000055s ]
INFO: [ app_init ] --END-- [ RunTime:0.001110s ]

[ 2016-12-23T22:16:56+08:00 ] 127.0.0.1 /Campus/Public/UCenter/css/safe/images/jiantou.png
INFO: [ app_init ] --START--
INFO: Run Behavior\BuildLiteBehavior [ RunTime:0.000056s ]
INFO: [ app_init ] --END-- [ RunTime:0.001101s ]

[ 2016-12-23T22:16:56+08:00 ] 127.0.0.1 /Campus/Public/UCenter/css/safe/images/tipIcon.png
INFO: [ app_init ] --START--
INFO: Run Behavior\BuildLiteBehavior [ RunTime:0.000060s ]
INFO: [ app_init ] --END-- [ RunTime:0.002016s ]

[ 2016-12-23T22:17:28+08:00 ] 127.0.0.1 /Campus/Public/UCenter/css/safe/images/tipIcon.png
INFO: [ app_init ] --START--
INFO: Run Behavior\BuildLiteBehavior [ RunTime:0.000056s ]
INFO: [ app_init ] --END-- [ RunTime:0.004401s ]

[ 2016-12-23T22:17:28+08:00 ] 127.0.0.1 /Campus/Public/UCenter/css/safe/images/menu-treeNeck.png
INFO: [ app_init ] --START--
INFO: Run Behavior\BuildLiteBehavior [ RunTime:0.000068s ]
INFO: [ app_init ] --END-- [ RunTime:0.001320s ]

[ 2016-12-23T22:17:28+08:00 ] 127.0.0.1 /Campus/Public/UCenter/css/safe/images/jiantou.png
INFO: [ app_init ] --START--
INFO: Run Behavior\BuildLiteBehavior [ RunTime:0.000076s ]
INFO: [ app_init ] --END-- [ RunTime:0.001694s ]

[ 2016-12-23T22:17:28+08:00 ] 127.0.0.1 /Campus/Public/UCenter/css/safe/images/littleIcon.png
INFO: [ app_init ] --START--
INFO: Run Behavior\BuildLiteBehavior [ RunTime:0.000064s ]
INFO: [ app_init ] --END-- [ RunTime:0.003191s ]

[ 2016-12-23T22:18:28+08:00 ] 127.0.0.1 /Campus/Public/UCenter/css/safe/images/menu-treeNeck.png
INFO: [ app_init ] --START--
INFO: Run Behavior\BuildLiteBehavior [ RunTime:0.000036s ]
INFO: [ app_init ] --END-- [ RunTime:0.000782s ]

[ 2016-12-23T22:18:28+08:00 ] 127.0.0.1 /Campus/Public/UCenter/css/safe/images/littleIcon.png
INFO: [ app_init ] --START--
INFO: Run Behavior\BuildLiteBehavior [ RunTime:0.000059s ]
INFO: [ app_init ] --END-- [ RunTime:0.001169s ]

[ 2016-12-23T22:18:28+08:00 ] 127.0.0.1 /Campus/Public/UCenter/css/safe/images/jiantou.png
INFO: [ app_init ] --START--
INFO: Run Behavior\BuildLiteBehavior [ RunTime:0.000060s ]
INFO: [ app_init ] --END-- [ RunTime:0.001566s ]

[ 2016-12-23T22:18:28+08:00 ] 127.0.0.1 /Campus/Public/UCenter/css/safe/images/tipIcon.png
INFO: [ app_init ] --START--
INFO: Run Behavior\BuildLiteBehavior [ RunTime:0.000061s ]
INFO: [ app_init ] --END-- [ RunTime:0.001259s ]

[ 2016-12-23T22:19:28+08:00 ] 127.0.0.1 /Campus/Public/UCenter/css/safe/images/menu-treeNeck.png
INFO: [ app_init ] --START--
INFO: Run Behavior\BuildLiteBehavior [ RunTime:0.000059s ]
INFO: [ app_init ] --END-- [ RunTime:0.001165s ]

[ 2016-12-23T22:19:28+08:00 ] 127.0.0.1 /Campus/Public/UCenter/css/safe/images/tipIcon.png
INFO: [ app_init ] --START--
INFO: Run Behavior\BuildLiteBehavior [ RunTime:0.000061s ]
INFO: [ app_init ] --END-- [ RunTime:0.003561s ]

[ 2016-12-23T22:19:28+08:00 ] 127.0.0.1 /Campus/Public/UCenter/css/safe/images/jiantou.png
INFO: [ app_init ] --START--
INFO: Run Behavior\BuildLiteBehavior [ RunTime:0.000058s ]
INFO: [ app_init ] --END-- [ RunTime:0.001417s ]

[ 2016-12-23T22:19:28+08:00 ] 127.0.0.1 /Campus/Public/UCenter/css/safe/images/littleIcon.png
INFO: [ app_init ] --START--
INFO: Run Behavior\BuildLiteBehavior [ RunTime:0.000059s ]
INFO: [ app_init ] --END-- [ RunTime:0.001625s ]

[ 2016-12-23T22:19:39+08:00 ] 127.0.0.1 /Campus/Public/UCenter/css/safe/images/menu-treeNeck.png
INFO: [ app_init ] --START--
INFO: Run Behavior\BuildLiteBehavior [ RunTime:0.000057s ]
INFO: [ app_init ] --END-- [ RunTime:0.001200s ]

[ 2016-12-23T22:19:41+08:00 ] 127.0.0.1 /Campus/Public/UCenter/css/safe/images/menu-treeNeck.png
INFO: [ app_init ] --START--
INFO: Run Behavior\BuildLiteBehavior [ RunTime:0.000064s ]
INFO: [ app_init ] --END-- [ RunTime:0.001458s ]

[ 2016-12-23T22:19:42+08:00 ] 127.0.0.1 /Campus/Public/UCenter/css/safe/images/menu-treeNeck.png
INFO: [ app_init ] --START--
INFO: Run Behavior\BuildLiteBehavior [ RunTime:0.000062s ]
INFO: [ app_init ] --END-- [ RunTime:0.001263s ]

[ 2016-12-23T22:19:48+08:00 ] 127.0.0.1 /Campus/Public/UCenter/css/safe/images/menu-treeNeck.png
INFO: [ app_init ] --START--
INFO: Run Behavior\BuildLiteBehavior [ RunTime:0.000059s ]
INFO: [ app_init ] --END-- [ RunTime:0.001198s ]

[ 2016-12-23T22:19:48+08:00 ] 127.0.0.1 /Campus/Public/UCenter/css/safe/images/littleIcon.png
INFO: [ app_init ] --START--
INFO: Run Behavior\BuildLiteBehavior [ RunTime:0.000105s ]
INFO: [ app_init ] --END-- [ RunTime:0.001280s ]

[ 2016-12-23T22:19:48+08:00 ] 127.0.0.1 /Campus/Public/UCenter/css/safe/images/tipIcon.png
INFO: [ app_init ] --START--
INFO: Run Behavior\BuildLiteBehavior [ RunTime:0.000066s ]
INFO: [ app_init ] --END-- [ RunTime:0.001883s ]

[ 2016-12-23T22:19:48+08:00 ] 127.0.0.1 /Campus/Public/UCenter/css/safe/images/jiantou.png
INFO: [ app_init ] --START--
INFO: Run Behavior\BuildLiteBehavior [ RunTime:0.000077s ]
INFO: [ app_init ] --END-- [ RunTime:0.001006s ]

[ 2016-12-23T22:20:13+08:00 ] 127.0.0.1 /Campus/Public/UCenter/css/safe/images/menu-treeNeck.png
INFO: [ app_init ] --START--
INFO: Run Behavior\BuildLiteBehavior [ RunTime:0.000046s ]
INFO: [ app_init ] --END-- [ RunTime:0.001291s ]

[ 2016-12-23T22:20:38+08:00 ] 127.0.0.1 /Campus/Public/UCenter/css/safe/images/menu-treeNeck.png
INFO: [ app_init ] --START--
INFO: Run Behavior\BuildLiteBehavior [ RunTime:0.000039s ]
INFO: [ app_init ] --END-- [ RunTime:0.000866s ]

[ 2016-12-23T22:20:38+08:00 ] 127.0.0.1 /Campus/Public/UCenter/css/safe/images/menu-treeNeck.png
INFO: [ app_init ] --START--
INFO: Run Behavior\BuildLiteBehavior [ RunTime:0.000060s ]
INFO: [ app_init ] --END-- [ RunTime:0.001180s ]

[ 2016-12-23T22:20:58+08:00 ] 127.0.0.1 /Campus/Public/UCenter/css/safe/images/menu-treeNeck.png
INFO: [ app_init ] --START--
INFO: Run Behavior\BuildLiteBehavior [ RunTime:0.000059s ]
INFO: [ app_init ] --END-- [ RunTime:0.001359s ]

[ 2016-12-23T22:21:19+08:00 ] 127.0.0.1 /Campus/Public/UCenter/css/safe/images/menu-treeNeck.png
INFO: [ app_init ] --START--
INFO: Run Behavior\BuildLiteBehavior [ RunTime:0.000064s ]
INFO: [ app_init ] --END-- [ RunTime:0.001435s ]

[ 2016-12-23T22:21:55+08:00 ] 127.0.0.1 /Campus/Public/UCenter/css/safe/images/menu-treeNeck.png
INFO: [ app_init ] --START--
INFO: Run Behavior\BuildLiteBehavior [ RunTime:0.000063s ]
INFO: [ app_init ] --END-- [ RunTime:0.001329s ]

[ 2016-12-23T22:22:09+08:00 ] 127.0.0.1 /Campus/Public/UCenter/css/safe/images/menu-treeNeck.png
INFO: [ app_init ] --START--
INFO: Run Behavior\BuildLiteBehavior [ RunTime:0.000037s ]
INFO: [ app_init ] --END-- [ RunTime:0.000851s ]

[ 2016-12-23T22:22:33+08:00 ] 127.0.0.1 /Campus/Public/UCenter/css/safe/images/menu-treeNeck.png
INFO: [ app_init ] --START--
INFO: Run Behavior\BuildLiteBehavior [ RunTime:0.000037s ]
INFO: [ app_init ] --END-- [ RunTime:0.000801s ]

[ 2016-12-23T22:23:00+08:00 ] 127.0.0.1 /Campus/Public/UCenter/css/safe/images/menu-treeNeck.png
INFO: [ app_init ] --START--
INFO: Run Behavior\BuildLiteBehavior [ RunTime:0.000092s ]
INFO: [ app_init ] --END-- [ RunTime:0.001973s ]

[ 2016-12-23T22:23:15+08:00 ] 127.0.0.1 /Campus/Public/UCenter/css/safe/images/menu-treeNeck.png
INFO: [ app_init ] --START--
INFO: Run Behavior\BuildLiteBehavior [ RunTime:0.000037s ]
INFO: [ app_init ] --END-- [ RunTime:0.000826s ]

[ 2016-12-23T22:23:32+08:00 ] 127.0.0.1 /Campus/Public/UCenter/css/safe/images/menu-treeNeck.png
INFO: [ app_init ] --START--
INFO: Run Behavior\BuildLiteBehavior [ RunTime:0.000054s ]
INFO: [ app_init ] --END-- [ RunTime:0.001102s ]

[ 2016-12-23T22:24:51+08:00 ] 127.0.0.1 /Campus/Public/UCenter/css/safe/images/menu-treeNeck.png
INFO: [ app_init ] --START--
INFO: Run Behavior\BuildLiteBehavior [ RunTime:0.000038s ]
INFO: [ app_init ] --END-- [ RunTime:0.001016s ]

[ 2016-12-23T22:25:13+08:00 ] 127.0.0.1 /Campus/Public/UCenter/css/safe/images/menu-treeNeck.png
INFO: [ app_init ] --START--
INFO: Run Behavior\BuildLiteBehavior [ RunTime:0.000074s ]
INFO: [ app_init ] --END-- [ RunTime:0.001697s ]

[ 2016-12-23T22:26:02+08:00 ] 127.0.0.1 /Campus/Public/UCenter/css/safe/images/menu-treeNeck.png
INFO: [ app_init ] --START--
INFO: Run Behavior\BuildLiteBehavior [ RunTime:0.000059s ]
INFO: [ app_init ] --END-- [ RunTime:0.001314s ]

[ 2016-12-23T22:26:04+08:00 ] 127.0.0.1 /Campus/Public/UCenter/css/safe/images/menu-treeNeck.png
INFO: [ app_init ] --START--
INFO: Run Behavior\BuildLiteBehavior [ RunTime:0.000061s ]
INFO: [ app_init ] --END-- [ RunTime:0.001829s ]

[ 2016-12-23T22:26:05+08:00 ] 127.0.0.1 /Campus/Public/UCenter/css/safe/images/menu-treeNeck.png
INFO: [ app_init ] --START--
INFO: Run Behavior\BuildLiteBehavior [ RunTime:0.000035s ]
INFO: [ app_init ] --END-- [ RunTime:0.000835s ]

[ 2016-12-23T22:26:06+08:00 ] 127.0.0.1 /Campus/Public/UCenter/css/safe/images/menu-treeNeck.png
INFO: [ app_init ] --START--
INFO: Run Behavior\BuildLiteBehavior [ RunTime:0.000059s ]
INFO: [ app_init ] --END-- [ RunTime:0.001451s ]

[ 2016-12-23T22:26:23+08:00 ] 127.0.0.1 /Campus/Public/UCenter/css/safe/images/menu-treeNeck.png
INFO: [ app_init ] --START--
INFO: Run Behavior\BuildLiteBehavior [ RunTime:0.000057s ]
INFO: [ app_init ] --END-- [ RunTime:0.001232s ]

[ 2016-12-23T22:26:48+08:00 ] 127.0.0.1 /Campus/Public/UCenter/css/safe/images/menu-treeNeck.png
INFO: [ app_init ] --START--
INFO: Run Behavior\BuildLiteBehavior [ RunTime:0.000060s ]
INFO: [ app_init ] --END-- [ RunTime:0.001290s ]

[ 2016-12-23T22:26:56+08:00 ] 127.0.0.1 /Campus/Public/UCenter/css/safe/images/menu-treeNeck.png
INFO: [ app_init ] --START--
INFO: Run Behavior\BuildLiteBehavior [ RunTime:0.000041s ]
INFO: [ app_init ] --END-- [ RunTime:0.001345s ]

[ 2016-12-23T22:26:58+08:00 ] 127.0.0.1 /Campus/Public/UCenter/css/safe/images/menu-treeNeck.png
INFO: [ app_init ] --START--
INFO: Run Behavior\BuildLiteBehavior [ RunTime:0.000056s ]
INFO: [ app_init ] --END-- [ RunTime:0.001198s ]

[ 2016-12-23T22:27:06+08:00 ] 127.0.0.1 /Campus/Public/UCenter/css/safe/images/menu-treeNeck.png
INFO: [ app_init ] --START--
INFO: Run Behavior\BuildLiteBehavior [ RunTime:0.000063s ]
INFO: [ app_init ] --END-- [ RunTime:0.001339s ]

[ 2016-12-23T22:27:08+08:00 ] 127.0.0.1 /Campus/Public/UCenter/css/safe/images/menu-treeNeck.png
INFO: [ app_init ] --START--
INFO: Run Behavior\BuildLiteBehavior [ RunTime:0.000069s ]
INFO: [ app_init ] --END-- [ RunTime:0.001719s ]

[ 2016-12-23T22:27:10+08:00 ] 127.0.0.1 /Campus/Public/UCenter/css/safe/images/menu-treeNeck.png
INFO: [ app_init ] --START--
INFO: Run Behavior\BuildLiteBehavior [ RunTime:0.000063s ]
INFO: [ app_init ] --END-- [ RunTime:0.001823s ]

[ 2016-12-23T22:27:12+08:00 ] 127.0.0.1 /Campus/Public/UCenter/css/safe/images/menu-treeNeck.png
INFO: [ app_init ] --START--
INFO: Run Behavior\BuildLiteBehavior [ RunTime:0.000053s ]
INFO: [ app_init ] --END-- [ RunTime:0.001229s ]

[ 2016-12-23T22:27:26+08:00 ] 127.0.0.1 /Campus/Public/UCenter/css/safe/images/menu-treeNeck.png
INFO: [ app_init ] --START--
INFO: Run Behavior\BuildLiteBehavior [ RunTime:0.000041s ]
INFO: [ app_init ] --END-- [ RunTime:0.001152s ]

[ 2016-12-23T22:27:33+08:00 ] 127.0.0.1 /Campus/Public/UCenter/css/safe/images/menu-treeNeck.png
INFO: [ app_init ] --START--
INFO: Run Behavior\BuildLiteBehavior [ RunTime:0.000057s ]
INFO: [ app_init ] --END-- [ RunTime:0.001148s ]

[ 2016-12-23T22:27:55+08:00 ] 127.0.0.1 /Campus/Public/UCenter/css/safe/images/menu-treeNeck.png
INFO: [ app_init ] --START--
INFO: Run Behavior\BuildLiteBehavior [ RunTime:0.000056s ]
INFO: [ app_init ] --END-- [ RunTime:0.001245s ]

[ 2016-12-23T22:28:03+08:00 ] 127.0.0.1 /Campus/Public/UCenter/css/safe/images/menu-treeNeck.png
INFO: [ app_init ] --START--
INFO: Run Behavior\BuildLiteBehavior [ RunTime:0.000052s ]
INFO: [ app_init ] --END-- [ RunTime:0.001262s ]

[ 2016-12-23T22:28:20+08:00 ] 127.0.0.1 /Campus/Public/Home/css/bootstrap.css.map
INFO: [ app_init ] --START--
INFO: Run Behavior\BuildLiteBehavior [ RunTime:0.000039s ]
INFO: [ app_init ] --END-- [ RunTime:0.001217s ]
INFO: [ app_begin ] --START--
INFO: Run Behavior\ReadHtmlCacheBehavior [ RunTime:0.002988s ]
INFO: [ app_begin ] --END-- [ RunTime:0.003302s ]
ERR: 无法加载控制器:Home

[ 2016-12-23T22:28:39+08:00 ] 127.0.0.1 /Campus/Public/UCenter/css/safe/images/menu-treeNeck.png
INFO: [ app_init ] --START--
INFO: Run Behavior\BuildLiteBehavior [ RunTime:0.000037s ]
INFO: [ app_init ] --END-- [ RunTime:0.000825s ]

[ 2016-12-23T22:28:52+08:00 ] 127.0.0.1 /Campus/Public/UCenter/css/safe/images/menu-treeNeck.png
INFO: [ app_init ] --START--
INFO: Run Behavior\BuildLiteBehavior [ RunTime:0.000035s ]
INFO: [ app_init ] --END-- [ RunTime:0.000978s ]

[ 2016-12-23T22:29:04+08:00 ] 127.0.0.1 /Campus/Public/UCenter/css/safe/images/menu-treeNeck.png
INFO: [ app_init ] --START--
INFO: Run Behavior\BuildLiteBehavior [ RunTime:0.000057s ]
INFO: [ app_init ] --END-- [ RunTime:0.001319s ]

[ 2016-12-23T22:29:22+08:00 ] 127.0.0.1 /Campus/Public/UCenter/css/safe/images/menu-treeNeck.png
INFO: [ app_init ] --START--
INFO: Run Behavior\BuildLiteBehavior [ RunTime:0.000055s ]
INFO: [ app_init ] --END-- [ RunTime:0.001155s ]

[ 2016-12-23T22:29:32+08:00 ] 127.0.0.1 /Campus/Public/UCenter/css/safe/images/menu-treeNeck.png
INFO: [ app_init ] --START--
INFO: Run Behavior\BuildLiteBehavior [ RunTime:0.000057s ]
INFO: [ app_init ] --END-- [ RunTime:0.001349s ]

[ 2016-12-23T22:29:56+08:00 ] 127.0.0.1 /Campus/Public/UCenter/css/safe/images/menu-treeNeck.png
INFO: [ app_init ] --START--
INFO: Run Behavior\BuildLiteBehavior [ RunTime:0.000056s ]
INFO: [ app_init ] --END-- [ RunTime:0.001436s ]

[ 2016-12-23T22:30:06+08:00 ] 127.0.0.1 /Campus/Public/UCenter/css/safe/images/menu-treeNeck.png
INFO: [ app_init ] --START--
INFO: Run Behavior\BuildLiteBehavior [ RunTime:0.000066s ]
INFO: [ app_init ] --END-- [ RunTime:0.002329s ]

[ 2016-12-23T22:30:12+08:00 ] 127.0.0.1 /Campus/Public/UCenter/css/safe/images/menu-treeNeck.png
INFO: [ app_init ] --START--
INFO: Run Behavior\BuildLiteBehavior [ RunTime:0.000058s ]
INFO: [ app_init ] --END-- [ RunTime:0.001205s ]

[ 2016-12-23T22:30:19+08:00 ] 127.0.0.1 /Campus/Public/UCenter/css/safe/images/menu-treeNeck.png
INFO: [ app_init ] --START--
INFO: Run Behavior\BuildLiteBehavior [ RunTime:0.000057s ]
INFO: [ app_init ] --END-- [ RunTime:0.001186s ]

[ 2016-12-23T22:30:25+08:00 ] 127.0.0.1 /Campus/Public/UCenter/css/safe/images/menu-treeNeck.png
INFO: [ app_init ] --START--
INFO: Run Behavior\BuildLiteBehavior [ RunTime:0.000120s ]
INFO: [ app_init ] --END-- [ RunTime:0.001351s ]

[ 2016-12-23T22:30:32+08:00 ] 127.0.0.1 /Campus/Public/UCenter/css/safe/images/menu-treeNeck.png
INFO: [ app_init ] --START--
INFO: Run Behavior\BuildLiteBehavior [ RunTime:0.000058s ]
INFO: [ app_init ] --END-- [ RunTime:0.003038s ]

[ 2016-12-23T22:32:34+08:00 ] 127.0.0.1 /Campus/Public/UCenter/css/safe/images/menu-treeNeck.png
INFO: [ app_init ] --START--
INFO: Run Behavior\BuildLiteBehavior [ RunTime:0.000057s ]
INFO: [ app_init ] --END-- [ RunTime:0.001446s ]

[ 2016-12-23T22:33:00+08:00 ] 127.0.0.1 /Campus/Public/UCenter/css/safe/images/menu-treeNeck.png
INFO: [ app_init ] --START--
INFO: Run Behavior\BuildLiteBehavior [ RunTime:0.000132s ]
INFO: [ app_init ] --END-- [ RunTime:0.002515s ]

[ 2016-12-23T22:33:28+08:00 ] 127.0.0.1 /Campus/Public/UCenter/css/safe/images/menu-treeNeck.png
INFO: [ app_init ] --START--
INFO: Run Behavior\BuildLiteBehavior [ RunTime:0.000059s ]
INFO: [ app_init ] --END-- [ RunTime:0.001353s ]

[ 2016-12-23T22:34:22+08:00 ] 127.0.0.1 /Campus/Public/UCenter/css/safe/images/menu-treeNeck.png
INFO: [ app_init ] --START--
INFO: Run Behavior\BuildLiteBehavior [ RunTime:0.000062s ]
INFO: [ app_init ] --END-- [ RunTime:0.001115s ]

[ 2016-12-23T22:38:16+08:00 ] 127.0.0.1 /Campus/Public/UCenter/css/safe/images/menu-treeNeck.png
INFO: [ app_init ] --START--
INFO: Run Behavior\BuildLiteBehavior [ RunTime:0.000065s ]
INFO: [ app_init ] --END-- [ RunTime:0.001607s ]

[ 2016-12-23T22:38:48+08:00 ] 127.0.0.1 /Campus/Public/UCenter/css/safe/images/menu-treeNeck.png
INFO: [ app_init ] --START--
INFO: Run Behavior\BuildLiteBehavior [ RunTime:0.000056s ]
INFO: [ app_init ] --END-- [ RunTime:0.001206s ]

[ 2016-12-23T22:39:09+08:00 ] 127.0.0.1 /Campus/Public/UCenter/css/safe/images/menu-treeNeck.png
INFO: [ app_init ] --START--
INFO: Run Behavior\BuildLiteBehavior [ RunTime:0.000059s ]
INFO: [ app_init ] --END-- [ RunTime:0.001374s ]

[ 2016-12-23T22:39:22+08:00 ] 127.0.0.1 /Campus/Public/UCenter/css/safe/images/menu-treeNeck.png
INFO: [ app_init ] --START--
INFO: Run Behavior\BuildLiteBehavior [ RunTime:0.000059s ]
INFO: [ app_init ] --END-- [ RunTime:0.001243s ]

[ 2016-12-23T22:39:35+08:00 ] 127.0.0.1 /Campus/Public/UCenter/css/safe/images/menu-treeNeck.png
INFO: [ app_init ] --START--
INFO: Run Behavior\BuildLiteBehavior [ RunTime:0.000058s ]
INFO: [ app_init ] --END-- [ RunTime:0.001162s ]

[ 2016-12-23T22:39:59+08:00 ] 127.0.0.1 /Campus/Public/UCenter/css/safe/images/menu-treeNeck.png
INFO: [ app_init ] --START--
INFO: Run Behavior\BuildLiteBehavior [ RunTime:0.000061s ]
INFO: [ app_init ] --END-- [ RunTime:0.001511s ]

[ 2016-12-23T22:40:07+08:00 ] 127.0.0.1 /Campus/Public/UCenter/css/safe/images/menu-treeNeck.png
INFO: [ app_init ] --START--
INFO: Run Behavior\BuildLiteBehavior [ RunTime:0.000058s ]
INFO: [ app_init ] --END-- [ RunTime:0.001433s ]

[ 2016-12-23T22:40:13+08:00 ] 127.0.0.1 /Campus/Public/Home/css/bootstrap.css.map
INFO: [ app_init ] --START--
INFO: Run Behavior\BuildLiteBehavior [ RunTime:0.000036s ]
INFO: [ app_init ] --END-- [ RunTime:0.000796s ]
INFO: [ app_begin ] --START--
INFO: Run Behavior\ReadHtmlCacheBehavior [ RunTime:0.001770s ]
INFO: [ app_begin ] --END-- [ RunTime:0.002029s ]
ERR: 无法加载控制器:Home

[ 2016-12-23T22:40:43+08:00 ] 127.0.0.1 /Campus/Public/Home/css/bootstrap.css.map
INFO: [ app_init ] --START--
INFO: Run Behavior\BuildLiteBehavior [ RunTime:0.000039s ]
INFO: [ app_init ] --END-- [ RunTime:0.000968s ]
INFO: [ app_begin ] --START--
INFO: Run Behavior\ReadHtmlCacheBehavior [ RunTime:0.001252s ]
INFO: [ app_begin ] --END-- [ RunTime:0.001436s ]
ERR: 无法加载控制器:Home

[ 2016-12-23T22:41:05+08:00 ] 127.0.0.1 /Campus/Public/Home/css/bootstrap.css.map
INFO: [ app_init ] --START--
INFO: Run Behavior\BuildLiteBehavior [ RunTime:0.000038s ]
INFO: [ app_init ] --END-- [ RunTime:0.000869s ]
INFO: [ app_begin ] --START--
INFO: Run Behavior\ReadHtmlCacheBehavior [ RunTime:0.001569s ]
INFO: [ app_begin ] --END-- [ RunTime:0.001742s ]
ERR: 无法加载控制器:Home

[ 2016-12-23T22:41:05+08:00 ] 127.0.0.1 /Campus/Public/UCenter/css/safe/images/menu-treeNeck.png
INFO: [ app_init ] --START--
INFO: Run Behavior\BuildLiteBehavior [ RunTime:0.000038s ]
INFO: [ app_init ] --END-- [ RunTime:0.000778s ]

[ 2016-12-23T22:41:09+08:00 ] 127.0.0.1 /Campus/Public/UCenter/css/safe/images/menu-treeNeck.png
INFO: [ app_init ] --START--
INFO: Run Behavior\BuildLiteBehavior [ RunTime:0.000071s ]
INFO: [ app_init ] --END-- [ RunTime:0.002323s ]

[ 2016-12-23T22:41:11+08:00 ] 127.0.0.1 /Campus/Public/UCenter/css/safe/images/menu-treeNeck.png
INFO: [ app_init ] --START--
INFO: Run Behavior\BuildLiteBehavior [ RunTime:0.000063s ]
INFO: [ app_init ] --END-- [ RunTime:0.001441s ]

[ 2016-12-23T22:41:56+08:00 ] 127.0.0.1 /Campus/Public/UCenter/css/safe/images/menu-treeNeck.png
INFO: [ app_init ] --START--
INFO: Run Behavior\BuildLiteBehavior [ RunTime:0.000039s ]
INFO: [ app_init ] --END-- [ RunTime:0.001564s ]

[ 2016-12-23T22:49:28+08:00 ] 127.0.0.1 /Campus/Public/UCenter/css/safe/images/menu-treeNeck.png
INFO: [ app_init ] --START--
INFO: Run Behavior\BuildLiteBehavior [ RunTime:0.000131s ]
INFO: [ app_init ] --END-- [ RunTime:0.001840s ]

[ 2016-12-23T22:50:09+08:00 ] 127.0.0.1 /Campus/Public/UCenter/css/safe/images/menu-treeNeck.png
INFO: [ app_init ] --START--
INFO: Run Behavior\BuildLiteBehavior [ RunTime:0.000108s ]
INFO: [ app_init ] --END-- [ RunTime:0.001736s ]

[ 2016-12-23T22:50:09+08:00 ] 127.0.0.1 /Campus/Public/UCenter/css/safe/images/littleIcon.png
INFO: [ app_init ] --START--
INFO: Run Behavior\BuildLiteBehavior [ RunTime:0.000066s ]
INFO: [ app_init ] --END-- [ RunTime:0.001554s ]

[ 2016-12-23T22:50:09+08:00 ] 127.0.0.1 /Campus/Public/UCenter/css/safe/images/tipIcon.png
INFO: [ app_init ] --START--
INFO: Run Behavior\BuildLiteBehavior [ RunTime:0.000065s ]
INFO: [ app_init ] --END-- [ RunTime:0.001892s ]

[ 2016-12-23T22:51:46+08:00 ] 127.0.0.1 /Campus/Public/UCenter/css/safe/images/tipIcon.png
INFO: [ app_init ] --START--
INFO: Run Behavior\BuildLiteBehavior [ RunTime:0.000060s ]
INFO: [ app_init ] --END-- [ RunTime:0.001325s ]

[ 2016-12-23T22:51:46+08:00 ] 127.0.0.1 /Campus/Public/UCenter/css/safe/images/menu-treeNeck.png
INFO: [ app_init ] --START--
INFO: Run Behavior\BuildLiteBehavior [ RunTime:0.000062s ]
INFO: [ app_init ] --END-- [ RunTime:0.001430s ]

[ 2016-12-23T22:51:46+08:00 ] 127.0.0.1 /Campus/Public/UCenter/css/safe/images/littleIcon.png
INFO: [ app_init ] --START--
INFO: Run Behavior\BuildLiteBehavior [ RunTime:0.000060s ]
INFO: [ app_init ] --END-- [ RunTime:0.001856s ]

[ 2016-12-23T22:52:40+08:00 ] 127.0.0.1 /Campus/Public/UCenter/css/safe/images/littleIcon.png
INFO: [ app_init ] --START--
INFO: Run Behavior\BuildLiteBehavior [ RunTime:0.000060s ]
INFO: [ app_init ] --END-- [ RunTime:0.001140s ]

[ 2016-12-23T22:52:40+08:00 ] 127.0.0.1 /Campus/Public/UCenter/css/safe/images/tipIcon.png
INFO: [ app_init ] --START--
INFO: Run Behavior\BuildLiteBehavior [ RunTime:0.000064s ]
INFO: [ app_init ] --END-- [ RunTime:0.001190s ]

[ 2016-12-23T22:52:40+08:00 ] 127.0.0.1 /Campus/Public/UCenter/css/safe/images/menu-treeNeck.png
INFO: [ app_init ] --START--
INFO: Run Behavior\BuildLiteBehavior [ RunTime:0.000056s ]
INFO: [ app_init ] --END-- [ RunTime:0.001454s ]

[ 2016-12-23T22:53:49+08:00 ] 127.0.0.1 /Campus/Public/UCenter/css/safe/images/menu-treeNeck.png
INFO: [ app_init ] --START--
INFO: Run Behavior\BuildLiteBehavior [ RunTime:0.000059s ]
INFO: [ app_init ] --END-- [ RunTime:0.001336s ]

[ 2016-12-23T22:54:07+08:00 ] 127.0.0.1 /Campus/Public/UCenter/css/safe/images/menu-treeNeck.png
INFO: [ app_init ] --START--
INFO: Run Behavior\BuildLiteBehavior [ RunTime:0.000084s ]
INFO: [ app_init ] --END-- [ RunTime:0.001457s ]

[ 2016-12-23T22:54:08+08:00 ] 127.0.0.1 /Campus/Public/UCenter/css/safe/images/menu-treeNeck.png
INFO: [ app_init ] --START--
INFO: Run Behavior\BuildLiteBehavior [ RunTime:0.000040s ]
INFO: [ app_init ] --END-- [ RunTime:0.000950s ]

[ 2016-12-23T22:54:08+08:00 ] 127.0.0.1 /Campus/Public/UCenter/css/safe/images/littleIcon.png
INFO: [ app_init ] --START--
INFO: Run Behavior\BuildLiteBehavior [ RunTime:0.000039s ]
INFO: [ app_init ] --END-- [ RunTime:0.000952s ]

[ 2016-12-23T22:54:08+08:00 ] 127.0.0.1 /Campus/Public/UCenter/css/safe/images/tipIcon.png
INFO: [ app_init ] --START--
INFO: Run Behavior\BuildLiteBehavior [ RunTime:0.000061s ]
INFO: [ app_init ] --END-- [ RunTime:0.001042s ]

[ 2016-12-23T22:55:47+08:00 ] 127.0.0.1 /Campus/Public/UCenter/css/safe/images/menu-treeNeck.png
INFO: [ app_init ] --START--
INFO: Run Behavior\BuildLiteBehavior [ RunTime:0.000156s ]
INFO: [ app_init ] --END-- [ RunTime:0.003046s ]

[ 2016-12-23T22:55:53+08:00 ] 127.0.0.1 /Campus/Public/UCenter/css/safe/images/menu-treeNeck.png
INFO: [ app_init ] --START--
INFO: Run Behavior\BuildLiteBehavior [ RunTime:0.000059s ]
INFO: [ app_init ] --END-- [ RunTime:0.001314s ]

[ 2016-12-23T22:57:59+08:00 ] 127.0.0.1 /Campus/Public/UCenter/css/safe/images/menu-treeNeck.png
INFO: [ app_init ] --START--
INFO: Run Behavior\BuildLiteBehavior [ RunTime:0.000057s ]
INFO: [ app_init ] --END-- [ RunTime:0.001836s ]

[ 2016-12-23T22:58:14+08:00 ] 127.0.0.1 /Campus/Public/UCenter/css/safe/images/menu-treeNeck.png
INFO: [ app_init ] --START--
INFO: Run Behavior\BuildLiteBehavior [ RunTime:0.000066s ]
INFO: [ app_init ] --END-- [ RunTime:0.002569s ]

[ 2016-12-23T22:58:44+08:00 ] 127.0.0.1 /Campus/Public/UCenter/css/safe/images/menu-treeNeck.png
INFO: [ app_init ] --START--
INFO: Run Behavior\BuildLiteBehavior [ RunTime:0.000065s ]
INFO: [ app_init ] --END-- [ RunTime:0.001325s ]

[ 2016-12-23T22:58:55+08:00 ] 127.0.0.1 /Campus/Public/UCenter/css/safe/images/menu-treeNeck.png
INFO: [ app_init ] --START--
INFO: Run Behavior\BuildLiteBehavior [ RunTime:0.000039s ]
INFO: [ app_init ] --END-- [ RunTime:0.000969s ]

[ 2016-12-23T23:00:17+08:00 ] 127.0.0.1 /Campus/Public/UCenter/css/safe/images/menu-treeNeck.png
INFO: [ app_init ] --START--
INFO: Run Behavior\BuildLiteBehavior [ RunTime:0.000037s ]
INFO: [ app_init ] --END-- [ RunTime:0.001004s ]

[ 2016-12-23T23:03:17+08:00 ] 127.0.0.1 /Campus/Public/Home/css/bootstrap.css.map
INFO: [ app_init ] --START--
INFO: Run Behavior\BuildLiteBehavior [ RunTime:0.000038s ]
INFO: [ app_init ] --END-- [ RunTime:0.001016s ]
INFO: [ app_begin ] --START--
INFO: Run Behavior\ReadHtmlCacheBehavior [ RunTime:0.002796s ]
INFO: [ app_begin ] --END-- [ RunTime:0.003110s ]
ERR: 无法加载控制器:Home

[ 2016-12-23T23:04:34+08:00 ] 127.0.0.1 /Campus/Public/UCenter/css/safe/images/menu-treeNeck.png
INFO: [ app_init ] --START--
INFO: Run Behavior\BuildLiteBehavior [ RunTime:0.000069s ]
INFO: [ app_init ] --END-- [ RunTime:0.001710s ]

[ 2016-12-23T23:04:49+08:00 ] 127.0.0.1 /Campus/Public/UCenter/css/safe/images/menu-treeNeck.png
INFO: [ app_init ] --START--
INFO: Run Behavior\BuildLiteBehavior [ RunTime:0.000053s ]
INFO: [ app_init ] --END-- [ RunTime:0.001014s ]

[ 2016-12-23T23:05:06+08:00 ] 127.0.0.1 /Campus/Public/UCenter/css/safe/images/menu-treeNeck.png
INFO: [ app_init ] --START--
INFO: Run Behavior\BuildLiteBehavior [ RunTime:0.000035s ]
INFO: [ app_init ] --END-- [ RunTime:0.000769s ]

[ 2016-12-23T23:05:25+08:00 ] 127.0.0.1 /Campus/Public/UCenter/css/safe/images/menu-treeNeck.png
INFO: [ app_init ] --START--
INFO: Run Behavior\BuildLiteBehavior [ RunTime:0.000037s ]
INFO: [ app_init ] --END-- [ RunTime:0.000982s ]

[ 2016-12-23T23:07:08+08:00 ] 127.0.0.1 /Campus/Public/UCenter/css/safe/images/ms-logo.png
INFO: [ app_init ] --START--
INFO: Run Behavior\BuildLiteBehavior [ RunTime:0.000058s ]
INFO: [ app_init ] --END-- [ RunTime:0.001231s ]

[ 2016-12-23T23:07:08+08:00 ] 127.0.0.1 /Campus/Public/UCenter/css/safe/images/icon-nameInfo.png?v=2015060900
INFO: [ app_init ] --START--
INFO: Run Behavior\BuildLiteBehavior [ RunTime:0.000060s ]
INFO: [ app_init ] --END-- [ RunTime:0.001231s ]

[ 2016-12-23T23:07:08+08:00 ] 127.0.0.1 /Campus/Public/UCenter/css/safe/images/jiantou.png
INFO: [ app_init ] --START--
INFO: Run Behavior\BuildLiteBehavior [ RunTime:0.000065s ]
INFO: [ app_init ] --END-- [ RunTime:0.001373s ]

[ 2016-12-23T23:07:08+08:00 ] 127.0.0.1 /Campus/Public/UCenter/css/safe/images/menu-treeNeck.png
INFO: [ app_init ] --START--
INFO: Run Behavior\BuildLiteBehavior [ RunTime:0.000062s ]
INFO: [ app_init ] --END-- [ RunTime:0.001721s ]

[ 2016-12-23T23:10:39+08:00 ] 127.0.0.1 /Campus/Public/UCenter/css/safe/images/menu-treeNeck.png
INFO: [ app_init ] --START--
INFO: Run Behavior\BuildLiteBehavior [ RunTime:0.000059s ]
INFO: [ app_init ] --END-- [ RunTime:0.001606s ]

[ 2016-12-23T23:11:05+08:00 ] 127.0.0.1 /Campus/Public/UCenter/css/safe/images/menu-treeNeck.png
INFO: [ app_init ] --START--
INFO: Run Behavior\BuildLiteBehavior [ RunTime:0.000138s ]
INFO: [ app_init ] --END-- [ RunTime:0.003821s ]

[ 2016-12-23T23:12:05+08:00 ] 127.0.0.1 /Campus/Public/UCenter/css/safe/images/menu-treeNeck.png
INFO: [ app_init ] --START--
INFO: Run Behavior\BuildLiteBehavior [ RunTime:0.000062s ]
INFO: [ app_init ] --END-- [ RunTime:0.001324s ]

[ 2016-12-23T23:13:36+08:00 ] 127.0.0.1 /Campus/Public/UCenter/css/safe/images/menu-treeNeck.png
INFO: [ app_init ] --START--
INFO: Run Behavior\BuildLiteBehavior [ RunTime:0.000069s ]
INFO: [ app_init ] --END-- [ RunTime:0.001453s ]

[ 2016-12-23T23:14:27+08:00 ] 127.0.0.1 /Campus/Public/Home/css/bootstrap.css.map
INFO: [ app_init ] --START--
INFO: Run Behavior\BuildLiteBehavior [ RunTime:0.000040s ]
INFO: [ app_init ] --END-- [ RunTime:0.001036s ]
INFO: [ app_begin ] --START--
INFO: Run Behavior\ReadHtmlCacheBehavior [ RunTime:0.003448s ]
INFO: [ app_begin ] --END-- [ RunTime:0.003745s ]
ERR: 无法加载控制器:Home

[ 2016-12-23T23:15:52+08:00 ] 127.0.0.1 /Campus/Public/Home/css/bootstrap.css.map
INFO: [ app_init ] --START--
INFO: Run Behavior\BuildLiteBehavior [ RunTime:0.000059s ]
INFO: [ app_init ] --END-- [ RunTime:0.001515s ]
INFO: [ app_begin ] --START--
INFO: Run Behavior\ReadHtmlCacheBehavior [ RunTime:0.002805s ]
INFO: [ app_begin ] --END-- [ RunTime:0.003109s ]
ERR: 无法加载控制器:Home

[ 2016-12-23T23:15:52+08:00 ] 127.0.0.1 /Campus/Public/UCenter/css/safe/images/menu-treeNeck.png
INFO: [ app_init ] --START--
INFO: Run Behavior\BuildLiteBehavior [ RunTime:0.000064s ]
INFO: [ app_init ] --END-- [ RunTime:0.001277s ]

[ 2016-12-23T23:16:06+08:00 ] 127.0.0.1 /Campus/Public/UCenter/css/safe/images/menu-treeNeck.png
INFO: [ app_init ] --START--
INFO: Run Behavior\BuildLiteBehavior [ RunTime:0.000060s ]
INFO: [ app_init ] --END-- [ RunTime:0.001200s ]

[ 2016-12-23T23:17:23+08:00 ] 127.0.0.1 /Campus/Public/Home/css/bootstrap.css.map
INFO: [ app_init ] --START--
INFO: Run Behavior\BuildLiteBehavior [ RunTime:0.000037s ]
INFO: [ app_init ] --END-- [ RunTime:0.000808s ]
INFO: [ app_begin ] --START--
INFO: Run Behavior\ReadHtmlCacheBehavior [ RunTime:0.002416s ]
INFO: [ app_begin ] --END-- [ RunTime:0.003435s ]
ERR: 无法加载控制器:Home

[ 2016-12-23T23:18:29+08:00 ] 127.0.0.1 /Campus/Public/UCenter/css/safe/images/menu-treeNeck.png
INFO: [ app_init ] --START--
INFO: Run Behavior\BuildLiteBehavior [ RunTime:0.000057s ]
INFO: [ app_init ] --END-- [ RunTime:0.001453s ]

[ 2016-12-23T23:18:30+08:00 ] 127.0.0.1 /Campus/Public/Home/css/bootstrap.css.map
INFO: [ app_init ] --START--
INFO: Run Behavior\BuildLiteBehavior [ RunTime:0.000097s ]
INFO: [ app_init ] --END-- [ RunTime:0.001444s ]
INFO: [ app_begin ] --START--
INFO: Run Behavior\ReadHtmlCacheBehavior [ RunTime:0.008355s ]
INFO: [ app_begin ] --END-- [ RunTime:0.009071s ]
ERR: 无法加载控制器:Home

[ 2016-12-23T23:18:33+08:00 ] 127.0.0.1 /Campus/Public/UCenter/css/safe/images/menu-treeNeck.png
INFO: [ app_init ] --START--
INFO: Run Behavior\BuildLiteBehavior [ RunTime:0.000051s ]
INFO: [ app_init ] --END-- [ RunTime:0.001091s ]

[ 2016-12-23T23:18:35+08:00 ] 127.0.0.1 /Campus/Public/UCenter/css/safe/images/menu-treeNeck.png
INFO: [ app_init ] --START--
INFO: Run Behavior\BuildLiteBehavior [ RunTime:0.000056s ]
INFO: [ app_init ] --END-- [ RunTime:0.001272s ]

[ 2016-12-23T23:18:37+08:00 ] 127.0.0.1 /Campus/Public/UCenter/css/safe/images/menu-treeNeck.png
INFO: [ app_init ] --START--
INFO: Run Behavior\BuildLiteBehavior [ RunTime:0.000150s ]
INFO: [ app_init ] --END-- [ RunTime:0.001657s ]

[ 2016-12-23T23:18:47+08:00 ] 127.0.0.1 /Campus/Public/UCenter/css/safe/images/menu-treeNeck.png
INFO: [ app_init ] --START--
INFO: Run Behavior\BuildLiteBehavior [ RunTime:0.000053s ]
INFO: [ app_init ] --END-- [ RunTime:0.001169s ]

[ 2016-12-23T23:18:49+08:00 ] 127.0.0.1 /Campus/Public/UCenter/css/safe/images/menu-treeNeck.png
INFO: [ app_init ] --START--
INFO: Run Behavior\BuildLiteBehavior [ RunTime:0.000063s ]
INFO: [ app_init ] --END-- [ RunTime:0.001186s ]

[ 2016-12-23T23:19:42+08:00 ] 127.0.0.1 /Campus/Public/Home/css/bootstrap.css.map
INFO: [ app_init ] --START--
INFO: Run Behavior\BuildLiteBehavior [ RunTime:0.000038s ]
INFO: [ app_init ] --END-- [ RunTime:0.000953s ]
INFO: [ app_begin ] --START--
INFO: Run Behavior\ReadHtmlCacheBehavior [ RunTime:0.002148s ]
INFO: [ app_begin ] --END-- [ RunTime:0.002409s ]
ERR: 无法加载控制器:Home

[ 2016-12-23T23:20:07+08:00 ] 127.0.0.1 /Campus/Public/Home/css/bootstrap.css.map
INFO: [ app_init ] --START--
INFO: Run Behavior\BuildLiteBehavior [ RunTime:0.000057s ]
INFO: [ app_init ] --END-- [ RunTime:0.001324s ]
INFO: [ app_begin ] --START--
INFO: Run Behavior\ReadHtmlCacheBehavior [ RunTime:0.002248s ]
INFO: [ app_begin ] --END-- [ RunTime:0.002563s ]
ERR: 无法加载控制器:Home

[ 2016-12-23T23:20:07+08:00 ] 127.0.0.1 /Campus/Public/UCenter/css/safe/images/menu-treeNeck.png
INFO: [ app_init ] --START--
INFO: Run Behavior\BuildLiteBehavior [ RunTime:0.000061s ]
INFO: [ app_init ] --END-- [ RunTime:0.001393s ]

[ 2016-12-23T23:20:54+08:00 ] 127.0.0.1 /Campus/Public/UCenter/css/safe/images/menu-treeNeck.png
INFO: [ app_init ] --START--
INFO: Run Behavior\BuildLiteBehavior [ RunTime:0.000061s ]
INFO: [ app_init ] --END-- [ RunTime:0.001515s ]

[ 2016-12-23T23:22:19+08:00 ] 127.0.0.1 /Campus/Public/UCenter/css/safe/images/menu-treeNeck.png
INFO: [ app_init ] --START--
INFO: Run Behavior\BuildLiteBehavior [ RunTime:0.000037s ]
INFO: [ app_init ] --END-- [ RunTime:0.000896s ]

[ 2016-12-23T23:22:34+08:00 ] 127.0.0.1 /Campus/Public/UCenter/css/safe/images/menu-treeNeck.png
INFO: [ app_init ] --START--
INFO: Run Behavior\BuildLiteBehavior [ RunTime:0.000058s ]
INFO: [ app_init ] --END-- [ RunTime:0.001265s ]

[ 2016-12-23T23:22:46+08:00 ] 127.0.0.1 /Campus/Public/UCenter/css/safe/images/menu-treeNeck.png
INFO: [ app_init ] --START--
INFO: Run Behavior\BuildLiteBehavior [ RunTime:0.000058s ]
INFO: [ app_init ] --END-- [ RunTime:0.001204s ]

[ 2016-12-23T23:24:34+08:00 ] 127.0.0.1 /Campus/Public/UCenter/css/safe/images/menu-treeNeck.png
INFO: [ app_init ] --START--
INFO: Run Behavior\BuildLiteBehavior [ RunTime:0.000056s ]
INFO: [ app_init ] --END-- [ RunTime:0.001271s ]

[ 2016-12-23T23:24:38+08:00 ] 127.0.0.1 /Campus/Public/UCenter/css/safe/images/menu-treeNeck.png
INFO: [ app_init ] --START--
INFO: Run Behavior\BuildLiteBehavior [ RunTime:0.000149s ]
INFO: [ app_init ] --END-- [ RunTime:0.002070s ]

[ 2016-12-23T23:24:51+08:00 ] 127.0.0.1 /Campus/Public/UCenter/css/safe/images/menu-treeNeck.png
INFO: [ app_init ] --START--
INFO: Run Behavior\BuildLiteBehavior [ RunTime:0.000060s ]
INFO: [ app_init ] --END-- [ RunTime:0.001505s ]

[ 2016-12-23T23:26:29+08:00 ] 127.0.0.1 /Campus/Public/UCenter/css/safe/images/menu-treeNeck.png
INFO: [ app_init ] --START--
INFO: Run Behavior\BuildLiteBehavior [ RunTime:0.000035s ]
INFO: [ app_init ] --END-- [ RunTime:0.001011s ]

[ 2016-12-23T23:26:32+08:00 ] 127.0.0.1 /Campus/Public/UCenter/css/safe/images/littleIcon.png
INFO: [ app_init ] --START--
INFO: Run Behavior\BuildLiteBehavior [ RunTime:0.000038s ]
INFO: [ app_init ] --END-- [ RunTime:0.001098s ]

[ 2016-12-23T23:26:32+08:00 ] 127.0.0.1 /Campus/Public/UCenter/css/safe/images/menu-treeNeck.png
INFO: [ app_init ] --START--
INFO: Run Behavior\BuildLiteBehavior [ RunTime:0.000096s ]
INFO: [ app_init ] --END-- [ RunTime:0.001147s ]

[ 2016-12-23T23:26:32+08:00 ] 127.0.0.1 /Campus/Public/UCenter/css/safe/images/tipIcon.png
INFO: [ app_init ] --START--
INFO: Run Behavior\BuildLiteBehavior [ RunTime:0.000064s ]
INFO: [ app_init ] --END-- [ RunTime:0.007186s ]

[ 2016-12-23T23:26:46+08:00 ] 127.0.0.1 /Campus/Public/UCenter/css/safe/images/menu-treeNeck.png
INFO: [ app_init ] --START--
INFO: Run Behavior\BuildLiteBehavior [ RunTime:0.000119s ]
INFO: [ app_init ] --END-- [ RunTime:0.003486s ]

[ 2016-12-23T23:26:48+08:00 ] 127.0.0.1 /Campus/Public/UCenter/css/safe/images/menu-treeNeck.png
INFO: [ app_init ] --START--
INFO: Run Behavior\BuildLiteBehavior [ RunTime:0.000067s ]
INFO: [ app_init ] --END-- [ RunTime:0.001498s ]

[ 2016-12-23T23:28:24+08:00 ] 127.0.0.1 /Campus/Public/UCenter/css/safe/images/menu-treeNeck.png
INFO: [ app_init ] --START--
INFO: Run Behavior\BuildLiteBehavior [ RunTime:0.000035s ]
INFO: [ app_init ] --END-- [ RunTime:0.000742s ]

[ 2016-12-23T23:28:27+08:00 ] 127.0.0.1 /Campus/Public/UCenter/css/safe/images/menu-treeNeck.png
INFO: [ app_init ] --START--
INFO: Run Behavior\BuildLiteBehavior [ RunTime:0.000084s ]
INFO: [ app_init ] --END-- [ RunTime:0.001252s ]

[ 2016-12-23T23:28:30+08:00 ] 127.0.0.1 /Campus/Public/UCenter/css/safe/images/menu-treeNeck.png
INFO: [ app_init ] --START--
INFO: Run Behavior\BuildLiteBehavior [ RunTime:0.000057s ]
INFO: [ app_init ] --END-- [ RunTime:0.001172s ]

[ 2016-12-23T23:28:32+08:00 ] 127.0.0.1 /Campus/Public/UCenter/css/safe/images/menu-treeNeck.png
INFO: [ app_init ] --START--
INFO: Run Behavior\BuildLiteBehavior [ RunTime:0.000038s ]
INFO: [ app_init ] --END-- [ RunTime:0.000994s ]

[ 2016-12-23T23:28:34+08:00 ] 127.0.0.1 /Campus/Public/UCenter/css/safe/images/menu-treeNeck.png
INFO: [ app_init ] --START--
INFO: Run Behavior\BuildLiteBehavior [ RunTime:0.000067s ]
INFO: [ app_init ] --END-- [ RunTime:0.001102s ]

[ 2016-12-23T23:28:34+08:00 ] 127.0.0.1 /Campus/Public/UCenter/css/safe/images/tipIcon.png
INFO: [ app_init ] --START--
INFO: Run Behavior\BuildLiteBehavior [ RunTime:0.000059s ]
INFO: [ app_init ] --END-- [ RunTime:0.001380s ]

[ 2016-12-23T23:28:34+08:00 ] 127.0.0.1 /Campus/Public/UCenter/css/safe/images/littleIcon.png
INFO: [ app_init ] --START--
INFO: Run Behavior\BuildLiteBehavior [ RunTime:0.000041s ]
INFO: [ app_init ] --END-- [ RunTime:0.001398s ]

[ 2016-12-23T23:29:55+08:00 ] 127.0.0.1 /Campus/Public/UCenter/css/safe/images/menu-treeNeck.png
INFO: [ app_init ] --START--
INFO: Run Behavior\BuildLiteBehavior [ RunTime:0.000057s ]
INFO: [ app_init ] --END-- [ RunTime:0.001442s ]

[ 2016-12-23T23:29:57+08:00 ] 127.0.0.1 /Campus/Public/UCenter/css/safe/images/menu-treeNeck.png
INFO: [ app_init ] --START--
INFO: Run Behavior\BuildLiteBehavior [ RunTime:0.000060s ]
INFO: [ app_init ] --END-- [ RunTime:0.001126s ]

[ 2016-12-23T23:29:57+08:00 ] 127.0.0.1 /Campus/Public/UCenter/css/safe/images/tipIcon.png
INFO: [ app_init ] --START--
INFO: Run Behavior\BuildLiteBehavior [ RunTime:0.000055s ]
INFO: [ app_init ] --END-- [ RunTime:0.001405s ]

[ 2016-12-23T23:29:57+08:00 ] 127.0.0.1 /Campus/Public/UCenter/css/safe/images/littleIcon.png
INFO: [ app_init ] --START--
INFO: Run Behavior\BuildLiteBehavior [ RunTime:0.000063s ]
INFO: [ app_init ] --END-- [ RunTime:0.001677s ]

[ 2016-12-23T23:30:50+08:00 ] 127.0.0.1 /Campus/Public/UCenter/css/safe/images/menu-treeNeck.png
INFO: [ app_init ] --START--
INFO: Run Behavior\BuildLiteBehavior [ RunTime:0.000179s ]
INFO: [ app_init ] --END-- [ RunTime:0.001733s ]

[ 2016-12-23T23:30:50+08:00 ] 127.0.0.1 /Campus/Public/UCenter/css/safe/images/littleIcon.png
INFO: [ app_init ] --START--
INFO: Run Behavior\BuildLiteBehavior [ RunTime:0.000059s ]
INFO: [ app_init ] --END-- [ RunTime:0.001409s ]

[ 2016-12-23T23:30:50+08:00 ] 127.0.0.1 /Campus/Public/UCenter/css/safe/images/tipIcon.png
INFO: [ app_init ] --START--
INFO: Run Behavior\BuildLiteBehavior [ RunTime:0.000141s ]
INFO: [ app_init ] --END-- [ RunTime:0.001880s ]

[ 2016-12-23T23:30:57+08:00 ] 127.0.0.1 /Campus/Public/Home/css/bootstrap.css.map
INFO: [ app_init ] --START--
INFO: Run Behavior\BuildLiteBehavior [ RunTime:0.000038s ]
INFO: [ app_init ] --END-- [ RunTime:0.000766s ]
INFO: [ app_begin ] --START--
INFO: Run Behavior\ReadHtmlCacheBehavior [ RunTime:0.001688s ]
INFO: [ app_begin ] --END-- [ RunTime:0.001873s ]
ERR: 无法加载控制器:Home

[ 2016-12-23T23:32:35+08:00 ] 127.0.0.1 /Campus/Public/Home/css/bootstrap.css.map
INFO: [ app_init ] --START--
INFO: Run Behavior\BuildLiteBehavior [ RunTime:0.000043s ]
INFO: [ app_init ] --END-- [ RunTime:0.001070s ]
INFO: [ app_begin ] --START--
INFO: Run Behavior\ReadHtmlCacheBehavior [ RunTime:0.001933s ]
INFO: [ app_begin ] --END-- [ RunTime:0.002195s ]
ERR: 无法加载控制器:Home

[ 2016-12-23T23:32:35+08:00 ] 127.0.0.1 /Campus/Public/UCenter/css/safe/images/menu-treeNeck.png
INFO: [ app_init ] --START--
INFO: Run Behavior\BuildLiteBehavior [ RunTime:0.000038s ]
INFO: [ app_init ] --END-- [ RunTime:0.001007s ]

[ 2016-12-23T23:32:35+08:00 ] 127.0.0.1 /Campus/Public/UCenter/css/safe/images/littleIcon.png
INFO: [ app_init ] --START--
INFO: Run Behavior\BuildLiteBehavior [ RunTime:0.000067s ]
INFO: [ app_init ] --END-- [ RunTime:0.003751s ]

[ 2016-12-23T23:32:35+08:00 ] 127.0.0.1 /Campus/Public/UCenter/css/safe/images/tipIcon.png
INFO: [ app_init ] --START--
INFO: Run Behavior\BuildLiteBehavior [ RunTime:0.000061s ]
INFO: [ app_init ] --END-- [ RunTime:0.001307s ]

[ 2016-12-23T23:34:16+08:00 ] 127.0.0.1 /Campus/Public/Home/css/bootstrap.css.map
INFO: [ app_init ] --START--
INFO: Run Behavior\BuildLiteBehavior [ RunTime:0.000051s ]
INFO: [ app_init ] --END-- [ RunTime:0.001077s ]
INFO: [ app_begin ] --START--
INFO: Run Behavior\ReadHtmlCacheBehavior [ RunTime:0.001974s ]
INFO: [ app_begin ] --END-- [ RunTime:0.002289s ]
ERR: 无法加载控制器:Home

[ 2016-12-23T23:34:16+08:00 ] 127.0.0.1 /Campus/Public/UCenter/css/safe/images/menu-treeNeck.png
INFO: [ app_init ] --START--
INFO: Run Behavior\BuildLiteBehavior [ RunTime:0.000037s ]
INFO: [ app_init ] --END-- [ RunTime:0.000980s ]

[ 2016-12-23T23:34:16+08:00 ] 127.0.0.1 /Campus/Public/UCenter/css/safe/images/littleIcon.png
INFO: [ app_init ] --START--
INFO: Run Behavior\BuildLiteBehavior [ RunTime:0.000070s ]
INFO: [ app_init ] --END-- [ RunTime:0.001172s ]

[ 2016-12-23T23:34:16+08:00 ] 127.0.0.1 /Campus/Public/UCenter/css/safe/images/tipIcon.png
INFO: [ app_init ] --START--
INFO: Run Behavior\BuildLiteBehavior [ RunTime:0.000067s ]
INFO: [ app_init ] --END-- [ RunTime:0.003665s ]

[ 2016-12-23T23:34:43+08:00 ] 127.0.0.1 /Campus/Public/UCenter/css/safe/images/tipIcon.png
INFO: [ app_init ] --START--
INFO: Run Behavior\BuildLiteBehavior [ RunTime:0.000058s ]
INFO: [ app_init ] --END-- [ RunTime:0.001127s ]

[ 2016-12-23T23:34:43+08:00 ] 127.0.0.1 /Campus/Public/UCenter/css/safe/images/littleIcon.png
INFO: [ app_init ] --START--
INFO: Run Behavior\BuildLiteBehavior [ RunTime:0.000062s ]
INFO: [ app_init ] --END-- [ RunTime:0.004602s ]

[ 2016-12-23T23:34:43+08:00 ] 127.0.0.1 /Campus/Public/UCenter/css/safe/images/menu-treeNeck.png
INFO: [ app_init ] --START--
INFO: Run Behavior\BuildLiteBehavior [ RunTime:0.000059s ]
INFO: [ app_init ] --END-- [ RunTime:0.003010s ]

[ 2016-12-23T23:36:01+08:00 ] 127.0.0.1 /Campus/Public/UCenter/css/safe/images/menu-treeNeck.png
INFO: [ app_init ] --START--
INFO: Run Behavior\BuildLiteBehavior [ RunTime:0.000060s ]
INFO: [ app_init ] --END-- [ RunTime:0.001128s ]

[ 2016-12-23T23:36:01+08:00 ] 127.0.0.1 /Campus/Public/UCenter/css/safe/images/littleIcon.png
INFO: [ app_init ] --START--
INFO: Run Behavior\BuildLiteBehavior [ RunTime:0.000061s ]
INFO: [ app_init ] --END-- [ RunTime:0.001419s ]

[ 2016-12-23T23:36:01+08:00 ] 127.0.0.1 /Campus/Public/UCenter/css/safe/images/tipIcon.png
INFO: [ app_init ] --START--
INFO: Run Behavior\BuildLiteBehavior [ RunTime:0.000058s ]
INFO: [ app_init ] --END-- [ RunTime:0.001460s ]

[ 2016-12-23T23:37:35+08:00 ] 127.0.0.1 /Campus/Public/UCenter/css/safe/images/littleIcon.png
INFO: [ app_init ] --START--
INFO: Run Behavior\BuildLiteBehavior [ RunTime:0.000058s ]
INFO: [ app_init ] --END-- [ RunTime:0.001206s ]

[ 2016-12-23T23:37:35+08:00 ] 127.0.0.1 /Campus/Public/UCenter/css/safe/images/menu-treeNeck.png
INFO: [ app_init ] --START--
INFO: Run Behavior\BuildLiteBehavior [ RunTime:0.000097s ]
INFO: [ app_init ] --END-- [ RunTime:0.003423s ]

[ 2016-12-23T23:37:36+08:00 ] 127.0.0.1 /Campus/Public/UCenter/css/safe/images/tipIcon.png
INFO: [ app_init ] --START--
INFO: Run Behavior\BuildLiteBehavior [ RunTime:0.000074s ]
INFO: [ app_init ] --END-- [ RunTime:0.002085s ]

[ 2016-12-23T23:38:25+08:00 ] 127.0.0.1 /Campus/Public/UCenter/css/safe/images/littleIcon.png
INFO: [ app_init ] --START--
INFO: Run Behavior\BuildLiteBehavior [ RunTime:0.000109s ]
INFO: [ app_init ] --END-- [ RunTime:0.001535s ]

[ 2016-12-23T23:38:25+08:00 ] 127.0.0.1 /Campus/Public/UCenter/css/safe/images/tipIcon.png
INFO: [ app_init ] --START--
INFO: Run Behavior\BuildLiteBehavior [ RunTime:0.000082s ]
INFO: [ app_init ] --END-- [ RunTime:0.003140s ]

[ 2016-12-23T23:38:25+08:00 ] 127.0.0.1 /Campus/Public/UCenter/css/safe/images/menu-treeNeck.png
INFO: [ app_init ] --START--
INFO: Run Behavior\BuildLiteBehavior [ RunTime:0.000058s ]
INFO: [ app_init ] --END-- [ RunTime:0.001290s ]

[ 2016-12-23T23:47:19+08:00 ] 127.0.0.1 /Campus/Public/UCenter/css/safe/images/menu-treeNeck.png
INFO: [ app_init ] --START--
INFO: Run Behavior\BuildLiteBehavior [ RunTime:0.000092s ]
INFO: [ app_init ] --END-- [ RunTime:0.001506s ]

[ 2016-12-23T23:47:24+08:00 ] 127.0.0.1 /Campus/Public/UCenter/css/safe/images/menu-treeNeck.png
INFO: [ app_init ] --START--
INFO: Run Behavior\BuildLiteBehavior [ RunTime:0.000064s ]
INFO: [ app_init ] --END-- [ RunTime:0.001302s ]

[ 2016-12-23T23:47:27+08:00 ] 127.0.0.1 /Campus/Public/UCenter/css/safe/images/menu-treeNeck.png
INFO: [ app_init ] --START--
INFO: Run Behavior\BuildLiteBehavior [ RunTime:0.000064s ]
INFO: [ app_init ] --END-- [ RunTime:0.001333s ]

[ 2016-12-23T23:47:30+08:00 ] 127.0.0.1 /Campus/Public/UCenter/css/safe/images/menu-treeNeck.png
INFO: [ app_init ] --START--
INFO: Run Behavior\BuildLiteBehavior [ RunTime:0.000062s ]
INFO: [ app_init ] --END-- [ RunTime:0.001257s ]

[ 2016-12-23T23:47:32+08:00 ] 127.0.0.1 /Campus/Public/UCenter/css/safe/images/menu-treeNeck.png
INFO: [ app_init ] --START--
INFO: Run Behavior\BuildLiteBehavior [ RunTime:0.000060s ]
INFO: [ app_init ] --END-- [ RunTime:0.001292s ]

[ 2016-12-23T23:50:10+08:00 ] 127.0.0.1 /Campus/Public/UCenter/css/safe/images/menu-treeNeck.png
INFO: [ app_init ] --START--
INFO: Run Behavior\BuildLiteBehavior [ RunTime:0.000067s ]
INFO: [ app_init ] --END-- [ RunTime:0.001782s ]

[ 2016-12-23T23:50:10+08:00 ] 127.0.0.1 /Campus/Public/UCenter/css/safe/images/littleIcon.png
INFO: [ app_init ] --START--
INFO: Run Behavior\BuildLiteBehavior [ RunTime:0.000063s ]
INFO: [ app_init ] --END-- [ RunTime:0.001345s ]

[ 2016-12-23T23:50:10+08:00 ] 127.0.0.1 /Campus/Public/UCenter/css/safe/images/tipIcon.png
INFO: [ app_init ] --START--
INFO: Run Behavior\BuildLiteBehavior [ RunTime:0.000128s ]
INFO: [ app_init ] --END-- [ RunTime:0.002501s ]

[ 2016-12-23T23:51:53+08:00 ] 127.0.0.1 /Campus/Public/UCenter/css/safe/images/menu-treeNeck.png
INFO: [ app_init ] --START--
INFO: Run Behavior\BuildLiteBehavior [ RunTime:0.000064s ]
INFO: [ app_init ] --END-- [ RunTime:0.001536s ]

[ 2016-12-23T23:51:57+08:00 ] 127.0.0.1 /Campus/Public/UCenter/css/safe/images/menu-treeNeck.png
INFO: [ app_init ] --START--
INFO: Run Behavior\BuildLiteBehavior [ RunTime:0.000172s ]
INFO: [ app_init ] --END-- [ RunTime:0.001682s ]

[ 2016-12-23T23:52:00+08:00 ] 127.0.0.1 /Campus/Public/UCenter/css/safe/images/menu-treeNeck.png
INFO: [ app_init ] --START--
INFO: Run Behavior\BuildLiteBehavior [ RunTime:0.000070s ]
INFO: [ app_init ] --END-- [ RunTime:0.001258s ]

[ 2016-12-23T23:52:00+08:00 ] 127.0.0.1 /Campus/Public/UCenter/css/safe/images/menu-treeNeck.png
INFO: [ app_init ] --START--
INFO: Run Behavior\BuildLiteBehavior [ RunTime:0.000148s ]
INFO: [ app_init ] --END-- [ RunTime:0.002195s ]

[ 2016-12-23T23:52:01+08:00 ] 127.0.0.1 /Campus/Public/UCenter/css/safe/images/menu-treeNeck.png
INFO: [ app_init ] --START--
INFO: Run Behavior\BuildLiteBehavior [ RunTime:0.000097s ]
INFO: [ app_init ] --END-- [ RunTime:0.001926s ]

[ 2016-12-23T23:52:02+08:00 ] 127.0.0.1 /Campus/Public/UCenter/css/safe/images/menu-treeNeck.png
INFO: [ app_init ] --START--
INFO: Run Behavior\BuildLiteBehavior [ RunTime:0.000039s ]
INFO: [ app_init ] --END-- [ RunTime:0.001016s ]

