[ 2016-12-24T08:12:29+08:00 ] 127.0.0.1 /Campus/Public/UCenter/css/safe/images/menu-treeNeck.png
INFO: [ app_init ] --START--
INFO: Run Behavior\BuildLiteBehavior [ RunTime:0.000049s ]
INFO: [ app_init ] --END-- [ RunTime:0.001306s ]

[ 2016-12-24T08:16:40+08:00 ] 127.0.0.1 /Campus/Public/UCenter/css/safe/images/menu-treeNeck.png
INFO: [ app_init ] --START--
INFO: Run Behavior\BuildLiteBehavior [ RunTime:0.000063s ]
INFO: [ app_init ] --END-- [ RunTime:0.001559s ]

[ 2016-12-24T08:16:53+08:00 ] 127.0.0.1 /Campus/Public/UCenter/css/safe/images/menu-treeNeck.png
INFO: [ app_init ] --START--
INFO: Run Behavior\BuildLiteBehavior [ RunTime:0.000106s ]
INFO: [ app_init ] --END-- [ RunTime:0.002037s ]

[ 2016-12-24T08:18:07+08:00 ] 127.0.0.1 /Campus/Public/UCenter/css/safe/images/menu-treeNeck.png
INFO: [ app_init ] --START--
INFO: Run Behavior\BuildLiteBehavior [ RunTime:0.000134s ]
INFO: [ app_init ] --END-- [ RunTime:0.001297s ]

[ 2016-12-24T08:23:44+08:00 ] 127.0.0.1 /Campus/Public/UCenter/css/safe/images/menu-treeNeck.png
INFO: [ app_init ] --START--
INFO: Run Behavior\BuildLiteBehavior [ RunTime:0.000127s ]
INFO: [ app_init ] --END-- [ RunTime:0.001989s ]

[ 2016-12-24T08:24:26+08:00 ] 127.0.0.1 /Campus/Public/UCenter/css/safe/images/menu-treeNeck.png
INFO: [ app_init ] --START--
INFO: Run Behavior\BuildLiteBehavior [ RunTime:0.000066s ]
INFO: [ app_init ] --END-- [ RunTime:0.001720s ]

[ 2016-12-24T08:25:19+08:00 ] 127.0.0.1 /Campus/Public/UCenter/css/safe/images/menu-treeNeck.png
INFO: [ app_init ] --START--
INFO: Run Behavior\BuildLiteBehavior [ RunTime:0.000035s ]
INFO: [ app_init ] --END-- [ RunTime:0.001023s ]

[ 2016-12-24T08:25:41+08:00 ] 127.0.0.1 /Campus/Public/UCenter/css/safe/images/menu-treeNeck.png
INFO: [ app_init ] --START--
INFO: Run Behavior\BuildLiteBehavior [ RunTime:0.000056s ]
INFO: [ app_init ] --END-- [ RunTime:0.001212s ]

[ 2016-12-24T08:25:52+08:00 ] 127.0.0.1 /Campus/Public/UCenter/css/safe/images/menu-treeNeck.png
INFO: [ app_init ] --START--
INFO: Run Behavior\BuildLiteBehavior [ RunTime:0.000061s ]
INFO: [ app_init ] --END-- [ RunTime:0.001347s ]

[ 2016-12-24T08:26:08+08:00 ] 127.0.0.1 /Campus/Public/UCenter/css/safe/images/menu-treeNeck.png
INFO: [ app_init ] --START--
INFO: Run Behavior\BuildLiteBehavior [ RunTime:0.000054s ]
INFO: [ app_init ] --END-- [ RunTime:0.001191s ]

[ 2016-12-24T08:26:25+08:00 ] 127.0.0.1 /Campus/Public/UCenter/css/safe/images/menu-treeNeck.png
INFO: [ app_init ] --START--
INFO: Run Behavior\BuildLiteBehavior [ RunTime:0.000063s ]
INFO: [ app_init ] --END-- [ RunTime:0.001265s ]

[ 2016-12-24T08:26:26+08:00 ] 127.0.0.1 /Campus/Public/UCenter/css/safe/images/menu-treeNeck.png
INFO: [ app_init ] --START--
INFO: Run Behavior\BuildLiteBehavior [ RunTime:0.000064s ]
INFO: [ app_init ] --END-- [ RunTime:0.001262s ]

[ 2016-12-24T08:28:45+08:00 ] 127.0.0.1 /Campus/Public/UCenter/css/safe/images/menu-treeNeck.png
INFO: [ app_init ] --START--
INFO: Run Behavior\BuildLiteBehavior [ RunTime:0.000050s ]
INFO: [ app_init ] --END-- [ RunTime:0.001044s ]

[ 2016-12-24T08:28:50+08:00 ] 127.0.0.1 /Campus/Public/Home/css/bootstrap.css.map
INFO: [ app_init ] --START--
INFO: Run Behavior\BuildLiteBehavior [ RunTime:0.000060s ]
INFO: [ app_init ] --END-- [ RunTime:0.001064s ]
INFO: [ app_begin ] --START--
INFO: Run Behavior\ReadHtmlCacheBehavior [ RunTime:0.001752s ]
INFO: [ app_begin ] --END-- [ RunTime:0.001939s ]
ERR: 无法加载控制器:Home

[ 2016-12-24T08:37:10+08:00 ] 127.0.0.1 /Campus/Public/UCenter/css/safe/images/menu-treeNeck.png
INFO: [ app_init ] --START--
INFO: Run Behavior\BuildLiteBehavior [ RunTime:0.000065s ]
INFO: [ app_init ] --END-- [ RunTime:0.001620s ]

[ 2016-12-24T08:37:37+08:00 ] 127.0.0.1 /Campus/Public/UCenter/css/safe/images/menu-treeNeck.png
INFO: [ app_init ] --START--
INFO: Run Behavior\BuildLiteBehavior [ RunTime:0.000060s ]
INFO: [ app_init ] --END-- [ RunTime:0.001188s ]

[ 2016-12-24T08:37:40+08:00 ] 127.0.0.1 /Campus/Public/UCenter/css/safe/images/menu-treeNeck.png
INFO: [ app_init ] --START--
INFO: Run Behavior\BuildLiteBehavior [ RunTime:0.000036s ]
INFO: [ app_init ] --END-- [ RunTime:0.000767s ]

[ 2016-12-24T08:37:44+08:00 ] 127.0.0.1 /Campus/Public/UCenter/css/safe/images/menu-treeNeck.png
INFO: [ app_init ] --START--
INFO: Run Behavior\BuildLiteBehavior [ RunTime:0.000090s ]
INFO: [ app_init ] --END-- [ RunTime:0.001329s ]

[ 2016-12-24T08:38:58+08:00 ] 127.0.0.1 /Campus/Public/UCenter/css/safe/images/menu-treeNeck.png
INFO: [ app_init ] --START--
INFO: Run Behavior\BuildLiteBehavior [ RunTime:0.000055s ]
INFO: [ app_init ] --END-- [ RunTime:0.001190s ]

[ 2016-12-24T08:39:24+08:00 ] 127.0.0.1 /Campus/Public/UCenter/css/safe/images/menu-treeNeck.png
INFO: [ app_init ] --START--
INFO: Run Behavior\BuildLiteBehavior [ RunTime:0.000075s ]
INFO: [ app_init ] --END-- [ RunTime:0.001304s ]

[ 2016-12-24T08:39:57+08:00 ] 127.0.0.1 /Campus/Public/UCenter/css/safe/images/menu-treeNeck.png
INFO: [ app_init ] --START--
INFO: Run Behavior\BuildLiteBehavior [ RunTime:0.000134s ]
INFO: [ app_init ] --END-- [ RunTime:0.002004s ]

[ 2016-12-24T08:40:05+08:00 ] 127.0.0.1 /Campus/Public/UCenter/css/safe/images/menu-treeNeck.png
INFO: [ app_init ] --START--
INFO: Run Behavior\BuildLiteBehavior [ RunTime:0.000051s ]
INFO: [ app_init ] --END-- [ RunTime:0.001408s ]

[ 2016-12-24T08:40:19+08:00 ] 127.0.0.1 /Campus/Public/UCenter/css/safe/images/menu-treeNeck.png
INFO: [ app_init ] --START--
INFO: Run Behavior\BuildLiteBehavior [ RunTime:0.000077s ]
INFO: [ app_init ] --END-- [ RunTime:0.001458s ]

[ 2016-12-24T08:40:48+08:00 ] 127.0.0.1 /Campus/Public/UCenter/css/safe/images/menu-treeNeck.png
INFO: [ app_init ] --START--
INFO: Run Behavior\BuildLiteBehavior [ RunTime:0.000063s ]
INFO: [ app_init ] --END-- [ RunTime:0.001190s ]

[ 2016-12-24T08:41:23+08:00 ] 127.0.0.1 /Campus/Public/UCenter/css/safe/images/menu-treeNeck.png
INFO: [ app_init ] --START--
INFO: Run Behavior\BuildLiteBehavior [ RunTime:0.000060s ]
INFO: [ app_init ] --END-- [ RunTime:0.001643s ]

[ 2016-12-24T08:41:32+08:00 ] 127.0.0.1 /Campus/Public/UCenter/css/safe/images/menu-treeNeck.png
INFO: [ app_init ] --START--
INFO: Run Behavior\BuildLiteBehavior [ RunTime:0.000064s ]
INFO: [ app_init ] --END-- [ RunTime:0.001629s ]

[ 2016-12-24T08:41:50+08:00 ] 127.0.0.1 /Campus/Public/UCenter/css/safe/images/menu-treeNeck.png
INFO: [ app_init ] --START--
INFO: Run Behavior\BuildLiteBehavior [ RunTime:0.000054s ]
INFO: [ app_init ] --END-- [ RunTime:0.001521s ]

[ 2016-12-24T08:41:59+08:00 ] 127.0.0.1 /Campus/Public/UCenter/css/safe/images/menu-treeNeck.png
INFO: [ app_init ] --START--
INFO: Run Behavior\BuildLiteBehavior [ RunTime:0.000070s ]
INFO: [ app_init ] --END-- [ RunTime:0.001561s ]

[ 2016-12-24T08:42:28+08:00 ] 127.0.0.1 /Campus/Public/UCenter/css/safe/images/menu-treeNeck.png
INFO: [ app_init ] --START--
INFO: Run Behavior\BuildLiteBehavior [ RunTime:0.000063s ]
INFO: [ app_init ] --END-- [ RunTime:0.001353s ]

[ 2016-12-24T08:42:47+08:00 ] 127.0.0.1 /Campus/Public/UCenter/css/safe/images/menu-treeNeck.png
INFO: [ app_init ] --START--
INFO: Run Behavior\BuildLiteBehavior [ RunTime:0.000037s ]
INFO: [ app_init ] --END-- [ RunTime:0.000766s ]

[ 2016-12-24T08:43:04+08:00 ] 127.0.0.1 /Campus/Public/UCenter/css/safe/images/menu-treeNeck.png
INFO: [ app_init ] --START--
INFO: Run Behavior\BuildLiteBehavior [ RunTime:0.000057s ]
INFO: [ app_init ] --END-- [ RunTime:0.003112s ]

[ 2016-12-24T08:43:55+08:00 ] 127.0.0.1 /Campus/Public/UCenter/css/safe/images/menu-treeNeck.png
INFO: [ app_init ] --START--
INFO: Run Behavior\BuildLiteBehavior [ RunTime:0.000082s ]
INFO: [ app_init ] --END-- [ RunTime:0.001989s ]

[ 2016-12-24T08:43:58+08:00 ] 127.0.0.1 /Campus/Public/UCenter/css/safe/images/menu-treeNeck.png
INFO: [ app_init ] --START--
INFO: Run Behavior\BuildLiteBehavior [ RunTime:0.000059s ]
INFO: [ app_init ] --END-- [ RunTime:0.001451s ]

[ 2016-12-24T08:44:07+08:00 ] 127.0.0.1 /Campus/Public/UCenter/css/safe/images/menu-treeNeck.png
INFO: [ app_init ] --START--
INFO: Run Behavior\BuildLiteBehavior [ RunTime:0.000071s ]
INFO: [ app_init ] --END-- [ RunTime:0.001241s ]

[ 2016-12-24T08:44:39+08:00 ] 127.0.0.1 /Campus/Public/UCenter/css/safe/images/menu-treeNeck.png
INFO: [ app_init ] --START--
INFO: Run Behavior\BuildLiteBehavior [ RunTime:0.000038s ]
INFO: [ app_init ] --END-- [ RunTime:0.000926s ]

[ 2016-12-24T08:45:22+08:00 ] 127.0.0.1 /Campus/Public/UCenter/css/safe/images/menu-treeNeck.png
INFO: [ app_init ] --START--
INFO: Run Behavior\BuildLiteBehavior [ RunTime:0.000099s ]
INFO: [ app_init ] --END-- [ RunTime:0.001267s ]

[ 2016-12-24T08:45:27+08:00 ] 127.0.0.1 /Campus/Public/UCenter/css/safe/images/menu-treeNeck.png
INFO: [ app_init ] --START--
INFO: Run Behavior\BuildLiteBehavior [ RunTime:0.000061s ]
INFO: [ app_init ] --END-- [ RunTime:0.001172s ]

[ 2016-12-24T08:45:59+08:00 ] 127.0.0.1 /Campus/Public/UCenter/css/safe/images/menu-treeNeck.png
INFO: [ app_init ] --START--
INFO: Run Behavior\BuildLiteBehavior [ RunTime:0.000053s ]
INFO: [ app_init ] --END-- [ RunTime:0.002155s ]

[ 2016-12-24T08:46:20+08:00 ] 127.0.0.1 /Campus/Public/UCenter/css/safe/images/menu-treeNeck.png
INFO: [ app_init ] --START--
INFO: Run Behavior\BuildLiteBehavior [ RunTime:0.000040s ]
INFO: [ app_init ] --END-- [ RunTime:0.000856s ]

[ 2016-12-24T08:46:36+08:00 ] 127.0.0.1 /Campus/Public/UCenter/css/safe/images/menu-treeNeck.png
INFO: [ app_init ] --START--
INFO: Run Behavior\BuildLiteBehavior [ RunTime:0.000060s ]
INFO: [ app_init ] --END-- [ RunTime:0.001174s ]

[ 2016-12-24T08:49:38+08:00 ] 127.0.0.1 /Campus/Public/UCenter/css/safe/images/menu-treeNeck.png
INFO: [ app_init ] --START--
INFO: Run Behavior\BuildLiteBehavior [ RunTime:0.000066s ]
INFO: [ app_init ] --END-- [ RunTime:0.001518s ]

[ 2016-12-24T08:49:42+08:00 ] 127.0.0.1 /Campus/Public/UCenter/css/safe/images/menu-treeNeck.png
INFO: [ app_init ] --START--
INFO: Run Behavior\BuildLiteBehavior [ RunTime:0.000057s ]
INFO: [ app_init ] --END-- [ RunTime:0.001205s ]

[ 2016-12-24T08:49:54+08:00 ] 127.0.0.1 /Campus/Public/UCenter/css/safe/images/menu-treeNeck.png
INFO: [ app_init ] --START--
INFO: Run Behavior\BuildLiteBehavior [ RunTime:0.000060s ]
INFO: [ app_init ] --END-- [ RunTime:0.001311s ]

[ 2016-12-24T08:50:56+08:00 ] 127.0.0.1 /Campus/Public/UCenter/css/safe/images/menu-treeNeck.png
INFO: [ app_init ] --START--
INFO: Run Behavior\BuildLiteBehavior [ RunTime:0.000057s ]
INFO: [ app_init ] --END-- [ RunTime:0.001900s ]

[ 2016-12-24T08:51:51+08:00 ] 127.0.0.1 /Campus/Public/UCenter/css/safe/images/menu-treeNeck.png
INFO: [ app_init ] --START--
INFO: Run Behavior\BuildLiteBehavior [ RunTime:0.000050s ]
INFO: [ app_init ] --END-- [ RunTime:0.001228s ]

[ 2016-12-24T08:52:09+08:00 ] 127.0.0.1 /Campus/Public/UCenter/css/safe/images/menu-treeNeck.png
INFO: [ app_init ] --START--
INFO: Run Behavior\BuildLiteBehavior [ RunTime:0.000057s ]
INFO: [ app_init ] --END-- [ RunTime:0.001279s ]

[ 2016-12-24T08:52:41+08:00 ] 127.0.0.1 /Campus/Public/UCenter/css/safe/images/menu-treeNeck.png
INFO: [ app_init ] --START--
INFO: Run Behavior\BuildLiteBehavior [ RunTime:0.000066s ]
INFO: [ app_init ] --END-- [ RunTime:0.001944s ]

[ 2016-12-24T08:52:42+08:00 ] 127.0.0.1 /Campus/Public/UCenter/css/safe/images/menu-treeNeck.png
INFO: [ app_init ] --START--
INFO: Run Behavior\BuildLiteBehavior [ RunTime:0.000256s ]
INFO: [ app_init ] --END-- [ RunTime:0.001493s ]

[ 2016-12-24T08:55:30+08:00 ] 127.0.0.1 /Campus/Public/UCenter/css/safe/images/menu-treeNeck.png
INFO: [ app_init ] --START--
INFO: Run Behavior\BuildLiteBehavior [ RunTime:0.000038s ]
INFO: [ app_init ] --END-- [ RunTime:0.000774s ]

[ 2016-12-24T09:01:31+08:00 ] 127.0.0.1 /Campus/Public/UCenter/css/safe/images/menu-treeNeck.png
INFO: [ app_init ] --START--
INFO: Run Behavior\BuildLiteBehavior [ RunTime:0.000113s ]
INFO: [ app_init ] --END-- [ RunTime:0.001937s ]

[ 2016-12-24T09:02:06+08:00 ] 127.0.0.1 /Campus/Public/UCenter/css/safe/images/menu-treeNeck.png
INFO: [ app_init ] --START--
INFO: Run Behavior\BuildLiteBehavior [ RunTime:0.000154s ]
INFO: [ app_init ] --END-- [ RunTime:0.001979s ]

[ 2016-12-24T09:02:28+08:00 ] 127.0.0.1 /Campus/Public/UCenter/css/safe/images/menu-treeNeck.png
INFO: [ app_init ] --START--
INFO: Run Behavior\BuildLiteBehavior [ RunTime:0.000072s ]
INFO: [ app_init ] --END-- [ RunTime:0.001301s ]

[ 2016-12-24T09:03:03+08:00 ] 127.0.0.1 /Campus/Public/UCenter/css/safe/images/menu-treeNeck.png
INFO: [ app_init ] --START--
INFO: Run Behavior\BuildLiteBehavior [ RunTime:0.000058s ]
INFO: [ app_init ] --END-- [ RunTime:0.001262s ]

[ 2016-12-24T09:03:05+08:00 ] 127.0.0.1 /Campus/Public/UCenter/css/safe/images/menu-treeNeck.png
INFO: [ app_init ] --START--
INFO: Run Behavior\BuildLiteBehavior [ RunTime:0.000062s ]
INFO: [ app_init ] --END-- [ RunTime:0.001535s ]

[ 2016-12-24T09:03:08+08:00 ] 127.0.0.1 /Campus/Public/UCenter/css/safe/images/menu-treeNeck.png
INFO: [ app_init ] --START--
INFO: Run Behavior\BuildLiteBehavior [ RunTime:0.000065s ]
INFO: [ app_init ] --END-- [ RunTime:0.001228s ]

[ 2016-12-24T09:03:46+08:00 ] 127.0.0.1 /Campus/Public/UCenter/css/safe/images/menu-treeNeck.png
INFO: [ app_init ] --START--
INFO: Run Behavior\BuildLiteBehavior [ RunTime:0.000059s ]
INFO: [ app_init ] --END-- [ RunTime:0.001311s ]

[ 2016-12-24T09:03:51+08:00 ] 127.0.0.1 /Campus/Public/UCenter/css/safe/images/menu-treeNeck.png
INFO: [ app_init ] --START--
INFO: Run Behavior\BuildLiteBehavior [ RunTime:0.000053s ]
INFO: [ app_init ] --END-- [ RunTime:0.001712s ]

[ 2016-12-24T09:05:30+08:00 ] 127.0.0.1 /Campus/Public/UCenter/css/safe/images/menu-treeNeck.png
INFO: [ app_init ] --START--
INFO: Run Behavior\BuildLiteBehavior [ RunTime:0.000060s ]
INFO: [ app_init ] --END-- [ RunTime:0.003579s ]

[ 2016-12-24T09:05:35+08:00 ] 127.0.0.1 /Campus/Public/UCenter/css/safe/images/menu-treeNeck.png
INFO: [ app_init ] --START--
INFO: Run Behavior\BuildLiteBehavior [ RunTime:0.000115s ]
INFO: [ app_init ] --END-- [ RunTime:0.002029s ]

[ 2016-12-24T09:06:15+08:00 ] 127.0.0.1 /Campus/Public/UCenter/css/safe/images/menu-treeNeck.png
INFO: [ app_init ] --START--
INFO: Run Behavior\BuildLiteBehavior [ RunTime:0.000036s ]
INFO: [ app_init ] --END-- [ RunTime:0.001738s ]

[ 2016-12-24T09:06:17+08:00 ] 127.0.0.1 /Campus/Public/UCenter/css/safe/images/menu-treeNeck.png
INFO: [ app_init ] --START--
INFO: Run Behavior\BuildLiteBehavior [ RunTime:0.000052s ]
INFO: [ app_init ] --END-- [ RunTime:0.000955s ]

[ 2016-12-24T09:06:29+08:00 ] 127.0.0.1 /Campus/Public/UCenter/css/safe/images/menu-treeNeck.png
INFO: [ app_init ] --START--
INFO: Run Behavior\BuildLiteBehavior [ RunTime:0.000056s ]
INFO: [ app_init ] --END-- [ RunTime:0.001460s ]

[ 2016-12-24T09:08:20+08:00 ] 127.0.0.1 /Campus/Public/UCenter/css/safe/images/menu-treeNeck.png
INFO: [ app_init ] --START--
INFO: Run Behavior\BuildLiteBehavior [ RunTime:0.000106s ]
INFO: [ app_init ] --END-- [ RunTime:0.002105s ]

[ 2016-12-24T09:08:23+08:00 ] 127.0.0.1 /Campus/Public/UCenter/css/safe/images/menu-treeNeck.png
INFO: [ app_init ] --START--
INFO: Run Behavior\BuildLiteBehavior [ RunTime:0.000056s ]
INFO: [ app_init ] --END-- [ RunTime:0.001172s ]

[ 2016-12-24T09:08:27+08:00 ] 127.0.0.1 /Campus/Public/UCenter/css/safe/images/menu-treeNeck.png
INFO: [ app_init ] --START--
INFO: Run Behavior\BuildLiteBehavior [ RunTime:0.000090s ]
INFO: [ app_init ] --END-- [ RunTime:0.001240s ]

[ 2016-12-24T09:08:43+08:00 ] 127.0.0.1 /Campus/Public/UCenter/css/safe/images/menu-treeNeck.png
INFO: [ app_init ] --START--
INFO: Run Behavior\BuildLiteBehavior [ RunTime:0.000058s ]
INFO: [ app_init ] --END-- [ RunTime:0.001330s ]

[ 2016-12-24T09:08:43+08:00 ] 127.0.0.1 /Campus/Public/UCenter/css/safe/images/littleIcon.png
INFO: [ app_init ] --START--
INFO: Run Behavior\BuildLiteBehavior [ RunTime:0.000061s ]
INFO: [ app_init ] --END-- [ RunTime:0.001678s ]

[ 2016-12-24T09:08:43+08:00 ] 127.0.0.1 /Campus/Public/UCenter/css/safe/images/tipIcon.png
INFO: [ app_init ] --START--
INFO: Run Behavior\BuildLiteBehavior [ RunTime:0.000055s ]
INFO: [ app_init ] --END-- [ RunTime:0.001172s ]

[ 2016-12-24T09:11:04+08:00 ] 127.0.0.1 /Campus/Public/UCenter/css/safe/images/menu-treeNeck.png
INFO: [ app_init ] --START--
INFO: Run Behavior\BuildLiteBehavior [ RunTime:0.000061s ]
INFO: [ app_init ] --END-- [ RunTime:0.001564s ]

[ 2016-12-24T09:11:08+08:00 ] 127.0.0.1 /Campus/Public/UCenter/css/safe/images/menu-treeNeck.png
INFO: [ app_init ] --START--
INFO: Run Behavior\BuildLiteBehavior [ RunTime:0.000036s ]
INFO: [ app_init ] --END-- [ RunTime:0.000773s ]

[ 2016-12-24T09:11:11+08:00 ] 127.0.0.1 /Campus/Public/UCenter/css/safe/images/menu-treeNeck.png
INFO: [ app_init ] --START--
INFO: Run Behavior\BuildLiteBehavior [ RunTime:0.000060s ]
INFO: [ app_init ] --END-- [ RunTime:0.001454s ]

[ 2016-12-24T09:38:12+08:00 ] 127.0.0.1 /Campus/Public/UCenter/css/safe/images/menu-treeNeck.png
INFO: [ app_init ] --START--
INFO: Run Behavior\BuildLiteBehavior [ RunTime:0.000060s ]
INFO: [ app_init ] --END-- [ RunTime:0.001262s ]

[ 2016-12-24T09:38:17+08:00 ] 127.0.0.1 /Campus/Public/UCenter/css/safe/images/menu-treeNeck.png
INFO: [ app_init ] --START--
INFO: Run Behavior\BuildLiteBehavior [ RunTime:0.000064s ]
INFO: [ app_init ] --END-- [ RunTime:0.001159s ]

[ 2016-12-24T09:38:18+08:00 ] 127.0.0.1 /Campus/Public/UCenter/css/safe/images/menu-treeNeck.png
INFO: [ app_init ] --START--
INFO: Run Behavior\BuildLiteBehavior [ RunTime:0.000063s ]
INFO: [ app_init ] --END-- [ RunTime:0.001220s ]

[ 2016-12-24T09:39:12+08:00 ] 127.0.0.1 /Campus/Public/UCenter/css/safe/images/menu-treeNeck.png
INFO: [ app_init ] --START--
INFO: Run Behavior\BuildLiteBehavior [ RunTime:0.000075s ]
INFO: [ app_init ] --END-- [ RunTime:0.002533s ]

[ 2016-12-24T09:39:13+08:00 ] 127.0.0.1 /Campus/Public/UCenter/css/safe/images/menu-treeNeck.png
INFO: [ app_init ] --START--
INFO: Run Behavior\BuildLiteBehavior [ RunTime:0.000124s ]
INFO: [ app_init ] --END-- [ RunTime:0.001896s ]

[ 2016-12-24T09:39:46+08:00 ] 127.0.0.1 /Campus/Public/UCenter/css/safe/images/menu-treeNeck.png
INFO: [ app_init ] --START--
INFO: Run Behavior\BuildLiteBehavior [ RunTime:0.000065s ]
INFO: [ app_init ] --END-- [ RunTime:0.001175s ]

[ 2016-12-24T09:42:19+08:00 ] 127.0.0.1 /Campus/Public/UCenter/css/safe/images/menu-treeNeck.png
INFO: [ app_init ] --START--
INFO: Run Behavior\BuildLiteBehavior [ RunTime:0.000066s ]
INFO: [ app_init ] --END-- [ RunTime:0.001941s ]

[ 2016-12-24T09:42:21+08:00 ] 127.0.0.1 /Campus/Public/UCenter/css/safe/images/menu-treeNeck.png
INFO: [ app_init ] --START--
INFO: Run Behavior\BuildLiteBehavior [ RunTime:0.000061s ]
INFO: [ app_init ] --END-- [ RunTime:0.001256s ]

[ 2016-12-24T09:43:22+08:00 ] 127.0.0.1 /Campus/Public/UCenter/css/safe/images/menu-treeNeck.png
INFO: [ app_init ] --START--
INFO: Run Behavior\BuildLiteBehavior [ RunTime:0.000064s ]
INFO: [ app_init ] --END-- [ RunTime:0.001612s ]

[ 2016-12-24T15:09:26+08:00 ] 127.0.0.1 /Campus/Public/UCenter/css/safe/images/menu-treeNeck.png
INFO: [ app_init ] --START--
INFO: Run Behavior\BuildLiteBehavior [ RunTime:0.000038s ]
INFO: [ app_init ] --END-- [ RunTime:0.001028s ]

[ 2016-12-24T15:16:00+08:00 ] 127.0.0.1 /Campus/Public/UCenter/css/safe/images/menu-treeNeck.png
INFO: [ app_init ] --START--
INFO: Run Behavior\BuildLiteBehavior [ RunTime:0.000037s ]
INFO: [ app_init ] --END-- [ RunTime:0.001091s ]

[ 2016-12-24T15:16:01+08:00 ] 127.0.0.1 /Campus/Public/UCenter/css/safe/images/menu-treeNeck.png
INFO: [ app_init ] --START--
INFO: Run Behavior\BuildLiteBehavior [ RunTime:0.000052s ]
INFO: [ app_init ] --END-- [ RunTime:0.000904s ]

[ 2016-12-24T15:16:55+08:00 ] 127.0.0.1 /Campus/Public/UCenter/css/safe/images/menu-treeNeck.png
INFO: [ app_init ] --START--
INFO: Run Behavior\BuildLiteBehavior [ RunTime:0.000065s ]
INFO: [ app_init ] --END-- [ RunTime:0.001224s ]

[ 2016-12-24T15:17:02+08:00 ] 127.0.0.1 /Campus/Public/UCenter/css/safe/images/menu-treeNeck.png
INFO: [ app_init ] --START--
INFO: Run Behavior\BuildLiteBehavior [ RunTime:0.000113s ]
INFO: [ app_init ] --END-- [ RunTime:0.001995s ]

[ 2016-12-24T15:17:52+08:00 ] 127.0.0.1 /Campus/Public/UCenter/css/safe/images/menu-treeNeck.png
INFO: [ app_init ] --START--
INFO: Run Behavior\BuildLiteBehavior [ RunTime:0.000074s ]
INFO: [ app_init ] --END-- [ RunTime:0.001326s ]

[ 2016-12-24T15:17:54+08:00 ] 127.0.0.1 /Campus/Public/UCenter/css/safe/images/menu-treeNeck.png
INFO: [ app_init ] --START--
INFO: Run Behavior\BuildLiteBehavior [ RunTime:0.000037s ]
INFO: [ app_init ] --END-- [ RunTime:0.000790s ]

[ 2016-12-24T15:18:00+08:00 ] 127.0.0.1 /Campus/Public/UCenter/css/safe/images/menu-treeNeck.png
INFO: [ app_init ] --START--
INFO: Run Behavior\BuildLiteBehavior [ RunTime:0.000132s ]
INFO: [ app_init ] --END-- [ RunTime:0.002120s ]

[ 2016-12-24T15:18:01+08:00 ] 127.0.0.1 /Campus/Public/UCenter/css/safe/images/menu-treeNeck.png
INFO: [ app_init ] --START--
INFO: Run Behavior\BuildLiteBehavior [ RunTime:0.000041s ]
INFO: [ app_init ] --END-- [ RunTime:0.001996s ]

[ 2016-12-24T15:18:04+08:00 ] 127.0.0.1 /Campus/Public/UCenter/css/safe/images/menu-treeNeck.png
INFO: [ app_init ] --START--
INFO: Run Behavior\BuildLiteBehavior [ RunTime:0.000042s ]
INFO: [ app_init ] --END-- [ RunTime:0.002760s ]

[ 2016-12-24T15:18:18+08:00 ] 127.0.0.1 /Campus/Public/UCenter/css/safe/images/menu-treeNeck.png
INFO: [ app_init ] --START--
INFO: Run Behavior\BuildLiteBehavior [ RunTime:0.000077s ]
INFO: [ app_init ] --END-- [ RunTime:0.001394s ]

[ 2016-12-24T15:18:21+08:00 ] 127.0.0.1 /Campus/Public/UCenter/css/safe/images/menu-treeNeck.png
INFO: [ app_init ] --START--
INFO: Run Behavior\BuildLiteBehavior [ RunTime:0.000055s ]
INFO: [ app_init ] --END-- [ RunTime:0.001144s ]

[ 2016-12-24T15:21:13+08:00 ] 127.0.0.1 /Campus/Public/UCenter/css/safe/images/menu-treeNeck.png
INFO: [ app_init ] --START--
INFO: Run Behavior\BuildLiteBehavior [ RunTime:0.000108s ]
INFO: [ app_init ] --END-- [ RunTime:0.002035s ]

[ 2016-12-24T15:21:18+08:00 ] 127.0.0.1 /Campus/Public/UCenter/css/safe/images/menu-treeNeck.png
INFO: [ app_init ] --START--
INFO: Run Behavior\BuildLiteBehavior [ RunTime:0.000115s ]
INFO: [ app_init ] --END-- [ RunTime:0.001513s ]

[ 2016-12-24T15:21:21+08:00 ] 127.0.0.1 /Campus/Public/UCenter/css/safe/images/menu-treeNeck.png
INFO: [ app_init ] --START--
INFO: Run Behavior\BuildLiteBehavior [ RunTime:0.000897s ]
INFO: [ app_init ] --END-- [ RunTime:0.002244s ]

[ 2016-12-24T15:21:23+08:00 ] 127.0.0.1 /Campus/Public/UCenter/css/safe/images/menu-treeNeck.png
INFO: [ app_init ] --START--
INFO: Run Behavior\BuildLiteBehavior [ RunTime:0.000068s ]
INFO: [ app_init ] --END-- [ RunTime:0.001212s ]

[ 2016-12-24T15:24:26+08:00 ] 127.0.0.1 /Campus/Public/UCenter/css/safe/images/menu-treeNeck.png
INFO: [ app_init ] --START--
INFO: Run Behavior\BuildLiteBehavior [ RunTime:0.000090s ]
INFO: [ app_init ] --END-- [ RunTime:0.001967s ]

[ 2016-12-24T15:25:08+08:00 ] 127.0.0.1 /Campus/Public/UCenter/css/safe/images/menu-treeNeck.png
INFO: [ app_init ] --START--
INFO: Run Behavior\BuildLiteBehavior [ RunTime:0.000055s ]
INFO: [ app_init ] --END-- [ RunTime:0.001429s ]

[ 2016-12-24T15:29:43+08:00 ] 127.0.0.1 /Campus/Public/UCenter/css/safe/images/menu-treeNeck.png
INFO: [ app_init ] --START--
INFO: Run Behavior\BuildLiteBehavior [ RunTime:0.000058s ]
INFO: [ app_init ] --END-- [ RunTime:0.001216s ]

[ 2016-12-24T15:31:30+08:00 ] 127.0.0.1 /Campus/Public/UCenter/css/safe/images/menu-treeNeck.png
INFO: [ app_init ] --START--
INFO: Run Behavior\BuildLiteBehavior [ RunTime:0.000129s ]
INFO: [ app_init ] --END-- [ RunTime:0.003183s ]

[ 2016-12-24T15:31:30+08:00 ] 127.0.0.1 /Campus/Public/UCenter/css/safe/images/menu-treeNeck.png
INFO: [ app_init ] --START--
INFO: Run Behavior\BuildLiteBehavior [ RunTime:0.000064s ]
INFO: [ app_init ] --END-- [ RunTime:0.002191s ]

[ 2016-12-24T15:31:35+08:00 ] 127.0.0.1 /Campus/Public/UCenter/css/safe/images/menu-treeNeck.png
INFO: [ app_init ] --START--
INFO: Run Behavior\BuildLiteBehavior [ RunTime:0.000061s ]
INFO: [ app_init ] --END-- [ RunTime:0.001297s ]

[ 2016-12-24T19:04:12+08:00 ] 127.0.0.1 /Campus/Public/UCenter/css/safe/images/menu-treeNeck.png
INFO: [ app_init ] --START--
INFO: Run Behavior\BuildLiteBehavior [ RunTime:0.000054s ]
INFO: [ app_init ] --END-- [ RunTime:0.001220s ]

[ 2016-12-24T19:08:48+08:00 ] 127.0.0.1 /Campus/Public/UCenter/css/safe/images/menu-treeNeck.png
INFO: [ app_init ] --START--
INFO: Run Behavior\BuildLiteBehavior [ RunTime:0.000058s ]
INFO: [ app_init ] --END-- [ RunTime:0.001966s ]

[ 2016-12-24T19:09:50+08:00 ] 127.0.0.1 /Campus/Public/UCenter/css/safe/images/menu-treeNeck.png
INFO: [ app_init ] --START--
INFO: Run Behavior\BuildLiteBehavior [ RunTime:0.000060s ]
INFO: [ app_init ] --END-- [ RunTime:0.001216s ]

[ 2016-12-24T19:10:09+08:00 ] 127.0.0.1 /Campus/Public/UCenter/css/safe/images/menu-treeNeck.png
INFO: [ app_init ] --START--
INFO: Run Behavior\BuildLiteBehavior [ RunTime:0.000037s ]
INFO: [ app_init ] --END-- [ RunTime:0.000799s ]

[ 2016-12-24T19:11:41+08:00 ] 127.0.0.1 /Campus/Public/UCenter/css/safe/images/menu-treeNeck.png
INFO: [ app_init ] --START--
INFO: Run Behavior\BuildLiteBehavior [ RunTime:0.000061s ]
INFO: [ app_init ] --END-- [ RunTime:0.001230s ]

[ 2016-12-24T19:18:04+08:00 ] 127.0.0.1 /Campus/Public/UCenter/css/safe/images/menu-treeNeck.png
INFO: [ app_init ] --START--
INFO: Run Behavior\BuildLiteBehavior [ RunTime:0.000064s ]
INFO: [ app_init ] --END-- [ RunTime:0.001747s ]

[ 2016-12-24T19:18:06+08:00 ] 127.0.0.1 /Campus/Public/UCenter/css/safe/images/menu-treeNeck.png
INFO: [ app_init ] --START--
INFO: Run Behavior\BuildLiteBehavior [ RunTime:0.000058s ]
INFO: [ app_init ] --END-- [ RunTime:0.001848s ]

[ 2016-12-24T19:18:20+08:00 ] 127.0.0.1 /Campus/Public/UCenter/css/safe/images/menu-treeNeck.png
INFO: [ app_init ] --START--
INFO: Run Behavior\BuildLiteBehavior [ RunTime:0.000087s ]
INFO: [ app_init ] --END-- [ RunTime:0.001180s ]

[ 2016-12-24T19:18:39+08:00 ] 127.0.0.1 /Campus/Public/UCenter/css/safe/images/menu-treeNeck.png
INFO: [ app_init ] --START--
INFO: Run Behavior\BuildLiteBehavior [ RunTime:0.000059s ]
INFO: [ app_init ] --END-- [ RunTime:0.001152s ]

[ 2016-12-24T19:18:47+08:00 ] 127.0.0.1 /Campus/Public/UCenter/css/safe/images/menu-treeNeck.png
INFO: [ app_init ] --START--
INFO: Run Behavior\BuildLiteBehavior [ RunTime:0.000056s ]
INFO: [ app_init ] --END-- [ RunTime:0.001258s ]

[ 2016-12-24T19:23:58+08:00 ] 127.0.0.1 /Campus/Public/UCenter/css/safe/images/menu-treeNeck.png
INFO: [ app_init ] --START--
INFO: Run Behavior\BuildLiteBehavior [ RunTime:0.000064s ]
INFO: [ app_init ] --END-- [ RunTime:0.001992s ]

[ 2016-12-24T19:24:21+08:00 ] 127.0.0.1 /Campus/Public/UCenter/css/safe/images/menu-treeNeck.png
INFO: [ app_init ] --START--
INFO: Run Behavior\BuildLiteBehavior [ RunTime:0.000107s ]
INFO: [ app_init ] --END-- [ RunTime:0.001731s ]

[ 2016-12-24T19:24:25+08:00 ] 127.0.0.1 /Campus/Public/Home/css/bootstrap.css.map
INFO: [ app_init ] --START--
INFO: Run Behavior\BuildLiteBehavior [ RunTime:0.000039s ]
INFO: [ app_init ] --END-- [ RunTime:0.001234s ]
INFO: [ app_begin ] --START--
INFO: Run Behavior\ReadHtmlCacheBehavior [ RunTime:0.002536s ]
INFO: [ app_begin ] --END-- [ RunTime:0.002732s ]
ERR: 无法加载控制器:Home

[ 2016-12-24T19:24:41+08:00 ] 127.0.0.1 /Campus/Public/UCenter/css/safe/images/menu-treeNeck.png
INFO: [ app_init ] --START--
INFO: Run Behavior\BuildLiteBehavior [ RunTime:0.000060s ]
INFO: [ app_init ] --END-- [ RunTime:0.001219s ]

[ 2016-12-24T19:25:07+08:00 ] 127.0.0.1 /Campus/Public/UCenter/css/safe/images/menu-treeNeck.png
INFO: [ app_init ] --START--
INFO: Run Behavior\BuildLiteBehavior [ RunTime:0.000060s ]
INFO: [ app_init ] --END-- [ RunTime:0.001385s ]

[ 2016-12-24T19:25:41+08:00 ] 127.0.0.1 /Campus/Public/Home/css/bootstrap.css.map
INFO: [ app_init ] --START--
INFO: Run Behavior\BuildLiteBehavior [ RunTime:0.000066s ]
INFO: [ app_init ] --END-- [ RunTime:0.001349s ]
INFO: [ app_begin ] --START--
INFO: Run Behavior\ReadHtmlCacheBehavior [ RunTime:0.002502s ]
INFO: [ app_begin ] --END-- [ RunTime:0.003739s ]
ERR: 无法加载控制器:Home

[ 2016-12-24T19:26:13+08:00 ] 127.0.0.1 /Campus/Public/UCenter/css/safe/images/menu-treeNeck.png
INFO: [ app_init ] --START--
INFO: Run Behavior\BuildLiteBehavior [ RunTime:0.000039s ]
INFO: [ app_init ] --END-- [ RunTime:0.000814s ]

[ 2016-12-24T19:26:24+08:00 ] 127.0.0.1 /Campus/Public/UCenter/css/safe/images/menu-treeNeck.png
INFO: [ app_init ] --START--
INFO: Run Behavior\BuildLiteBehavior [ RunTime:0.000058s ]
INFO: [ app_init ] --END-- [ RunTime:0.001574s ]

[ 2016-12-24T19:26:48+08:00 ] 127.0.0.1 /Campus/Public/UCenter/css/safe/images/menu-treeNeck.png
INFO: [ app_init ] --START--
INFO: Run Behavior\BuildLiteBehavior [ RunTime:0.000056s ]
INFO: [ app_init ] --END-- [ RunTime:0.001201s ]

[ 2016-12-24T19:27:17+08:00 ] 127.0.0.1 /Campus/Public/UCenter/css/safe/images/menu-treeNeck.png
INFO: [ app_init ] --START--
INFO: Run Behavior\BuildLiteBehavior [ RunTime:0.000065s ]
INFO: [ app_init ] --END-- [ RunTime:0.002266s ]

[ 2016-12-24T19:27:54+08:00 ] 127.0.0.1 /Campus/Public/UCenter/css/safe/images/menu-treeNeck.png
INFO: [ app_init ] --START--
INFO: Run Behavior\BuildLiteBehavior [ RunTime:0.000059s ]
INFO: [ app_init ] --END-- [ RunTime:0.001504s ]

[ 2016-12-24T19:28:54+08:00 ] 127.0.0.1 /Campus/Public/UCenter/css/safe/images/menu-treeNeck.png
INFO: [ app_init ] --START--
INFO: Run Behavior\BuildLiteBehavior [ RunTime:0.000057s ]
INFO: [ app_init ] --END-- [ RunTime:0.001400s ]

[ 2016-12-24T19:29:28+08:00 ] 127.0.0.1 /Campus/Public/UCenter/css/safe/images/menu-treeNeck.png
INFO: [ app_init ] --START--
INFO: Run Behavior\BuildLiteBehavior [ RunTime:0.000069s ]
INFO: [ app_init ] --END-- [ RunTime:0.001197s ]

[ 2016-12-24T19:29:55+08:00 ] 127.0.0.1 /Campus/Public/UCenter/css/safe/images/menu-treeNeck.png
INFO: [ app_init ] --START--
INFO: Run Behavior\BuildLiteBehavior [ RunTime:0.000082s ]
INFO: [ app_init ] --END-- [ RunTime:0.001440s ]

[ 2016-12-24T19:30:12+08:00 ] 127.0.0.1 /Campus/Public/UCenter/css/safe/images/menu-treeNeck.png
INFO: [ app_init ] --START--
INFO: Run Behavior\BuildLiteBehavior [ RunTime:0.000084s ]
INFO: [ app_init ] --END-- [ RunTime:0.001818s ]

[ 2016-12-24T19:30:30+08:00 ] 127.0.0.1 /Campus/Public/UCenter/css/safe/images/menu-treeNeck.png
INFO: [ app_init ] --START--
INFO: Run Behavior\BuildLiteBehavior [ RunTime:0.000063s ]
INFO: [ app_init ] --END-- [ RunTime:0.001898s ]

[ 2016-12-24T19:31:01+08:00 ] 127.0.0.1 /Campus/Public/UCenter/css/safe/images/menu-treeNeck.png
INFO: [ app_init ] --START--
INFO: Run Behavior\BuildLiteBehavior [ RunTime:0.000062s ]
INFO: [ app_init ] --END-- [ RunTime:0.001204s ]

[ 2016-12-24T19:31:18+08:00 ] 127.0.0.1 /Campus/Public/UCenter/css/safe/images/menu-treeNeck.png
INFO: [ app_init ] --START--
INFO: Run Behavior\BuildLiteBehavior [ RunTime:0.000057s ]
INFO: [ app_init ] --END-- [ RunTime:0.001226s ]

[ 2016-12-24T19:31:28+08:00 ] 127.0.0.1 /Campus/Public/UCenter/css/safe/images/menu-treeNeck.png
INFO: [ app_init ] --START--
INFO: Run Behavior\BuildLiteBehavior [ RunTime:0.000060s ]
INFO: [ app_init ] --END-- [ RunTime:0.001201s ]

[ 2016-12-24T19:31:54+08:00 ] 127.0.0.1 /Campus/Public/UCenter/css/safe/images/menu-treeNeck.png
INFO: [ app_init ] --START--
INFO: Run Behavior\BuildLiteBehavior [ RunTime:0.000059s ]
INFO: [ app_init ] --END-- [ RunTime:0.001241s ]

[ 2016-12-24T19:32:07+08:00 ] 127.0.0.1 /Campus/Public/UCenter/css/safe/images/menu-treeNeck.png
INFO: [ app_init ] --START--
INFO: Run Behavior\BuildLiteBehavior [ RunTime:0.000116s ]
INFO: [ app_init ] --END-- [ RunTime:0.001427s ]

[ 2016-12-24T19:32:38+08:00 ] 127.0.0.1 /Campus/Public/UCenter/css/safe/images/menu-treeNeck.png
INFO: [ app_init ] --START--
INFO: Run Behavior\BuildLiteBehavior [ RunTime:0.000037s ]
INFO: [ app_init ] --END-- [ RunTime:0.000770s ]

[ 2016-12-24T19:32:56+08:00 ] 127.0.0.1 /Campus/Public/UCenter/css/safe/images/menu-treeNeck.png
INFO: [ app_init ] --START--
INFO: Run Behavior\BuildLiteBehavior [ RunTime:0.000040s ]
INFO: [ app_init ] --END-- [ RunTime:0.000771s ]

[ 2016-12-24T19:33:14+08:00 ] 127.0.0.1 /Campus/Public/UCenter/css/safe/images/menu-treeNeck.png
INFO: [ app_init ] --START--
INFO: Run Behavior\BuildLiteBehavior [ RunTime:0.000041s ]
INFO: [ app_init ] --END-- [ RunTime:0.000878s ]

[ 2016-12-24T19:33:23+08:00 ] 127.0.0.1 /Campus/Public/UCenter/css/safe/images/menu-treeNeck.png
INFO: [ app_init ] --START--
INFO: Run Behavior\BuildLiteBehavior [ RunTime:0.000123s ]
INFO: [ app_init ] --END-- [ RunTime:0.001700s ]

[ 2016-12-24T19:33:47+08:00 ] 127.0.0.1 /Campus/Public/UCenter/css/safe/images/menu-treeNeck.png
INFO: [ app_init ] --START--
INFO: Run Behavior\BuildLiteBehavior [ RunTime:0.000053s ]
INFO: [ app_init ] --END-- [ RunTime:0.002292s ]

[ 2016-12-24T19:34:01+08:00 ] 127.0.0.1 /Campus/Public/UCenter/css/safe/images/menu-treeNeck.png
INFO: [ app_init ] --START--
INFO: Run Behavior\BuildLiteBehavior [ RunTime:0.000056s ]
INFO: [ app_init ] --END-- [ RunTime:0.001535s ]

[ 2016-12-24T19:34:09+08:00 ] 127.0.0.1 /Campus/Public/UCenter/css/safe/images/menu-treeNeck.png
INFO: [ app_init ] --START--
INFO: Run Behavior\BuildLiteBehavior [ RunTime:0.000060s ]
INFO: [ app_init ] --END-- [ RunTime:0.002361s ]

[ 2016-12-24T19:35:08+08:00 ] 127.0.0.1 /Campus/Public/UCenter/css/safe/images/menu-treeNeck.png
INFO: [ app_init ] --START--
INFO: Run Behavior\BuildLiteBehavior [ RunTime:0.000053s ]
INFO: [ app_init ] --END-- [ RunTime:0.001171s ]

[ 2016-12-24T19:35:34+08:00 ] 127.0.0.1 /Campus/Public/UCenter/css/safe/images/menu-treeNeck.png
INFO: [ app_init ] --START--
INFO: Run Behavior\BuildLiteBehavior [ RunTime:0.000044s ]
INFO: [ app_init ] --END-- [ RunTime:0.001739s ]

[ 2016-12-24T19:36:03+08:00 ] 127.0.0.1 /Campus/Public/UCenter/css/safe/images/menu-treeNeck.png
INFO: [ app_init ] --START--
INFO: Run Behavior\BuildLiteBehavior [ RunTime:0.000088s ]
INFO: [ app_init ] --END-- [ RunTime:0.002345s ]

[ 2016-12-24T19:37:57+08:00 ] 127.0.0.1 /Campus/Public/UCenter/css/safe/images/menu-treeNeck.png
INFO: [ app_init ] --START--
INFO: Run Behavior\BuildLiteBehavior [ RunTime:0.000065s ]
INFO: [ app_init ] --END-- [ RunTime:0.002031s ]

[ 2016-12-24T19:38:56+08:00 ] 127.0.0.1 /Campus/Public/UCenter/css/safe/images/menu-treeNeck.png
INFO: [ app_init ] --START--
INFO: Run Behavior\BuildLiteBehavior [ RunTime:0.000059s ]
INFO: [ app_init ] --END-- [ RunTime:0.001625s ]

[ 2016-12-24T19:38:58+08:00 ] 127.0.0.1 /Campus/Public/UCenter/css/safe/images/menu-treeNeck.png
INFO: [ app_init ] --START--
INFO: Run Behavior\BuildLiteBehavior [ RunTime:0.000058s ]
INFO: [ app_init ] --END-- [ RunTime:0.001396s ]

[ 2016-12-24T19:41:41+08:00 ] 127.0.0.1 /Campus/Public/UCenter/css/safe/images/menu-treeNeck.png
INFO: [ app_init ] --START--
INFO: Run Behavior\BuildLiteBehavior [ RunTime:0.000062s ]
INFO: [ app_init ] --END-- [ RunTime:0.001457s ]

[ 2016-12-24T19:41:43+08:00 ] 127.0.0.1 /Campus/Public/UCenter/css/safe/images/menu-treeNeck.png
INFO: [ app_init ] --START--
INFO: Run Behavior\BuildLiteBehavior [ RunTime:0.000060s ]
INFO: [ app_init ] --END-- [ RunTime:0.001772s ]

[ 2016-12-24T19:41:46+08:00 ] 127.0.0.1 /Campus/Public/UCenter/css/safe/images/menu-treeNeck.png
INFO: [ app_init ] --START--
INFO: Run Behavior\BuildLiteBehavior [ RunTime:0.000059s ]
INFO: [ app_init ] --END-- [ RunTime:0.001102s ]

[ 2016-12-24T19:44:37+08:00 ] 127.0.0.1 /Campus/Public/UCenter/css/safe/images/menu-treeNeck.png
INFO: [ app_init ] --START--
INFO: Run Behavior\BuildLiteBehavior [ RunTime:0.000102s ]
INFO: [ app_init ] --END-- [ RunTime:0.001714s ]

[ 2016-12-24T19:46:53+08:00 ] 127.0.0.1 /Campus/Public/UCenter/css/safe/images/menu-treeNeck.png
INFO: [ app_init ] --START--
INFO: Run Behavior\BuildLiteBehavior [ RunTime:0.000071s ]
INFO: [ app_init ] --END-- [ RunTime:0.001666s ]

[ 2016-12-24T19:47:03+08:00 ] 127.0.0.1 /Campus/Public/UCenter/css/safe/images/menu-treeNeck.png
INFO: [ app_init ] --START--
INFO: Run Behavior\BuildLiteBehavior [ RunTime:0.000052s ]
INFO: [ app_init ] --END-- [ RunTime:0.002879s ]

[ 2016-12-24T19:47:04+08:00 ] 127.0.0.1 /Campus/Public/UCenter/css/safe/images/menu-treeNeck.png
INFO: [ app_init ] --START--
INFO: Run Behavior\BuildLiteBehavior [ RunTime:0.000044s ]
INFO: [ app_init ] --END-- [ RunTime:0.001007s ]

[ 2016-12-24T19:47:38+08:00 ] 127.0.0.1 /Campus/Public/UCenter/css/safe/images/menu-treeNeck.png
INFO: [ app_init ] --START--
INFO: Run Behavior\BuildLiteBehavior [ RunTime:0.000060s ]
INFO: [ app_init ] --END-- [ RunTime:0.001194s ]

[ 2016-12-24T19:48:41+08:00 ] 127.0.0.1 /Campus/Public/UCenter/css/safe/images/menu-treeNeck.png
INFO: [ app_init ] --START--
INFO: Run Behavior\BuildLiteBehavior [ RunTime:0.000040s ]
INFO: [ app_init ] --END-- [ RunTime:0.001264s ]

[ 2016-12-24T19:49:01+08:00 ] 127.0.0.1 /Campus/Public/UCenter/css/safe/images/menu-treeNeck.png
INFO: [ app_init ] --START--
INFO: Run Behavior\BuildLiteBehavior [ RunTime:0.000061s ]
INFO: [ app_init ] --END-- [ RunTime:0.001303s ]

[ 2016-12-24T19:51:38+08:00 ] 127.0.0.1 /Campus/Public/UCenter/css/safe/images/menu-treeNeck.png
INFO: [ app_init ] --START--
INFO: Run Behavior\BuildLiteBehavior [ RunTime:0.000047s ]
INFO: [ app_init ] --END-- [ RunTime:0.002108s ]

[ 2016-12-24T19:52:31+08:00 ] 127.0.0.1 /Campus/Public/UCenter/css/safe/images/menu-treeNeck.png
INFO: [ app_init ] --START--
INFO: Run Behavior\BuildLiteBehavior [ RunTime:0.000055s ]
INFO: [ app_init ] --END-- [ RunTime:0.001100s ]

[ 2016-12-24T19:52:34+08:00 ] 127.0.0.1 /Campus/Public/UCenter/css/safe/images/menu-treeNeck.png
INFO: [ app_init ] --START--
INFO: Run Behavior\BuildLiteBehavior [ RunTime:0.000040s ]
INFO: [ app_init ] --END-- [ RunTime:0.001294s ]

[ 2016-12-24T19:52:51+08:00 ] 127.0.0.1 /Campus/Public/UCenter/css/safe/images/menu-treeNeck.png
INFO: [ app_init ] --START--
INFO: Run Behavior\BuildLiteBehavior [ RunTime:0.000090s ]
INFO: [ app_init ] --END-- [ RunTime:0.002552s ]

[ 2016-12-24T19:53:02+08:00 ] 127.0.0.1 /Campus/Public/UCenter/css/safe/images/menu-treeNeck.png
INFO: [ app_init ] --START--
INFO: Run Behavior\BuildLiteBehavior [ RunTime:0.000084s ]
INFO: [ app_init ] --END-- [ RunTime:0.001331s ]

[ 2016-12-24T19:53:07+08:00 ] 127.0.0.1 /Campus/Public/UCenter/css/safe/images/menu-treeNeck.png
INFO: [ app_init ] --START--
INFO: Run Behavior\BuildLiteBehavior [ RunTime:0.000077s ]
INFO: [ app_init ] --END-- [ RunTime:0.001406s ]

[ 2016-12-24T19:53:08+08:00 ] 127.0.0.1 /Campus/Public/UCenter/css/safe/images/menu-treeNeck.png
INFO: [ app_init ] --START--
INFO: Run Behavior\BuildLiteBehavior [ RunTime:0.000106s ]
INFO: [ app_init ] --END-- [ RunTime:0.001342s ]

[ 2016-12-24T19:55:49+08:00 ] 127.0.0.1 /Campus/Public/UCenter/css/safe/images/menu-treeNeck.png
INFO: [ app_init ] --START--
INFO: Run Behavior\BuildLiteBehavior [ RunTime:0.000058s ]
INFO: [ app_init ] --END-- [ RunTime:0.002721s ]

[ 2016-12-24T19:55:51+08:00 ] 127.0.0.1 /Campus/Public/UCenter/css/safe/images/menu-treeNeck.png
INFO: [ app_init ] --START--
INFO: Run Behavior\BuildLiteBehavior [ RunTime:0.000065s ]
INFO: [ app_init ] --END-- [ RunTime:0.001333s ]

[ 2016-12-24T20:02:37+08:00 ] 127.0.0.1 /Campus/Public/UCenter/css/safe/images/menu-treeNeck.png
INFO: [ app_init ] --START--
INFO: Run Behavior\BuildLiteBehavior [ RunTime:0.000059s ]
INFO: [ app_init ] --END-- [ RunTime:0.002077s ]

[ 2016-12-24T20:02:37+08:00 ] 127.0.0.1 /Campus/Public/UCenter/css/safe/images/menu-treeNeck.png
INFO: [ app_init ] --START--
INFO: Run Behavior\BuildLiteBehavior [ RunTime:0.000063s ]
INFO: [ app_init ] --END-- [ RunTime:0.001565s ]

[ 2016-12-24T20:02:40+08:00 ] 127.0.0.1 /Campus/Public/UCenter/css/safe/images/menu-treeNeck.png
INFO: [ app_init ] --START--
INFO: Run Behavior\BuildLiteBehavior [ RunTime:0.000061s ]
INFO: [ app_init ] --END-- [ RunTime:0.001560s ]

[ 2016-12-24T20:02:43+08:00 ] 127.0.0.1 /Campus/Public/UCenter/css/safe/images/menu-treeNeck.png
INFO: [ app_init ] --START--
INFO: Run Behavior\BuildLiteBehavior [ RunTime:0.000060s ]
INFO: [ app_init ] --END-- [ RunTime:0.001236s ]

[ 2016-12-24T20:39:38+08:00 ] 127.0.0.1 /Campus/Public/UCenter/css/safe/images/menu-treeNeck.png
INFO: [ app_init ] --START--
INFO: Run Behavior\BuildLiteBehavior [ RunTime:0.000063s ]
INFO: [ app_init ] --END-- [ RunTime:0.001639s ]

[ 2016-12-24T20:39:39+08:00 ] 127.0.0.1 /Campus/Public/UCenter/css/safe/images/menu-treeNeck.png
INFO: [ app_init ] --START--
INFO: Run Behavior\BuildLiteBehavior [ RunTime:0.000038s ]
INFO: [ app_init ] --END-- [ RunTime:0.000878s ]

[ 2016-12-24T20:39:42+08:00 ] 127.0.0.1 /Campus/Public/UCenter/css/safe/images/menu-treeNeck.png
INFO: [ app_init ] --START--
INFO: Run Behavior\BuildLiteBehavior [ RunTime:0.000036s ]
INFO: [ app_init ] --END-- [ RunTime:0.000847s ]

[ 2016-12-24T20:39:44+08:00 ] 127.0.0.1 /Campus/Public/UCenter/css/safe/images/menu-treeNeck.png
INFO: [ app_init ] --START--
INFO: Run Behavior\BuildLiteBehavior [ RunTime:0.000100s ]
INFO: [ app_init ] --END-- [ RunTime:0.001303s ]

[ 2016-12-24T20:39:47+08:00 ] 127.0.0.1 /Campus/Public/UCenter/css/safe/images/menu-treeNeck.png
INFO: [ app_init ] --START--
INFO: Run Behavior\BuildLiteBehavior [ RunTime:0.000068s ]
INFO: [ app_init ] --END-- [ RunTime:0.001390s ]

[ 2016-12-24T20:39:52+08:00 ] 127.0.0.1 /Campus/Public/UCenter/css/safe/images/menu-treeNeck.png
INFO: [ app_init ] --START--
INFO: Run Behavior\BuildLiteBehavior [ RunTime:0.000068s ]
INFO: [ app_init ] --END-- [ RunTime:0.001442s ]

[ 2016-12-24T20:40:26+08:00 ] 127.0.0.1 /Campus/Public/UCenter/css/safe/images/menu-treeNeck.png
INFO: [ app_init ] --START--
INFO: Run Behavior\BuildLiteBehavior [ RunTime:0.000042s ]
INFO: [ app_init ] --END-- [ RunTime:0.000849s ]

[ 2016-12-24T20:40:29+08:00 ] 127.0.0.1 /Campus/Public/UCenter/css/safe/images/menu-treeNeck.png
INFO: [ app_init ] --START--
INFO: Run Behavior\BuildLiteBehavior [ RunTime:0.000063s ]
INFO: [ app_init ] --END-- [ RunTime:0.001419s ]

[ 2016-12-24T20:40:31+08:00 ] 127.0.0.1 /Campus/Public/UCenter/css/safe/images/menu-treeNeck.png
INFO: [ app_init ] --START--
INFO: Run Behavior\BuildLiteBehavior [ RunTime:0.000065s ]
INFO: [ app_init ] --END-- [ RunTime:0.001946s ]

[ 2016-12-24T20:40:33+08:00 ] 127.0.0.1 /Campus/Public/UCenter/css/safe/images/menu-treeNeck.png
INFO: [ app_init ] --START--
INFO: Run Behavior\BuildLiteBehavior [ RunTime:0.000038s ]
INFO: [ app_init ] --END-- [ RunTime:0.000870s ]

[ 2016-12-24T20:40:35+08:00 ] 127.0.0.1 /Campus/Public/UCenter/css/safe/images/menu-treeNeck.png
INFO: [ app_init ] --START--
INFO: Run Behavior\BuildLiteBehavior [ RunTime:0.000064s ]
INFO: [ app_init ] --END-- [ RunTime:0.001241s ]

[ 2016-12-24T20:40:44+08:00 ] 127.0.0.1 /Campus/Public/UCenter/css/safe/images/menu-treeNeck.png
INFO: [ app_init ] --START--
INFO: Run Behavior\BuildLiteBehavior [ RunTime:0.000062s ]
INFO: [ app_init ] --END-- [ RunTime:0.001789s ]

[ 2016-12-24T20:40:44+08:00 ] 127.0.0.1 /Campus/Public/UCenter/css/safe/images/littleIcon.png
INFO: [ app_init ] --START--
INFO: Run Behavior\BuildLiteBehavior [ RunTime:0.000037s ]
INFO: [ app_init ] --END-- [ RunTime:0.000846s ]

[ 2016-12-24T20:40:44+08:00 ] 127.0.0.1 /Campus/Public/UCenter/css/safe/images/tipIcon.png
INFO: [ app_init ] --START--
INFO: Run Behavior\BuildLiteBehavior [ RunTime:0.000038s ]
INFO: [ app_init ] --END-- [ RunTime:0.000794s ]

[ 2016-12-24T20:41:35+08:00 ] 127.0.0.1 /Campus/Public/UCenter/css/safe/images/menu-treeNeck.png
INFO: [ app_init ] --START--
INFO: Run Behavior\BuildLiteBehavior [ RunTime:0.000058s ]
INFO: [ app_init ] --END-- [ RunTime:0.001504s ]

[ 2016-12-24T20:41:43+08:00 ] 127.0.0.1 /Campus/Public/UCenter/css/safe/images/menu-treeNeck.png
INFO: [ app_init ] --START--
INFO: Run Behavior\BuildLiteBehavior [ RunTime:0.000074s ]
INFO: [ app_init ] --END-- [ RunTime:0.001159s ]

[ 2016-12-24T20:41:50+08:00 ] 127.0.0.1 /Campus/Public/UCenter/css/safe/images/menu-treeNeck.png
INFO: [ app_init ] --START--
INFO: Run Behavior\BuildLiteBehavior [ RunTime:0.000057s ]
INFO: [ app_init ] --END-- [ RunTime:0.001174s ]

[ 2016-12-24T20:41:51+08:00 ] 127.0.0.1 /Campus/Public/UCenter/css/safe/images/menu-treeNeck.png
INFO: [ app_init ] --START--
INFO: Run Behavior\BuildLiteBehavior [ RunTime:0.000055s ]
INFO: [ app_init ] --END-- [ RunTime:0.001154s ]

[ 2016-12-24T20:46:46+08:00 ] 127.0.0.1 /Campus/Public/UCenter/css/safe/images/menu-treeNeck.png
INFO: [ app_init ] --START--
INFO: Run Behavior\BuildLiteBehavior [ RunTime:0.000145s ]
INFO: [ app_init ] --END-- [ RunTime:0.002565s ]

[ 2016-12-24T20:46:47+08:00 ] 127.0.0.1 /Campus/Public/UCenter/css/safe/images/menu-treeNeck.png
INFO: [ app_init ] --START--
INFO: Run Behavior\BuildLiteBehavior [ RunTime:0.000037s ]
INFO: [ app_init ] --END-- [ RunTime:0.001203s ]

[ 2016-12-24T20:47:43+08:00 ] 127.0.0.1 /Campus/Public/UCenter/css/safe/images/menu-treeNeck.png
INFO: [ app_init ] --START--
INFO: Run Behavior\BuildLiteBehavior [ RunTime:0.000054s ]
INFO: [ app_init ] --END-- [ RunTime:0.001193s ]

[ 2016-12-24T20:50:19+08:00 ] 127.0.0.1 /Campus/Public/UCenter/css/safe/images/menu-treeNeck.png
INFO: [ app_init ] --START--
INFO: Run Behavior\BuildLiteBehavior [ RunTime:0.000072s ]
INFO: [ app_init ] --END-- [ RunTime:0.001806s ]

[ 2016-12-24T20:50:45+08:00 ] 127.0.0.1 /Campus/Public/UCenter/css/safe/images/menu-treeNeck.png
INFO: [ app_init ] --START--
INFO: Run Behavior\BuildLiteBehavior [ RunTime:0.000056s ]
INFO: [ app_init ] --END-- [ RunTime:0.001190s ]

[ 2016-12-24T20:51:11+08:00 ] 127.0.0.1 /Campus/Public/UCenter/css/safe/images/menu-treeNeck.png
INFO: [ app_init ] --START--
INFO: Run Behavior\BuildLiteBehavior [ RunTime:0.000066s ]
INFO: [ app_init ] --END-- [ RunTime:0.002262s ]

[ 2016-12-24T20:52:00+08:00 ] 127.0.0.1 /Campus/Public/UCenter/css/safe/images/menu-treeNeck.png
INFO: [ app_init ] --START--
INFO: Run Behavior\BuildLiteBehavior [ RunTime:0.000054s ]
INFO: [ app_init ] --END-- [ RunTime:0.001107s ]

[ 2016-12-24T20:52:11+08:00 ] 127.0.0.1 /Campus/Public/UCenter/css/safe/images/menu-treeNeck.png
INFO: [ app_init ] --START--
INFO: Run Behavior\BuildLiteBehavior [ RunTime:0.000065s ]
INFO: [ app_init ] --END-- [ RunTime:0.004515s ]

[ 2016-12-24T20:53:01+08:00 ] 127.0.0.1 /Campus/Public/UCenter/css/safe/images/menu-treeNeck.png
INFO: [ app_init ] --START--
INFO: Run Behavior\BuildLiteBehavior [ RunTime:0.000124s ]
INFO: [ app_init ] --END-- [ RunTime:0.001524s ]

[ 2016-12-24T21:06:23+08:00 ] 127.0.0.1 /Campus/Public/UCenter/css/safe/images/menu-treeNeck.png
INFO: [ app_init ] --START--
INFO: Run Behavior\BuildLiteBehavior [ RunTime:0.000077s ]
INFO: [ app_init ] --END-- [ RunTime:0.006985s ]

[ 2016-12-24T21:06:23+08:00 ] 127.0.0.1 /Campus/Public/UCenter/css/safe/images/menu-treeNeck.png
INFO: [ app_init ] --START--
INFO: Run Behavior\BuildLiteBehavior [ RunTime:0.000059s ]
INFO: [ app_init ] --END-- [ RunTime:0.002320s ]

[ 2016-12-24T21:07:43+08:00 ] 127.0.0.1 /Campus/Public/UCenter/css/safe/images/menu-treeNeck.png
INFO: [ app_init ] --START--
INFO: Run Behavior\BuildLiteBehavior [ RunTime:0.000075s ]
INFO: [ app_init ] --END-- [ RunTime:0.001330s ]

[ 2016-12-24T21:07:48+08:00 ] 127.0.0.1 /Campus/Public/UCenter/css/safe/images/menu-treeNeck.png
INFO: [ app_init ] --START--
INFO: Run Behavior\BuildLiteBehavior [ RunTime:0.000060s ]
INFO: [ app_init ] --END-- [ RunTime:0.002069s ]

[ 2016-12-24T21:07:49+08:00 ] 127.0.0.1 /Campus/Public/UCenter/css/safe/images/menu-treeNeck.png
INFO: [ app_init ] --START--
INFO: Run Behavior\BuildLiteBehavior [ RunTime:0.000062s ]
INFO: [ app_init ] --END-- [ RunTime:0.001459s ]

[ 2016-12-24T21:07:50+08:00 ] 127.0.0.1 /Campus/Public/UCenter/css/safe/images/menu-treeNeck.png
INFO: [ app_init ] --START--
INFO: Run Behavior\BuildLiteBehavior [ RunTime:0.000058s ]
INFO: [ app_init ] --END-- [ RunTime:0.001085s ]

[ 2016-12-24T21:07:51+08:00 ] 127.0.0.1 /Campus/Public/UCenter/css/safe/images/menu-treeNeck.png
INFO: [ app_init ] --START--
INFO: Run Behavior\BuildLiteBehavior [ RunTime:0.000063s ]
INFO: [ app_init ] --END-- [ RunTime:0.001316s ]

[ 2016-12-24T21:07:54+08:00 ] 127.0.0.1 /Campus/Public/UCenter/css/safe/images/menu-treeNeck.png
INFO: [ app_init ] --START--
INFO: Run Behavior\BuildLiteBehavior [ RunTime:0.000064s ]
INFO: [ app_init ] --END-- [ RunTime:0.006291s ]

[ 2016-12-24T21:07:55+08:00 ] 127.0.0.1 /Campus/Public/UCenter/css/safe/images/menu-treeNeck.png
INFO: [ app_init ] --START--
INFO: Run Behavior\BuildLiteBehavior [ RunTime:0.000059s ]
INFO: [ app_init ] --END-- [ RunTime:0.001014s ]

[ 2016-12-24T23:03:24+08:00 ] 127.0.0.1 /Campus/Public/UCenter/css/safe/images/menu-treeNeck.png
INFO: [ app_init ] --START--
INFO: Run Behavior\BuildLiteBehavior [ RunTime:0.000090s ]
INFO: [ app_init ] --END-- [ RunTime:0.001938s ]

[ 2016-12-24T23:03:26+08:00 ] 127.0.0.1 /Campus/Public/UCenter/css/safe/images/menu-treeNeck.png
INFO: [ app_init ] --START--
INFO: Run Behavior\BuildLiteBehavior [ RunTime:0.000058s ]
INFO: [ app_init ] --END-- [ RunTime:0.001124s ]

[ 2016-12-24T23:03:28+08:00 ] 127.0.0.1 /Campus/Public/UCenter/css/safe/images/menu-treeNeck.png
INFO: [ app_init ] --START--
INFO: Run Behavior\BuildLiteBehavior [ RunTime:0.000669s ]
INFO: [ app_init ] --END-- [ RunTime:0.002172s ]

[ 2016-12-24T23:03:29+08:00 ] 127.0.0.1 /Campus/Public/UCenter/css/safe/images/menu-treeNeck.png
INFO: [ app_init ] --START--
INFO: Run Behavior\BuildLiteBehavior [ RunTime:0.000047s ]
INFO: [ app_init ] --END-- [ RunTime:0.001194s ]

[ 2016-12-24T23:03:32+08:00 ] 127.0.0.1 /Campus/Public/UCenter/css/safe/images/menu-treeNeck.png
INFO: [ app_init ] --START--
INFO: Run Behavior\BuildLiteBehavior [ RunTime:0.000059s ]
INFO: [ app_init ] --END-- [ RunTime:0.001218s ]

[ 2016-12-24T23:05:14+08:00 ] 127.0.0.1 /Campus/Public/UCenter/css/safe/images/menu-treeNeck.png
INFO: [ app_init ] --START--
INFO: Run Behavior\BuildLiteBehavior [ RunTime:0.000058s ]
INFO: [ app_init ] --END-- [ RunTime:0.001491s ]

[ 2016-12-24T23:08:12+08:00 ] 127.0.0.1 /Campus/Public/UCenter/css/safe/images/menu-treeNeck.png
INFO: [ app_init ] --START--
INFO: Run Behavior\BuildLiteBehavior [ RunTime:0.000067s ]
INFO: [ app_init ] --END-- [ RunTime:0.001800s ]

[ 2016-12-24T23:08:15+08:00 ] 127.0.0.1 /Campus/Public/UCenter/css/safe/images/menu-treeNeck.png
INFO: [ app_init ] --START--
INFO: Run Behavior\BuildLiteBehavior [ RunTime:0.000081s ]
INFO: [ app_init ] --END-- [ RunTime:0.002165s ]

[ 2016-12-24T23:13:45+08:00 ] 127.0.0.1 /Campus/Public/UCenter/css/safe/images/menu-treeNeck.png
INFO: [ app_init ] --START--
INFO: Run Behavior\BuildLiteBehavior [ RunTime:0.000061s ]
INFO: [ app_init ] --END-- [ RunTime:0.001180s ]

[ 2016-12-24T23:14:42+08:00 ] 127.0.0.1 /Campus/Public/UCenter/css/safe/images/menu-treeNeck.png
INFO: [ app_init ] --START--
INFO: Run Behavior\BuildLiteBehavior [ RunTime:0.000065s ]
INFO: [ app_init ] --END-- [ RunTime:0.001281s ]

[ 2016-12-24T23:14:59+08:00 ] 127.0.0.1 /Campus/Public/UCenter/css/safe/images/menu-treeNeck.png
INFO: [ app_init ] --START--
INFO: Run Behavior\BuildLiteBehavior [ RunTime:0.000056s ]
INFO: [ app_init ] --END-- [ RunTime:0.001490s ]

[ 2016-12-24T23:15:44+08:00 ] 127.0.0.1 /Campus/Public/UCenter/css/safe/images/menu-treeNeck.png
INFO: [ app_init ] --START--
INFO: Run Behavior\BuildLiteBehavior [ RunTime:0.000061s ]
INFO: [ app_init ] --END-- [ RunTime:0.001411s ]

[ 2016-12-24T23:15:53+08:00 ] 127.0.0.1 /Campus/Public/UCenter/css/safe/images/menu-treeNeck.png
INFO: [ app_init ] --START--
INFO: Run Behavior\BuildLiteBehavior [ RunTime:0.000081s ]
INFO: [ app_init ] --END-- [ RunTime:0.002227s ]

[ 2016-12-24T23:16:10+08:00 ] 127.0.0.1 /Campus/Public/UCenter/css/safe/images/menu-treeNeck.png
INFO: [ app_init ] --START--
INFO: Run Behavior\BuildLiteBehavior [ RunTime:0.000067s ]
INFO: [ app_init ] --END-- [ RunTime:0.001961s ]

[ 2016-12-24T23:16:27+08:00 ] 127.0.0.1 /Campus/Public/UCenter/css/safe/images/menu-treeNeck.png
INFO: [ app_init ] --START--
INFO: Run Behavior\BuildLiteBehavior [ RunTime:0.000055s ]
INFO: [ app_init ] --END-- [ RunTime:0.001161s ]

[ 2016-12-24T23:19:12+08:00 ] 127.0.0.1 /Campus/Public/UCenter/css/safe/images/menu-treeNeck.png
INFO: [ app_init ] --START--
INFO: Run Behavior\BuildLiteBehavior [ RunTime:0.000080s ]
INFO: [ app_init ] --END-- [ RunTime:0.002810s ]

[ 2016-12-24T23:19:28+08:00 ] 127.0.0.1 /Campus/Public/UCenter/css/safe/images/menu-treeNeck.png
INFO: [ app_init ] --START--
INFO: Run Behavior\BuildLiteBehavior [ RunTime:0.000065s ]
INFO: [ app_init ] --END-- [ RunTime:0.002723s ]

[ 2016-12-24T23:19:44+08:00 ] 127.0.0.1 /Campus/Public/UCenter/css/safe/images/menu-treeNeck.png
INFO: [ app_init ] --START--
INFO: Run Behavior\BuildLiteBehavior [ RunTime:0.000073s ]
INFO: [ app_init ] --END-- [ RunTime:0.001339s ]

[ 2016-12-24T23:19:54+08:00 ] 127.0.0.1 /Campus/Public/UCenter/css/safe/images/menu-treeNeck.png
INFO: [ app_init ] --START--
INFO: Run Behavior\BuildLiteBehavior [ RunTime:0.000068s ]
INFO: [ app_init ] --END-- [ RunTime:0.001285s ]

[ 2016-12-24T23:20:09+08:00 ] 127.0.0.1 /Campus/Public/UCenter/css/safe/images/menu-treeNeck.png
INFO: [ app_init ] --START--
INFO: Run Behavior\BuildLiteBehavior [ RunTime:0.000056s ]
INFO: [ app_init ] --END-- [ RunTime:0.001198s ]

[ 2016-12-24T23:20:16+08:00 ] 127.0.0.1 /Campus/Public/UCenter/css/safe/images/menu-treeNeck.png
INFO: [ app_init ] --START--
INFO: Run Behavior\BuildLiteBehavior [ RunTime:0.000056s ]
INFO: [ app_init ] --END-- [ RunTime:0.001231s ]

[ 2016-12-24T23:20:40+08:00 ] 127.0.0.1 /Campus/Public/UCenter/css/safe/images/menu-treeNeck.png
INFO: [ app_init ] --START--
INFO: Run Behavior\BuildLiteBehavior [ RunTime:0.000061s ]
INFO: [ app_init ] --END-- [ RunTime:0.002115s ]

[ 2016-12-24T23:20:51+08:00 ] 127.0.0.1 /Campus/Public/UCenter/css/safe/images/menu-treeNeck.png
INFO: [ app_init ] --START--
INFO: Run Behavior\BuildLiteBehavior [ RunTime:0.000904s ]
INFO: [ app_init ] --END-- [ RunTime:0.004535s ]

[ 2016-12-24T23:21:03+08:00 ] 127.0.0.1 /Campus/Public/UCenter/css/safe/images/menu-treeNeck.png
INFO: [ app_init ] --START--
INFO: Run Behavior\BuildLiteBehavior [ RunTime:0.000060s ]
INFO: [ app_init ] --END-- [ RunTime:0.001219s ]

[ 2016-12-24T23:23:14+08:00 ] 127.0.0.1 /Campus/Public/UCenter/css/safe/images/menu-treeNeck.png
INFO: [ app_init ] --START--
INFO: Run Behavior\BuildLiteBehavior [ RunTime:0.000061s ]
INFO: [ app_init ] --END-- [ RunTime:0.001779s ]

[ 2016-12-24T23:28:30+08:00 ] 127.0.0.1 /Campus/Public/UCenter/css/safe/images/menu-treeNeck.png
INFO: [ app_init ] --START--
INFO: Run Behavior\BuildLiteBehavior [ RunTime:0.000061s ]
INFO: [ app_init ] --END-- [ RunTime:0.001523s ]

[ 2016-12-24T23:29:47+08:00 ] 127.0.0.1 /Campus/Public/UCenter/css/safe/images/menu-treeNeck.png
INFO: [ app_init ] --START--
INFO: Run Behavior\BuildLiteBehavior [ RunTime:0.000060s ]
INFO: [ app_init ] --END-- [ RunTime:0.001281s ]

[ 2016-12-24T23:30:04+08:00 ] 127.0.0.1 /Campus/Public/UCenter/css/safe/images/menu-treeNeck.png
INFO: [ app_init ] --START--
INFO: Run Behavior\BuildLiteBehavior [ RunTime:0.000060s ]
INFO: [ app_init ] --END-- [ RunTime:0.001300s ]

[ 2016-12-24T23:30:20+08:00 ] 127.0.0.1 /Campus/Public/UCenter/css/safe/images/menu-treeNeck.png
INFO: [ app_init ] --START--
INFO: Run Behavior\BuildLiteBehavior [ RunTime:0.000036s ]
INFO: [ app_init ] --END-- [ RunTime:0.000852s ]

[ 2016-12-24T23:30:51+08:00 ] 127.0.0.1 /Campus/Public/UCenter/css/safe/images/menu-treeNeck.png
INFO: [ app_init ] --START--
INFO: Run Behavior\BuildLiteBehavior [ RunTime:0.000038s ]
INFO: [ app_init ] --END-- [ RunTime:0.000801s ]

[ 2016-12-24T23:31:07+08:00 ] 127.0.0.1 /Campus/Public/UCenter/css/safe/images/menu-treeNeck.png
INFO: [ app_init ] --START--
INFO: Run Behavior\BuildLiteBehavior [ RunTime:0.000056s ]
INFO: [ app_init ] --END-- [ RunTime:0.001196s ]

[ 2016-12-24T23:31:16+08:00 ] 127.0.0.1 /Campus/Public/UCenter/css/safe/images/menu-treeNeck.png
INFO: [ app_init ] --START--
INFO: Run Behavior\BuildLiteBehavior [ RunTime:0.000065s ]
INFO: [ app_init ] --END-- [ RunTime:0.001712s ]

[ 2016-12-24T23:31:26+08:00 ] 127.0.0.1 /Campus/Public/UCenter/css/safe/images/menu-treeNeck.png
INFO: [ app_init ] --START--
INFO: Run Behavior\BuildLiteBehavior [ RunTime:0.000417s ]
INFO: [ app_init ] --END-- [ RunTime:0.005525s ]

[ 2016-12-24T23:33:08+08:00 ] 127.0.0.1 /Campus/Public/UCenter/css/safe/images/menu-treeNeck.png
INFO: [ app_init ] --START--
INFO: Run Behavior\BuildLiteBehavior [ RunTime:0.000190s ]
INFO: [ app_init ] --END-- [ RunTime:0.002066s ]

[ 2016-12-24T23:33:16+08:00 ] 127.0.0.1 /Campus/Public/UCenter/css/safe/images/menu-treeNeck.png
INFO: [ app_init ] --START--
INFO: Run Behavior\BuildLiteBehavior [ RunTime:0.000064s ]
INFO: [ app_init ] --END-- [ RunTime:0.001278s ]

[ 2016-12-24T23:35:21+08:00 ] 127.0.0.1 /Campus/Public/UCenter/css/safe/images/menu-treeNeck.png
INFO: [ app_init ] --START--
INFO: Run Behavior\BuildLiteBehavior [ RunTime:0.000039s ]
INFO: [ app_init ] --END-- [ RunTime:0.000972s ]

[ 2016-12-24T23:35:38+08:00 ] 127.0.0.1 /Campus/Public/UCenter/css/safe/images/menu-treeNeck.png
INFO: [ app_init ] --START--
INFO: Run Behavior\BuildLiteBehavior [ RunTime:0.000058s ]
INFO: [ app_init ] --END-- [ RunTime:0.001409s ]

[ 2016-12-24T23:38:44+08:00 ] 127.0.0.1 /Campus/Public/UCenter/css/safe/images/menu-treeNeck.png
INFO: [ app_init ] --START--
INFO: Run Behavior\BuildLiteBehavior [ RunTime:0.000065s ]
INFO: [ app_init ] --END-- [ RunTime:0.001980s ]

[ 2016-12-24T23:41:14+08:00 ] 127.0.0.1 /Campus/Public/UCenter/css/safe/images/menu-treeNeck.png
INFO: [ app_init ] --START--
INFO: Run Behavior\BuildLiteBehavior [ RunTime:0.000063s ]
INFO: [ app_init ] --END-- [ RunTime:0.001635s ]

[ 2016-12-24T23:41:36+08:00 ] 127.0.0.1 /Campus/Public/Home/css/bootstrap.css.map
INFO: [ app_init ] --START--
INFO: Run Behavior\BuildLiteBehavior [ RunTime:0.000038s ]
INFO: [ app_init ] --END-- [ RunTime:0.000848s ]
INFO: [ app_begin ] --START--
INFO: Run Behavior\ReadHtmlCacheBehavior [ RunTime:0.001267s ]
INFO: [ app_begin ] --END-- [ RunTime:0.001448s ]
ERR: 无法加载控制器:Home

[ 2016-12-24T23:45:59+08:00 ] 127.0.0.1 /Campus/Public/UCenter/css/safe/images/menu-treeNeck.png
INFO: [ app_init ] --START--
INFO: Run Behavior\BuildLiteBehavior [ RunTime:0.000058s ]
INFO: [ app_init ] --END-- [ RunTime:0.001670s ]

[ 2016-12-24T23:46:10+08:00 ] 127.0.0.1 /Campus/Public/UCenter/css/safe/images/menu-treeNeck.png
INFO: [ app_init ] --START--
INFO: Run Behavior\BuildLiteBehavior [ RunTime:0.000037s ]
INFO: [ app_init ] --END-- [ RunTime:0.000946s ]

[ 2016-12-24T23:46:23+08:00 ] 127.0.0.1 /Campus/Public/UCenter/css/safe/images/menu-treeNeck.png
INFO: [ app_init ] --START--
INFO: Run Behavior\BuildLiteBehavior [ RunTime:0.000126s ]
INFO: [ app_init ] --END-- [ RunTime:0.001277s ]

[ 2016-12-24T23:46:30+08:00 ] 127.0.0.1 /Campus/Public/UCenter/css/safe/images/menu-treeNeck.png
INFO: [ app_init ] --START--
INFO: Run Behavior\BuildLiteBehavior [ RunTime:0.000064s ]
INFO: [ app_init ] --END-- [ RunTime:0.003185s ]

[ 2016-12-24T23:46:37+08:00 ] 127.0.0.1 /Campus/Public/UCenter/css/safe/images/menu-treeNeck.png
INFO: [ app_init ] --START--
INFO: Run Behavior\BuildLiteBehavior [ RunTime:0.000057s ]
INFO: [ app_init ] --END-- [ RunTime:0.001598s ]

[ 2016-12-24T23:46:42+08:00 ] 127.0.0.1 /Campus/Public/UCenter/css/safe/images/menu-treeNeck.png
INFO: [ app_init ] --START--
INFO: Run Behavior\BuildLiteBehavior [ RunTime:0.000062s ]
INFO: [ app_init ] --END-- [ RunTime:0.001236s ]

[ 2016-12-24T23:47:01+08:00 ] 127.0.0.1 /Campus/Public/UCenter/css/safe/images/menu-treeNeck.png
INFO: [ app_init ] --START--
INFO: Run Behavior\BuildLiteBehavior [ RunTime:0.000067s ]
INFO: [ app_init ] --END-- [ RunTime:0.001519s ]

[ 2016-12-24T23:47:19+08:00 ] 127.0.0.1 /Campus/Public/UCenter/css/safe/images/menu-treeNeck.png
INFO: [ app_init ] --START--
INFO: Run Behavior\BuildLiteBehavior [ RunTime:0.000054s ]
INFO: [ app_init ] --END-- [ RunTime:0.001414s ]

[ 2016-12-24T23:47:26+08:00 ] 127.0.0.1 /Campus/Public/UCenter/css/safe/images/menu-treeNeck.png
INFO: [ app_init ] --START--
INFO: Run Behavior\BuildLiteBehavior [ RunTime:0.000073s ]
INFO: [ app_init ] --END-- [ RunTime:0.001373s ]

[ 2016-12-24T23:50:48+08:00 ] 127.0.0.1 /Campus/Public/UCenter/css/safe/images/menu-treeNeck.png
INFO: [ app_init ] --START--
INFO: Run Behavior\BuildLiteBehavior [ RunTime:0.000059s ]
INFO: [ app_init ] --END-- [ RunTime:0.001706s ]

[ 2016-12-24T23:51:01+08:00 ] 127.0.0.1 /Campus/Public/UCenter/css/safe/images/menu-treeNeck.png
INFO: [ app_init ] --START--
INFO: Run Behavior\BuildLiteBehavior [ RunTime:0.000038s ]
INFO: [ app_init ] --END-- [ RunTime:0.000770s ]

[ 2016-12-24T23:54:53+08:00 ] 127.0.0.1 /Campus/Public/UCenter/css/safe/images/menu-treeNeck.png
INFO: [ app_init ] --START--
INFO: Run Behavior\BuildLiteBehavior [ RunTime:0.000063s ]
INFO: [ app_init ] --END-- [ RunTime:0.001841s ]

