[ 2016-11-13T14:10:04+08:00 ] 127.0.0.1 /CampusAlliance/Public/Home/css/bootstrap.css.map
INFO: [ app_init ] --START--
INFO: Run Behavior\BuildLiteBehavior [ RunTime:0.000056s ]
INFO: [ app_init ] --END-- [ RunTime:0.001316s ]
INFO: [ app_begin ] --START--
INFO: Run Behavior\ReadHtmlCacheBehavior [ RunTime:0.002898s ]
INFO: [ app_begin ] --END-- [ RunTime:0.003201s ]
ERR: 无法加载控制器:Home

[ 2016-11-13T15:34:02+08:00 ] 127.0.0.1 /CampusAlliance/Public/Home/css/bootstrap.css.map
INFO: [ app_init ] --START--
INFO: Run Behavior\BuildLiteBehavior [ RunTime:0.000059s ]
INFO: [ app_init ] --END-- [ RunTime:0.001919s ]
INFO: [ app_begin ] --START--
INFO: Run Behavior\ReadHtmlCacheBehavior [ RunTime:0.015932s ]
INFO: [ app_begin ] --END-- [ RunTime:0.016343s ]
ERR: 无法加载控制器:Home

[ 2016-11-13T15:35:55+08:00 ] 127.0.0.1 /CampusAlliance/Public/Home/css/bootstrap.css.map
INFO: [ app_init ] --START--
INFO: Run Behavior\BuildLiteBehavior [ RunTime:0.000058s ]
INFO: [ app_init ] --END-- [ RunTime:0.001746s ]
INFO: [ app_begin ] --START--
INFO: Run Behavior\ReadHtmlCacheBehavior [ RunTime:0.024557s ]
INFO: [ app_begin ] --END-- [ RunTime:0.024863s ]
ERR: 无法加载控制器:Home

[ 2016-11-13T15:40:03+08:00 ] 127.0.0.1 /CampusAlliance/Public/Home/css/bootstrap.css.map
INFO: [ app_init ] --START--
INFO: Run Behavior\BuildLiteBehavior [ RunTime:0.000084s ]
INFO: [ app_init ] --END-- [ RunTime:0.001637s ]
INFO: [ app_begin ] --START--
INFO: Run Behavior\ReadHtmlCacheBehavior [ RunTime:0.002613s ]
INFO: [ app_begin ] --END-- [ RunTime:0.002900s ]
ERR: 无法加载控制器:Home

[ 2016-11-13T15:50:07+08:00 ] 127.0.0.1 /CampusAlliance/Public/Home/css/bootstrap.css.map
INFO: [ app_init ] --START--
INFO: Run Behavior\BuildLiteBehavior [ RunTime:0.000037s ]
INFO: [ app_init ] --END-- [ RunTime:0.001181s ]
INFO: [ app_begin ] --START--
INFO: Run Behavior\ReadHtmlCacheBehavior [ RunTime:0.003795s ]
INFO: [ app_begin ] --END-- [ RunTime:0.004170s ]
ERR: 无法加载控制器:Home

[ 2016-11-13T15:57:26+08:00 ] 127.0.0.1 /CampusAlliance/Public/Home/css/bootstrap.css.map
INFO: [ app_init ] --START--
INFO: Run Behavior\BuildLiteBehavior [ RunTime:0.000061s ]
INFO: [ app_init ] --END-- [ RunTime:0.001677s ]
INFO: [ app_begin ] --START--
INFO: Run Behavior\ReadHtmlCacheBehavior [ RunTime:0.004118s ]
INFO: [ app_begin ] --END-- [ RunTime:0.004432s ]
ERR: 无法加载控制器:Home

