[ 2017-03-23T08:25:26+08:00 ] ::1 /Campus/Public/UCenter/css/safe/images/menu-treeNeck.png
INFO: [ app_init ] --START--
INFO: Run Behavior\BuildLiteBehavior [ RunTime:0.000026s ]
INFO: [ app_init ] --END-- [ RunTime:0.000548s ]

[ 2017-03-23T08:25:26+08:00 ] ::1 /Campus/Public/UCenter/css/safe/images/littleIcon.png
INFO: [ app_init ] --START--
INFO: Run Behavior\BuildLiteBehavior [ RunTime:0.000028s ]
INFO: [ app_init ] --END-- [ RunTime:0.003425s ]

[ 2017-03-23T08:25:26+08:00 ] ::1 /Campus/Public/UCenter/css/safe/images/tipIcon.png
INFO: [ app_init ] --START--
INFO: Run Behavior\BuildLiteBehavior [ RunTime:0.000026s ]
INFO: [ app_init ] --END-- [ RunTime:0.000580s ]

[ 2017-03-23T08:40:51+08:00 ] ::1 /Campus/Public/UCenter/css/safe/images/menu-treeNeck.png
INFO: [ app_init ] --START--
INFO: Run Behavior\BuildLiteBehavior [ RunTime:0.000021s ]
INFO: [ app_init ] --END-- [ RunTime:0.000469s ]

[ 2017-03-23T08:40:51+08:00 ] ::1 /Campus/Public/UCenter/css/safe/images/littleIcon.png
INFO: [ app_init ] --START--
INFO: Run Behavior\BuildLiteBehavior [ RunTime:0.000022s ]
INFO: [ app_init ] --END-- [ RunTime:0.000473s ]

[ 2017-03-23T08:40:51+08:00 ] ::1 /Campus/Public/UCenter/css/safe/images/tipIcon.png
INFO: [ app_init ] --START--
INFO: Run Behavior\BuildLiteBehavior [ RunTime:0.000024s ]
INFO: [ app_init ] --END-- [ RunTime:0.000611s ]

[ 2017-03-23T08:42:18+08:00 ] ::1 /Campus/Public/UCenter/css/safe/images/menu-treeNeck.png
INFO: [ app_init ] --START--
INFO: Run Behavior\BuildLiteBehavior [ RunTime:0.000027s ]
INFO: [ app_init ] --END-- [ RunTime:0.000801s ]

[ 2017-03-23T08:42:20+08:00 ] ::1 /Campus/Public/UCenter/css/safe/images/menu-treeNeck.png
INFO: [ app_init ] --START--
INFO: Run Behavior\BuildLiteBehavior [ RunTime:0.000016s ]
INFO: [ app_init ] --END-- [ RunTime:0.000364s ]

[ 2017-03-23T08:45:00+08:00 ] ::1 /Campus/Public/UCenter/css/safe/images/menu-treeNeck.png
INFO: [ app_init ] --START--
INFO: Run Behavior\BuildLiteBehavior [ RunTime:0.000019s ]
INFO: [ app_init ] --END-- [ RunTime:0.000497s ]

[ 2017-03-23T08:45:05+08:00 ] ::1 /Campus/Public/UCenter/css/safe/images/menu-treeNeck.png
INFO: [ app_init ] --START--
INFO: Run Behavior\BuildLiteBehavior [ RunTime:0.000016s ]
INFO: [ app_init ] --END-- [ RunTime:0.000338s ]

[ 2017-03-23T08:45:06+08:00 ] ::1 /Campus/Public/UCenter/css/safe/images/menu-treeNeck.png
INFO: [ app_init ] --START--
INFO: Run Behavior\BuildLiteBehavior [ RunTime:0.000019s ]
INFO: [ app_init ] --END-- [ RunTime:0.000485s ]

[ 2017-03-23T08:45:08+08:00 ] ::1 /Campus/Public/UCenter/css/safe/images/menu-treeNeck.png
INFO: [ app_init ] --START--
INFO: Run Behavior\BuildLiteBehavior [ RunTime:0.000062s ]
INFO: [ app_init ] --END-- [ RunTime:0.000681s ]

[ 2017-03-23T09:23:33+08:00 ] ::1 /Campus/Public/UCenter/css/safe/images/menu-treeNeck.png
INFO: [ app_init ] --START--
INFO: Run Behavior\BuildLiteBehavior [ RunTime:0.000027s ]
INFO: [ app_init ] --END-- [ RunTime:0.000612s ]

[ 2017-03-23T09:23:47+08:00 ] ::1 /Campus/Public/UCenter/css/safe/images/menu-treeNeck.png
INFO: [ app_init ] --START--
INFO: Run Behavior\BuildLiteBehavior [ RunTime:0.000021s ]
INFO: [ app_init ] --END-- [ RunTime:0.000471s ]

[ 2017-03-23T09:23:50+08:00 ] ::1 /Campus/Public/UCenter/css/safe/images/menu-treeNeck.png
INFO: [ app_init ] --START--
INFO: Run Behavior\BuildLiteBehavior [ RunTime:0.000028s ]
INFO: [ app_init ] --END-- [ RunTime:0.000533s ]

[ 2017-03-23T09:23:52+08:00 ] ::1 /Campus/Public/UCenter/css/safe/images/menu-treeNeck.png
INFO: [ app_init ] --START--
INFO: Run Behavior\BuildLiteBehavior [ RunTime:0.000014s ]
INFO: [ app_init ] --END-- [ RunTime:0.000316s ]

[ 2017-03-23T09:24:20+08:00 ] ::1 /Campus/Public/UCenter/css/safe/images/menu-treeNeck.png
INFO: [ app_init ] --START--
INFO: Run Behavior\BuildLiteBehavior [ RunTime:0.000027s ]
INFO: [ app_init ] --END-- [ RunTime:0.000623s ]

[ 2017-03-23T09:24:22+08:00 ] ::1 /Campus/Public/UCenter/css/safe/images/menu-treeNeck.png
INFO: [ app_init ] --START--
INFO: Run Behavior\BuildLiteBehavior [ RunTime:0.000019s ]
INFO: [ app_init ] --END-- [ RunTime:0.000404s ]

[ 2017-03-23T09:29:44+08:00 ] ::1 /Campus/Public/UCenter/css/safe/images/menu-treeNeck.png
INFO: [ app_init ] --START--
INFO: Run Behavior\BuildLiteBehavior [ RunTime:0.000021s ]
INFO: [ app_init ] --END-- [ RunTime:0.000504s ]

[ 2017-03-23T09:29:46+08:00 ] ::1 /Campus/Public/UCenter/css/safe/images/menu-treeNeck.png
INFO: [ app_init ] --START--
INFO: Run Behavior\BuildLiteBehavior [ RunTime:0.000023s ]
INFO: [ app_init ] --END-- [ RunTime:0.000500s ]

[ 2017-03-23T09:31:18+08:00 ] ::1 /Campus/Public/UCenter/css/safe/images/menu-treeNeck.png
INFO: [ app_init ] --START--
INFO: Run Behavior\BuildLiteBehavior [ RunTime:0.000022s ]
INFO: [ app_init ] --END-- [ RunTime:0.000508s ]

[ 2017-03-23T09:31:20+08:00 ] ::1 /Campus/Public/UCenter/css/safe/images/menu-treeNeck.png
INFO: [ app_init ] --START--
INFO: Run Behavior\BuildLiteBehavior [ RunTime:0.000021s ]
INFO: [ app_init ] --END-- [ RunTime:0.000499s ]

[ 2017-03-23T09:31:23+08:00 ] ::1 /Campus/Public/UCenter/css/safe/images/menu-treeNeck.png
INFO: [ app_init ] --START--
INFO: Run Behavior\BuildLiteBehavior [ RunTime:0.000023s ]
INFO: [ app_init ] --END-- [ RunTime:0.000491s ]

[ 2017-03-23T09:31:25+08:00 ] ::1 /Campus/Public/UCenter/css/safe/images/menu-treeNeck.png
INFO: [ app_init ] --START--
INFO: Run Behavior\BuildLiteBehavior [ RunTime:0.000022s ]
INFO: [ app_init ] --END-- [ RunTime:0.000452s ]

[ 2017-03-23T09:31:25+08:00 ] ::1 /Campus/Public/UCenter/css/safe/images/littleIcon.png
INFO: [ app_init ] --START--
INFO: Run Behavior\BuildLiteBehavior [ RunTime:0.000018s ]
INFO: [ app_init ] --END-- [ RunTime:0.001790s ]

[ 2017-03-23T09:31:25+08:00 ] ::1 /Campus/Public/UCenter/css/safe/images/tipIcon.png
INFO: [ app_init ] --START--
INFO: Run Behavior\BuildLiteBehavior [ RunTime:0.000023s ]
INFO: [ app_init ] --END-- [ RunTime:0.000555s ]

