[ 2016-11-05T18:37:40+08:00 ] 127.0.0.1 /CampusAlliance/css/bootstrap.css
INFO: [ app_init ] --START--
INFO: Run Behavior\BuildLiteBehavior [ RunTime:0.000057s ]
INFO: [ app_init ] --END-- [ RunTime:0.001246s ]
ERR: 无法加载模块:Css

[ 2016-11-05T18:37:40+08:00 ] 127.0.0.1 /CampusAlliance/css/style.css
INFO: [ app_init ] --START--
INFO: Run Behavior\BuildLiteBehavior [ RunTime:0.000037s ]
INFO: [ app_init ] --END-- [ RunTime:0.000952s ]
ERR: 无法加载模块:Css

[ 2016-11-05T18:37:40+08:00 ] 127.0.0.1 /CampusAlliance/css/styles.css?v=1.6
INFO: [ app_init ] --START--
INFO: Run Behavior\BuildLiteBehavior [ RunTime:0.000047s ]
INFO: [ app_init ] --END-- [ RunTime:0.001017s ]
ERR: 无法加载模块:Css

[ 2016-11-05T18:37:40+08:00 ] 127.0.0.1 /CampusAlliance/js/jquery-1.11.1.min.js
INFO: [ app_init ] --START--
INFO: Run Behavior\BuildLiteBehavior [ RunTime:0.000034s ]
INFO: [ app_init ] --END-- [ RunTime:0.000834s ]
ERR: 无法加载模块:Js

[ 2016-11-05T18:37:40+08:00 ] 127.0.0.1 /CampusAlliance/js/scripts.js?v=1.7
INFO: [ app_init ] --START--
INFO: Run Behavior\BuildLiteBehavior [ RunTime:0.000036s ]
INFO: [ app_init ] --END-- [ RunTime:0.000905s ]
ERR: 无法加载模块:Js

[ 2016-11-05T18:37:40+08:00 ] 127.0.0.1 /CampusAlliance/js/bootstrap.js
INFO: [ app_init ] --START--
INFO: Run Behavior\BuildLiteBehavior [ RunTime:0.000140s ]
INFO: [ app_init ] --END-- [ RunTime:0.001065s ]
ERR: 无法加载模块:Js

[ 2016-11-05T18:37:40+08:00 ] 127.0.0.1 /CampusAlliance/js/easing.js
INFO: [ app_init ] --START--
INFO: Run Behavior\BuildLiteBehavior [ RunTime:0.000058s ]
INFO: [ app_init ] --END-- [ RunTime:0.001195s ]
ERR: 无法加载模块:Js

[ 2016-11-05T18:37:40+08:00 ] 127.0.0.1 /CampusAlliance/js/move-top.js
INFO: [ app_init ] --START--
INFO: Run Behavior\BuildLiteBehavior [ RunTime:0.000061s ]
INFO: [ app_init ] --END-- [ RunTime:0.001248s ]
ERR: 无法加载模块:Js

[ 2016-11-05T18:37:40+08:00 ] 127.0.0.1 /CampusAlliance/js/responsiveslides.min.js
INFO: [ app_init ] --START--
INFO: Run Behavior\BuildLiteBehavior [ RunTime:0.000067s ]
INFO: [ app_init ] --END-- [ RunTime:0.001546s ]
ERR: 无法加载模块:Js

[ 2016-11-05T18:37:40+08:00 ] 127.0.0.1 /CampusAlliance/images/2.png
INFO: [ app_init ] --START--
INFO: Run Behavior\BuildLiteBehavior [ RunTime:0.000057s ]
INFO: [ app_init ] --END-- [ RunTime:0.002260s ]
ERR: 无法加载模块:Images

[ 2016-11-05T18:37:40+08:00 ] 127.0.0.1 /CampusAlliance/images/menu.png
INFO: [ app_init ] --START--
INFO: Run Behavior\BuildLiteBehavior [ RunTime:0.000064s ]
INFO: [ app_init ] --END-- [ RunTime:0.001671s ]
ERR: 无法加载模块:Images

[ 2016-11-05T18:37:40+08:00 ] 127.0.0.1 /CampusAlliance/images/1.png
INFO: [ app_init ] --START--
INFO: Run Behavior\BuildLiteBehavior [ RunTime:0.000065s ]
INFO: [ app_init ] --END-- [ RunTime:0.005164s ]
ERR: 无法加载模块:Images

[ 2016-11-05T18:37:40+08:00 ] 127.0.0.1 /CampusAlliance/images/7.jpg
INFO: [ app_init ] --START--
INFO: Run Behavior\BuildLiteBehavior [ RunTime:0.000064s ]
INFO: [ app_init ] --END-- [ RunTime:0.001277s ]
ERR: 无法加载模块:Images

[ 2016-11-05T18:37:40+08:00 ] 127.0.0.1 /CampusAlliance/images/8.jpg
INFO: [ app_init ] --START--
INFO: Run Behavior\BuildLiteBehavior [ RunTime:0.000074s ]
INFO: [ app_init ] --END-- [ RunTime:0.001930s ]
ERR: 无法加载模块:Images

[ 2016-11-05T18:37:40+08:00 ] 127.0.0.1 /CampusAlliance/js/easing.js
INFO: [ app_init ] --START--
INFO: Run Behavior\BuildLiteBehavior [ RunTime:0.000158s ]
INFO: [ app_init ] --END-- [ RunTime:0.001672s ]
ERR: 无法加载模块:Js

[ 2016-11-05T18:37:40+08:00 ] 127.0.0.1 /CampusAlliance/images/menu.png
INFO: [ app_init ] --START--
INFO: Run Behavior\BuildLiteBehavior [ RunTime:0.000064s ]
INFO: [ app_init ] --END-- [ RunTime:0.001200s ]
ERR: 无法加载模块:Images

[ 2016-11-05T18:37:40+08:00 ] 127.0.0.1 /CampusAlliance/js/responsiveslides.min.js
INFO: [ app_init ] --START--
INFO: Run Behavior\BuildLiteBehavior [ RunTime:0.000061s ]
INFO: [ app_init ] --END-- [ RunTime:0.001236s ]
ERR: 无法加载模块:Js

[ 2016-11-05T18:37:40+08:00 ] 127.0.0.1 /CampusAlliance/images/1.png
INFO: [ app_init ] --START--
INFO: Run Behavior\BuildLiteBehavior [ RunTime:0.000050s ]
INFO: [ app_init ] --END-- [ RunTime:0.000888s ]
ERR: 无法加载模块:Images

[ 2016-11-05T18:37:40+08:00 ] 127.0.0.1 /CampusAlliance/images/7.jpg
INFO: [ app_init ] --START--
INFO: Run Behavior\BuildLiteBehavior [ RunTime:0.000068s ]
INFO: [ app_init ] --END-- [ RunTime:0.001369s ]
ERR: 无法加载模块:Images

[ 2016-11-05T18:37:40+08:00 ] 127.0.0.1 /CampusAlliance/images/2.png
INFO: [ app_init ] --START--
INFO: Run Behavior\BuildLiteBehavior [ RunTime:0.000058s ]
INFO: [ app_init ] --END-- [ RunTime:0.001261s ]
ERR: 无法加载模块:Images

[ 2016-11-05T18:37:40+08:00 ] 127.0.0.1 /CampusAlliance/images/8.jpg
INFO: [ app_init ] --START--
INFO: Run Behavior\BuildLiteBehavior [ RunTime:0.000055s ]
INFO: [ app_init ] --END-- [ RunTime:0.001170s ]
ERR: 无法加载模块:Images

[ 2016-11-05T18:44:57+08:00 ] 127.0.0.1 /CampusAlliance/index.html
INFO: [ app_init ] --START--
INFO: Run Behavior\BuildLiteBehavior [ RunTime:0.000037s ]
INFO: [ app_init ] --END-- [ RunTime:0.001334s ]
ERR: 无法加载模块:Index

[ 2016-11-05T19:08:03+08:00 ] 127.0.0.1 /CampusAlliance/index.html
INFO: [ app_init ] --START--
INFO: Run Behavior\BuildLiteBehavior [ RunTime:0.000045s ]
INFO: [ app_init ] --END-- [ RunTime:0.001268s ]
ERR: 无法加载模块:Index

[ 2016-11-05T19:11:10+08:00 ] 127.0.0.1 /CampusAlliance/Application/Home/Index/index
INFO: [ app_init ] --START--
INFO: Run Behavior\BuildLiteBehavior [ RunTime:0.000038s ]
INFO: [ app_init ] --END-- [ RunTime:0.000902s ]
ERR: 无法加载模块:Application

[ 2016-11-05T19:11:50+08:00 ] 127.0.0.1 /CampusAlliance/Application/Home/Index/index
INFO: [ app_init ] --START--
INFO: Run Behavior\BuildLiteBehavior [ RunTime:0.000038s ]
INFO: [ app_init ] --END-- [ RunTime:0.000771s ]
ERR: 无法加载模块:Application

