[ 2016-12-08T20:18:48+08:00 ] 127.0.0.1 /Campus/css/bootstrap.css
INFO: [ app_init ] --START--
INFO: Run Behavior\BuildLiteBehavior [ RunTime:0.000059s ]
INFO: [ app_init ] --END-- [ RunTime:0.001357s ]
ERR: 无法加载模块:Css

[ 2016-12-08T20:18:48+08:00 ] 127.0.0.1 /Campus/css/bootstrapmoban458.css
INFO: [ app_init ] --START--
INFO: Run Behavior\BuildLiteBehavior [ RunTime:0.000062s ]
INFO: [ app_init ] --END-- [ RunTime:0.001195s ]
ERR: 无法加载模块:Css

[ 2016-12-08T20:18:48+08:00 ] 127.0.0.1 /Campus/css/style.css
INFO: [ app_init ] --START--
INFO: Run Behavior\BuildLiteBehavior [ RunTime:0.000044s ]
INFO: [ app_init ] --END-- [ RunTime:0.000783s ]
ERR: 无法加载模块:Css

[ 2016-12-08T20:18:48+08:00 ] 127.0.0.1 /Campus/css/styleMoban458.css
INFO: [ app_init ] --START--
INFO: Run Behavior\BuildLiteBehavior [ RunTime:0.000057s ]
INFO: [ app_init ] --END-- [ RunTime:0.001104s ]
ERR: 无法加载模块:Css

[ 2016-12-08T20:18:48+08:00 ] 127.0.0.1 /Campus/css/animate.min.css
INFO: [ app_init ] --START--
INFO: Run Behavior\BuildLiteBehavior [ RunTime:0.000054s ]
INFO: [ app_init ] --END-- [ RunTime:0.000887s ]
ERR: 无法加载模块:Css

[ 2016-12-08T20:18:48+08:00 ] 127.0.0.1 /Campus/js/jquery-1.11.1.min.js
INFO: [ app_init ] --START--
INFO: Run Behavior\BuildLiteBehavior [ RunTime:0.000036s ]
INFO: [ app_init ] --END-- [ RunTime:0.000765s ]
ERR: 无法加载模块:Js

[ 2016-12-08T20:18:48+08:00 ] 127.0.0.1 /Campus/js/bootstrap.min.js
INFO: [ app_init ] --START--
INFO: Run Behavior\BuildLiteBehavior [ RunTime:0.000041s ]
INFO: [ app_init ] --END-- [ RunTime:0.001047s ]
ERR: 无法加载模块:Js

[ 2016-12-08T20:18:48+08:00 ] 127.0.0.1 /Campus/js/responsiveslides.min.js
INFO: [ app_init ] --START--
INFO: Run Behavior\BuildLiteBehavior [ RunTime:0.000063s ]
INFO: [ app_init ] --END-- [ RunTime:0.001086s ]
ERR: 无法加载模块:Js

[ 2016-12-08T20:18:48+08:00 ] 127.0.0.1 /Campus/js/wow.min.js
INFO: [ app_init ] --START--
INFO: Run Behavior\BuildLiteBehavior [ RunTime:0.000036s ]
INFO: [ app_init ] --END-- [ RunTime:0.000760s ]
ERR: 无法加载模块:Js

[ 2016-12-08T20:18:48+08:00 ] 127.0.0.1 /Campus/images/f2.jpg
INFO: [ app_init ] --START--
INFO: Run Behavior\BuildLiteBehavior [ RunTime:0.000035s ]
INFO: [ app_init ] --END-- [ RunTime:0.000996s ]
ERR: 无法加载模块:Images

[ 2016-12-08T20:18:48+08:00 ] 127.0.0.1 /Campus/css/animate.min.css
INFO: [ app_init ] --START--
INFO: Run Behavior\BuildLiteBehavior [ RunTime:0.000043s ]
INFO: [ app_init ] --END-- [ RunTime:0.000766s ]
ERR: 无法加载模块:Css

[ 2016-12-08T20:18:48+08:00 ] 127.0.0.1 /Campus/images/f4.jpg
INFO: [ app_init ] --START--
INFO: Run Behavior\BuildLiteBehavior [ RunTime:0.000051s ]
INFO: [ app_init ] --END-- [ RunTime:0.000968s ]
ERR: 无法加载模块:Images

[ 2016-12-08T20:18:48+08:00 ] 127.0.0.1 /Campus/images/f3.jpg
INFO: [ app_init ] --START--
INFO: Run Behavior\BuildLiteBehavior [ RunTime:0.000057s ]
INFO: [ app_init ] --END-- [ RunTime:0.001137s ]
ERR: 无法加载模块:Images

[ 2016-12-08T20:18:48+08:00 ] 127.0.0.1 /Campus/images/t1.jpg
INFO: [ app_init ] --START--
INFO: Run Behavior\BuildLiteBehavior [ RunTime:0.000061s ]
INFO: [ app_init ] --END-- [ RunTime:0.001222s ]
ERR: 无法加载模块:Images

[ 2016-12-08T20:18:48+08:00 ] 127.0.0.1 /Campus/fonts/miaomi.ttf
INFO: [ app_init ] --START--
INFO: Run Behavior\BuildLiteBehavior [ RunTime:0.000057s ]
INFO: [ app_init ] --END-- [ RunTime:0.001460s ]
ERR: 无法加载模块:Fonts

[ 2016-12-08T20:18:48+08:00 ] 127.0.0.1 /Campus/images/m1.jpg
INFO: [ app_init ] --START--
INFO: Run Behavior\BuildLiteBehavior [ RunTime:0.000064s ]
INFO: [ app_init ] --END-- [ RunTime:0.001169s ]
ERR: 无法加载模块:Images

[ 2016-12-08T20:18:48+08:00 ] 127.0.0.1 /Campus/images/m3.jpg
INFO: [ app_init ] --START--
INFO: Run Behavior\BuildLiteBehavior [ RunTime:0.000075s ]
INFO: [ app_init ] --END-- [ RunTime:0.001133s ]
ERR: 无法加载模块:Images

[ 2016-12-08T20:18:48+08:00 ] 127.0.0.1 /Campus/images/t3.jpg
INFO: [ app_init ] --START--
INFO: Run Behavior\BuildLiteBehavior [ RunTime:0.000059s ]
INFO: [ app_init ] --END-- [ RunTime:0.001481s ]
ERR: 无法加载模块:Images

[ 2016-12-08T20:18:48+08:00 ] 127.0.0.1 /Campus/images/t2.jpg
INFO: [ app_init ] --START--
INFO: Run Behavior\BuildLiteBehavior [ RunTime:0.000056s ]
INFO: [ app_init ] --END-- [ RunTime:0.001351s ]
ERR: 无法加载模块:Images

[ 2016-12-08T20:18:48+08:00 ] 127.0.0.1 /Campus/images/pic10.jpg
INFO: [ app_init ] --START--
INFO: Run Behavior\BuildLiteBehavior [ RunTime:0.000063s ]
INFO: [ app_init ] --END-- [ RunTime:0.001278s ]
ERR: 无法加载模块:Images

[ 2016-12-08T20:18:48+08:00 ] 127.0.0.1 /Campus/images/pic9.jpg
INFO: [ app_init ] --START--
INFO: Run Behavior\BuildLiteBehavior [ RunTime:0.000055s ]
INFO: [ app_init ] --END-- [ RunTime:0.001187s ]
ERR: 无法加载模块:Images

[ 2016-12-08T20:18:48+08:00 ] 127.0.0.1 /Campus/images/pic8.jpg
INFO: [ app_init ] --START--
INFO: Run Behavior\BuildLiteBehavior [ RunTime:0.000064s ]
INFO: [ app_init ] --END-- [ RunTime:0.001180s ]
ERR: 无法加载模块:Images

[ 2016-12-08T20:18:48+08:00 ] 127.0.0.1 /Campus/images/m2.jpg
INFO: [ app_init ] --START--
INFO: Run Behavior\BuildLiteBehavior [ RunTime:0.000050s ]
INFO: [ app_init ] --END-- [ RunTime:0.002153s ]
ERR: 无法加载模块:Images

[ 2016-12-08T20:18:48+08:00 ] 127.0.0.1 /Campus/images/pic11.jpg
INFO: [ app_init ] --START--
INFO: Run Behavior\BuildLiteBehavior [ RunTime:0.000058s ]
INFO: [ app_init ] --END-- [ RunTime:0.001107s ]
ERR: 无法加载模块:Images

[ 2016-12-08T20:18:48+08:00 ] 127.0.0.1 /Campus/images/pic3.jpg
INFO: [ app_init ] --START--
INFO: Run Behavior\BuildLiteBehavior [ RunTime:0.000060s ]
INFO: [ app_init ] --END-- [ RunTime:0.001143s ]
ERR: 无法加载模块:Images

[ 2016-12-08T20:18:48+08:00 ] 127.0.0.1 /Campus/images/pic2.jpg
INFO: [ app_init ] --START--
INFO: Run Behavior\BuildLiteBehavior [ RunTime:0.000060s ]
INFO: [ app_init ] --END-- [ RunTime:0.001159s ]
ERR: 无法加载模块:Images

[ 2016-12-08T20:18:48+08:00 ] 127.0.0.1 /Campus/images/pic4.jpg
INFO: [ app_init ] --START--
INFO: Run Behavior\BuildLiteBehavior [ RunTime:0.000058s ]
INFO: [ app_init ] --END-- [ RunTime:0.001132s ]
ERR: 无法加载模块:Images

[ 2016-12-08T20:18:48+08:00 ] 127.0.0.1 /Campus/images/pic6.jpg
INFO: [ app_init ] --START--
INFO: Run Behavior\BuildLiteBehavior [ RunTime:0.000062s ]
INFO: [ app_init ] --END-- [ RunTime:0.001188s ]
ERR: 无法加载模块:Images

[ 2016-12-08T20:18:48+08:00 ] 127.0.0.1 /Campus/images/pic12.jpg
INFO: [ app_init ] --START--
INFO: Run Behavior\BuildLiteBehavior [ RunTime:0.000057s ]
INFO: [ app_init ] --END-- [ RunTime:0.001143s ]
ERR: 无法加载模块:Images

[ 2016-12-08T20:18:48+08:00 ] 127.0.0.1 /Campus/images/pic5.jpg
INFO: [ app_init ] --START--
INFO: Run Behavior\BuildLiteBehavior [ RunTime:0.000057s ]
INFO: [ app_init ] --END-- [ RunTime:0.001127s ]
ERR: 无法加载模块:Images

[ 2016-12-08T20:18:48+08:00 ] 127.0.0.1 /Campus/images/pic13.jpg
INFO: [ app_init ] --START--
INFO: Run Behavior\BuildLiteBehavior [ RunTime:0.000056s ]
INFO: [ app_init ] --END-- [ RunTime:0.001292s ]
ERR: 无法加载模块:Images

[ 2016-12-08T20:18:48+08:00 ] 127.0.0.1 /Campus/images/pic1.jpg
INFO: [ app_init ] --START--
INFO: Run Behavior\BuildLiteBehavior [ RunTime:0.000062s ]
INFO: [ app_init ] --END-- [ RunTime:0.001134s ]
ERR: 无法加载模块:Images

[ 2016-12-08T20:18:48+08:00 ] 127.0.0.1 /Campus/images/pic7.jpg
INFO: [ app_init ] --START--
INFO: Run Behavior\BuildLiteBehavior [ RunTime:0.000061s ]
INFO: [ app_init ] --END-- [ RunTime:0.001138s ]
ERR: 无法加载模块:Images

[ 2016-12-08T20:18:48+08:00 ] 127.0.0.1 /Campus/images/f2.jpg
INFO: [ app_init ] --START--
INFO: Run Behavior\BuildLiteBehavior [ RunTime:0.000065s ]
INFO: [ app_init ] --END-- [ RunTime:0.001206s ]
ERR: 无法加载模块:Images

[ 2016-12-08T20:20:49+08:00 ] 127.0.0.1 /Campus/fonts/miaomi.ttf
INFO: [ app_init ] --START--
INFO: Run Behavior\BuildLiteBehavior [ RunTime:0.000063s ]
INFO: [ app_init ] --END-- [ RunTime:0.001762s ]
ERR: 无法加载模块:Fonts

[ 2016-12-08T20:21:55+08:00 ] 127.0.0.1 /Campus/fonts/miaomi.ttf
INFO: [ app_init ] --START--
INFO: Run Behavior\BuildLiteBehavior [ RunTime:0.000128s ]
INFO: [ app_init ] --END-- [ RunTime:0.001737s ]
ERR: 无法加载模块:Fonts

[ 2016-12-08T20:21:57+08:00 ] 127.0.0.1 /Campus/index.html
INFO: [ app_init ] --START--
INFO: Run Behavior\BuildLiteBehavior [ RunTime:0.000037s ]
INFO: [ app_init ] --END-- [ RunTime:0.000997s ]
ERR: 无法加载模块:Index

[ 2016-12-08T20:24:06+08:00 ] 127.0.0.1 /Campus/fonts/miaomi.ttf
INFO: [ app_init ] --START--
INFO: Run Behavior\BuildLiteBehavior [ RunTime:0.000038s ]
INFO: [ app_init ] --END-- [ RunTime:0.001177s ]
ERR: 无法加载模块:Fonts

[ 2016-12-08T20:38:26+08:00 ] 127.0.0.1 /Campus/fonts/miaomi.ttf
INFO: [ app_init ] --START--
INFO: Run Behavior\BuildLiteBehavior [ RunTime:0.000058s ]
INFO: [ app_init ] --END-- [ RunTime:0.002927s ]
ERR: 无法加载模块:Fonts

[ 2016-12-08T20:39:12+08:00 ] 127.0.0.1 /Campus/fonts/miaomi.ttf
INFO: [ app_init ] --START--
INFO: Run Behavior\BuildLiteBehavior [ RunTime:0.000066s ]
INFO: [ app_init ] --END-- [ RunTime:0.001402s ]
ERR: 无法加载模块:Fonts

[ 2016-12-08T20:42:01+08:00 ] 127.0.0.1 /Campus/fonts/miaomi.ttf
INFO: [ app_init ] --START--
INFO: Run Behavior\BuildLiteBehavior [ RunTime:0.000063s ]
INFO: [ app_init ] --END-- [ RunTime:0.001457s ]
ERR: 无法加载模块:Fonts

[ 2016-12-08T20:42:50+08:00 ] 127.0.0.1 /Campus/fonts/miaomi.ttf
INFO: [ app_init ] --START--
INFO: Run Behavior\BuildLiteBehavior [ RunTime:0.000103s ]
INFO: [ app_init ] --END-- [ RunTime:0.001701s ]
ERR: 无法加载模块:Fonts

[ 2016-12-08T20:59:41+08:00 ] 127.0.0.1 /Campus/fonts/miaomi.ttf
INFO: [ app_init ] --START--
INFO: Run Behavior\BuildLiteBehavior [ RunTime:0.000059s ]
INFO: [ app_init ] --END-- [ RunTime:0.001240s ]
ERR: 无法加载模块:Fonts

[ 2016-12-08T21:01:10+08:00 ] 127.0.0.1 /Campus/fonts/miaomi.ttf
INFO: [ app_init ] --START--
INFO: Run Behavior\BuildLiteBehavior [ RunTime:0.000086s ]
INFO: [ app_init ] --END-- [ RunTime:0.001764s ]
ERR: 无法加载模块:Fonts

[ 2016-12-08T21:04:39+08:00 ] 127.0.0.1 /Campus/fonts/miaomi.ttf
INFO: [ app_init ] --START--
INFO: Run Behavior\BuildLiteBehavior [ RunTime:0.000055s ]
INFO: [ app_init ] --END-- [ RunTime:0.001298s ]
ERR: 无法加载模块:Fonts

[ 2016-12-08T21:11:28+08:00 ] 127.0.0.1 /Campus/fonts/miaomi.ttf
INFO: [ app_init ] --START--
INFO: Run Behavior\BuildLiteBehavior [ RunTime:0.000071s ]
INFO: [ app_init ] --END-- [ RunTime:0.003024s ]
ERR: 无法加载模块:Fonts

[ 2016-12-08T21:11:40+08:00 ] 127.0.0.1 /Campus/about.html
INFO: [ app_init ] --START--
INFO: Run Behavior\BuildLiteBehavior [ RunTime:0.000036s ]
INFO: [ app_init ] --END-- [ RunTime:0.000796s ]
ERR: 无法加载模块:About

[ 2016-12-08T21:12:12+08:00 ] 127.0.0.1 /Campus/fonts/miaomi.ttf
INFO: [ app_init ] --START--
INFO: Run Behavior\BuildLiteBehavior [ RunTime:0.000116s ]
INFO: [ app_init ] --END-- [ RunTime:0.004198s ]
ERR: 无法加载模块:Fonts

[ 2016-12-08T22:32:49+08:00 ] 127.0.0.1 /Campus/fonts/miaomi.ttf
INFO: [ app_init ] --START--
INFO: Run Behavior\BuildLiteBehavior [ RunTime:0.000097s ]
INFO: [ app_init ] --END-- [ RunTime:0.000967s ]
ERR: 无法加载模块:Fonts

[ 2016-12-08T22:33:41+08:00 ] 127.0.0.1 /Campus/fonts/miaomi.ttf
INFO: [ app_init ] --START--
INFO: Run Behavior\BuildLiteBehavior [ RunTime:0.000169s ]
INFO: [ app_init ] --END-- [ RunTime:0.002336s ]
ERR: 无法加载模块:Fonts

[ 2016-12-08T22:40:20+08:00 ] 127.0.0.1 /Campus/fonts/miaomi.ttf
INFO: [ app_init ] --START--
INFO: Run Behavior\BuildLiteBehavior [ RunTime:0.000059s ]
INFO: [ app_init ] --END-- [ RunTime:0.001168s ]
ERR: 无法加载模块:Fonts

[ 2016-12-08T22:55:11+08:00 ] 127.0.0.1 /Campus/fonts/miaomi.ttf
INFO: [ app_init ] --START--
INFO: Run Behavior\BuildLiteBehavior [ RunTime:0.000103s ]
INFO: [ app_init ] --END-- [ RunTime:0.001617s ]
ERR: 无法加载模块:Fonts

