[ 2016-12-20T00:01:48+08:00 ] 127.0.0.1 /Campus/fonts/miaomi.ttf
INFO: [ app_init ] --START--
INFO: Run Behavior\BuildLiteBehavior [ RunTime:0.000038s ]
INFO: [ app_init ] --END-- [ RunTime:0.001000s ]
ERR: 无法加载模块:Fonts

[ 2016-12-20T00:02:09+08:00 ] 127.0.0.1 /Campus/fonts/miaomi.ttf
INFO: [ app_init ] --START--
INFO: Run Behavior\BuildLiteBehavior [ RunTime:0.000062s ]
INFO: [ app_init ] --END-- [ RunTime:0.001628s ]
ERR: 无法加载模块:Fonts

[ 2016-12-20T00:06:00+08:00 ] 127.0.0.1 /Campus/fonts/miaomi.ttf
INFO: [ app_init ] --START--
INFO: Run Behavior\BuildLiteBehavior [ RunTime:0.000041s ]
INFO: [ app_init ] --END-- [ RunTime:0.000903s ]
ERR: 无法加载模块:Fonts

[ 2016-12-20T00:10:51+08:00 ] 127.0.0.1 /Campus/fonts/miaomi.ttf
INFO: [ app_init ] --START--
INFO: Run Behavior\BuildLiteBehavior [ RunTime:0.000065s ]
INFO: [ app_init ] --END-- [ RunTime:0.001310s ]
ERR: 无法加载模块:Fonts

[ 2016-12-20T00:11:08+08:00 ] 127.0.0.1 /Campus/fonts/miaomi.ttf
INFO: [ app_init ] --START--
INFO: Run Behavior\BuildLiteBehavior [ RunTime:0.000039s ]
INFO: [ app_init ] --END-- [ RunTime:0.000843s ]
ERR: 无法加载模块:Fonts

[ 2016-12-20T00:11:19+08:00 ] 127.0.0.1 /Campus/fonts/miaomi.ttf
INFO: [ app_init ] --START--
INFO: Run Behavior\BuildLiteBehavior [ RunTime:0.000041s ]
INFO: [ app_init ] --END-- [ RunTime:0.000837s ]
ERR: 无法加载模块:Fonts

[ 2016-12-20T00:11:44+08:00 ] 127.0.0.1 /Campus/fonts/miaomi.ttf
INFO: [ app_init ] --START--
INFO: Run Behavior\BuildLiteBehavior [ RunTime:0.000060s ]
INFO: [ app_init ] --END-- [ RunTime:0.001236s ]
ERR: 无法加载模块:Fonts

[ 2016-12-20T00:11:52+08:00 ] 127.0.0.1 /Campus/fonts/miaomi.ttf
INFO: [ app_init ] --START--
INFO: Run Behavior\BuildLiteBehavior [ RunTime:0.000052s ]
INFO: [ app_init ] --END-- [ RunTime:0.001239s ]
ERR: 无法加载模块:Fonts

[ 2016-12-20T00:12:01+08:00 ] 127.0.0.1 /Campus/fonts/miaomi.ttf
INFO: [ app_init ] --START--
INFO: Run Behavior\BuildLiteBehavior [ RunTime:0.000041s ]
INFO: [ app_init ] --END-- [ RunTime:0.000856s ]
ERR: 无法加载模块:Fonts

[ 2016-12-20T09:51:09+08:00 ] 127.0.0.1 /Campus/fonts/miaomi.ttf
INFO: [ app_init ] --START--
INFO: Run Behavior\BuildLiteBehavior [ RunTime:0.000037s ]
INFO: [ app_init ] --END-- [ RunTime:0.000882s ]
ERR: 无法加载模块:Fonts

[ 2016-12-20T09:52:05+08:00 ] 127.0.0.1 /Campus/fonts/miaomi.ttf
INFO: [ app_init ] --START--
INFO: Run Behavior\BuildLiteBehavior [ RunTime:0.000054s ]
INFO: [ app_init ] --END-- [ RunTime:0.001306s ]
ERR: 无法加载模块:Fonts

[ 2016-12-20T09:52:23+08:00 ] 127.0.0.1 /Campus/fonts/miaomi.ttf
INFO: [ app_init ] --START--
INFO: Run Behavior\BuildLiteBehavior [ RunTime:0.000040s ]
INFO: [ app_init ] --END-- [ RunTime:0.001594s ]
ERR: 无法加载模块:Fonts

[ 2016-12-20T09:53:40+08:00 ] 127.0.0.1 /Campus/fonts/miaomi.ttf
INFO: [ app_init ] --START--
INFO: Run Behavior\BuildLiteBehavior [ RunTime:0.000036s ]
INFO: [ app_init ] --END-- [ RunTime:0.000769s ]
ERR: 无法加载模块:Fonts

[ 2016-12-20T09:57:17+08:00 ] 127.0.0.1 /Campus/fonts/miaomi.ttf
INFO: [ app_init ] --START--
INFO: Run Behavior\BuildLiteBehavior [ RunTime:0.000053s ]
INFO: [ app_init ] --END-- [ RunTime:0.001151s ]
ERR: 无法加载模块:Fonts

[ 2016-12-20T09:58:35+08:00 ] 127.0.0.1 /Campus/fonts/miaomi.ttf
INFO: [ app_init ] --START--
INFO: Run Behavior\BuildLiteBehavior [ RunTime:0.000057s ]
INFO: [ app_init ] --END-- [ RunTime:0.001157s ]
ERR: 无法加载模块:Fonts

[ 2016-12-20T09:59:18+08:00 ] 127.0.0.1 /Campus/fonts/miaomi.ttf
INFO: [ app_init ] --START--
INFO: Run Behavior\BuildLiteBehavior [ RunTime:0.000054s ]
INFO: [ app_init ] --END-- [ RunTime:0.001197s ]
ERR: 无法加载模块:Fonts

[ 2016-12-20T10:00:17+08:00 ] 127.0.0.1 /Campus/fonts/miaomi.ttf
INFO: [ app_init ] --START--
INFO: Run Behavior\BuildLiteBehavior [ RunTime:0.000057s ]
INFO: [ app_init ] --END-- [ RunTime:0.001419s ]
ERR: 无法加载模块:Fonts

[ 2016-12-20T10:00:52+08:00 ] 127.0.0.1 /Campus/fonts/miaomi.ttf
INFO: [ app_init ] --START--
INFO: Run Behavior\BuildLiteBehavior [ RunTime:0.000036s ]
INFO: [ app_init ] --END-- [ RunTime:0.000739s ]
ERR: 无法加载模块:Fonts

[ 2016-12-20T10:01:16+08:00 ] 127.0.0.1 /Campus/fonts/miaomi.ttf
INFO: [ app_init ] --START--
INFO: Run Behavior\BuildLiteBehavior [ RunTime:0.000057s ]
INFO: [ app_init ] --END-- [ RunTime:0.001739s ]
ERR: 无法加载模块:Fonts

[ 2016-12-20T10:03:28+08:00 ] 127.0.0.1 /Campus/fonts/miaomi.ttf
INFO: [ app_init ] --START--
INFO: Run Behavior\BuildLiteBehavior [ RunTime:0.000038s ]
INFO: [ app_init ] --END-- [ RunTime:0.000777s ]
ERR: 无法加载模块:Fonts

[ 2016-12-20T10:03:38+08:00 ] 127.0.0.1 /Campus/fonts/miaomi.ttf
INFO: [ app_init ] --START--
INFO: Run Behavior\BuildLiteBehavior [ RunTime:0.000057s ]
INFO: [ app_init ] --END-- [ RunTime:0.001447s ]
ERR: 无法加载模块:Fonts

[ 2016-12-20T10:04:04+08:00 ] 127.0.0.1 /Campus/fonts/miaomi.ttf
INFO: [ app_init ] --START--
INFO: Run Behavior\BuildLiteBehavior [ RunTime:0.000054s ]
INFO: [ app_init ] --END-- [ RunTime:0.001093s ]
ERR: 无法加载模块:Fonts

[ 2016-12-20T10:04:37+08:00 ] 127.0.0.1 /Campus/fonts/miaomi.ttf
INFO: [ app_init ] --START--
INFO: Run Behavior\BuildLiteBehavior [ RunTime:0.000035s ]
INFO: [ app_init ] --END-- [ RunTime:0.000731s ]
ERR: 无法加载模块:Fonts

[ 2016-12-20T10:06:32+08:00 ] 127.0.0.1 /Campus/fonts/miaomi.ttf
INFO: [ app_init ] --START--
INFO: Run Behavior\BuildLiteBehavior [ RunTime:0.000036s ]
INFO: [ app_init ] --END-- [ RunTime:0.000749s ]
ERR: 无法加载模块:Fonts

[ 2016-12-20T10:07:08+08:00 ] 127.0.0.1 /Campus/fonts/miaomi.ttf
INFO: [ app_init ] --START--
INFO: Run Behavior\BuildLiteBehavior [ RunTime:0.000037s ]
INFO: [ app_init ] --END-- [ RunTime:0.000821s ]
ERR: 无法加载模块:Fonts

[ 2016-12-20T10:28:29+08:00 ] 127.0.0.1 /Campus/fonts/miaomi.ttf
INFO: [ app_init ] --START--
INFO: Run Behavior\BuildLiteBehavior [ RunTime:0.000038s ]
INFO: [ app_init ] --END-- [ RunTime:0.000762s ]
ERR: 无法加载模块:Fonts

[ 2016-12-20T10:28:51+08:00 ] 127.0.0.1 /Campus/fonts/miaomi.ttf
INFO: [ app_init ] --START--
INFO: Run Behavior\BuildLiteBehavior [ RunTime:0.000058s ]
INFO: [ app_init ] --END-- [ RunTime:0.001508s ]
ERR: 无法加载模块:Fonts

[ 2016-12-20T22:36:27+08:00 ] 127.0.0.1 /Campus/fonts/miaomi.ttf
INFO: [ app_init ] --START--
INFO: Run Behavior\BuildLiteBehavior [ RunTime:0.000059s ]
INFO: [ app_init ] --END-- [ RunTime:0.001545s ]
ERR: 无法加载模块:Fonts

