[ 2016-12-21T10:37:04+08:00 ] 127.0.0.1 /Campus/fonts/miaomi.ttf
INFO: [ app_init ] --START--
INFO: Run Behavior\BuildLiteBehavior [ RunTime:0.000060s ]
INFO: [ app_init ] --END-- [ RunTime:0.001469s ]
ERR: 无法加载模块:Fonts

[ 2016-12-21T12:14:45+08:00 ] 127.0.0.1 /Campus/fonts/miaomi.ttf
INFO: [ app_init ] --START--
INFO: Run Behavior\BuildLiteBehavior [ RunTime:0.000058s ]
INFO: [ app_init ] --END-- [ RunTime:0.001238s ]
ERR: 无法加载模块:Fonts

[ 2016-12-21T12:17:20+08:00 ] 127.0.0.1 /Campus/fonts/miaomi.ttf
INFO: [ app_init ] --START--
INFO: Run Behavior\BuildLiteBehavior [ RunTime:0.000037s ]
INFO: [ app_init ] --END-- [ RunTime:0.000761s ]
ERR: 无法加载模块:Fonts

[ 2016-12-21T12:21:19+08:00 ] 127.0.0.1 /Campus/fonts/miaomi.ttf
INFO: [ app_init ] --START--
INFO: Run Behavior\BuildLiteBehavior [ RunTime:0.000067s ]
INFO: [ app_init ] --END-- [ RunTime:0.001684s ]
ERR: 无法加载模块:Fonts

[ 2016-12-21T21:22:55+08:00 ] 127.0.0.1 /Campus/fonts/miaomi.ttf
INFO: [ app_init ] --START--
INFO: Run Behavior\BuildLiteBehavior [ RunTime:0.000055s ]
INFO: [ app_init ] --END-- [ RunTime:0.001100s ]
ERR: 无法加载模块:Fonts

[ 2016-12-21T21:53:07+08:00 ] 127.0.0.1 /Campus/fonts/miaomi.ttf
INFO: [ app_init ] --START--
INFO: Run Behavior\BuildLiteBehavior [ RunTime:0.000038s ]
INFO: [ app_init ] --END-- [ RunTime:0.000911s ]
ERR: 无法加载模块:Fonts

