[ 2016-12-19T12:23:15+08:00 ] 127.0.0.1 /Campus/fonts/miaomi.ttf
INFO: [ app_init ] --START--
INFO: Run Behavior\BuildLiteBehavior [ RunTime:0.000036s ]
INFO: [ app_init ] --END-- [ RunTime:0.000763s ]
ERR: 无法加载模块:Fonts

[ 2016-12-19T21:04:05+08:00 ] 127.0.0.1 /Campus/fonts/miaomi.ttf
INFO: [ app_init ] --START--
INFO: Run Behavior\BuildLiteBehavior [ RunTime:0.000035s ]
INFO: [ app_init ] --END-- [ RunTime:0.000761s ]
ERR: 无法加载模块:Fonts

[ 2016-12-19T21:15:58+08:00 ] 127.0.0.1 /Campus/fonts/miaomi.ttf
INFO: [ app_init ] --START--
INFO: Run Behavior\BuildLiteBehavior [ RunTime:0.000037s ]
INFO: [ app_init ] --END-- [ RunTime:0.000788s ]
ERR: 无法加载模块:Fonts

[ 2016-12-19T21:27:05+08:00 ] 127.0.0.1 /Campus/fonts/miaomi.ttf
INFO: [ app_init ] --START--
INFO: Run Behavior\BuildLiteBehavior [ RunTime:0.000049s ]
INFO: [ app_init ] --END-- [ RunTime:0.000834s ]
ERR: 无法加载模块:Fonts

[ 2016-12-19T21:29:15+08:00 ] 127.0.0.1 /Campus/fonts/miaomi.ttf
INFO: [ app_init ] --START--
INFO: Run Behavior\BuildLiteBehavior [ RunTime:0.000040s ]
INFO: [ app_init ] --END-- [ RunTime:0.000861s ]
ERR: 无法加载模块:Fonts

[ 2016-12-19T21:29:25+08:00 ] 127.0.0.1 /Campus/fonts/miaomi.ttf
INFO: [ app_init ] --START--
INFO: Run Behavior\BuildLiteBehavior [ RunTime:0.000063s ]
INFO: [ app_init ] --END-- [ RunTime:0.001322s ]
ERR: 无法加载模块:Fonts

[ 2016-12-19T21:29:44+08:00 ] 127.0.0.1 /Campus/fonts/miaomi.ttf
INFO: [ app_init ] --START--
INFO: Run Behavior\BuildLiteBehavior [ RunTime:0.000060s ]
INFO: [ app_init ] --END-- [ RunTime:0.001296s ]
ERR: 无法加载模块:Fonts

[ 2016-12-19T21:29:55+08:00 ] 127.0.0.1 /Campus/fonts/miaomi.ttf
INFO: [ app_init ] --START--
INFO: Run Behavior\BuildLiteBehavior [ RunTime:0.000039s ]
INFO: [ app_init ] --END-- [ RunTime:0.000823s ]
ERR: 无法加载模块:Fonts

[ 2016-12-19T21:31:07+08:00 ] 127.0.0.1 /Campus/fonts/miaomi.ttf
INFO: [ app_init ] --START--
INFO: Run Behavior\BuildLiteBehavior [ RunTime:0.000039s ]
INFO: [ app_init ] --END-- [ RunTime:0.000918s ]
ERR: 无法加载模块:Fonts

[ 2016-12-19T21:32:25+08:00 ] 127.0.0.1 /Campus/fonts/miaomi.ttf
INFO: [ app_init ] --START--
INFO: Run Behavior\BuildLiteBehavior [ RunTime:0.000038s ]
INFO: [ app_init ] --END-- [ RunTime:0.000842s ]
ERR: 无法加载模块:Fonts

[ 2016-12-19T21:32:46+08:00 ] 127.0.0.1 /Campus/fonts/miaomi.ttf
INFO: [ app_init ] --START--
INFO: Run Behavior\BuildLiteBehavior [ RunTime:0.000063s ]
INFO: [ app_init ] --END-- [ RunTime:0.001472s ]
ERR: 无法加载模块:Fonts

[ 2016-12-19T21:33:00+08:00 ] 127.0.0.1 /Campus/fonts/miaomi.ttf
INFO: [ app_init ] --START--
INFO: Run Behavior\BuildLiteBehavior [ RunTime:0.000064s ]
INFO: [ app_init ] --END-- [ RunTime:0.001098s ]
ERR: 无法加载模块:Fonts

[ 2016-12-19T21:33:11+08:00 ] 127.0.0.1 /Campus/fonts/miaomi.ttf
INFO: [ app_init ] --START--
INFO: Run Behavior\BuildLiteBehavior [ RunTime:0.000038s ]
INFO: [ app_init ] --END-- [ RunTime:0.000853s ]
ERR: 无法加载模块:Fonts

[ 2016-12-19T21:33:20+08:00 ] 127.0.0.1 /Campus/fonts/miaomi.ttf
INFO: [ app_init ] --START--
INFO: Run Behavior\BuildLiteBehavior [ RunTime:0.000059s ]
INFO: [ app_init ] --END-- [ RunTime:0.001209s ]
ERR: 无法加载模块:Fonts

[ 2016-12-19T21:33:31+08:00 ] 127.0.0.1 /Campus/fonts/miaomi.ttf
INFO: [ app_init ] --START--
INFO: Run Behavior\BuildLiteBehavior [ RunTime:0.000041s ]
INFO: [ app_init ] --END-- [ RunTime:0.001030s ]
ERR: 无法加载模块:Fonts

[ 2016-12-19T21:34:36+08:00 ] 127.0.0.1 /Campus/fonts/miaomi.ttf
INFO: [ app_init ] --START--
INFO: Run Behavior\BuildLiteBehavior [ RunTime:0.000061s ]
INFO: [ app_init ] --END-- [ RunTime:0.001169s ]
ERR: 无法加载模块:Fonts

[ 2016-12-19T21:35:09+08:00 ] 127.0.0.1 /Campus/fonts/miaomi.ttf
INFO: [ app_init ] --START--
INFO: Run Behavior\BuildLiteBehavior [ RunTime:0.000039s ]
INFO: [ app_init ] --END-- [ RunTime:0.000858s ]
ERR: 无法加载模块:Fonts

[ 2016-12-19T21:35:25+08:00 ] 127.0.0.1 /Campus/fonts/miaomi.ttf
INFO: [ app_init ] --START--
INFO: Run Behavior\BuildLiteBehavior [ RunTime:0.000039s ]
INFO: [ app_init ] --END-- [ RunTime:0.000847s ]
ERR: 无法加载模块:Fonts

[ 2016-12-19T21:35:55+08:00 ] 127.0.0.1 /Campus/fonts/miaomi.ttf
INFO: [ app_init ] --START--
INFO: Run Behavior\BuildLiteBehavior [ RunTime:0.000037s ]
INFO: [ app_init ] --END-- [ RunTime:0.000903s ]
ERR: 无法加载模块:Fonts

[ 2016-12-19T21:36:17+08:00 ] 127.0.0.1 /Campus/fonts/miaomi.ttf
INFO: [ app_init ] --START--
INFO: Run Behavior\BuildLiteBehavior [ RunTime:0.000041s ]
INFO: [ app_init ] --END-- [ RunTime:0.001069s ]
ERR: 无法加载模块:Fonts

[ 2016-12-19T21:36:38+08:00 ] 127.0.0.1 /Campus/fonts/miaomi.ttf
INFO: [ app_init ] --START--
INFO: Run Behavior\BuildLiteBehavior [ RunTime:0.000041s ]
INFO: [ app_init ] --END-- [ RunTime:0.000865s ]
ERR: 无法加载模块:Fonts

[ 2016-12-19T21:36:54+08:00 ] 127.0.0.1 /Campus/fonts/miaomi.ttf
INFO: [ app_init ] --START--
INFO: Run Behavior\BuildLiteBehavior [ RunTime:0.000056s ]
INFO: [ app_init ] --END-- [ RunTime:0.001094s ]
ERR: 无法加载模块:Fonts

[ 2016-12-19T21:37:13+08:00 ] 127.0.0.1 /Campus/fonts/miaomi.ttf
INFO: [ app_init ] --START--
INFO: Run Behavior\BuildLiteBehavior [ RunTime:0.000038s ]
INFO: [ app_init ] --END-- [ RunTime:0.000863s ]
ERR: 无法加载模块:Fonts

[ 2016-12-19T21:37:27+08:00 ] 127.0.0.1 /Campus/fonts/miaomi.ttf
INFO: [ app_init ] --START--
INFO: Run Behavior\BuildLiteBehavior [ RunTime:0.000038s ]
INFO: [ app_init ] --END-- [ RunTime:0.000869s ]
ERR: 无法加载模块:Fonts

[ 2016-12-19T21:37:44+08:00 ] 127.0.0.1 /Campus/fonts/miaomi.ttf
INFO: [ app_init ] --START--
INFO: Run Behavior\BuildLiteBehavior [ RunTime:0.000064s ]
INFO: [ app_init ] --END-- [ RunTime:0.001284s ]
ERR: 无法加载模块:Fonts

[ 2016-12-19T21:37:51+08:00 ] 127.0.0.1 /Campus/fonts/miaomi.ttf
INFO: [ app_init ] --START--
INFO: Run Behavior\BuildLiteBehavior [ RunTime:0.000064s ]
INFO: [ app_init ] --END-- [ RunTime:0.001383s ]
ERR: 无法加载模块:Fonts

[ 2016-12-19T21:38:02+08:00 ] 127.0.0.1 /Campus/fonts/miaomi.ttf
INFO: [ app_init ] --START--
INFO: Run Behavior\BuildLiteBehavior [ RunTime:0.000040s ]
INFO: [ app_init ] --END-- [ RunTime:0.000842s ]
ERR: 无法加载模块:Fonts

[ 2016-12-19T21:38:17+08:00 ] 127.0.0.1 /Campus/fonts/miaomi.ttf
INFO: [ app_init ] --START--
INFO: Run Behavior\BuildLiteBehavior [ RunTime:0.000039s ]
INFO: [ app_init ] --END-- [ RunTime:0.000838s ]
ERR: 无法加载模块:Fonts

[ 2016-12-19T21:38:33+08:00 ] 127.0.0.1 /Campus/fonts/miaomi.ttf
INFO: [ app_init ] --START--
INFO: Run Behavior\BuildLiteBehavior [ RunTime:0.000038s ]
INFO: [ app_init ] --END-- [ RunTime:0.000795s ]
ERR: 无法加载模块:Fonts

[ 2016-12-19T21:38:43+08:00 ] 127.0.0.1 /Campus/fonts/miaomi.ttf
INFO: [ app_init ] --START--
INFO: Run Behavior\BuildLiteBehavior [ RunTime:0.000038s ]
INFO: [ app_init ] --END-- [ RunTime:0.000815s ]
ERR: 无法加载模块:Fonts

[ 2016-12-19T21:38:50+08:00 ] 127.0.0.1 /Campus/fonts/miaomi.ttf
INFO: [ app_init ] --START--
INFO: Run Behavior\BuildLiteBehavior [ RunTime:0.000038s ]
INFO: [ app_init ] --END-- [ RunTime:0.000850s ]
ERR: 无法加载模块:Fonts

[ 2016-12-19T21:38:58+08:00 ] 127.0.0.1 /Campus/fonts/miaomi.ttf
INFO: [ app_init ] --START--
INFO: Run Behavior\BuildLiteBehavior [ RunTime:0.000037s ]
INFO: [ app_init ] --END-- [ RunTime:0.000816s ]
ERR: 无法加载模块:Fonts

[ 2016-12-19T21:39:22+08:00 ] 127.0.0.1 /Campus/fonts/miaomi.ttf
INFO: [ app_init ] --START--
INFO: Run Behavior\BuildLiteBehavior [ RunTime:0.000039s ]
INFO: [ app_init ] --END-- [ RunTime:0.000849s ]
ERR: 无法加载模块:Fonts

[ 2016-12-19T22:05:31+08:00 ] 127.0.0.1 /Campus/fonts/miaomi.ttf
INFO: [ app_init ] --START--
INFO: Run Behavior\BuildLiteBehavior [ RunTime:0.000039s ]
INFO: [ app_init ] --END-- [ RunTime:0.000936s ]
ERR: 无法加载模块:Fonts

[ 2016-12-19T22:06:10+08:00 ] 127.0.0.1 /Campus/fonts/miaomi.ttf
INFO: [ app_init ] --START--
INFO: Run Behavior\BuildLiteBehavior [ RunTime:0.000041s ]
INFO: [ app_init ] --END-- [ RunTime:0.000860s ]
ERR: 无法加载模块:Fonts

[ 2016-12-19T22:06:26+08:00 ] 127.0.0.1 /Campus/fonts/miaomi.ttf
INFO: [ app_init ] --START--
INFO: Run Behavior\BuildLiteBehavior [ RunTime:0.000040s ]
INFO: [ app_init ] --END-- [ RunTime:0.000799s ]
ERR: 无法加载模块:Fonts

[ 2016-12-19T22:06:40+08:00 ] 127.0.0.1 /Campus/fonts/miaomi.ttf
INFO: [ app_init ] --START--
INFO: Run Behavior\BuildLiteBehavior [ RunTime:0.000039s ]
INFO: [ app_init ] --END-- [ RunTime:0.000863s ]
ERR: 无法加载模块:Fonts

[ 2016-12-19T22:06:57+08:00 ] 127.0.0.1 /Campus/fonts/miaomi.ttf
INFO: [ app_init ] --START--
INFO: Run Behavior\BuildLiteBehavior [ RunTime:0.000038s ]
INFO: [ app_init ] --END-- [ RunTime:0.000816s ]
ERR: 无法加载模块:Fonts

[ 2016-12-19T22:07:10+08:00 ] 127.0.0.1 /Campus/fonts/miaomi.ttf
INFO: [ app_init ] --START--
INFO: Run Behavior\BuildLiteBehavior [ RunTime:0.000056s ]
INFO: [ app_init ] --END-- [ RunTime:0.000873s ]
ERR: 无法加载模块:Fonts

[ 2016-12-19T22:07:19+08:00 ] 127.0.0.1 /Campus/fonts/miaomi.ttf
INFO: [ app_init ] --START--
INFO: Run Behavior\BuildLiteBehavior [ RunTime:0.000038s ]
INFO: [ app_init ] --END-- [ RunTime:0.000823s ]
ERR: 无法加载模块:Fonts

[ 2016-12-19T23:50:33+08:00 ] 127.0.0.1 /Campus/fonts/miaomi.ttf
INFO: [ app_init ] --START--
INFO: Run Behavior\BuildLiteBehavior [ RunTime:0.000057s ]
INFO: [ app_init ] --END-- [ RunTime:0.001096s ]
ERR: 无法加载模块:Fonts

[ 2016-12-19T23:50:57+08:00 ] 127.0.0.1 /Campus/fonts/miaomi.ttf
INFO: [ app_init ] --START--
INFO: Run Behavior\BuildLiteBehavior [ RunTime:0.000042s ]
INFO: [ app_init ] --END-- [ RunTime:0.000929s ]
ERR: 无法加载模块:Fonts

[ 2016-12-19T23:51:33+08:00 ] 127.0.0.1 /Campus/fonts/miaomi.ttf
INFO: [ app_init ] --START--
INFO: Run Behavior\BuildLiteBehavior [ RunTime:0.000046s ]
INFO: [ app_init ] --END-- [ RunTime:0.000983s ]
ERR: 无法加载模块:Fonts

[ 2016-12-19T23:53:04+08:00 ] 127.0.0.1 /Campus/fonts/miaomi.ttf
INFO: [ app_init ] --START--
INFO: Run Behavior\BuildLiteBehavior [ RunTime:0.000040s ]
INFO: [ app_init ] --END-- [ RunTime:0.000896s ]
ERR: 无法加载模块:Fonts

[ 2016-12-19T23:53:45+08:00 ] 127.0.0.1 /Campus/fonts/miaomi.ttf
INFO: [ app_init ] --START--
INFO: Run Behavior\BuildLiteBehavior [ RunTime:0.000067s ]
INFO: [ app_init ] --END-- [ RunTime:0.001382s ]
ERR: 无法加载模块:Fonts

[ 2016-12-19T23:53:59+08:00 ] 127.0.0.1 /Campus/fonts/miaomi.ttf
INFO: [ app_init ] --START--
INFO: Run Behavior\BuildLiteBehavior [ RunTime:0.000039s ]
INFO: [ app_init ] --END-- [ RunTime:0.000833s ]
ERR: 无法加载模块:Fonts

[ 2016-12-19T23:54:37+08:00 ] 127.0.0.1 /Campus/fonts/miaomi.ttf
INFO: [ app_init ] --START--
INFO: Run Behavior\BuildLiteBehavior [ RunTime:0.000057s ]
INFO: [ app_init ] --END-- [ RunTime:0.001486s ]
ERR: 无法加载模块:Fonts

[ 2016-12-19T23:57:15+08:00 ] 127.0.0.1 /Campus/fonts/miaomi.ttf
INFO: [ app_init ] --START--
INFO: Run Behavior\BuildLiteBehavior [ RunTime:0.000068s ]
INFO: [ app_init ] --END-- [ RunTime:0.001835s ]
ERR: 无法加载模块:Fonts

[ 2016-12-19T23:57:45+08:00 ] 127.0.0.1 /Campus/fonts/miaomi.ttf
INFO: [ app_init ] --START--
INFO: Run Behavior\BuildLiteBehavior [ RunTime:0.000043s ]
INFO: [ app_init ] --END-- [ RunTime:0.001136s ]
ERR: 无法加载模块:Fonts

