[ 2016-11-23T13:05:42+08:00 ] 127.0.0.1 /CampusAlliance/Recommend/Index/lists/rid/1.html
INFO: [ app_init ] --START--
INFO: Run Behavior\BuildLiteBehavior [ RunTime:0.000036s ]
INFO: [ app_init ] --END-- [ RunTime:0.001269s ]
INFO: [ app_begin ] --START--
INFO: Run Behavior\ReadHtmlCacheBehavior [ RunTime:0.004156s ]
INFO: [ app_begin ] --END-- [ RunTime:0.004560s ]
SQL: SHOW COLUMNS FROM `dca_recommend` [ RunTime:0.0781s ]
SQL: SELECT COUNT(*) AS tp_count FROM `dca_recommend` WHERE ( rid=1 ) LIMIT 1   [ RunTime:0.0008s ]
SQL: SELECT * FROM `dca_recommend` WHERE ( rid=1 ) ORDER BY creatime desc LIMIT 0,8   [ RunTime:0.0159s ]
INFO: [ view_parse ] --START--
INFO: [ template_filter ] --START--
INFO: Run Behavior\ContentReplaceBehavior [ RunTime:0.000163s ]
INFO: [ template_filter ] --END-- [ RunTime:0.000348s ]
NOTIC: [8] Undefined index: uname C:\wamp\www\CampusAlliance\Application\Runtime\Cache\Recommend\52b8c6f3a1fe6595dcdd19993f475471.php 第 197 行.
INFO: Run Behavior\ParseTemplateBehavior [ RunTime:0.082433s ]
INFO: [ view_parse ] --END-- [ RunTime:0.082626s ]
INFO: [ view_filter ] --START--
INFO: Run Behavior\WriteHtmlCacheBehavior [ RunTime:0.001265s ]
INFO: [ view_filter ] --END-- [ RunTime:0.001415s ]
INFO: [ app_end ] --START--
INFO: Run Behavior\ShowPageTraceBehavior [ RunTime:0.001607s ]
INFO: [ app_end ] --END-- [ RunTime:0.001760s ]

[ 2016-11-23T13:06:22+08:00 ] 127.0.0.1 /CampusAlliance/Recommend/Index/lists/rid/1.html
INFO: [ app_init ] --START--
INFO: Run Behavior\BuildLiteBehavior [ RunTime:0.000035s ]
INFO: [ app_init ] --END-- [ RunTime:0.001703s ]
INFO: [ app_begin ] --START--
INFO: Run Behavior\ReadHtmlCacheBehavior [ RunTime:0.005647s ]
INFO: [ app_begin ] --END-- [ RunTime:0.005832s ]
SQL: SHOW COLUMNS FROM `dca_recommend` [ RunTime:0.0317s ]
SQL: SELECT COUNT(*) AS tp_count FROM `dca_recommend` WHERE ( rid=1 ) LIMIT 1   [ RunTime:0.0006s ]
SQL: SELECT * FROM `dca_recommend` WHERE ( rid=1 ) ORDER BY creatime desc LIMIT 0,8   [ RunTime:0.0008s ]
INFO: [ view_parse ] --START--
INFO: [ template_filter ] --START--
INFO: Run Behavior\ContentReplaceBehavior [ RunTime:0.000155s ]
INFO: [ template_filter ] --END-- [ RunTime:0.000319s ]
NOTIC: [8] Undefined index: uname C:\wamp\www\CampusAlliance\Application\Runtime\Cache\Recommend\52b8c6f3a1fe6595dcdd19993f475471.php 第 197 行.
INFO: Run Behavior\ParseTemplateBehavior [ RunTime:0.047382s ]
INFO: [ view_parse ] --END-- [ RunTime:0.047550s ]
INFO: [ view_filter ] --START--
INFO: Run Behavior\WriteHtmlCacheBehavior [ RunTime:0.005265s ]
INFO: [ view_filter ] --END-- [ RunTime:0.005423s ]
INFO: [ app_end ] --START--
INFO: Run Behavior\ShowPageTraceBehavior [ RunTime:0.005118s ]
INFO: [ app_end ] --END-- [ RunTime:0.005282s ]

[ 2016-11-23T13:06:38+08:00 ] 127.0.0.1 /CampusAlliance/Recommend/Tuijian/tuijian.html
INFO: [ app_init ] --START--
INFO: Run Behavior\BuildLiteBehavior [ RunTime:0.000060s ]
INFO: [ app_init ] --END-- [ RunTime:0.001236s ]
INFO: [ app_begin ] --START--
INFO: Run Behavior\ReadHtmlCacheBehavior [ RunTime:0.001771s ]
INFO: [ app_begin ] --END-- [ RunTime:0.002041s ]
INFO: [ view_parse ] --START--
INFO: [ template_filter ] --START--
INFO: Run Behavior\ContentReplaceBehavior [ RunTime:0.000244s ]
INFO: [ template_filter ] --END-- [ RunTime:0.000610s ]
NOTIC: [8] Undefined index: uname C:\wamp\www\CampusAlliance\Application\Runtime\Cache\Recommend\fc8ec820a6d8dd2da816564271d5834b.php 第 88 行.
NOTIC: [8] Undefined index: uname C:\wamp\www\CampusAlliance\Application\Runtime\Cache\Recommend\fc8ec820a6d8dd2da816564271d5834b.php 第 171 行.
INFO: Run Behavior\ParseTemplateBehavior [ RunTime:0.048652s ]
INFO: [ view_parse ] --END-- [ RunTime:0.048985s ]
INFO: [ view_filter ] --START--
INFO: Run Behavior\WriteHtmlCacheBehavior [ RunTime:0.001398s ]
INFO: [ view_filter ] --END-- [ RunTime:0.001653s ]
INFO: [ app_end ] --START--
INFO: Run Behavior\ShowPageTraceBehavior [ RunTime:0.001981s ]
INFO: [ app_end ] --END-- [ RunTime:0.002251s ]

[ 2016-11-23T13:12:36+08:00 ] 127.0.0.1 /CampusAlliance/Recommend/Index/lists/rid/1.html
INFO: [ app_init ] --START--
INFO: Run Behavior\BuildLiteBehavior [ RunTime:0.000042s ]
INFO: [ app_init ] --END-- [ RunTime:0.001214s ]
INFO: [ app_begin ] --START--
INFO: Run Behavior\ReadHtmlCacheBehavior [ RunTime:0.003055s ]
INFO: [ app_begin ] --END-- [ RunTime:0.003420s ]
SQL: SHOW COLUMNS FROM `dca_recommend` [ RunTime:0.0729s ]
SQL: SELECT COUNT(*) AS tp_count FROM `dca_recommend` WHERE ( rid=1 ) LIMIT 1   [ RunTime:0.0014s ]
SQL: SELECT * FROM `dca_recommend` WHERE ( rid=1 ) ORDER BY creatime desc LIMIT 0,8   [ RunTime:0.0054s ]
INFO: [ view_parse ] --START--
INFO: [ template_filter ] --START--
INFO: Run Behavior\ContentReplaceBehavior [ RunTime:0.000173s ]
INFO: [ template_filter ] --END-- [ RunTime:0.000395s ]
NOTIC: [8] Undefined index: uname C:\wamp\www\CampusAlliance\Application\Runtime\Cache\Recommend\52b8c6f3a1fe6595dcdd19993f475471.php 第 197 行.
INFO: Run Behavior\ParseTemplateBehavior [ RunTime:0.056396s ]
INFO: [ view_parse ] --END-- [ RunTime:0.056810s ]
INFO: [ view_filter ] --START--
INFO: Run Behavior\WriteHtmlCacheBehavior [ RunTime:0.002123s ]
INFO: [ view_filter ] --END-- [ RunTime:0.002412s ]
INFO: [ app_end ] --START--
INFO: Run Behavior\ShowPageTraceBehavior [ RunTime:0.003390s ]
INFO: [ app_end ] --END-- [ RunTime:0.003676s ]

