[ 2016-11-29T20:04:31+08:00 ] 127.0.0.1 /CampusAlliance/Recommend/Index/lists/rid/1.html
INFO: [ app_init ] --START--
INFO: Run Behavior\BuildLiteBehavior [ RunTime:0.000068s ]
INFO: [ app_init ] --END-- [ RunTime:0.001366s ]
INFO: [ app_begin ] --START--
INFO: Run Behavior\ReadHtmlCacheBehavior [ RunTime:0.002841s ]
INFO: [ app_begin ] --END-- [ RunTime:0.003067s ]
SQL: SHOW COLUMNS FROM `dca_recommend` [ RunTime:0.0318s ]
SQL: SELECT COUNT(*) AS tp_count FROM `dca_recommend` WHERE ( rid=1 ) LIMIT 1   [ RunTime:0.0006s ]
SQL: SELECT * FROM `dca_recommend` WHERE ( rid=1 ) ORDER BY creatime desc LIMIT 0,8   [ RunTime:0.0074s ]
INFO: [ view_parse ] --START--
INFO: [ template_filter ] --START--
INFO: Run Behavior\ContentReplaceBehavior [ RunTime:0.000271s ]
INFO: [ template_filter ] --END-- [ RunTime:0.000585s ]
INFO: Run Behavior\ParseTemplateBehavior [ RunTime:0.062299s ]
INFO: [ view_parse ] --END-- [ RunTime:0.062543s ]
INFO: [ view_filter ] --START--
INFO: Run Behavior\WriteHtmlCacheBehavior [ RunTime:0.002872s ]
INFO: [ view_filter ] --END-- [ RunTime:0.003165s ]
INFO: [ app_end ] --START--
INFO: Run Behavior\ShowPageTraceBehavior [ RunTime:0.002929s ]
INFO: [ app_end ] --END-- [ RunTime:0.003103s ]

[ 2016-11-29T20:04:40+08:00 ] 127.0.0.1 /CampusAlliance/Recommend/Index/lists/rid/1/p/2.html
INFO: [ app_init ] --START--
INFO: Run Behavior\BuildLiteBehavior [ RunTime:0.000035s ]
INFO: [ app_init ] --END-- [ RunTime:0.000745s ]
INFO: [ app_begin ] --START--
INFO: Run Behavior\ReadHtmlCacheBehavior [ RunTime:0.002597s ]
INFO: [ app_begin ] --END-- [ RunTime:0.002851s ]
SQL: SHOW COLUMNS FROM `dca_recommend` [ RunTime:0.0136s ]
SQL: SELECT COUNT(*) AS tp_count FROM `dca_recommend` WHERE ( rid=1 ) LIMIT 1   [ RunTime:0.0006s ]
SQL: SELECT * FROM `dca_recommend` WHERE ( rid=1 ) ORDER BY creatime desc LIMIT 8,8   [ RunTime:0.0008s ]
INFO: [ view_parse ] --START--
INFO: [ template_filter ] --START--
INFO: Run Behavior\ContentReplaceBehavior [ RunTime:0.000268s ]
INFO: [ template_filter ] --END-- [ RunTime:0.000586s ]
INFO: Run Behavior\ParseTemplateBehavior [ RunTime:0.037682s ]
INFO: [ view_parse ] --END-- [ RunTime:0.037975s ]
INFO: [ view_filter ] --START--
INFO: Run Behavior\WriteHtmlCacheBehavior [ RunTime:0.001586s ]
INFO: [ view_filter ] --END-- [ RunTime:0.001794s ]
INFO: [ app_end ] --START--
INFO: Run Behavior\ShowPageTraceBehavior [ RunTime:0.002546s ]
INFO: [ app_end ] --END-- [ RunTime:0.002730s ]

[ 2016-11-29T20:04:43+08:00 ] 127.0.0.1 /CampusAlliance/Recommend/Index/lists/rid/2.html
INFO: [ app_init ] --START--
INFO: Run Behavior\BuildLiteBehavior [ RunTime:0.000037s ]
INFO: [ app_init ] --END-- [ RunTime:0.001052s ]
INFO: [ app_begin ] --START--
INFO: Run Behavior\ReadHtmlCacheBehavior [ RunTime:0.001556s ]
INFO: [ app_begin ] --END-- [ RunTime:0.001796s ]
SQL: SHOW COLUMNS FROM `dca_recommend` [ RunTime:0.0230s ]
SQL: SELECT COUNT(*) AS tp_count FROM `dca_recommend` WHERE ( rid=2 ) LIMIT 1   [ RunTime:0.0006s ]
SQL: SELECT * FROM `dca_recommend` WHERE ( rid=2 ) ORDER BY creatime desc LIMIT 0,8   [ RunTime:0.0007s ]
INFO: [ view_parse ] --START--
INFO: [ template_filter ] --START--
INFO: Run Behavior\ContentReplaceBehavior [ RunTime:0.000164s ]
INFO: [ template_filter ] --END-- [ RunTime:0.000332s ]
INFO: Run Behavior\ParseTemplateBehavior [ RunTime:0.028581s ]
INFO: [ view_parse ] --END-- [ RunTime:0.028760s ]
INFO: [ view_filter ] --START--
INFO: Run Behavior\WriteHtmlCacheBehavior [ RunTime:0.001671s ]
INFO: [ view_filter ] --END-- [ RunTime:0.001837s ]
INFO: [ app_end ] --START--
INFO: Run Behavior\ShowPageTraceBehavior [ RunTime:0.001435s ]
INFO: [ app_end ] --END-- [ RunTime:0.001603s ]

[ 2016-11-29T20:04:46+08:00 ] 127.0.0.1 /CampusAlliance/Recommend/Content/content/id/26.html
INFO: [ app_init ] --START--
INFO: Run Behavior\BuildLiteBehavior [ RunTime:0.000042s ]
INFO: [ app_init ] --END-- [ RunTime:0.001119s ]
INFO: [ app_begin ] --START--
INFO: Run Behavior\ReadHtmlCacheBehavior [ RunTime:0.001624s ]
INFO: [ app_begin ] --END-- [ RunTime:0.001827s ]
SQL: SHOW COLUMNS FROM `dca_recommend` [ RunTime:0.0134s ]
SQL: SELECT * FROM `dca_recommend` WHERE ( id=26 ) LIMIT 1   [ RunTime:0.0010s ]
SQL: SELECT dca_user.uname,dca_recommend.rid FROM `dca_recommend` INNER JOIN  dca_user  ON dca_recommend.uid =dca_user.uid   WHERE ( dca_recommend.id=26 )  [ RunTime:0.0241s ]
SQL: SELECT dca_rtype.rname FROM `dca_recommend` INNER JOIN  dca_rtype  ON dca_recommend.rid =dca_rtype.rid   WHERE ( dca_rtype.rid=2 )  [ RunTime:0.0631s ]
SQL: SHOW COLUMNS FROM `dca_comment` [ RunTime:0.1331s ]
SQL: SELECT COUNT(*) AS tp_count FROM `dca_comment` WHERE ( id=26 ) LIMIT 1   [ RunTime:0.0007s ]
SQL: SELECT * FROM `dca_comment` INNER JOIN  dca_user  ON dca_comment.uname =dca_user.uname   WHERE ( dca_comment.id=26 ) ORDER BY cid desc LIMIT 0,5   [ RunTime:0.0011s ]
INFO: [ view_parse ] --START--
INFO: [ template_filter ] --START--
INFO: Run Behavior\ContentReplaceBehavior [ RunTime:0.000216s ]
INFO: [ template_filter ] --END-- [ RunTime:0.000425s ]
INFO: Run Behavior\ParseTemplateBehavior [ RunTime:0.064144s ]
INFO: [ view_parse ] --END-- [ RunTime:0.064352s ]
INFO: [ view_filter ] --START--
INFO: Run Behavior\WriteHtmlCacheBehavior [ RunTime:0.000863s ]
INFO: [ view_filter ] --END-- [ RunTime:0.001011s ]
INFO: [ app_end ] --START--
INFO: Run Behavior\ShowPageTraceBehavior [ RunTime:0.001333s ]
INFO: [ app_end ] --END-- [ RunTime:0.001491s ]

