[ 2016-12-10T16:52:24+08:00 ] 127.0.0.1 /Campus/Recommend/Index/lists/rid/1.html
INFO: [ app_init ] --START--
INFO: Run Behavior\BuildLiteBehavior [ RunTime:0.000035s ]
INFO: [ app_init ] --END-- [ RunTime:0.000782s ]
INFO: [ app_begin ] --START--
INFO: Run Behavior\ReadHtmlCacheBehavior [ RunTime:0.001865s ]
INFO: [ app_begin ] --END-- [ RunTime:0.002056s ]
SQL: SHOW COLUMNS FROM `dca_recommend` [ RunTime:0.0149s ]
ERR: SQLSTATE[42S22]: Column not found: 1054 Unknown column 'rid' in 'where clause'

[ 2016-12-10T16:59:17+08:00 ] 127.0.0.1 /Campus/Recommend/Index/lists/rid/1.html
INFO: [ app_init ] --START--
INFO: Run Behavior\BuildLiteBehavior [ RunTime:0.000061s ]
INFO: [ app_init ] --END-- [ RunTime:0.001189s ]
INFO: [ app_begin ] --START--
INFO: Run Behavior\ReadHtmlCacheBehavior [ RunTime:0.001575s ]
INFO: [ app_begin ] --END-- [ RunTime:0.001746s ]
SQL: SHOW COLUMNS FROM `dca_recommend` [ RunTime:0.0129s ]
ERR: SQLSTATE[42S22]: Column not found: 1054 Unknown column 'rid' in 'where clause'

[ 2016-12-10T19:19:45+08:00 ] 127.0.0.1 /Campus/Recommend/lists/rtype_rid/1.html
INFO: [ app_init ] --START--
INFO: Run Behavior\BuildLiteBehavior [ RunTime:0.000043s ]
INFO: [ app_init ] --END-- [ RunTime:0.000803s ]
INFO: [ app_begin ] --START--
INFO: Run Behavior\ReadHtmlCacheBehavior [ RunTime:0.001865s ]
INFO: [ app_begin ] --END-- [ RunTime:0.002118s ]
ERR: 无法加载控制器:Lists

