[ 2016-12-05T20:07:46+08:00 ] 127.0.0.1 /CampusAlliance/Recommend/Index/lists/rid/1.html
INFO: [ app_init ] --START--
INFO: Run Behavior\BuildLiteBehavior [ RunTime:0.000045s ]
INFO: [ app_init ] --END-- [ RunTime:0.001014s ]
INFO: [ app_begin ] --START--
INFO: Run Behavior\ReadHtmlCacheBehavior [ RunTime:0.005377s ]
INFO: [ app_begin ] --END-- [ RunTime:0.005884s ]
SQL: SHOW COLUMNS FROM `dca_recommend` [ RunTime:0.0577s ]
SQL: SELECT COUNT(*) AS tp_count FROM `dca_recommend` WHERE ( rid=1 ) LIMIT 1   [ RunTime:0.0188s ]
SQL: SELECT * FROM `dca_recommend` WHERE ( rid=1 ) ORDER BY creatime desc LIMIT 0,8   [ RunTime:0.0013s ]
INFO: [ view_parse ] --START--
INFO: [ template_filter ] --START--
INFO: Run Behavior\ContentReplaceBehavior [ RunTime:0.000233s ]
INFO: [ template_filter ] --END-- [ RunTime:0.000465s ]
NOTIC: [8] Undefined index: uname C:\wamp\www\CampusAlliance\Application\Runtime\Cache\Recommend\52b8c6f3a1fe6595dcdd19993f475471.php 第 239 行.
INFO: Run Behavior\ParseTemplateBehavior [ RunTime:0.051794s ]
INFO: [ view_parse ] --END-- [ RunTime:0.052059s ]
INFO: [ view_filter ] --START--
INFO: Run Behavior\WriteHtmlCacheBehavior [ RunTime:0.001438s ]
INFO: [ view_filter ] --END-- [ RunTime:0.001697s ]
INFO: [ app_end ] --START--
INFO: Run Behavior\ShowPageTraceBehavior [ RunTime:0.001988s ]
INFO: [ app_end ] --END-- [ RunTime:0.002223s ]

[ 2016-12-05T20:08:11+08:00 ] 127.0.0.1 /CampusAlliance/Recommend/Tuijian/tuijian.html
INFO: [ app_init ] --START--
INFO: Run Behavior\BuildLiteBehavior [ RunTime:0.000035s ]
INFO: [ app_init ] --END-- [ RunTime:0.001202s ]
INFO: [ app_begin ] --START--
INFO: Run Behavior\ReadHtmlCacheBehavior [ RunTime:0.002048s ]
INFO: [ app_begin ] --END-- [ RunTime:0.002265s ]
INFO: [ view_parse ] --START--
INFO: [ template_filter ] --START--
INFO: Run Behavior\ContentReplaceBehavior [ RunTime:0.000178s ]
INFO: [ template_filter ] --END-- [ RunTime:0.000369s ]
NOTIC: [8] Undefined index: uname C:\wamp\www\CampusAlliance\Application\Runtime\Cache\Recommend\fc8ec820a6d8dd2da816564271d5834b.php 第 130 行.
NOTIC: [8] Undefined index: uname C:\wamp\www\CampusAlliance\Application\Runtime\Cache\Recommend\fc8ec820a6d8dd2da816564271d5834b.php 第 213 行.
INFO: Run Behavior\ParseTemplateBehavior [ RunTime:0.042860s ]
INFO: [ view_parse ] --END-- [ RunTime:0.043083s ]
INFO: [ view_filter ] --START--
INFO: Run Behavior\WriteHtmlCacheBehavior [ RunTime:0.001188s ]
INFO: [ view_filter ] --END-- [ RunTime:0.001333s ]
INFO: [ app_end ] --START--
INFO: Run Behavior\ShowPageTraceBehavior [ RunTime:0.001764s ]
INFO: [ app_end ] --END-- [ RunTime:0.001931s ]

[ 2016-12-05T20:08:24+08:00 ] 127.0.0.1 /CampusAlliance/Recommend/Index/lists/rid/5.html
INFO: [ app_init ] --START--
INFO: Run Behavior\BuildLiteBehavior [ RunTime:0.000046s ]
INFO: [ app_init ] --END-- [ RunTime:0.001074s ]
INFO: [ app_begin ] --START--
INFO: Run Behavior\ReadHtmlCacheBehavior [ RunTime:0.001702s ]
INFO: [ app_begin ] --END-- [ RunTime:0.001889s ]
SQL: SHOW COLUMNS FROM `dca_recommend` [ RunTime:0.0102s ]
SQL: SELECT COUNT(*) AS tp_count FROM `dca_recommend` WHERE ( rid=5 ) LIMIT 1   [ RunTime:0.0005s ]
SQL: SELECT * FROM `dca_recommend` WHERE ( rid=5 ) ORDER BY creatime desc LIMIT 0,8   [ RunTime:0.0006s ]
INFO: [ view_parse ] --START--
INFO: [ template_filter ] --START--
INFO: Run Behavior\ContentReplaceBehavior [ RunTime:0.000155s ]
INFO: [ template_filter ] --END-- [ RunTime:0.000321s ]
NOTIC: [8] Undefined index: uname C:\wamp\www\CampusAlliance\Application\Runtime\Cache\Recommend\52b8c6f3a1fe6595dcdd19993f475471.php 第 239 行.
INFO: Run Behavior\ParseTemplateBehavior [ RunTime:0.033926s ]
INFO: [ view_parse ] --END-- [ RunTime:0.034106s ]
INFO: [ view_filter ] --START--
INFO: Run Behavior\WriteHtmlCacheBehavior [ RunTime:0.001619s ]
INFO: [ view_filter ] --END-- [ RunTime:0.001812s ]
INFO: [ app_end ] --START--
INFO: Run Behavior\ShowPageTraceBehavior [ RunTime:0.001677s ]
INFO: [ app_end ] --END-- [ RunTime:0.001832s ]

[ 2016-12-05T20:08:27+08:00 ] 127.0.0.1 /CampusAlliance/Recommend/Index/lists/rid/1.html
INFO: [ app_init ] --START--
INFO: Run Behavior\BuildLiteBehavior [ RunTime:0.000036s ]
INFO: [ app_init ] --END-- [ RunTime:0.000977s ]
INFO: [ app_begin ] --START--
INFO: Run Behavior\ReadHtmlCacheBehavior [ RunTime:0.001699s ]
INFO: [ app_begin ] --END-- [ RunTime:0.001864s ]
SQL: SHOW COLUMNS FROM `dca_recommend` [ RunTime:0.0095s ]
SQL: SELECT COUNT(*) AS tp_count FROM `dca_recommend` WHERE ( rid=1 ) LIMIT 1   [ RunTime:0.0005s ]
SQL: SELECT * FROM `dca_recommend` WHERE ( rid=1 ) ORDER BY creatime desc LIMIT 0,8   [ RunTime:0.0009s ]
INFO: [ view_parse ] --START--
INFO: [ template_filter ] --START--
INFO: Run Behavior\ContentReplaceBehavior [ RunTime:0.000204s ]
INFO: [ template_filter ] --END-- [ RunTime:0.000375s ]
NOTIC: [8] Undefined index: uname C:\wamp\www\CampusAlliance\Application\Runtime\Cache\Recommend\52b8c6f3a1fe6595dcdd19993f475471.php 第 239 行.
INFO: Run Behavior\ParseTemplateBehavior [ RunTime:0.035065s ]
INFO: [ view_parse ] --END-- [ RunTime:0.035283s ]
INFO: [ view_filter ] --START--
INFO: Run Behavior\WriteHtmlCacheBehavior [ RunTime:0.001197s ]
INFO: [ view_filter ] --END-- [ RunTime:0.001341s ]
INFO: [ app_end ] --START--
INFO: Run Behavior\ShowPageTraceBehavior [ RunTime:0.001512s ]
INFO: [ app_end ] --END-- [ RunTime:0.001675s ]

[ 2016-12-05T20:08:31+08:00 ] 127.0.0.1 /CampusAlliance/Recommend/Index/lists/rid/2.html
INFO: [ app_init ] --START--
INFO: Run Behavior\BuildLiteBehavior [ RunTime:0.000035s ]
INFO: [ app_init ] --END-- [ RunTime:0.000901s ]
INFO: [ app_begin ] --START--
INFO: Run Behavior\ReadHtmlCacheBehavior [ RunTime:0.001244s ]
INFO: [ app_begin ] --END-- [ RunTime:0.001404s ]
SQL: SHOW COLUMNS FROM `dca_recommend` [ RunTime:0.0094s ]
SQL: SELECT COUNT(*) AS tp_count FROM `dca_recommend` WHERE ( rid=2 ) LIMIT 1   [ RunTime:0.0005s ]
SQL: SELECT * FROM `dca_recommend` WHERE ( rid=2 ) ORDER BY creatime desc LIMIT 0,8   [ RunTime:0.0010s ]
INFO: [ view_parse ] --START--
INFO: [ template_filter ] --START--
INFO: Run Behavior\ContentReplaceBehavior [ RunTime:0.000166s ]
INFO: [ template_filter ] --END-- [ RunTime:0.000333s ]
NOTIC: [8] Undefined index: uname C:\wamp\www\CampusAlliance\Application\Runtime\Cache\Recommend\52b8c6f3a1fe6595dcdd19993f475471.php 第 239 行.
INFO: Run Behavior\ParseTemplateBehavior [ RunTime:0.022734s ]
INFO: [ view_parse ] --END-- [ RunTime:0.022911s ]
INFO: [ view_filter ] --START--
INFO: Run Behavior\WriteHtmlCacheBehavior [ RunTime:0.000902s ]
INFO: [ view_filter ] --END-- [ RunTime:0.001044s ]
INFO: [ app_end ] --START--
INFO: Run Behavior\ShowPageTraceBehavior [ RunTime:0.001253s ]
INFO: [ app_end ] --END-- [ RunTime:0.001436s ]

[ 2016-12-05T20:08:37+08:00 ] 127.0.0.1 /CampusAlliance/Recommend/Content/content/id/26.html
INFO: [ app_init ] --START--
INFO: Run Behavior\BuildLiteBehavior [ RunTime:0.000037s ]
INFO: [ app_init ] --END-- [ RunTime:0.000777s ]
INFO: [ app_begin ] --START--
INFO: Run Behavior\ReadHtmlCacheBehavior [ RunTime:0.001285s ]
INFO: [ app_begin ] --END-- [ RunTime:0.001445s ]
SQL: SHOW COLUMNS FROM `dca_recommend` [ RunTime:0.0092s ]
SQL: SELECT * FROM `dca_recommend` WHERE ( id=26 ) LIMIT 1   [ RunTime:0.0007s ]
SQL: SELECT dca_user.uname,dca_recommend.rid FROM `dca_recommend` INNER JOIN  dca_user  ON dca_recommend.uid =dca_user.uid   WHERE ( dca_recommend.id=26 )  [ RunTime:0.0400s ]
SQL: SELECT dca_rtype.rname FROM `dca_recommend` INNER JOIN  dca_rtype  ON dca_recommend.rid =dca_rtype.rid   WHERE ( dca_rtype.rid=2 )  [ RunTime:0.0225s ]
SQL: SHOW COLUMNS FROM `dca_comment` [ RunTime:0.0345s ]
SQL: SELECT COUNT(*) AS tp_count FROM `dca_comment` WHERE ( id=26 ) LIMIT 1   [ RunTime:0.0007s ]
SQL: SELECT * FROM `dca_comment` INNER JOIN  dca_user  ON dca_comment.uname =dca_user.uname   WHERE ( dca_comment.id=26 ) ORDER BY cid desc LIMIT 0,5   [ RunTime:0.0019s ]
INFO: [ view_parse ] --START--
INFO: [ template_filter ] --START--
INFO: Run Behavior\ContentReplaceBehavior [ RunTime:0.000198s ]
INFO: [ template_filter ] --END-- [ RunTime:0.000356s ]
NOTIC: [8] Undefined index: uname C:\wamp\www\CampusAlliance\Application\Runtime\Cache\Recommend\576f894e361d975c5b16e08d471e8985.php 第 242 行.
NOTIC: [8] Undefined index: uname C:\wamp\www\CampusAlliance\Application\Runtime\Cache\Recommend\576f894e361d975c5b16e08d471e8985.php 第 364 行.
INFO: Run Behavior\ParseTemplateBehavior [ RunTime:0.032661s ]
INFO: [ view_parse ] --END-- [ RunTime:0.032835s ]
INFO: [ view_filter ] --START--
INFO: Run Behavior\WriteHtmlCacheBehavior [ RunTime:0.000814s ]
INFO: [ view_filter ] --END-- [ RunTime:0.000952s ]
INFO: [ app_end ] --START--
INFO: Run Behavior\ShowPageTraceBehavior [ RunTime:0.001177s ]
INFO: [ app_end ] --END-- [ RunTime:0.001317s ]

[ 2016-12-05T20:09:36+08:00 ] 127.0.0.1 /CampusAlliance/Recommend/Index/lists/rid/1.html
INFO: [ app_init ] --START--
INFO: Run Behavior\BuildLiteBehavior [ RunTime:0.000035s ]
INFO: [ app_init ] --END-- [ RunTime:0.000799s ]
INFO: [ app_begin ] --START--
INFO: Run Behavior\ReadHtmlCacheBehavior [ RunTime:0.001257s ]
INFO: [ app_begin ] --END-- [ RunTime:0.001460s ]
SQL: SHOW COLUMNS FROM `dca_recommend` [ RunTime:0.0092s ]
SQL: SELECT COUNT(*) AS tp_count FROM `dca_recommend` WHERE ( rid=1 ) LIMIT 1   [ RunTime:0.0005s ]
SQL: SELECT * FROM `dca_recommend` WHERE ( rid=1 ) ORDER BY creatime desc LIMIT 0,8   [ RunTime:0.0009s ]
INFO: [ view_parse ] --START--
INFO: [ template_filter ] --START--
INFO: Run Behavior\ContentReplaceBehavior [ RunTime:0.000176s ]
INFO: [ template_filter ] --END-- [ RunTime:0.000354s ]
NOTIC: [8] Undefined index: uname C:\wamp\www\CampusAlliance\Application\Runtime\Cache\Recommend\52b8c6f3a1fe6595dcdd19993f475471.php 第 239 行.
INFO: Run Behavior\ParseTemplateBehavior [ RunTime:0.025922s ]
INFO: [ view_parse ] --END-- [ RunTime:0.026088s ]
INFO: [ view_filter ] --START--
INFO: Run Behavior\WriteHtmlCacheBehavior [ RunTime:0.001318s ]
INFO: [ view_filter ] --END-- [ RunTime:0.001548s ]
INFO: [ app_end ] --START--
INFO: Run Behavior\ShowPageTraceBehavior [ RunTime:0.001420s ]
INFO: [ app_end ] --END-- [ RunTime:0.001627s ]

[ 2016-12-05T20:10:06+08:00 ] 127.0.0.1 /CampusAlliance/Recommend/Content/content/id/23.html
INFO: [ app_init ] --START--
INFO: Run Behavior\BuildLiteBehavior [ RunTime:0.000037s ]
INFO: [ app_init ] --END-- [ RunTime:0.000832s ]
INFO: [ app_begin ] --START--
INFO: Run Behavior\ReadHtmlCacheBehavior [ RunTime:0.001323s ]
INFO: [ app_begin ] --END-- [ RunTime:0.001494s ]
SQL: SHOW COLUMNS FROM `dca_recommend` [ RunTime:0.0080s ]
SQL: SELECT * FROM `dca_recommend` WHERE ( id=23 ) LIMIT 1   [ RunTime:0.0018s ]
SQL: SELECT dca_user.uname,dca_recommend.rid FROM `dca_recommend` INNER JOIN  dca_user  ON dca_recommend.uid =dca_user.uid   WHERE ( dca_recommend.id=23 )  [ RunTime:0.0005s ]
SQL: SELECT dca_rtype.rname FROM `dca_recommend` INNER JOIN  dca_rtype  ON dca_recommend.rid =dca_rtype.rid   WHERE ( dca_rtype.rid=1 )  [ RunTime:0.0005s ]
SQL: SHOW COLUMNS FROM `dca_comment` [ RunTime:0.0078s ]
SQL: SELECT COUNT(*) AS tp_count FROM `dca_comment` WHERE ( id=23 ) LIMIT 1   [ RunTime:0.0005s ]
SQL: SELECT * FROM `dca_comment` INNER JOIN  dca_user  ON dca_comment.uname =dca_user.uname   WHERE ( dca_comment.id=23 ) ORDER BY cid desc LIMIT 0,5   [ RunTime:0.0014s ]
INFO: [ view_parse ] --START--
INFO: [ template_filter ] --START--
INFO: Run Behavior\ContentReplaceBehavior [ RunTime:0.000195s ]
INFO: [ template_filter ] --END-- [ RunTime:0.000355s ]
NOTIC: [8] Undefined index: uname C:\wamp\www\CampusAlliance\Application\Runtime\Cache\Recommend\576f894e361d975c5b16e08d471e8985.php 第 242 行.
NOTIC: [8] Undefined index: uname C:\wamp\www\CampusAlliance\Application\Runtime\Cache\Recommend\576f894e361d975c5b16e08d471e8985.php 第 338 行.
NOTIC: [8] Undefined index: uname C:\wamp\www\CampusAlliance\Application\Runtime\Cache\Recommend\576f894e361d975c5b16e08d471e8985.php 第 338 行.
NOTIC: [8] Undefined index: uname C:\wamp\www\CampusAlliance\Application\Runtime\Cache\Recommend\576f894e361d975c5b16e08d471e8985.php 第 338 行.
NOTIC: [8] Undefined index: uname C:\wamp\www\CampusAlliance\Application\Runtime\Cache\Recommend\576f894e361d975c5b16e08d471e8985.php 第 338 行.
NOTIC: [8] Undefined index: uname C:\wamp\www\CampusAlliance\Application\Runtime\Cache\Recommend\576f894e361d975c5b16e08d471e8985.php 第 338 行.
NOTIC: [8] Undefined index: uname C:\wamp\www\CampusAlliance\Application\Runtime\Cache\Recommend\576f894e361d975c5b16e08d471e8985.php 第 364 行.
INFO: Run Behavior\ParseTemplateBehavior [ RunTime:0.026009s ]
INFO: [ view_parse ] --END-- [ RunTime:0.026186s ]
INFO: [ view_filter ] --START--
INFO: Run Behavior\WriteHtmlCacheBehavior [ RunTime:0.000813s ]
INFO: [ view_filter ] --END-- [ RunTime:0.000951s ]
INFO: [ app_end ] --START--
INFO: Run Behavior\ShowPageTraceBehavior [ RunTime:0.001196s ]
INFO: [ app_end ] --END-- [ RunTime:0.001338s ]

[ 2016-12-05T20:10:06+08:00 ] 127.0.0.1 /CampusAlliance/Recommend/Content/content/id/images/favicon.jpg
INFO: [ app_init ] --START--
INFO: Run Behavior\BuildLiteBehavior [ RunTime:0.000115s ]
INFO: [ app_init ] --END-- [ RunTime:0.001509s ]

[ 2016-12-05T20:14:17+08:00 ] 127.0.0.1 /CampusAlliance/Recommend/Index/lists/rid/1.html
INFO: [ app_init ] --START--
INFO: Run Behavior\BuildLiteBehavior [ RunTime:0.000034s ]
INFO: [ app_init ] --END-- [ RunTime:0.000880s ]
INFO: [ app_begin ] --START--
INFO: Run Behavior\ReadHtmlCacheBehavior [ RunTime:0.002123s ]
INFO: [ app_begin ] --END-- [ RunTime:0.002336s ]
SQL: SHOW COLUMNS FROM `dca_recommend` [ RunTime:0.0104s ]
SQL: SELECT COUNT(*) AS tp_count FROM `dca_recommend` WHERE ( rid=1 ) LIMIT 1   [ RunTime:0.0007s ]
SQL: SELECT * FROM `dca_recommend` WHERE ( rid=1 ) ORDER BY creatime desc LIMIT 0,8   [ RunTime:0.0008s ]
INFO: [ view_parse ] --START--
INFO: [ template_filter ] --START--
INFO: Run Behavior\ContentReplaceBehavior [ RunTime:0.000159s ]
INFO: [ template_filter ] --END-- [ RunTime:0.000319s ]
NOTIC: [8] Undefined index: uname C:\wamp\www\CampusAlliance\Application\Runtime\Cache\Recommend\52b8c6f3a1fe6595dcdd19993f475471.php 第 239 行.
INFO: Run Behavior\ParseTemplateBehavior [ RunTime:0.026346s ]
INFO: [ view_parse ] --END-- [ RunTime:0.026536s ]
INFO: [ view_filter ] --START--
INFO: Run Behavior\WriteHtmlCacheBehavior [ RunTime:0.001202s ]
INFO: [ view_filter ] --END-- [ RunTime:0.001342s ]
INFO: [ app_end ] --START--
INFO: Run Behavior\ShowPageTraceBehavior [ RunTime:0.001670s ]
INFO: [ app_end ] --END-- [ RunTime:0.001844s ]

[ 2016-12-05T20:17:35+08:00 ] 127.0.0.1 /CampusAlliance/Recommend/Index/lists/rid/1.html
INFO: [ app_init ] --START--
INFO: Run Behavior\BuildLiteBehavior [ RunTime:0.000037s ]
INFO: [ app_init ] --END-- [ RunTime:0.001386s ]
INFO: [ app_begin ] --START--
INFO: Run Behavior\ReadHtmlCacheBehavior [ RunTime:0.002018s ]
INFO: [ app_begin ] --END-- [ RunTime:0.002198s ]
SQL: SHOW COLUMNS FROM `dca_recommend` [ RunTime:0.0084s ]
SQL: SELECT COUNT(*) AS tp_count FROM `dca_recommend` WHERE ( rid=1 ) LIMIT 1   [ RunTime:0.0006s ]
SQL: SELECT * FROM `dca_recommend` WHERE ( rid=1 ) ORDER BY creatime desc LIMIT 0,8   [ RunTime:0.0008s ]
INFO: [ view_parse ] --START--
INFO: [ template_filter ] --START--
INFO: Run Behavior\ContentReplaceBehavior [ RunTime:0.000196s ]
INFO: [ template_filter ] --END-- [ RunTime:0.000359s ]
NOTIC: [8] Undefined index: uname C:\wamp\www\CampusAlliance\Application\Runtime\Cache\Recommend\52b8c6f3a1fe6595dcdd19993f475471.php 第 239 行.
INFO: Run Behavior\ParseTemplateBehavior [ RunTime:0.026241s ]
INFO: [ view_parse ] --END-- [ RunTime:0.026401s ]
INFO: [ view_filter ] --START--
INFO: Run Behavior\WriteHtmlCacheBehavior [ RunTime:0.001471s ]
INFO: [ view_filter ] --END-- [ RunTime:0.001616s ]
INFO: [ app_end ] --START--
INFO: Run Behavior\ShowPageTraceBehavior [ RunTime:0.001874s ]
INFO: [ app_end ] --END-- [ RunTime:0.002034s ]

[ 2016-12-05T20:18:08+08:00 ] 127.0.0.1 /CampusAlliance/Recommend/Index/lists/rid/1/p/2.html
INFO: [ app_init ] --START--
INFO: Run Behavior\BuildLiteBehavior [ RunTime:0.000037s ]
INFO: [ app_init ] --END-- [ RunTime:0.001298s ]
INFO: [ app_begin ] --START--
INFO: Run Behavior\ReadHtmlCacheBehavior [ RunTime:0.002073s ]
INFO: [ app_begin ] --END-- [ RunTime:0.002281s ]
SQL: SHOW COLUMNS FROM `dca_recommend` [ RunTime:0.0107s ]
SQL: SELECT COUNT(*) AS tp_count FROM `dca_recommend` WHERE ( rid=1 ) LIMIT 1   [ RunTime:0.0006s ]
SQL: SELECT * FROM `dca_recommend` WHERE ( rid=1 ) ORDER BY creatime desc LIMIT 8,8   [ RunTime:0.0025s ]
INFO: [ view_parse ] --START--
INFO: [ template_filter ] --START--
INFO: Run Behavior\ContentReplaceBehavior [ RunTime:0.000250s ]
INFO: [ template_filter ] --END-- [ RunTime:0.000424s ]
NOTIC: [8] Undefined index: uname C:\wamp\www\CampusAlliance\Application\Runtime\Cache\Recommend\52b8c6f3a1fe6595dcdd19993f475471.php 第 239 行.
INFO: Run Behavior\ParseTemplateBehavior [ RunTime:0.026125s ]
INFO: [ view_parse ] --END-- [ RunTime:0.026376s ]
INFO: [ view_filter ] --START--
INFO: Run Behavior\WriteHtmlCacheBehavior [ RunTime:0.001455s ]
INFO: [ view_filter ] --END-- [ RunTime:0.001617s ]
INFO: [ app_end ] --START--
INFO: Run Behavior\ShowPageTraceBehavior [ RunTime:0.002109s ]
INFO: [ app_end ] --END-- [ RunTime:0.002376s ]

[ 2016-12-05T20:22:56+08:00 ] 127.0.0.1 /CampusAlliance/Recommend/Index/lists/rid/1/p/1.html
INFO: [ app_init ] --START--
INFO: Run Behavior\BuildLiteBehavior [ RunTime:0.000036s ]
INFO: [ app_init ] --END-- [ RunTime:0.000982s ]
INFO: [ app_begin ] --START--
INFO: Run Behavior\ReadHtmlCacheBehavior [ RunTime:0.002001s ]
INFO: [ app_begin ] --END-- [ RunTime:0.002190s ]
SQL: SHOW COLUMNS FROM `dca_recommend` [ RunTime:0.0105s ]
SQL: SELECT COUNT(*) AS tp_count FROM `dca_recommend` WHERE ( rid=1 ) LIMIT 1   [ RunTime:0.0006s ]
SQL: SELECT * FROM `dca_recommend` WHERE ( rid=1 ) ORDER BY creatime desc LIMIT 0,8   [ RunTime:0.0012s ]
INFO: [ view_parse ] --START--
INFO: [ template_filter ] --START--
INFO: Run Behavior\ContentReplaceBehavior [ RunTime:0.000164s ]
INFO: [ template_filter ] --END-- [ RunTime:0.000330s ]
NOTIC: [8] Undefined index: uname C:\wamp\www\CampusAlliance\Application\Runtime\Cache\Recommend\52b8c6f3a1fe6595dcdd19993f475471.php 第 239 行.
INFO: Run Behavior\ParseTemplateBehavior [ RunTime:0.024751s ]
INFO: [ view_parse ] --END-- [ RunTime:0.024914s ]
INFO: [ view_filter ] --START--
INFO: Run Behavior\WriteHtmlCacheBehavior [ RunTime:0.001211s ]
INFO: [ view_filter ] --END-- [ RunTime:0.001358s ]
INFO: [ app_end ] --START--
INFO: Run Behavior\ShowPageTraceBehavior [ RunTime:0.001620s ]
INFO: [ app_end ] --END-- [ RunTime:0.001767s ]

[ 2016-12-05T20:22:58+08:00 ] 127.0.0.1 /CampusAlliance/Recommend/Index/lists/rid/1/p/2.html
INFO: [ app_init ] --START--
INFO: Run Behavior\BuildLiteBehavior [ RunTime:0.000035s ]
INFO: [ app_init ] --END-- [ RunTime:0.000793s ]
INFO: [ app_begin ] --START--
INFO: Run Behavior\ReadHtmlCacheBehavior [ RunTime:0.001577s ]
INFO: [ app_begin ] --END-- [ RunTime:0.001758s ]
SQL: SHOW COLUMNS FROM `dca_recommend` [ RunTime:0.0128s ]
SQL: SELECT COUNT(*) AS tp_count FROM `dca_recommend` WHERE ( rid=1 ) LIMIT 1   [ RunTime:0.0007s ]
SQL: SELECT * FROM `dca_recommend` WHERE ( rid=1 ) ORDER BY creatime desc LIMIT 8,8   [ RunTime:0.0010s ]
INFO: [ view_parse ] --START--
INFO: [ template_filter ] --START--
INFO: Run Behavior\ContentReplaceBehavior [ RunTime:0.000176s ]
INFO: [ template_filter ] --END-- [ RunTime:0.000346s ]
NOTIC: [8] Undefined index: uname C:\wamp\www\CampusAlliance\Application\Runtime\Cache\Recommend\52b8c6f3a1fe6595dcdd19993f475471.php 第 239 行.
INFO: Run Behavior\ParseTemplateBehavior [ RunTime:0.021884s ]
INFO: [ view_parse ] --END-- [ RunTime:0.022046s ]
INFO: [ view_filter ] --START--
INFO: Run Behavior\WriteHtmlCacheBehavior [ RunTime:0.000820s ]
INFO: [ view_filter ] --END-- [ RunTime:0.000964s ]
INFO: [ app_end ] --START--
INFO: Run Behavior\ShowPageTraceBehavior [ RunTime:0.001393s ]
INFO: [ app_end ] --END-- [ RunTime:0.001573s ]

[ 2016-12-05T20:23:01+08:00 ] 127.0.0.1 /CampusAlliance/Recommend/Index/lists/rid/1/p/1.html
INFO: [ app_init ] --START--
INFO: Run Behavior\BuildLiteBehavior [ RunTime:0.000034s ]
INFO: [ app_init ] --END-- [ RunTime:0.000802s ]
INFO: [ app_begin ] --START--
INFO: Run Behavior\ReadHtmlCacheBehavior [ RunTime:0.001227s ]
INFO: [ app_begin ] --END-- [ RunTime:0.001389s ]
SQL: SHOW COLUMNS FROM `dca_recommend` [ RunTime:0.0117s ]
SQL: SELECT COUNT(*) AS tp_count FROM `dca_recommend` WHERE ( rid=1 ) LIMIT 1   [ RunTime:0.0005s ]
SQL: SELECT * FROM `dca_recommend` WHERE ( rid=1 ) ORDER BY creatime desc LIMIT 0,8   [ RunTime:0.0008s ]
INFO: [ view_parse ] --START--
INFO: [ template_filter ] --START--
INFO: Run Behavior\ContentReplaceBehavior [ RunTime:0.000159s ]
INFO: [ template_filter ] --END-- [ RunTime:0.000320s ]
NOTIC: [8] Undefined index: uname C:\wamp\www\CampusAlliance\Application\Runtime\Cache\Recommend\52b8c6f3a1fe6595dcdd19993f475471.php 第 239 行.
INFO: Run Behavior\ParseTemplateBehavior [ RunTime:0.024546s ]
INFO: [ view_parse ] --END-- [ RunTime:0.024714s ]
INFO: [ view_filter ] --START--
INFO: Run Behavior\WriteHtmlCacheBehavior [ RunTime:0.000972s ]
INFO: [ view_filter ] --END-- [ RunTime:0.001122s ]
INFO: [ app_end ] --START--
INFO: Run Behavior\ShowPageTraceBehavior [ RunTime:0.001175s ]
INFO: [ app_end ] --END-- [ RunTime:0.001318s ]

[ 2016-12-05T20:23:13+08:00 ] 127.0.0.1 /CampusAlliance/Recommend/Index/lists/rid/1/p/2.html
INFO: [ app_init ] --START--
INFO: Run Behavior\BuildLiteBehavior [ RunTime:0.000035s ]
INFO: [ app_init ] --END-- [ RunTime:0.001002s ]
INFO: [ app_begin ] --START--
INFO: Run Behavior\ReadHtmlCacheBehavior [ RunTime:0.001813s ]
INFO: [ app_begin ] --END-- [ RunTime:0.001985s ]
SQL: SHOW COLUMNS FROM `dca_recommend` [ RunTime:0.0107s ]
SQL: SELECT COUNT(*) AS tp_count FROM `dca_recommend` WHERE ( rid=1 ) LIMIT 1   [ RunTime:0.0006s ]
SQL: SELECT * FROM `dca_recommend` WHERE ( rid=1 ) ORDER BY creatime desc LIMIT 8,8   [ RunTime:0.0007s ]
INFO: [ view_parse ] --START--
INFO: [ template_filter ] --START--
INFO: Run Behavior\ContentReplaceBehavior [ RunTime:0.000160s ]
INFO: [ template_filter ] --END-- [ RunTime:0.000322s ]
NOTIC: [8] Undefined index: uname C:\wamp\www\CampusAlliance\Application\Runtime\Cache\Recommend\52b8c6f3a1fe6595dcdd19993f475471.php 第 239 行.
INFO: Run Behavior\ParseTemplateBehavior [ RunTime:0.025096s ]
INFO: [ view_parse ] --END-- [ RunTime:0.025257s ]
INFO: [ view_filter ] --START--
INFO: Run Behavior\WriteHtmlCacheBehavior [ RunTime:0.001140s ]
INFO: [ view_filter ] --END-- [ RunTime:0.001284s ]
INFO: [ app_end ] --START--
INFO: Run Behavior\ShowPageTraceBehavior [ RunTime:0.001548s ]
INFO: [ app_end ] --END-- [ RunTime:0.001702s ]

[ 2016-12-05T20:23:14+08:00 ] 127.0.0.1 /CampusAlliance/Recommend/Content/content/id/14.html
INFO: [ app_init ] --START--
INFO: Run Behavior\BuildLiteBehavior [ RunTime:0.000039s ]
INFO: [ app_init ] --END-- [ RunTime:0.001038s ]
INFO: [ app_begin ] --START--
INFO: Run Behavior\ReadHtmlCacheBehavior [ RunTime:0.001633s ]
INFO: [ app_begin ] --END-- [ RunTime:0.001870s ]
SQL: SHOW COLUMNS FROM `dca_recommend` [ RunTime:0.0142s ]
SQL: SELECT * FROM `dca_recommend` WHERE ( id=14 ) LIMIT 1   [ RunTime:0.0005s ]
SQL: SELECT dca_user.uname,dca_recommend.rid FROM `dca_recommend` INNER JOIN  dca_user  ON dca_recommend.uid =dca_user.uid   WHERE ( dca_recommend.id=14 )  [ RunTime:0.0004s ]
SQL: SELECT dca_rtype.rname FROM `dca_recommend` INNER JOIN  dca_rtype  ON dca_recommend.rid =dca_rtype.rid   WHERE ( dca_rtype.rid=1 )  [ RunTime:0.0005s ]
SQL: SHOW COLUMNS FROM `dca_comment` [ RunTime:0.0132s ]
SQL: SELECT COUNT(*) AS tp_count FROM `dca_comment` WHERE ( id=14 ) LIMIT 1   [ RunTime:0.0005s ]
SQL: SELECT * FROM `dca_comment` INNER JOIN  dca_user  ON dca_comment.uname =dca_user.uname   WHERE ( dca_comment.id=14 ) ORDER BY cid desc LIMIT 0,5   [ RunTime:0.0006s ]
INFO: [ view_parse ] --START--
INFO: [ template_filter ] --START--
INFO: Run Behavior\ContentReplaceBehavior [ RunTime:0.000237s ]
INFO: [ template_filter ] --END-- [ RunTime:0.000423s ]
NOTIC: [8] Undefined index: uname C:\wamp\www\CampusAlliance\Application\Runtime\Cache\Recommend\576f894e361d975c5b16e08d471e8985.php 第 242 行.
NOTIC: [8] Undefined index: uname C:\wamp\www\CampusAlliance\Application\Runtime\Cache\Recommend\576f894e361d975c5b16e08d471e8985.php 第 364 行.
INFO: Run Behavior\ParseTemplateBehavior [ RunTime:0.027928s ]
INFO: [ view_parse ] --END-- [ RunTime:0.028088s ]
INFO: [ view_filter ] --START--
INFO: Run Behavior\WriteHtmlCacheBehavior [ RunTime:0.000844s ]
INFO: [ view_filter ] --END-- [ RunTime:0.000984s ]
INFO: [ app_end ] --START--
INFO: Run Behavior\ShowPageTraceBehavior [ RunTime:0.001458s ]
INFO: [ app_end ] --END-- [ RunTime:0.001658s ]

[ 2016-12-05T20:24:32+08:00 ] 127.0.0.1 /CampusAlliance/Recommend/Index/lists/rid/1/p/2.html
INFO: [ app_init ] --START--
INFO: Run Behavior\BuildLiteBehavior [ RunTime:0.000038s ]
INFO: [ app_init ] --END-- [ RunTime:0.001006s ]
INFO: [ app_begin ] --START--
INFO: Run Behavior\ReadHtmlCacheBehavior [ RunTime:0.001823s ]
INFO: [ app_begin ] --END-- [ RunTime:0.001990s ]
SQL: SHOW COLUMNS FROM `dca_recommend` [ RunTime:0.0099s ]
SQL: SELECT COUNT(*) AS tp_count FROM `dca_recommend` WHERE ( rid=1 ) LIMIT 1   [ RunTime:0.0009s ]
SQL: SELECT * FROM `dca_recommend` WHERE ( rid=1 ) ORDER BY creatime desc LIMIT 8,8   [ RunTime:0.0007s ]
INFO: [ view_parse ] --START--
INFO: [ template_filter ] --START--
INFO: Run Behavior\ContentReplaceBehavior [ RunTime:0.000206s ]
INFO: [ template_filter ] --END-- [ RunTime:0.000389s ]
NOTIC: [8] Undefined index: uname C:\wamp\www\CampusAlliance\Application\Runtime\Cache\Recommend\52b8c6f3a1fe6595dcdd19993f475471.php 第 239 行.
INFO: Run Behavior\ParseTemplateBehavior [ RunTime:0.022699s ]
INFO: [ view_parse ] --END-- [ RunTime:0.022856s ]
INFO: [ view_filter ] --START--
INFO: Run Behavior\WriteHtmlCacheBehavior [ RunTime:0.001142s ]
INFO: [ view_filter ] --END-- [ RunTime:0.001384s ]
INFO: [ app_end ] --START--
INFO: Run Behavior\ShowPageTraceBehavior [ RunTime:0.001565s ]
INFO: [ app_end ] --END-- [ RunTime:0.001711s ]

[ 2016-12-05T20:24:34+08:00 ] 127.0.0.1 /CampusAlliance/Recommend/Index/lists/rid/1/p/1.html
INFO: [ app_init ] --START--
INFO: Run Behavior\BuildLiteBehavior [ RunTime:0.000037s ]
INFO: [ app_init ] --END-- [ RunTime:0.001015s ]
INFO: [ app_begin ] --START--
INFO: Run Behavior\ReadHtmlCacheBehavior [ RunTime:0.001387s ]
INFO: [ app_begin ] --END-- [ RunTime:0.001561s ]
SQL: SHOW COLUMNS FROM `dca_recommend` [ RunTime:0.0104s ]
SQL: SELECT COUNT(*) AS tp_count FROM `dca_recommend` WHERE ( rid=1 ) LIMIT 1   [ RunTime:0.0006s ]
SQL: SELECT * FROM `dca_recommend` WHERE ( rid=1 ) ORDER BY creatime desc LIMIT 0,8   [ RunTime:0.0007s ]
INFO: [ view_parse ] --START--
INFO: [ template_filter ] --START--
INFO: Run Behavior\ContentReplaceBehavior [ RunTime:0.000183s ]
INFO: [ template_filter ] --END-- [ RunTime:0.000509s ]
NOTIC: [8] Undefined index: uname C:\wamp\www\CampusAlliance\Application\Runtime\Cache\Recommend\52b8c6f3a1fe6595dcdd19993f475471.php 第 239 行.
INFO: Run Behavior\ParseTemplateBehavior [ RunTime:0.024691s ]
INFO: [ view_parse ] --END-- [ RunTime:0.024869s ]
INFO: [ view_filter ] --START--
INFO: Run Behavior\WriteHtmlCacheBehavior [ RunTime:0.001088s ]
INFO: [ view_filter ] --END-- [ RunTime:0.001237s ]
INFO: [ app_end ] --START--
INFO: Run Behavior\ShowPageTraceBehavior [ RunTime:0.001541s ]
INFO: [ app_end ] --END-- [ RunTime:0.001702s ]

[ 2016-12-05T21:33:50+08:00 ] 127.0.0.1 /CampusAlliance/Recommend/Index/lists/rid/1.html
INFO: [ app_init ] --START--
INFO: Run Behavior\BuildLiteBehavior [ RunTime:0.000053s ]
INFO: [ app_init ] --END-- [ RunTime:0.060395s ]
INFO: [ app_begin ] --START--
INFO: Run Behavior\ReadHtmlCacheBehavior [ RunTime:0.014954s ]
INFO: [ app_begin ] --END-- [ RunTime:0.015181s ]
SQL: SHOW COLUMNS FROM `dca_recommend` [ RunTime:0.4171s ]
SQL: SELECT COUNT(*) AS tp_count FROM `dca_recommend` WHERE ( rid=1 ) LIMIT 1   [ RunTime:0.0785s ]
SQL: SELECT * FROM `dca_recommend` WHERE ( rid=1 ) ORDER BY creatime desc LIMIT 0,8   [ RunTime:0.0789s ]
INFO: [ view_parse ] --START--
INFO: [ template_filter ] --START--
INFO: Run Behavior\ContentReplaceBehavior [ RunTime:0.008688s ]
INFO: [ template_filter ] --END-- [ RunTime:0.009080s ]
NOTIC: [8] Undefined index: uname C:\wamp\www\CampusAlliance\Application\Runtime\Cache\Recommend\52b8c6f3a1fe6595dcdd19993f475471.php 第 239 行.
INFO: Run Behavior\ParseTemplateBehavior [ RunTime:0.195885s ]
INFO: [ view_parse ] --END-- [ RunTime:0.196237s ]
INFO: [ view_filter ] --START--
INFO: Run Behavior\WriteHtmlCacheBehavior [ RunTime:0.012932s ]
INFO: [ view_filter ] --END-- [ RunTime:0.013172s ]
INFO: [ app_end ] --START--
INFO: Run Behavior\ShowPageTraceBehavior [ RunTime:0.026331s ]
INFO: [ app_end ] --END-- [ RunTime:0.026613s ]

[ 2016-12-05T21:34:28+08:00 ] 127.0.0.1 /CampusAlliance/Recommend/Content/content/id/23.html
INFO: [ app_init ] --START--
INFO: Run Behavior\BuildLiteBehavior [ RunTime:0.000035s ]
INFO: [ app_init ] --END-- [ RunTime:0.000715s ]
INFO: [ app_begin ] --START--
INFO: Run Behavior\ReadHtmlCacheBehavior [ RunTime:0.001269s ]
INFO: [ app_begin ] --END-- [ RunTime:0.001451s ]
SQL: SHOW COLUMNS FROM `dca_recommend` [ RunTime:0.0081s ]
SQL: SELECT * FROM `dca_recommend` WHERE ( id=23 ) LIMIT 1   [ RunTime:0.0007s ]
SQL: SELECT dca_user.uname,dca_recommend.rid FROM `dca_recommend` INNER JOIN  dca_user  ON dca_recommend.uid =dca_user.uid   WHERE ( dca_recommend.id=23 )  [ RunTime:0.0399s ]
SQL: SELECT dca_rtype.rname FROM `dca_recommend` INNER JOIN  dca_rtype  ON dca_recommend.rid =dca_rtype.rid   WHERE ( dca_rtype.rid=1 )  [ RunTime:0.0204s ]
SQL: SHOW COLUMNS FROM `dca_comment` [ RunTime:0.0111s ]
SQL: SELECT COUNT(*) AS tp_count FROM `dca_comment` WHERE ( id=23 ) LIMIT 1   [ RunTime:0.0007s ]
SQL: SELECT * FROM `dca_comment` INNER JOIN  dca_user  ON dca_comment.uname =dca_user.uname   WHERE ( dca_comment.id=23 ) ORDER BY cid desc LIMIT 0,5   [ RunTime:0.0223s ]
INFO: [ view_parse ] --START--
INFO: [ template_filter ] --START--
INFO: Run Behavior\ContentReplaceBehavior [ RunTime:0.000227s ]
INFO: [ template_filter ] --END-- [ RunTime:0.000413s ]
NOTIC: [8] Undefined index: uname C:\wamp\www\CampusAlliance\Application\Runtime\Cache\Recommend\576f894e361d975c5b16e08d471e8985.php 第 242 行.
NOTIC: [8] Undefined index: uname C:\wamp\www\CampusAlliance\Application\Runtime\Cache\Recommend\576f894e361d975c5b16e08d471e8985.php 第 338 行.
NOTIC: [8] Undefined index: uname C:\wamp\www\CampusAlliance\Application\Runtime\Cache\Recommend\576f894e361d975c5b16e08d471e8985.php 第 338 行.
NOTIC: [8] Undefined index: uname C:\wamp\www\CampusAlliance\Application\Runtime\Cache\Recommend\576f894e361d975c5b16e08d471e8985.php 第 338 行.
NOTIC: [8] Undefined index: uname C:\wamp\www\CampusAlliance\Application\Runtime\Cache\Recommend\576f894e361d975c5b16e08d471e8985.php 第 338 行.
NOTIC: [8] Undefined index: uname C:\wamp\www\CampusAlliance\Application\Runtime\Cache\Recommend\576f894e361d975c5b16e08d471e8985.php 第 338 行.
NOTIC: [8] Undefined index: uname C:\wamp\www\CampusAlliance\Application\Runtime\Cache\Recommend\576f894e361d975c5b16e08d471e8985.php 第 364 行.
INFO: Run Behavior\ParseTemplateBehavior [ RunTime:0.036622s ]
INFO: [ view_parse ] --END-- [ RunTime:0.036825s ]
INFO: [ view_filter ] --START--
INFO: Run Behavior\WriteHtmlCacheBehavior [ RunTime:0.001008s ]
INFO: [ view_filter ] --END-- [ RunTime:0.001178s ]
INFO: [ app_end ] --START--
INFO: Run Behavior\ShowPageTraceBehavior [ RunTime:0.001433s ]
INFO: [ app_end ] --END-- [ RunTime:0.002471s ]

[ 2016-12-05T21:34:28+08:00 ] 127.0.0.1 /CampusAlliance/Recommend/Content/content/id/images/favicon.jpg
INFO: [ app_init ] --START--
INFO: Run Behavior\BuildLiteBehavior [ RunTime:0.000035s ]
INFO: [ app_init ] --END-- [ RunTime:0.000741s ]

[ 2016-12-05T21:34:53+08:00 ] 127.0.0.1 /CampusAlliance/Recommend/Content/content/id/23/p/2.html
INFO: [ app_init ] --START--
INFO: Run Behavior\BuildLiteBehavior [ RunTime:0.000040s ]
INFO: [ app_init ] --END-- [ RunTime:0.001144s ]
INFO: [ app_begin ] --START--
INFO: Run Behavior\ReadHtmlCacheBehavior [ RunTime:0.001849s ]
INFO: [ app_begin ] --END-- [ RunTime:0.002032s ]
SQL: SHOW COLUMNS FROM `dca_recommend` [ RunTime:0.0102s ]
SQL: SELECT * FROM `dca_recommend` WHERE ( id=23 ) LIMIT 1   [ RunTime:0.0007s ]
SQL: SELECT dca_user.uname,dca_recommend.rid FROM `dca_recommend` INNER JOIN  dca_user  ON dca_recommend.uid =dca_user.uid   WHERE ( dca_recommend.id=23 )  [ RunTime:0.0006s ]
SQL: SELECT dca_rtype.rname FROM `dca_recommend` INNER JOIN  dca_rtype  ON dca_recommend.rid =dca_rtype.rid   WHERE ( dca_rtype.rid=1 )  [ RunTime:0.0006s ]
SQL: SHOW COLUMNS FROM `dca_comment` [ RunTime:0.0093s ]
SQL: SELECT COUNT(*) AS tp_count FROM `dca_comment` WHERE ( id=23 ) LIMIT 1   [ RunTime:0.0006s ]
SQL: SELECT * FROM `dca_comment` INNER JOIN  dca_user  ON dca_comment.uname =dca_user.uname   WHERE ( dca_comment.id=23 ) ORDER BY cid desc LIMIT 5,5   [ RunTime:0.0009s ]
INFO: [ view_parse ] --START--
INFO: [ template_filter ] --START--
INFO: Run Behavior\ContentReplaceBehavior [ RunTime:0.000201s ]
INFO: [ template_filter ] --END-- [ RunTime:0.000361s ]
NOTIC: [8] Undefined index: uname C:\wamp\www\CampusAlliance\Application\Runtime\Cache\Recommend\576f894e361d975c5b16e08d471e8985.php 第 242 行.
NOTIC: [8] Undefined index: uname C:\wamp\www\CampusAlliance\Application\Runtime\Cache\Recommend\576f894e361d975c5b16e08d471e8985.php 第 338 行.
NOTIC: [8] Undefined index: uname C:\wamp\www\CampusAlliance\Application\Runtime\Cache\Recommend\576f894e361d975c5b16e08d471e8985.php 第 338 行.
NOTIC: [8] Undefined index: uname C:\wamp\www\CampusAlliance\Application\Runtime\Cache\Recommend\576f894e361d975c5b16e08d471e8985.php 第 338 行.
NOTIC: [8] Undefined index: uname C:\wamp\www\CampusAlliance\Application\Runtime\Cache\Recommend\576f894e361d975c5b16e08d471e8985.php 第 364 行.
INFO: Run Behavior\ParseTemplateBehavior [ RunTime:0.031423s ]
INFO: [ view_parse ] --END-- [ RunTime:0.031641s ]
INFO: [ view_filter ] --START--
INFO: Run Behavior\WriteHtmlCacheBehavior [ RunTime:0.001403s ]
INFO: [ view_filter ] --END-- [ RunTime:0.001546s ]
INFO: [ app_end ] --START--
INFO: Run Behavior\ShowPageTraceBehavior [ RunTime:0.001618s ]
INFO: [ app_end ] --END-- [ RunTime:0.001777s ]

[ 2016-12-05T21:34:53+08:00 ] 127.0.0.1 /CampusAlliance/Recommend/Content/content/id/23/p/images/favicon.jpg
INFO: [ app_init ] --START--
INFO: Run Behavior\BuildLiteBehavior [ RunTime:0.000057s ]
INFO: [ app_init ] --END-- [ RunTime:0.001096s ]

[ 2016-12-05T21:35:46+08:00 ] 127.0.0.1 /CampusAlliance/Recommend/Index/lists/rid/1.html
INFO: [ app_init ] --START--
INFO: Run Behavior\BuildLiteBehavior [ RunTime:0.000039s ]
INFO: [ app_init ] --END-- [ RunTime:0.001648s ]
INFO: [ app_begin ] --START--
INFO: Run Behavior\ReadHtmlCacheBehavior [ RunTime:0.002414s ]
INFO: [ app_begin ] --END-- [ RunTime:0.002584s ]
SQL: SHOW COLUMNS FROM `dca_recommend` [ RunTime:0.0084s ]
SQL: SELECT COUNT(*) AS tp_count FROM `dca_recommend` WHERE ( rid=1 ) LIMIT 1   [ RunTime:0.0006s ]
SQL: SELECT * FROM `dca_recommend` WHERE ( rid=1 ) ORDER BY creatime desc LIMIT 0,8   [ RunTime:0.0008s ]
INFO: [ view_parse ] --START--
INFO: [ template_filter ] --START--
INFO: Run Behavior\ContentReplaceBehavior [ RunTime:0.000165s ]
INFO: [ template_filter ] --END-- [ RunTime:0.000331s ]
NOTIC: [8] Undefined index: uname C:\wamp\www\CampusAlliance\Application\Runtime\Cache\Recommend\52b8c6f3a1fe6595dcdd19993f475471.php 第 239 行.
INFO: Run Behavior\ParseTemplateBehavior [ RunTime:0.026484s ]
INFO: [ view_parse ] --END-- [ RunTime:0.026653s ]
INFO: [ view_filter ] --START--
INFO: Run Behavior\WriteHtmlCacheBehavior [ RunTime:0.001230s ]
INFO: [ view_filter ] --END-- [ RunTime:0.001376s ]
INFO: [ app_end ] --START--
INFO: Run Behavior\ShowPageTraceBehavior [ RunTime:0.001497s ]
INFO: [ app_end ] --END-- [ RunTime:0.001643s ]

[ 2016-12-05T22:51:47+08:00 ] 127.0.0.1 /CampusAlliance/Recommend/Index/lists/rid/1/p/2.html
INFO: [ app_init ] --START--
INFO: Run Behavior\BuildLiteBehavior [ RunTime:0.000084s ]
INFO: [ app_init ] --END-- [ RunTime:0.024408s ]
INFO: [ app_begin ] --START--
INFO: Run Behavior\ReadHtmlCacheBehavior [ RunTime:0.014635s ]
INFO: [ app_begin ] --END-- [ RunTime:0.014826s ]
SQL: SHOW COLUMNS FROM `dca_recommend` [ RunTime:0.5390s ]
SQL: SELECT COUNT(*) AS tp_count FROM `dca_recommend` WHERE ( rid=1 ) LIMIT 1   [ RunTime:0.1168s ]
SQL: SELECT * FROM `dca_recommend` WHERE ( rid=1 ) ORDER BY creatime desc LIMIT 8,8   [ RunTime:0.0772s ]
INFO: [ view_parse ] --START--
INFO: [ template_filter ] --START--
INFO: Run Behavior\ContentReplaceBehavior [ RunTime:0.013604s ]
INFO: [ template_filter ] --END-- [ RunTime:0.013785s ]
NOTIC: [8] Undefined index: uname C:\wamp\www\CampusAlliance\Application\Runtime\Cache\Recommend\52b8c6f3a1fe6595dcdd19993f475471.php 第 239 行.
INFO: Run Behavior\ParseTemplateBehavior [ RunTime:0.232989s ]
INFO: [ view_parse ] --END-- [ RunTime:0.233167s ]
INFO: [ view_filter ] --START--
INFO: Run Behavior\WriteHtmlCacheBehavior [ RunTime:0.027835s ]
INFO: [ view_filter ] --END-- [ RunTime:0.028000s ]
INFO: [ app_end ] --START--
INFO: Run Behavior\ShowPageTraceBehavior [ RunTime:0.015077s ]
INFO: [ app_end ] --END-- [ RunTime:0.015257s ]

[ 2016-12-05T22:51:56+08:00 ] 127.0.0.1 /CampusAlliance/Recommend/Index/lists/rid/1/p/1.html
INFO: [ app_init ] --START--
INFO: Run Behavior\BuildLiteBehavior [ RunTime:0.000053s ]
INFO: [ app_init ] --END-- [ RunTime:0.001066s ]
INFO: [ app_begin ] --START--
INFO: Run Behavior\ReadHtmlCacheBehavior [ RunTime:0.001172s ]
INFO: [ app_begin ] --END-- [ RunTime:0.001328s ]
SQL: SHOW COLUMNS FROM `dca_recommend` [ RunTime:0.0094s ]
SQL: SELECT COUNT(*) AS tp_count FROM `dca_recommend` WHERE ( rid=1 ) LIMIT 1   [ RunTime:0.0005s ]
SQL: SELECT * FROM `dca_recommend` WHERE ( rid=1 ) ORDER BY creatime desc LIMIT 0,8   [ RunTime:0.0008s ]
INFO: [ view_parse ] --START--
INFO: [ template_filter ] --START--
INFO: Run Behavior\ContentReplaceBehavior [ RunTime:0.000284s ]
INFO: [ template_filter ] --END-- [ RunTime:0.000549s ]
NOTIC: [8] Undefined index: uname C:\wamp\www\CampusAlliance\Application\Runtime\Cache\Recommend\52b8c6f3a1fe6595dcdd19993f475471.php 第 239 行.
INFO: Run Behavior\ParseTemplateBehavior [ RunTime:0.040143s ]
INFO: [ view_parse ] --END-- [ RunTime:0.040369s ]
INFO: [ view_filter ] --START--
INFO: Run Behavior\WriteHtmlCacheBehavior [ RunTime:0.001281s ]
INFO: [ view_filter ] --END-- [ RunTime:0.001522s ]
INFO: [ app_end ] --START--
INFO: Run Behavior\ShowPageTraceBehavior [ RunTime:0.001745s ]
INFO: [ app_end ] --END-- [ RunTime:0.001988s ]

[ 2016-12-05T22:52:00+08:00 ] 127.0.0.1 /CampusAlliance/Recommend/Index/lists/rid/2.html
INFO: [ app_init ] --START--
INFO: Run Behavior\BuildLiteBehavior [ RunTime:0.000036s ]
INFO: [ app_init ] --END-- [ RunTime:0.000963s ]
INFO: [ app_begin ] --START--
INFO: Run Behavior\ReadHtmlCacheBehavior [ RunTime:0.003087s ]
INFO: [ app_begin ] --END-- [ RunTime:0.003271s ]
SQL: SHOW COLUMNS FROM `dca_recommend` [ RunTime:0.0088s ]
SQL: SELECT COUNT(*) AS tp_count FROM `dca_recommend` WHERE ( rid=2 ) LIMIT 1   [ RunTime:0.0006s ]
SQL: SELECT * FROM `dca_recommend` WHERE ( rid=2 ) ORDER BY creatime desc LIMIT 0,8   [ RunTime:0.0411s ]
INFO: [ view_parse ] --START--
INFO: [ template_filter ] --START--
INFO: Run Behavior\ContentReplaceBehavior [ RunTime:0.000170s ]
INFO: [ template_filter ] --END-- [ RunTime:0.000331s ]
NOTIC: [8] Undefined index: uname C:\wamp\www\CampusAlliance\Application\Runtime\Cache\Recommend\52b8c6f3a1fe6595dcdd19993f475471.php 第 239 行.
INFO: Run Behavior\ParseTemplateBehavior [ RunTime:0.039890s ]
INFO: [ view_parse ] --END-- [ RunTime:0.040106s ]
INFO: [ view_filter ] --START--
INFO: Run Behavior\WriteHtmlCacheBehavior [ RunTime:0.001210s ]
INFO: [ view_filter ] --END-- [ RunTime:0.001351s ]
INFO: [ app_end ] --START--
INFO: Run Behavior\ShowPageTraceBehavior [ RunTime:0.001488s ]
INFO: [ app_end ] --END-- [ RunTime:0.001633s ]

